267
325
306
285
239
320
323
289
243
293
322
276
273
247
305
271
296
314
385
278
229
258
263
299
310
324
283
346
270
221
307
220
267
234
310
290
251
297
305
294
300
291
280
302
315
303
312
330
215
302
275
244
362
338
266
319
282
311
312
290
348
282
310
237
336
375
372
309
285
237
203
304
276
319
335
298
323
291
214
332
288
256
291
310
293
296
247
287
337
274
333
328
310
314
317
326
271
263
266
320
340
285
376
282
311
339
204
272
320
282
370
246
345
362
312
267
275
234
252
282
280
385
286
298
279
277
368
366
333
256
307
269
231
224
318
323
248
294
285
281
367
312
327
361
298
228
294
239
243
297
270
348
277
307
252
321
320
292
326
276
357
286
310
342
283
286
264
350
319
392
286
218
277
359
292
303
359
363
263
336
359
280
295
266
273
298
311
351
286
310
314
280
299
229
281
264
232
370
333
337
284
360
322
314
286
319
246
287
237
210
299
253
371
281
345
369
304
281
253
245
312
299
252
206
260
289
285
341
249
308
268
344
329
272
270
284
248
347
299
380
249
335
299
297
338
327
261
249
291
321
320
238
321
337
282
351
251
275
268
273
216
306
269
295
365
306
310
345
302
269
346
275
235
284
330
242
276
381
261
296
253
303
202
310
352
333
296
375
375
307
376
268
252
253
300
254
308
303
376
292
258
305
252
212
290
317
326
331
308
329
324
226
272
235
200
257
245
293
292
273
247
235
253
298
313
311
312
286
319
267
308
328
342
312
315
293
301
336
300
262
321
259
364
198
323
285
275
322
229
302
284
344
263
286
320
375
322
380
340
266
296
314
307
234
251
202
310
319
251
297
255
316
217
321
325
226
363
291
317
289
343
267
344
288
281
227
240
281
267
280
294
285
309
288
252
312
356
258
324
281
346
344
264
308
320
298
320
310
305
308
341
246
284
274
277
273
224
352
326
234
246
237
349
304
276
327
343
249
330
246
290
259
280
343
343
254
372
282
330
271
347
338
263
248
293
299
201
291
368
224
300
237
256
270
284
300
356
384
319
329
265
354
240
287
347
270
316
223
329
334
308
319
352
340
246
223
298
278
273
336
255
277
279
270
338
265
317
371
323
248
330
305
307
305
316
318
371
271
296
241
318
308
280
213
298
259
317
226
293
241
282
256
253
299
273
359
244
262
264
215
352
324
208
335
263
320
261
323
307
312
220
320
216
229
261
277
260
232
296
350
344
218
299
344
236
244
264
258
242
305
370
305
305
302
269
313
305
248
309
224
299
269
215
316
286
287
251
318
280
232
370
371
249
343
205
336
328
326
323
273
359
318
303
346
295
269
313
208
256
249
268
226
312
295
316
294
328
270
221
273
296
219
240
272
328
299
294
306
281
340
258
322
248
366
312
351
264
339
241
259
248
257
260
259
307
327
347
245
284
337
324
278
289
340
241
313
241
316
383
353
273
307
210
284
271
336
267
337
272
307
286
294
205
343
262
281
327
313
231
273
377
236
288
267
304
260
224
224
235
335
317
258
322
296
248
273
312
295
273
319
277
269
317
290
267
237
230
334
207
369
247
322
289
317
294
274
304
296
363
322
233
321
234
329
272
286
332
333
280
358
313
362
277
302
259
311
318
271
351
270
296
310
197
282
200
332
337
296
289
282
330
338
297
241
284
333
269
292
298
289
311
257
330
199
342
291
328
256
300
356
252
381
341
297
358
355
377
273
265
338
347
236
355
268
296
279
231
342
291
303
224
321
267
339
235
300
265
256
326
311
222
273
297
340
236
248
284
304
263
280
313
280
288
307
257
311
300
335
277
240
372
261
353
341
305
347
261
324
314
315
283
352
272
350
320
266
290
365
354
264
369
329
287
223
260
288
351
295
273
350
335
318
298
291
330
245
289
206
310
243
351
305
226
250
292
313
329
360
361
297
222
207
292
315
345
254
308
289
337
294
306
274
310
287
313
295
384
357
279
243
321
283
339
240
201
300
279
278
311
343
308
300
315
257
316
352
302
263
303
347
242
326
362
302
323
363
299
355
239
238
294
304
316
223
366
247
293
354
334
228
321
324
299
280
312
225
301
256
324
283
284
318
309
312
281
290
318
280
316
311
357
328
315
305
316
374
260
314
257
286
336
260
291
257
208
316
335
346
241
246
264
305
324
344
230
359
326
236
286
295
328
361
288
312
324
296
336
264
294
326
379
229
312
252
304
250
367
324
221
292
302
264
359
292
243
222
330
315
326
304
256
361
285
237
300
349
310
265
203
296
282
347
333
355
290
355
341
338
291
328
319
331
274
326
283
350
314
308
287
332
380
294
354
300
310
293
261
291
373
232
212
321
252
261
310
250
284
220
310
304
367
249
335
212
278
321
258
332
306
318
282
295
281
345
298
283
225
271
280
266
285
250
212
321
360
294
217
276
277
337
318
302
310
295
302
218
232
290
356
315
324
318
299
269
295
276
284
348
262
288
313
287
376
326
274
291
264
303
265
251
307
264
241
287
250
269
304
300
245
328
345
355
254
350
303
260
238
383
311
316
289
292
286
244
300
293
315
323
330
217
253
255
306
352
273
347
358
320
325
286
334
275
240
299
276
216
363
244
250
276
276
283
317
244
335
352
206
255
285
219
316
277
237
308
274
304
306
363
240
303
290
276
250
272
253
329
280
351
271
267
308
334
310
278
340
251
219
323
311
307
244
299
302
232
346
315
290
317
303
262
296
259
311
345
216
272
281
261
365
346
274
243
260
333
275
332
353
346
337
359
295
292
252
351
258
290
354
268
307
353
331
264
302
319
227
306
375
331
333
313
300
243
248
294
291
345
385
288
348
348
269
254
296
291
235
323
296
303
226
309
246
306
293
299
333
214
312
363
309
300
233
339
234
308
351
242
296
345
282
252
245
239
378
286
278
341
349
238
356
302
294
293
269
345
261
319
291
299
334
275
221
372
364
302
293
314
244
264
323
260
338
288
298
258
230
306
383
242
328
244
338
256
304
273
267
309
321
346
289
265
300
363
364
280
318
248
292
279
223
298
225
314
343
314
313
339
351
236
298
270
243
263
379
275
230
269
300
372
280
375
250
282
257
276
262
268
333
343
278
375
251
286
217
236
324
325
331
307
250
322
311
261
278
279
298
241
315
273
234
281
239
349
309
376
267
246
259
316
233
233
314
296
297
258
337
332
309
311
276
291
243
249
254
295
267
326
236
315
252
273
294
310
288
348
224
282
293
253
284
301
312
290
297
278
289
275
311
314
316
311
245
355
328
247
317
253
291
340
273
327
328
255
286
336
238
343
291
318
315
292
317
322
281
292
344
328
298
326
336
285
242
248
284
274
304
328
304
195
330
239
249
335
317
312
243
305
359
362
394
308
339
282
245
298
385
199
219
284
321
328
292
262
296
291
305
299
221
224
338
332
205
319
344
289
297
378
230
299
297
335
378
352
301
312
352
240
257
285
231
321
306
225
279
334
316
332
291
324
259
355
309
311
282
252
287
215
374
244
341
282
283
293
285
334
206
311
210
230
287
374
300
270
311
251
315
295
257
256
278
285
279
292
267
298
343
289
257
291
335
290
353
294
233
298
249
294
228
323
324
259
266
299
238
307
308
270
275
314
366
260
324
282
308
360
353
247
265
292
286
344
321
284
258
366
235
288
229
215
308
295
370
306
246
289
261
270
303
346
296
303
272
206
242
339
329
232
346
210
289
320
275
276
252
248
310
348
296
294
361
246
326
336
351
333
210
310
354
246
269
315
320
261
288
279
346
346
279
315
238
311
361
324
380
320
234
309
338
258
257
252
212
346
250
261
286
311
330
252
323
329
280
290
310
259
294
300
288
319
233
239
291
247
218
335
306
249
306
247
326
275
264
287
287
295
244
256
241
217
335
244
287
311
274
309
284
323
259
226
251
232
283
259
332
299
319
318
286
349
323
361
326
347
268
256
217
365
291
323
298
238
315
316
365
277
233
260
259
305
338
357
227
223
269
331
205
262
320
251
274
249
380
304
293
257
305
368
318
331
310
309
273
265
314
323
315
316
266
290
236
306
278
285
292
352
298
237
329
316
288
360
252
267
257
311
346
295
274
253
324
314
366
244
293
320
362
320
328
326
284
304
318
327
260
292
299
381
372
301
244
279
243
317
283
371
267
296
287
278
301
348
311
322
220
323
266
273
294
259
308
305
293
314
314
294
245
337
307
359
324
294
212
230
292
319
265
351
363
266
282
314
338
318
325
282
273
260
287
351
260
352
263
246
251
392
307
325
286
316
350
282
232
252
307
237
308
292
313
302
260
301
258
321
270
296
236
273
284
253
319
308
296
283
321
282
300
261
289
319
306
303
293
281
338
252
331
316
224
325
333
370
357
264
357
280
273
311
292
291
362
257
326
291
290
303
268
314
247
246
377
257
331
295
288
259
262
271
310
271
329
290
312
289
293
231
213
328
280
323
262
276
337
272
260
275
252
324
311
278
222
372
337
308
311
205
278
224
306
325
307
293
