226
274
356
362
268
356
334
257
266
312
285
319
212
294
293
245
278
268
332
346
346
326
287
344
305
307
316
312
295
321
252
293
358
314
310
244
249
264
366
353
292
255
237
302
243
349
314
241
298
362
313
361
331
361
260
322
283
353
244
328
252
356
313
205
213
323
259
228
291
254
297
261
315
325
335
236
286
345
309
314
333
269
225
279
227
368
231
292
302
319
318
351
222
239
318
297
275
294
357
266
301
386
352
281
268
256
283
261
268
207
238
256
292
251
356
265
261
254
314
306
279
304
244
266
355
245
368
256
282
367
282
243
268
342
251
320
320
317
279
234
298
346
264
204
253
277
268
285
278
318
287
211
208
357
304
358
363
328
334
307
373
327
319
282
316
318
266
303
268
282
262
373
301
232
353
282
277
340
291
293
363
359
350
228
295
349
380
303
300
343
264
367
221
339
286
350
369
300
281
299
337
320
344
330
273
314
385
310
362
307
316
237
327
296
263
284
329
293
328
304
275
356
234
295
278
253
348
324
356
311
298
309
290
282
287
332
351
339
290
360
334
265
312
241
380
252
285
329
344
213
237
336
338
339
271
202
364
336
330
271
375
280
303
309
251
281
299
239
297
251
380
277
320
362
230
362
221
269
292
328
269
228
225
254
351
273
296
299
254
292
278
307
308
325
349
307
354
351
311
246
334
296
312
292
338
261
297
286
282
351
352
342
359
287
248
274
258
324
306
243
377
250
220
349
335
265
335
291
302
287
272
198
305
299
278
299
330
222
323
268
278
356
325
316
338
310
288
315
217
234
273
296
237
305
294
196
262
370
358
332
258
298
322
246
272
275
225
304
272
340
256
345
282
310
232
323
314
242
317
248
209
288
289
312
254
350
342
266
295
288
294
290
279
263
354
245
290
248
293
301
338
341
307
224
313
339
339
324
229
252
331
269
306
293
237
305
322
302
324
268
293
354
351
304
293
345
280
311
333
309
285
222
314
377
228
311
286
347
325
247
345
254
248
230
323
308
263
303
284
319
291
268
276
366
302
289
263
374
246
329
326
285
285
239
275
299
268
328
314
256
314
329
311
285
303
271
303
288
296
246
207
268
291
307
297
319
256
270
304
280
333
342
257
281
277
273
322
359
311
260
242
354
233
327
340
298
317
273
278
305
319
309
287
301
360
355
327
309
347
274
274
218
281
321
300
329
326
312
377
316
302
368
330
290
335
366
243
295
333
323
244
304
349
332
318
323
253
290
345
271
271
322
282
338
286
252
303
281
247
263
280
316
283
259
227
304
373
359
245
250
275
324
323
323
284
347
297
290
359
275
341
295
286
280
370
360
367
352
355
287
296
340
276
218
285
271
259
317
284
300
289
298
281
274
340
342
269
289
291
372
337
291
315
272
323
315
285
299
301
285
298
331
334
327
272
273
263
269
232
338
274
350
269
250
327
336
360
334
300
268
245
277
285
262
328
338
338
268
308
281
303
303
322
252
362
227
353
296
258
336
307
341
345
224
293
276
211
318
289
245
289
310
296
203
309
348
311
324
243
353
361
343
296
269
295
347
263
284
345
227
253
269
337
277
318
289
231
304
249
328
336
308
319
310
228
323
302
324
254
334
201
265
242
241
213
242
331
328
313
351
330
345
325
282
351
321
333
299
312
348
316
272
349
318
308
297
297
212
335
380
367
278
292
374
257
304
288
371
367
236
268
366
259
297
313
285
277
282
225
341
264
384
265
236
315
339
361
292
288
320
373
260
319
237
239
266
340
279
353
285
286
310
291
228
261
365
333
364
238
238
371
262
379
279
315
278
298
271
329
236
248
313
243
329
243
267
347
282
303
239
266
267
307
326
294
281
298
292
285
222
279
380
262
256
302
334
233
265
280
271
324
309
316
327
260
326
271
308
380
390
281
314
255
281
295
220
313
343
239
275
286
318
359
283
271
268
322
368
233
359
341
220
250
292
320
261
286
243
384
332
311
296
326
311
301
263
287
281
267
263
274
281
252
286
364
382
311
316
289
250
314
297
306
276
309
327
293
369
263
395
290
265
312
208
219
320
288
243
323
328
332
337
294
348
298
244
280
287
308
337
235
288
256
256
306
240
328
295
322
297
293
272
288
273
335
276
245
226
287
324
328
301
344
329
349
206
224
255
317
333
294
283
274
232
338
357
292
305
264
256
374
303
296
250
298
335
294
283
259
370
252
254
333
338
294
199
303
266
224
239
324
304
357
299
306
270
299
287
297
209
292
292
315
233
208
223
302
281
342
298
255
249
239
221
242
345
296
272
260
334
279
331
225
337
231
232
272
340
290
313
313
310
325
273
279
356
240
293
331
302
366
287
329
326
228
264
323
256
253
255
315
289
202
323
307
343
253
304
284
233
293
295
277
275
247
295
240
277
283
272
244
256
316
314
315
239
281
199
304
288
358
267
350
321
286
313
275
212
334
267
381
318
309
271
362
309
322
346
321
297
245
214
257
243
310
300
382
334
279
295
377
340
301
295
322
289
305
228
298
249
242
311
295
247
250
308
301
309
315
350
364
364
262
286
264
307
282
345
288
318
272
302
243
257
293
306
269
311
272
265
338
309
258
264
342
320
228
247
297
307
364
326
277
235
284
253
364
246
295
285
285
323
341
318
256
239
340
223
222
325
296
308
326
258
315
334
250
325
243
317
246
249
288
249
267
340
248
257
357
284
341
281
319
235
264
294
274
348
350
285
271
324
276
306
277
351
348
294
268
264
295
321
271
206
258
315
351
287
326
218
339
283
316
355
311
336
309
338
284
236
324
284
312
256
362
247
262
305
322
267
349
291
297
298
239
302
280
293
263
274
353
324
241
254
325
328
273
343
372
325
322
272
280
286
300
258
270
225
294
291
250
243
308
230
245
281
357
226
344
301
290
345
235
288
356
348
352
305
249
288
307
335
306
280
283
317
214
349
273
256
252
316
366
290
276
237
205
259
276
360
311
342
258
209
327
342
239
244
200
337
304
253
311
372
