3320153
2942453
2680460
3538846
2798302
2131653
3628463
2824522
2357464
2674919
3174339
2018616
2648598
2963084
2638662
2585003
2582470
2903957
2752671
3517175
3005052
2717785
2736707
2816740
2575215
3013337
2272355
2657496
2579749
3462164
3059401
3023575
2663488
1940122
3318305
2847809
2917467
3009742
2394274
3209527
3541716
2317781
2535967
3144467
2819612
3045767
3224444
2646554
3383690
2581839
3354371
2654336
2639094
2094741
2481675
2971055
3228681
2440326
2893223
2435701
3056097
2733365
3135232
3202834
2784796
3252757
2628312
2806911
2732399
2757198
2612103
2343496
2686525
2639229
2101517
2567345
2963740
2697139
2797717
2720381
3633097
2065106
3432805
3177304
2503522
2555284
2976445
3125419
2870474
3004966
3466122
3001642
3006468
2629440
3215237
3297993
2296027
3302399
3574612
2773318
2930499
3042670
3071784
2302071
3397527
2206578
3071541
3370721
3091213
2968477
2941463
2508276
2876283
2696854
3326551
2785232
3090526
3152155
3154738
2685822
2768618
2962071
2863896
2573231
3533192
3630371
2897749
2443185
2702561
3449770
2446009
3537846
3322864
3654854
3417662
2529251
2661373
2706891
2403424
3329895
2188805
2090039
2518792
3703886
3257328
3225841
3718819
2847151
3005609
3162889
2881441
2874349
3246562
2550936
2947531
2661628
2689681
3436888
2866489
2626354
3277824
2318134
3031918
3394484
2849621
2802915
3033455
3667340
2779042
3099863
2748421
2808744
2917236
3532963
3136909
2493232
2354787
3503063
3138507
2505701
2430764
3015528
2501727
2889300
2616081
3201661
3243977
2954973
2662963
3037379
2704346
2889195
2553599
3111506
2785336
3533176
2348343
3048864
3018363
2585500
2351261
3669650
2959470
2704643
3546069
3118186
3382592
3419513
2732993
3239666
2550409
3271221
2589882
3065870
3100187
3540220
3499247
3323260
2772861
3013181
2493437
3006593
2331286
3291021
3269081
3052254
2454865
2804886
3305030
2509066
2285520
3283760
2374981
2856173
2252353
2838665
3101719
3302572
3158328
3722658
2580414
3539732
3168556
3040850
2892557
2538868
3030513
3447879
3022838
2337255
3399755
2782262
2786002
3477374
2707687
2751411
2782010
3155610
3467988
2965054
3079967
2992377
3046674
2434011
2417248
2690183
3115588
2865360
2728550
2835102
3225026
3200957
3030919
2238280
2951124
2753265
3577291
2751239
3371314
3119476
3426683
2189121
2745349
2822340
2175056
2769146
3189133
2544056
3285725
3213611
2342194
3390407
2449413
3067508
2559004
2151927
3376953
3279329
2476750
3078541
3278689
2397242
3210531
3634249
2652648
3215480
2843154
2928131
2832477
2409912
2975321
2850224
2808300
2983635
2458134
2859072
3100762
2662039
3253901
1988551
3139401
2144564
2453402
2281868
2502280
2340933
2604587
2968792
3082527
2767601
3006710
3345088
2599929
2894508
2873045
2880840
2904795
2483442
2196624
2427227
2932470
2811493
3239399
2518467
3110264
3695336
3474973
3535909
3525576
2765462
2928154
3440683
3289342
2490882
2815974
2554548
3571193
2826989
2390286
3208625
2930778
3582461
2527978
3087910
2685047
2927487
2093547
2094144
3135626
3342040
3072971
3198398
2822246
2057249
2860827
1957141
2952193
2768879
3011266
3041463
2729665
3006294
2341250
2426949
3568830
2854007
2761616
2255987
3267775
3047860
2374576
2764688
2382246
2598259
2918898
3265745
1981832
2858201
2994646
2953497
2751808
2482929
3061210
3373552
2840767
3386241
2276569
3025960
3353665
2546575
3237245
3119737
2405757
3712669
3308701
3317304
2635858
2547485
2716865
3645709
2607953
3075892
3343925
3378607
3390181
3002770
3039278
2969692
2903165
2443039
2825575
3113791
2462367
2685821
3274083
3338033
2613322
2617488
2720001
3295347
3431268
2031482
2844094
2972503
2454790
3567694
2878531
2775622
3624698
3151445
3422994
2767085
3012232
3319818
3582846
2573979
3302354
3029287
3263044
2988156
2954056
3651329
3251415
2329640
3080394
3553723
3448413
2698817
2916245
2703822
2898276
2746160
3401878
2304006
3499593
2785457
3428791
3493849
3347780
2875343
2570917
3405208
3204228
2342953
2640497
2730151
3293755
3605629
3272387
2547162
3188959
3066316
2793421
2199201
2826493
3176381
3696157
2324622
2506932
3116851
3179028
3700522
2571821
3524239
3180353
3127092
3436938
3021461
2817367
2616955
2738781
3260932
3087815
2747463
2198163
3065423
3186391
2427880
2989510
2946089
2150843
3259516
2379234
2491978
3473314
2466085
3838923
2831822
2358030
2618412
2556396
3026587
2813695
3407297
3116331
2986158
3144626
2899375
2895074
2589607
3065626
2709352
2530857
2541443
2830807
2910132
3335125
2900350
2413553
3327875
3135163
2634207
3124439
2472210
2673620
3050270
2633623
3145593
2705419
2142609
2890669
2340299
2125664
3151061
2570252
3709487
3347392
3044059
3679154
2463430
3317659
2557925
3069042
2931172
2702731
2457270
2961247
3073258
3323870
2998929
3245064
2576703
3522648
3517351
2881375
2349711
3080126
3638425
2802954
2696513
3340708
3366370
3330317
3771842
2192030
2833501
2908606
2805695
2604456
2345718
2590925
2626718
3432040
2839981
3488784
2722528
3087559
2981286
3037735
3778436
3489087
2646911
2174027
2677737
2228035
2975852
2757616
3820543
2970819
3071140
2455594
2916129
3526990
2818665
2998461
2339024
3065550
3103420
2262834
2968057
3286733
3655445
2880314
3435061
2668414
2488941
2736361
3221499
3177890
3400472
2888253
2754499
2707534
2866347
3220689
2812358
2479133
2901862
2346848
3307300
2911616
2377706
2833667
2711928
2718156
3032058
2478957
2457551
2148375
3411677
2832821
3336751
2960594
2243168
2742711
2568509
2245920
3245971
3321906
3068155
2686019
2860727
2719507
3212977
2881523
2398305
2661104
3317128
3089362
3122880
2346222
3415032
2918911
3234751
3235183
3289373
2516326
3222822
2707994
3185054
3347444
2642930
2862284
2745816
2981366
3621769
2262869
3077899
2995392
2941397
2695065
2588521
3079080
2362111
2522331
3165366
2440915
3135537
2357197
3193230
3282202
2104327
2355856
3067868
2884258
2579007
2845417
3253113
2410281
2906237
2337091
3361401
3173285
3314230
2930711
3138537
2628312
2803851
3212392
3234545
3070380
3094490
2496991
3140953
2832301
2802727
2911304
3878694
3165114
2384411
2868065
3304789
2757907
3094454
3339487
3322506
2739850
3087444
3534953
2482244
3377695
3160776
3015885
3072933
2814160
2924796
2583027
3792593
2108498
2140450
3335565
3521672
2968277
2545492
3317996
2284908
2642628
3643623
3493153
3266989
2699726
3339359
3014564
2347995
2905861
3088001
2698342
3497945
2122328
3157626
3209334
2648957
3842951
3183416
2843482
3310156
3524491
3420113
3487750
3045853
2214822
3791642
3768395
2913683
2681834
3060261
2729688
2851491
2648318
2651230
2372631
2564657
3329975
2636050
2772629
3070948
3119000
3069741
3276658
3465426
2506224
2611930
2427971
2977375
2251969
3434685
2877317
2721347
2797112
3483544
2629334
2601726
3515949
2851652
2199403
2682264
3137896
2476189
3063910
2649445
3178761
2508760
2377480
2505004
3039258
2894823
3453306
2975987
3028977
2597502
3271123
3035322
3062921
3210217
2445228
2569397
2975565
2777208
2762806
2513412
2528389
2768095
3594724
2232767
3368061
2201998
3149177
2702551
2199004
3490578
3405345
3710314
2891580
3132390
2808841
2930536
2546695
3160120
3201651
2569096
2730887
3467285
3062671
2525862
2189173
3542997
2759386
3423367
2998929
3333099
3224361
3295007
3076224
2624518
3706141
2322193
2806349
3621101
2114889
1950339
3215897
3454843
2408024
2043402
2702301
2263117
2919869
3187398
3257517
2365813
2580220
2979835
3136481
3241011
3078589
3712656
2250547
2871058
2254913
3308688
2153958
3825089
3374343
2713776
3146494
2614155
3135024
3343627
3585341
2764799
2658195
3461198
2713959
2760113
3507749
3221745
3349292
3265143
2306947
2860544
3364520
3488442
3303459
3378852
2837901
2830238
2647340
3470120
2810692
3311147
3235685
3149989
2701367
3876768
2419256
3199480
3028487
2913697
3210458
2867919
3651429
2347317
2855906
3202010
2624625
2602273
3031757
2583194
2556386
2885605
2868962
3216654
3348541
2550228
3072640
2838119
3128557
2939931
2870090
3594212
2939666
2849993
3656798
3282235
2530220
3586908
3033129
3494118
2631511
2481650
3816655
3402601
2795066
3170048
2766186
2865216
2692158
2579617
2776835
3199406
2868855
3358211
2865998
2907206
3181122
2980673
2078991
3181844
2442380
3686758
2800805
2950497
3735856
3444638
2963206
3097394
3099889
2580568
2809590
2480106
2741176
2788075
2714634
2246930
3291088
2840107
2901650
2364071
3018164
3028681
3300855
2584481
2598215
3061308
2993154
2884132
2550519
2865852
2919348
3002445
3521380
2170605
3185110
3319948
3647068
3208839
3550488
3694699
2842826
2543145
2679872
2493202
2910029
2431986
3517847
2759075
3709073
3582366
3216573
3215780
2835959
2412440
2624791
2952903
3388182
2313187
3539825
2789838
3132179
2524999
3414977
3064614
2761904
2568136
2453824
3052880
3677743
2873908
3401542
2112207
3329839
2607811
2864329
2936853
2050971
2826499
3455283
2320283
3504950
2197644
2899328
3644861
3506068
3319164
2746527
2585568
2471953
2381320
2992818
2729378
3024193
2928185
2301767
2733931
2148214
2730534
3721036
2610834
3528011
2908969
3101609
3345064
2992317
2866686
2644661
2272022
2834625
2823880
2884985
2823932
2453727
3416719
2957945
2524842
2878156
3593539
2158522
2354882
2235455
3069001
2695559
3017191
3082435
3216485
2822833
3671856
3270209
2872452
3521414
2816703
2184954
3215512
2856016
2942337
2928203
3033281
3098476
2967532
3030278
3494301
2897862
3340718
2691710
2432240
2525424
3234598
1951880
3244543
3169154
3190234
2778092
2976998
2537149
2454292
2957836
3113263
2425185
3257792
2634951
2710155
2378281
3238817
2473463
2810110
2603814
3514375
3355956
2429957
2691622
2741940
2415900
3603598
3223395
3369297
2642313
3007625
3534389
2466598
3010625
2838513
2881816
2188293
3029928
2852341
2952340
2836009
3594607
2448834
3428983
2616125
3059882
2895815
2553802
3029021
2656907
2957048
2134688
3080754
2952163
3114197
2653756
2733019
3309247
2566771
2866690
2741873
2711581
3167129
2659306
3024341
2190924
3007750
2740993
3103754
3372333
2102105
3192252
3509318
3209532
2827919
3363779
3487570
2420206
3268122
3024504
2290399
2899108
3298479
3323614
2629532
2848049
2869659
3121823
3282330
2444575
3456816
3327671
3069487
2378227
3180973
2211000
3388057
3007687
3017010
3492851
2989229
2893518
3520711
3268034
3057717
3821430
2989755
2404935
2919470
2437678
2136233
2617960
2816877
3177975
3309608
2607299
2614680
3244533
2991385
3065709
3372713
2817107
2915990
3116216
3664406
2420127
3625426
2976133
3200157
3111248
3425594
2975329
3180140
3489147
2821507
3097592
2759507
3165755
2818684
2756247
3699072
3286269
2366469
3157867
2892428
2823039
2840745
2723383
3383270
3053162
2884643
3339829
2964681
2567825
2837924
2784945
2836668
2976596
2946762
2655391
1991420
3020146
2886867
3205114
2721869
2510271
3437934
3692755
2617570
3279388
2951791
3102258
2984322
2896186
3107202
2374249
2547044
2135972
3561759
2998153
2036871
2837482
2860235
2678049
3026577
3224542
3132092
3235131
2513629
2790272
2812899
2526959
3082959
2727391
2940714
2485388
3335764
3211592
2926439
3102103
3145546
3735106
3315811
2642743
3416622
3501959
2552593
2614444
3264429
2331195
2492760
3087363
3382464
3539332
2535631
2394713
2973370
2367079
2692346
2122468
2844367
2769020
2811805
2781019
2423133
2825728
2598816
2963340
2865602
3299915
2509150
3007995
2668877
2278174
2955373
2370295
2414117
3552690
3633369
2429206
3162119
3006442
2505710
2939139
3048779
3620349
2480714
3065106
2713055
3010149
2757918
2993834
2648854
3000338
2606279
3393617
3235353
3439321
2660893
3010432
2922501
3759292
2284316
2478050
3412070
3316946
3390522
3170855
2341640
2556558
2706372
2977158
2607332
3096810
3522625
2879035
3302780
2854567
2671701
2901107
3583162
3518547
2361697
3013507
3507313
3078626
3041698
2505996
3257153
2630318
3378985
3318426
2277209
3162295
2894175
3347202
2639099
2788167
3078557
2673396
3177973
3074763
3306859
2976580
2243691
2814918
2704804
2544862
2063390
2209193
2740727
3269448
2365110
2778014
2383764
2810801
3236916
2910195
3181706
2337482
3394528
3004104
2808226
2885038
3252965
2759683
2783952
2748411
3731573
2772622
3117715
3198693
3143636
2238602
3001103
2967333
2762938
2524730
3602710
3324230
3157720
2939714
3521729
3111921
2360174
2837367
3112765
2778420
2404416
3399993
3000081
2961932
3670890
3016630
2266630
3066807
2879203
3047708
2842234
2128763
2973738
3844719
3629865
2339028
2894020
3589769
3086878
2775766
2733494
2059567
2742396
2987702
2906728
3398186
3340716
2894551
3242045
3174051
3294007
3632940
2810760
3717711
2878760
2247258
3469896
3271900
3293086
3429406
3320565
2492492
2538628
2758195
3565417
2808839
3037285
2491474
3113554
2357396
2254091
3083171
3223771
2565086
3388906
3524504
3596111
2958748
2740360
2759124
3123094
3546208
3024463
2326870
2606143
2939288
3209848
2949384
3239256
2268088
3306045
3362404
2778552
2799330
3641049
2742979
2843571
3665728
2961791
2296556
3852344
2463380
2451328
3850032
2173343
3030488
2906761
3164252
3158265
3828668
3176420
3318850
3392412
3633223
2382436
3249037
2703737
2782860
2889124
3437669
2974816
2785243
2602941
3214812
3034275
2441851
2668253
2856016
3104412
3325567
2325409
2520422
2243337
2789017
3519600
2715808
2100872
3334929
3379689
2426023
2540975
2944751
3274493
3095478
2452269
2207467
2833071
3315065
1997739
3187894
3025856
2723091
2776344
3103625
2718314
2672143
2861883
2329609
3272610
2783290
2001767
3420469
3614417
2567057
3242349
3534895
2755114
3078374
3424019
2521291
3341639
2616433
2211252
2814273
2454284
3336232
2826101
3098148
3482876
3814410
2592543
3429373
3131762
2281800
3336364
2530764
3024999
2993440
3189944
2645561
3228582
2867292
2957144
3074444
2960206
2729142
3105198
3617341
3483036
2725981
2367645
3380038
2811157
3375415
2925365
3016640
2980239
2475896
2916420
2846281
2559245
2986513
2945593
3385453
2688984
3329396
2653067
3020087
3170064
2676522
3331822
2456521
3142987
2973369
2785934
2703932
2873151
3000574
2391584
3124789
3195603
3193985
3174913
2670066
2772915
3354650
2720383
2396106
2072703
3143725
2234056
3078802
2160478
2250715
3137887
3345431
3408656
2959882
2686601
2784132
2974623
3031105
2779881
2233546
2297895
2926179
3279066
3676861
3408342
3200341
3304752
2750754
2921276
2671188
3336750
2824438
3213456
3910480
2758111
2837966
2615510
2962615
3690484
2320723
2530574
3204456
2869484
2996874
3597736
2667607
2543597
2862470
3183720
2448120
3002270
2688976
2163322
2675731
2793504
3063248
2199264
2976996
3407163
2233077
2930856
3122342
3063829
3050882
2862885
2625455
2540198
3133760
3148889
3651333
3620155
2848597
2603042
3192729
3135148
3786218
3576214
2905687
2720865
2824634
2778669
3434602
2973526
2709422
3159445
3373143
3021745
2245038
3349991
2859472
2645868
2355646
3255668
3240028
2447400
3316359
3494052
3455346
3043143
3085988
2530552
2526582
3393047
3124686
2303146
3329880
2720444
2652202
2557752
3187533
2601293
2234475
2953444
2946073
2366735
2876883
3255361
3087355
2275109
2689016
2397708
2826945
2950064
2196854
2275317
3029854
2594051
2868752
3001397
2350241
2650189
3002230
2311471
2760983
2420938
2971566
2365195
3383325
3571449
2510977
2582889
3762197
2828939
2996308
2497653
2797930
2940006
3448707
2907766
2999507
3152451
2260328
3358064
2996205
2178092
3366823
2702608
2569790
2865751
2533733
2927403
3076922
3007856
2726454
2212187
2929422
2726289
3058785
2997009
2988557
3509832
3060421
2985091
3481531
2472743
2242701
3358040
2931523
3356791
3552085
3141280
3024602
2970812
2760876
2345043
3186623
2699439
3286109
3027327
3324739
2356474
1999843
3118283
3206326
3685712
3730349
3543158
2926101
3083404
2595102
2724824
2493222
3208019
3429973
3324156
3263541
3018658
3850122
2070766
3389493
2674828
2687180
3549826
3165665
3572227
2541610
3003280
3081580
2355732
2639970
3009934
2802755
3465818
2730213
2624065
3348713
2127502
3314477
3221934
2749747
2153471
3102034
3079218
2806893
2658861
2494301
3158533
2420724
2712821
3192740
3157129
3466323
3062979
2334636
2934577
3140106
3689461
2228277
2249534
3143031
3218671
2834425
3737663
3019979
2379458
3111486
2678148
2863268
2739765
2654741
3083386
2733342
2626507
3297005
3200784
3018573
2695908
2725457
2475404
3111519
3494420
3359934
2603834
2731612
2887430
3234879
2695491
2779733
2485409
3092535
3081653
2971308
3234170
2705635
2251560
