266074816
321355279
326279089
361693527
346817734
305009041
279557711
261115772
290426171
265272739
325681612
316389968
247193129
318321671
371544716
315905798
337040905
297962102
268131783
301065328
316434297
353444047
315016979
315475259
258056626
348251795
250224501
290381125
251461702
309515599
335263604
270350460
370692199
330528975
337484923
371030137
265084805
338721980
231598063
246882640
326721034
385024151
263480412
290622751
314240359
301704342
381202633
205986572
311134860
339544587
374565339
291778254
336149730
371757082
317545305
248505295
282435910
375712994
271654837
271881586
274817974
360577590
279971630
291294361
271507529
260058019
308104180
302446502
309493944
347757844
300640047
238250333
234745574
209544657
296285824
282597093
270830353
302198830
276174731
305411419
320508337
334966629
325165172
300197581
255970265
223986706
324514847
283587470
326281913
274329265
343866815
318816473
306473382
278615522
320781372
327088597
343440958
292172821
253800866
226494625
292736642
216544232
331738253
346927463
295013383
270007944
262329149
315833775
265705391
285542399
256060968
270408067
350026986
308281747
360532093
220494178
284125215
246133395
286383405
312229105
321361584
202234037
278126028
243053522
284452927
321174684
287557776
291287262
335037902
288943319
348897313
246922754
242867793
312799068
318088469
303509583
324086960
242776584
287866742
308008674
242074326
260835232
315073821
264964078
374086491
309127616
325516062
304237908
288525219
320862532
337784760
314742555
279913126
325550829
268810240
316020935
232639393
353038864
306294583
293256747
301351867
296452771
280951423
321728632
325955353
271155272
288652721
227124156
306530900
317012972
277060787
250549530
235280749
289698594
343838897
322938444
286150136
288641259
275570092
269571164
217068905
228106449
266597016
304555272
309368631
333872603
296146282
262311264
225185288
297222633
333914121
322771978
353287002
220395779
233559162
337007105
283200816
321530238
255779547
240735882
340727505
266493364
340705634
305343879
264995689
231720654
324051540
302068039
337317815
210318779
339551196
289029514
361366637
235028322
345178953
340737595
298831014
351077317
273156649
267797963
307720855
282683182
367143117
316585522
221015690
301142365
369004925
294820671
345539454
343149836
256877855
288624123
300626197
241552027
289289516
358600183
273313565
277470905
299930204
298228561
274343481
282362277
329490290
325393849
224942791
259999390
339813517
293118113
271831980
383377912
349448103
310396518
232263900
309720515
305144712
328821153
266133759
364119904
329340748
363858506
341523546
329585384
317858356
289080683
271986738
229837591
352175609
322266439
239601353
302578552
306758179
261073531
309435405
317270259
281629364
376634993
245980050
288714733
280698535
309078979
242984167
309370297
318022103
293502895
341584775
260525712
278059057
267806543
298160894
276321177
246811093
316233388
245423355
373084585
302948661
276553740
283261086
257193444
356246181
389865927
295510385
345769395
367478680
362921958
294764689
283806095
248408056
244793160
287967481
338333225
276404866
225955912
358614458
236838689
285480890
219628792
337960529
368038173
331014415
284999633
361325015
280168442
225460798
301504183
321416570
240948575
299071419
273102113
208578193
327577904
307419119
377403633
259845023
328489620
327685174
286050760
257109333
307905586
246633768
354572218
295448542
335826236
282512311
258123534
349781639
296376992
255170464
286145867
323701651
380637410
263314419
335948951
270786058
242732243
302287998
237398748
368924493
276925989
231786741
369495401
351826067
273261047
330984532
238717560
299645341
206751141
292940216
298902132
355839283
255575110
254079862
372432008
245872470
379992789
310829715
246451651
290179642
343442555
288824345
294532992
233324060
373141245
297867833
311463665
307549031
282966143
345515055
267107363
319900688
260107744
321918319
270646067
291022278
275747030
328620927
285074113
265245094
261265428
204065415
294212358
291706357
361604004
301679707
340575107
295309850
304862600
234494520
229212788
325258429
263482652
355877356
352395037
353439493
258965701
281054387
249084490
214482664
319435807
329432882
219460899
266421829
254858098
298495213
267362484
273548866
237734344
259298557
338672028
304463346
331631893
222738410
306816225
278237825
236128029
235163709
303790108
387696905
309610852
311331168
254987372
304000259
235675026
310988631
257088923
297625877
319430750
340286898
309011671
268480623
262789570
266147186
254041980
239779464
327515203
236011474
218839641
253625613
242178787
250926510
307826572
347685109
327365785
307435907
232827659
339798965
269950637
242658905
258334559
251066543
226548250
360637526
358371318
255356894
310412819
343514422
283360701
310905542
285687088
269396031
289366951
274561957
255738556
293935390
285784005
246598629
288526757
268670948
375158891
250597846
385028512
334059157
319094007
292944354
288704841
297256626
352900910
306174773
289401729
284547120
372939494
323275889
246107200
261951098
334203284
278307395
295801161
237105001
356673633
346811658
278878536
301745794
376776199
287769678
245703643
301984069
276590103
334902833
331371001
280948710
262862759
302068275
370740710
265779913
341610125
276869300
248192682
293757665
293075957
267473945
259769616
222403589
352968602
284364867
263288463
269552958
287923926
323662885
336629659
332195891
282809272
321099755
301972302
261423546
331309337
313808711
269377889
201070687
276458087
331180847
268609981
314733263
301223822
259220241
305298665
269680919
249238438
271442931
326960946
375020308
239094326
278844942
290231007
377757661
287966450
330588298
295544886
342542500
258509893
292739196
349716084
297329189
339953522
310638206
341034721
209145173
363632263
349272951
265912558
270447898
352129062
298338044
324156369
279268614
247720564
301317765
334590904
365857631
340098892
318269880
319508066
294598108
309199329
327517979
330295498
299602373
379790744
328485769
295595107
301896973
235349544
306137715
255593531
259398130
272613182
283817898
327665820
297207178
280400098
217999643
265619546
287215968
202258887
354114942
260629261
260033865
324706537
326124472
281811979
302020150
335838296
249629935
297900335
255574329
238220962
312586242
329503314
317360102
255798588
248744761
290701340
300904005
282791416
336428709
340700734
304243470
244947887
296791758
265263013
298501962
312216280
290596665
207341104
301742531
283512096
201198865
303530425
278378674
353545159
286253474
343734267
252903314
293779999
276451540
221409009
317326335
322051424
380073743
259056919
237882448
329171535
343693322
275468711
256262490
287402939
320767512
245445314
303599887
340132759
274640727
303027397
311114472
261282855
350343420
314798261
310353912
236507085
273351831
226607289
265456078
299263017
269357520
278443232
292257018
342050703
324608867
307410303
241003547
290542500
333206782
294436574
357998075
245231706
273551476
248083606
308563692
349512270
322948715
326497889
333828905
311664067
314494754
350973275
341652361
252136844
284694104
291665036
258329652
336682441
266825559
303428262
285937517
231119159
245615691
348517840
220045217
265971567
303747273
307463415
229713137
365372581
250316494
295271405
252018300
292684670
316010854
316548816
374523350
296135870
310983595
247820379
255001894
244146599
335205945
216663189
226792020
308289821
227644995
280960661
224719946
234452735
327059173
255382438
302713654
263684713
347308670
300682360
325239865
226163754
240932027
305678295
281531768
360505471
237395956
272418888
332937405
328930991
334863395
284181312
280936736
361962968
299100036
305945054
242248714
230166710
307211548
251848103
312013234
305069915
289440293
290364053
281383443
302921512
265471618
311246248
292551378
284510170
328890662
242596116
316189166
325346577
298942340
260057890
368715175
315711943
251074300
283967370
361583984
329558392
280299428
337910071
257513509
267326220
245025012
260739242
217167042
222467321
321465655
275226440
324526153
275338676
253744447
257156383
311287286
269554813
227310304
346335338
253378675
302875221
282503299
289857071
247294662
221941690
295785877
310137321
286233856
301167994
294789627
281569290
359738993
294757540
288715605
273919280
373858169
283811556
300201141
302660034
305394977
286641008
309477921
345088662
241807872
337464833
279579400
351918140
277171607
290526557
263170268
318983296
241345520
270202341
218091955
249728655
296520167
345896155
337842100
301927655
330354801
263019926
281791247
293795057
269128016
313675964
355888226
323781780
276609186
300720788
304958670
230461019
317027852
304035391
225293186
239924255
271898857
239395938
317311945
259590328
215804133
305242463
300472602
239520740
341324357
307629994
272371318
318021763
328855394
373913636
265015753
256094074
359756723
310239293
259630930
302026377
342574844
300874892
245593385
288191315
344455784
345903583
279850592
231238223
314477915
295278418
326184001
232540644
245285484
220929040
287739588
308431111
278161795
338685923
288944547
212981731
350799512
313781782
379738001
223203615
254206567
292367496
215716473
307556849
368775896
315242605
281398624
241431287
282949673
305161986
366063771
290649184
284553164
352927620
288755230
253262975
259602357
271870843
231196123
344558137
273986093
275503611
248978202
349192219
290214278
343705899
260549138
341281643
259598058
349762227
313281195
364738200
258873401
325720708
319632277
295924328
341358225
285356336
321012608
332487311
314827400
260855023
295937243
238218756
338076572
325635273
303469711
288107645
299608509
285051367
306844556
278124894
248523662
272097563
280169563
327147052
306846540
264887223
382321061
311886459
308403790
302287556
202075219
298995130
322187349
287705694
317550278
295328567
257995568
283069249
247071116
270340961
270494671
301232727
287638594
295828494
295522409
299951601
318708296
297595399
252359066
303520133
340313632
327902287
311856615
359942192
302002362
357856299
266404582
253107814
349576067
302494247
288593618
314881222
291660700
282288652
294778263
362581529
315551702
332582221
263440662
330393795
316527927
241208626
277307336
295519952
295036081
251711428
312242459
289168369
336517856
266407880
339414701
291067469
345544113
358460549
308203923
283783633
316778302
230379256
389468319
301180771
236166716
308428474
310861947
237424227
250390081
306968550
260897858
305502952
342251300
330103519
373524448
321866368
334561300
356646492
355438333
317046147
281615660
322251245
293477217
320920281
216258780
311040014
241129036
356014740
280088339
295848137
309639201
314260288
219786010
254169042
343799522
243672555
319216128
225325764
343190106
297627903
213533186
242113478
356201073
360712791
345089531
275734542
298968841
241734831
370726197
250741019
211791457
356832104
306328648
338994152
235619015
243610040
288967194
307771462
282781810
223567716
320149908
291641935
259983689
284858252
294413359
318191324
352493204
320755318
353745589
311139832
359519791
296843737
311961658
356706066
202821096
271079044
296581815
284918053
261385005
298031141
289903974
229591234
310590357
334401844
277787501
326610703
361616138
353473120
292333370
252632092
311889534
256996646
251780711
314756306
350751346
299515478
251985030
362081309
228291001
337810305
332310956
298716743
367249712
245331449
287943483
343158388
362839909
299784688
246064412
345587149
315731203
300620271
325848525
269590600
278684062
266807233
267080080
276697022
249660389
280718685
236824823
290059096
287848919
273643231
245355676
241112068
341071427
293622946
308079257
349369255
332259143
334952210
308921236
285255092
338447180
293666304
204538287
278270277
338992430
383060611
282292408
219908638
359681305
355296523
324107864
218218033
359952144
310444856
254855652
301585297
385584533
275896928
228036293
349975026
302138162
341606801
361439799
289081739
362878817
328447654
301360209
327139149
274816660
374666288
282820160
301123073
362472288
390097659
368448187
258956437
292288480
234612314
329878005
254238499
318539226
203347261
346643371
220398038
308813820
253247784
248826032
390653333
250575170
334453963
259636906
382972567
288336485
268113447
230761038
315459714
350084751
270499019
284756083
224322089
215165509
342239960
228158247
298897253
263707339
295718309
351695062
376707785
275334447
338770593
307010513
336480455
267253947
253827660
372605381
233760411
266858193
287808773
337305265
335839083
244556384
273127461
247893666
340230241
294952219
213370793
283238774
316745634
278848416
301388372
289156105
216643171
288610166
226683087
358800093
292392427
262573992
269211642
235473114
313097514
355238527
215999994
317213215
244829195
296032676
337215069
271100791
280730091
231619224
335021653
284249536
332603637
241484616
250477009
347415966
372472092
305012490
208556236
302143421
273969803
310959142
351016881
317731580
341989564
312040396
328110327
207085473
246948163
286296224
290465285
338147164
358255218
268392453
296209323
282221706
321342591
271110968
294176920
268874382
285672411
297095204
277456528
260099388
224653951
313175698
315319017
267470662
307187561
278015109
347731852
284742130
211285248
335635648
306100126
360778493
295388762
314912018
311042169
243569824
318038901
276082992
279785743
293263851
273013122
288764367
222908097
288561260
337954601
300332938
313700180
259516114
311754939
248979974
260123023
224450648
262775949
344361937
313810922
296024880
271033983
383281875
239754639
325291347
220723020
297182529
336002990
264356207
249262284
309544313
257344373
239080267
318461198
259665777
284444795
297894369
358690769
333507269
273535922
313004083
262772517
307519169
289981055
283596342
310240664
316611931
282078513
285212896
315451194
294560238
255286234
368502383
250313013
205316596
342752705
328823609
309692955
391284631
276080332
263310197
255602960
299468622
263237232
308880845
390050689
293303783
271688241
275288226
305722296
361144122
289988409
279285894
332952806
237383447
291706970
284223549
332860082
339194210
315693921
260126342
299854157
295505562
283596161
299764230
302489981
219889084
265735130
365007830
303350126
332587553
317954085
319737057
339662205
307047205
234473407
290493256
370974196
235113851
314139060
346693643
329293552
362686388
290186362
291147735
262343853
269840530
309366542
337325041
213437905
283187767
324479294
304985912
294694623
326694171
262665465
249120675
213654255
330382507
335208033
278637495
267632273
278944425
270940471
278776966
303818489
357995338
302686942
245522420
340414324
264947132
261669928
324419420
296709714
324453937
304491836
278854908
312704566
292343184
289655067
377734818
329353436
285004490
281271332
243593706
292622045
366007045
294405041
281951587
306652904
322089470
320366221
279833806
278677571
329676424
269813779
252811311
282664090
343306859
330984858
261096704
359883756
283360214
357866749
229887803
281501222
254925988
208690658
240497982
268164880
268218426
313719759
239184351
291499860
261860194
297809963
252652882
266594443
370509371
304548276
314179839
355338591
341635252
303677392
303118356
291521188
391312418
232032517
262785991
269269233
259560628
303976467
254565991
239934761
252870022
241074924
212821497
288379165
281153163
322204878
279288730
209303825
269036823
283895873
338432216
357253257
291075065
287981825
353932951
291706481
224814351
282715124
280655058
294327157
230613711
254598785
235924842
286119973
371854853
239533515
234123108
273555780
321436352
248265648
339240629
347034349
378527179
325063128
217436761
298858328
281266994
293277219
257454338
270482490
342560407
333134213
254905070
291001085
334752981
271050197
298253501
265678914
291555018
324273665
266876047
213823657
273388404
260611549
356726500
317023148
319857694
350760361
311777320
311472169
319861868
288211369
323266934
246502339
347946833
277930347
226764863
279055603
229822499
310603403
249520920
275369382
244513229
296671327
263280198
261867485
250141642
270382421
262900859
287575910
307177834
303821780
254554508
313333440
294875816
252299334
309114395
286668090
296170379
266975562
310183602
289205223
277956933
353023812
310497472
232016602
307618202
302266964
308893534
285510928
327459237
292475396
294273451
263425768
205234319
262995363
329598472
326425650
269713116
322118837
344856023
236958564
314491295
329130833
265592747
308018264
308597759
281144705
333961932
291802423
330997055
336228336
294407070
302331084
266284190
276436537
309014079
337097484
290227066
277871749
305529773
300250571
319311645
231891975
311852204
311242201
309384679
255564274
242405129
293690183
271739995
284830678
307227241
318686532
340831164
347744135
281400144
296158398
217827667
304972369
279312158
216502501
252807131
297466863
245682344
332207172
295963450
249459628
358817602
326237904
295395387
272503302
318877100
280788783
298795170
287223506
317609291
313131173
323479562
284945406
311932166
262502490
249811577
267401833
295990765
287661952
332469289
285317067
243473523
290509456
235469833
268524988
234664101
290388187
301651347
231383615
368165442
325077787
341339732
267873187
363735315
299583823
314259737
293344908
255802177
337823481
313314522
321740439
243813147
274265211
311214792
343260161
273164080
279137031
301091788
264489535
345000116
318499488
326686461
355718229
274713035
306115641
264639544
259046499
237128137
290610881
233237662
356500113
289745294
239107281
370285165
214303617
316786026
348252787
263307547
209553723
329101395
334239146
281669429
231516885
228931164
336707906
334696130
311000313
274400778
361834758
321206394
233928810
366251722
279102838
329701697
287447161
240426725
240777409
306660870
350114894
230383755
340618295
263710488
291861824
311214515
302173303
240370823
243336847
322293169
347557162
306418166
312512923
269813624
291974290
294196157
302675252
284398975
248522491
276558281
289045021
217196624
368018482
285286142
294107517
213991163
378301887
308306333
266996193
245576461
330012368
343080525
276153522
389343912
211969967
302016751
291936721
288813324
312042947
348529213
321945794
324638833
323613005
341181896
362196126
241656965
281743274
309316593
261427482
324239740
291565063
374354231
293588909
215624053
364223734
326123480
264155520
261291103
329694563
250197154
294903675
240614055
249252658
305527798
273869822
278739717
221354035
280572044
314620791
295772409
312503988
321014024
219452039
243300908
337919322
293121054
283246125
318464807
320055704
296919125
340753481
308039994
283531168
320848630
388477031
334393690
295541827
306663221
258488095
304201645
224090011
322101273
258228055
286452180
341365711
346236686
277473671
299097601
389495954
332750337
293331456
311985078
329942092
313370806
234335348
226609746
300787466
218607478
335657774
307615173
277559838
264190480
328882366
214874932
245481787
374936952
264665704
355030553
277987066
309833561
260076640
236538770
309836980
290303811
290732355
199421996
277419571
297634729
339890285
244036929
204749590
255335231
287526572
342403155
344461003
337579818
378648186
269310541
216517898
298664665
350000219
366791320
305145498
310672358
321064406
352070588
273061053
351624358
290717795
245162542
284314149
335764280
272071533
310200928
331141121
312361191
259336216
253027009
319175490
280616323
260722516
297806149
256829145
270540718
280010659
248803328
281247566
293247437
304567383
226017496
328762954
336598274
287899655
246346167
274188861
290008054
326777294
260158418
300507586
272405284
249930628
338586352
324520210
352410236
251264924
321877167
378251280
342660693
302496659
372071364
256751780
340285373
314944611
259748453
328402013
213782295
269613237
321912778
254318348
326482056
321149049
350069615
290958132
197874954
339985771
242144505
265104411
225865486
269978579
338877599
254514950
314762708
319335184
275239248
357174273
367811850
293087726
280344513
346121163
335441672
256016155
274071441
337279289
282944475
354234234
271221371
310666810
272503294
280504168
330106827
261983187
306114009
286670839
211719837
275108270
295785385
298032716
203689909
318364102
291961965
276035100
328761282
324652169
280055106
269912759
