27243
31040
34157
33257
29485
23593
25989
33609
26292
25127
21337
33642
25453
24609
24949
27765
31731
28740
36224
32198
28695
29708
31299
27993
24971
31126
23798
27974
25810
38514
27368
25499
32422
24404
33208
28945
31260
27733
25517
23815
31366
33030
21293
30212
32007
30802
24823
31607
23811
19761
34359
30274
31050
27185
25080
25671
21053
31504
20737
21870
26323
35107
25872
36512
37745
32850
26231
25990
21715
25271
34698
28764
29537
35295
25838
27746
28250
36509
31105
24770
37971
37804
28032
24731
29107
34308
28170
22181
33380
22119
20356
30262
28049
22109
31587
31224
27850
35401
29528
30732
30689
22985
34579
25834
35567
30656
26535
33447
25293
26547
31235
26547
29990
26265
31530
28908
29936
29507
30431
25833
30538
33630
32283
27198
30234
26599
32449
23205
37326
26890
34561
31441
25917
25851
26802
36646
28386
32834
32958
35662
32808
29090
32425
25850
24206
35881
34840
26205
29765
27207
27109
25818
34531
25714
37132
33351
31449
29364
34898
27597
26377
30251
27384
28859
29582
24174
21244
35908
31223
27570
28086
32187
28583
27847
34725
26385
33080
34367
28648
34120
28020
35841
23986
27603
20321
24860
27358
30193
29063
24497
22153
21219
21835
27866
36644
27282
32455
26635
38301
25793
31599
28712
26999
30030
25593
26956
23413
36671
24104
29575
29847
25281
29006
28012
29017
27902
29282
26258
23201
35843
28534
25659
32492
25280
32959
36066
33175
24174
28783
33505
24721
27122
31475
34177
24155
25008
27832
28414
26904
33501
29026
30412
33178
23977
23864
36671
27939
19846
29715
29175
30935
27287
33090
32099
23435
23483
35118
35035
31036
27183
28788
30705
27595
28471
23482
35410
22582
28566
25551
27745
21193
30027
30026
28588
28404
29720
22756
23438
28682
28506
28778
23697
33053
36091
24353
31720
26089
33589
31752
30604
23073
36285
24977
25588
28141
33902
30602
22285
26811
32385
28542
27532
34117
24086
33193
22026
26891
34311
20946
31526
31118
35820
25053
24847
29217
35464
37968
20977
24974
23157
25456
28363
27658
29720
22407
28551
35884
23040
31744
34299
34107
32975
28643
19565
27509
32754
27021
27824
29906
36627
36855
28589
21884
30223
27473
19454
29333
36379
21320
32917
32540
28933
25929
27247
24616
33009
30130
24385
34292
34931
23659
28954
30765
30241
29122
33059
28225
34361
33698
25564
26886
31746
33708
36781
24600
35327
34357
31861
29484
32135
35017
32365
30628
32793
32760
34436
21994
29169
21026
29770
29628
33033
33378
23532
24183
28973
36990
20542
22935
24641
29197
28973
28308
25226
35510
27825
27980
37438
28848
30703
31297
35885
29762
33040
27530
29212
30159
25431
28308
22025
34029
36104
37392
29991
30884
26954
34401
20554
26145
34082
29875
30137
32795
25983
33329
24512
28231
36759
28104
28931
24511
26671
34614
31627
33297
23676
27180
31604
29376
30754
25571
31706
34752
36534
35523
33450
33306
35013
34138
19913
32897
35191
34272
24163
29666
21114
37043
29935
29746
26983
28213
35629
28916
31511
28670
26213
29175
24394
24029
25854
27953
21643
27894
26532
23417
24060
27260
24960
27008
34368
25746
33143
28037
36543
30303
26554
31002
29070
22000
30103
28589
32614
28803
26761
32626
28094
30427
29771
32971
30241
26265
28784
31426
33922
23092
25174
29305
21694
30586
28457
30506
21470
30549
33889
33463
26028
35560
28996
24962
22171
26952
24076
28551
32053
27081
26452
35314
29971
35178
28647
32764
30830
38507
28775
26041
26853
24766
26862
36652
21737
33252
28231
21525
19510
32102
29729
29440
29183
29113
29210
30270
33705
30817
32063
30690
25205
35338
31160
27048
35609
36031
25349
25799
33865
29978
21893
35609
29690
30887
23086
37130
30672
29446
21449
36594
25676
22860
25025
34144
22149
27033
30385
24764
30330
21967
33369
30857
27996
32348
29544
34358
27042
21263
26022
24047
38481
22391
31607
28507
30651
37197
38550
21340
32383
25073
26766
28184
20397
30881
31860
29785
34049
30371
24996
28576
22878
32746
38930
29818
31812
22425
27813
31558
31243
28866
29543
30941
26889
29731
29061
22611
31092
29479
29532
34267
33214
27604
30570
32935
26316
24425
27741
28349
30545
26705
24753
30032
33368
36432
32503
25683
34790
26841
28758
30028
32124
21565
26606
33037
31744
21592
25855
33273
21700
28148
27497
24192
32524
23980
29592
31325
35433
28492
28560
24814
25113
29682
37974
31938
28717
34127
24562
30140
36905
27009
25626
24050
28982
27291
29810
33602
30028
27547
29603
27743
32325
31763
26847
29855
34049
31795
22015
30538
26219
36219
23534
26234
27937
31508
27969
30025
34948
32544
37517
28686
24200
28250
29739
27053
24871
25480
27667
28316
31918
29240
36525
34352
27653
27872
27418
32188
21240
22414
21415
27149
34278
34308
26172
31985
21451
36078
26612
26028
34549
30609
34535
37352
28038
27732
28744
27694
30661
34421
22127
30762
24524
21492
34303
31662
21430
25423
26767
28258
30296
32919
33338
33326
28025
28202
32232
21412
35175
37006
28857
31102
25945
29734
31039
29008
25853
38375
23349
32284
23857
33174
27137
21549
29304
27200
31015
27968
35639
25462
33518
29339
23365
37373
31050
33067
34603
29120
29606
34138
25595
27820
20034
25389
35079
35161
28025
28291
29024
27761
29072
24645
27291
27100
31029
27253
31870
35522
28262
31438
31388
29832
27225
25963
22164
26035
21702
22755
21633
30117
27753
29290
27607
26289
30452
21088
28746
37350
28320
25902
20230
32425
32400
33620
35910
23323
24049
28008
29455
34062
27851
32912
26691
30280
28984
32464
35866
32835
22343
30835
30144
33945
32585
28370
31182
28630
33134
30465
24344
26876
37121
19812
30242
27859
23582
27849
27729
32680
30507
26524
21952
31221
32533
28178
20097
35307
23615
30620
26127
24327
26978
35162
26411
28802
29157
28449
20499
31944
28960
31745
31074
33344
32085
36658
29117
28178
31796
36334
28131
33650
31908
24509
35313
23880
25107
31219
26150
31750
28597
27767
29815
21572
25705
26511
31167
27658
28825
33077
27105
28234
24682
31268
23886
20018
25224
30742
33044
29303
35398
25819
34117
29866
26529
34518
32680
30360
30778
24325
30338
25374
29091
29272
32865
35315
33016
23249
22167
23359
30075
27548
33416
28295
30498
33571
34576
34086
23205
36363
32481
29510
30430
33492
20952
33052
30668
25742
21202
30830
31301
19608
37884
31954
28497
30178
29298
19869
31212
27453
32097
23903
34899
29115
29118
29779
28823
23334
29635
30162
34100
31719
32705
37285
28726
29493
34474
21395
30283
36317
30563
35099
24698
24991
32345
34077
35013
31322
27054
37803
34122
27633
38033
29388
24223
32783
22690
30132
34255
34705
29429
23776
28367
31403
26053
32226
29784
20875
31614
24122
34113
25416
33759
28301
28364
23237
25005
31387
31995
20862
29927
31470
32297
35523
33087
24262
29588
27684
35872
36228
31314
29786
28502
27067
35613
33547
28957
27214
27106
33849
25187
32938
29743
33601
34573
29733
25681
25583
31958
27261
27921
30952
28817
24553
25225
28982
20930
27885
28872
23490
28477
22558
26838
37643
24637
38297
25565
25881
30802
25315
31370
27456
29614
31271
31822
24776
27168
33660
36584
29796
24928
25562
26111
27507
30336
38884
24905
29401
31606
34054
25061
29543
37037
29021
22978
32990
29108
27762
23041
26439
33407
31185
36467
26461
33214
30929
27419
32357
31121
30333
22683
36375
32310
31835
35760
23367
32597
23717
29349
22561
32368
27650
28812
34797
25701
27140
27050
32682
30855
29230
29161
34358
29543
35562
30234
31724
30473
30762
30282
26735
23043
36300
32753
26630
23176
30391
26593
29450
34952
23744
22974
29337
29376
22767
28574
37196
24766
24098
34422
33739
31653
30176
27931
35440
30633
29107
29939
31723
36886
26162
21800
26902
30672
27468
33532
32594
22733
30193
20250
29272
24065
21898
24563
24935
26575
34833
28811
26083
24993
35428
31159
20520
27716
30312
33758
20917
28179
25430
31225
32876
28044
31435
28314
26155
23155
29516
24869
26858
23002
29021
27553
37794
36307
24804
22896
30178
33739
27335
28953
26071
29966
28063
32944
31940
32875
22404
28010
27810
29195
32568
33731
29452
31301
31770
33453
29250
30351
26815
22487
25960
33250
30046
34048
25140
33699
22179
21348
30689
32845
29488
27506
31134
25194
24930
32310
28605
36617
32052
30390
30550
33146
28320
37981
28213
26762
24022
28474
26199
30559
29859
28377
27525
35329
28723
27610
25998
27550
28049
25456
22021
26037
25769
35877
33809
34909
32455
28040
24098
26273
25130
31017
26968
29870
24040
32813
28112
25508
29041
34513
21375
31771
29024
30847
32593
30639
25063
25128
31769
36040
37635
33139
36491
37367
27912
25654
25774
29757
35050
28739
27150
24486
24699
28774
26095
25836
28539
33791
30576
27398
26162
23908
34693
32541
22905
29683
31029
21945
28958
25569
26983
32244
28127
26902
23158
26530
36394
31746
38596
30057
30812
21321
35720
32518
31984
21770
28025
35940
24612
32750
32893
30172
29207
30642
23629
31490
25653
27625
37837
23114
27011
27776
31356
29288
28693
32995
25746
28244
26714
32581
31096
26657
29038
26103
31416
27859
26774
28605
21332
31127
28411
35481
24871
23643
21757
33477
23380
24157
37771
32214
25467
32651
21297
31133
26657
23874
25868
32630
31306
25022
26907
24511
30306
21711
26905
22699
21143
34739
24366
24051
22390
28688
29953
34236
26363
29120
29666
30952
32541
25465
32428
24614
30094
20233
25677
26545
23786
36876
28736
27297
32409
28204
26856
36806
31638
27859
31157
29737
30663
27265
28936
23936
29460
24782
32895
34651
28842
28538
27728
28498
26833
26759
32937
28784
29696
23922
30734
31879
27839
32373
30671
29534
28309
27275
34961
35679
34940
34339
30578
31895
31535
27699
30004
27391
23877
33002
31459
34146
21904
25357
33605
32879
21293
29587
26961
28028
26688
26726
35252
29404
31660
22266
23167
30989
22521
28813
29020
31725
21715
34466
26219
32946
31510
28542
29669
28591
23472
31502
30325
29815
31830
24882
29825
31475
38939
21202
28596
33930
26382
33133
25780
28822
27337
34344
30773
37308
23808
29723
34595
32433
23888
31248
29821
28055
26829
25587
28838
30288
37293
30039
27695
22462
29273
33391
22697
36183
29168
29711
28624
28462
27097
34031
22304
28720
33071
26412
26259
20531
33196
25590
26109
27466
28827
31634
24737
28846
31463
28774
32730
23534
24909
35187
28313
24350
35746
36091
31365
28780
22219
30092
22045
32925
25290
27781
26562
28865
29939
24810
31208
30936
30269
26161
33469
29814
25719
27777
37005
27819
37184
24444
28263
29347
30673
30208
35412
34744
33169
30676
25397
29603
28190
30147
32787
25324
32438
35008
27711
31925
31134
25463
25840
28519
36005
26983
26697
22897
29447
25012
27631
35567
25334
36116
29912
25151
33251
34372
35247
27433
23121
33436
35223
28132
29232
33993
27032
30468
33326
25309
35683
31546
29683
21760
26237
34292
27168
24286
32620
32388
26419
30582
26147
32065
