2515318
3356042
2485836
2605714
2639122
3296305
3225659
2983528
3564067
3176673
3420765
2803434
2518432
2486670
3150209
2545195
2694967
3059497
2443638
3046529
3020885
3109598
3086336
2730739
3103193
2468622
2441642
3129932
2957431
2634956
2385625
2516037
3694944
3128972
3270992
2755451
3079629
3578098
2166761
2865181
3142891
2910847
2464976
2668529
3135671
2938213
2823323
3058453
2800187
2398518
2867147
3233401
3771587
2714324
3458426
3688657
2779192
3375379
3488635
3238538
2777790
3021209
2945028
3560219
2982428
2808481
3212995
2819200
2631987
2248689
2238602
2932852
2803658
2688982
3043251
3068373
2340401
3016511
3430930
2980016
2221105
2029139
2427084
2721063
2785342
2802736
2915649
3413132
3414311
3307780
3214272
2741223
3170026
2592256
3229161
3220143
2800156
3523160
2972806
2726757
3108249
2499460
3186511
2751213
2778024
2041626
2389761
3688776
2923167
2931201
3424431
2867468
3629713
3190397
3146524
2231663
2786479
3030568
3038308
3249917
3364671
3187819
2460099
3649352
2073228
2269457
3475255
2523332
2264271
3278004
3749681
2824844
3490376
2078942
3379457
3210081
2404386
2841633
2268277
2986402
3025448
2321745
2493852
2692070
3242530
3477856
2518298
3162457
2480129
3746299
3083910
2635256
3207504
2566515
2788259
2512104
3124003
3207273
3549074
2428278
3804881
3400979
3112077
3347361
2764156
3212645
3029674
2796876
2544001
2180845
3514173
3368053
2095417
2973369
3193492
3826366
3149487
2863901
2987589
2786218
2468885
3035345
2807828
3335342
2819480
2828558
2413700
2865768
2937592
3212559
2397731
3201169
3537700
3055354
3486392
3193790
2082242
3013662
3044932
3733891
3566894
2267550
2431834
3398120
3074322
3152761
2802882
2724083
3002069
2635680
2305826
2920182
2380878
3118367
2370020
3021088
2635418
2975452
2302586
3615494
2812312
2498040
3282710
3147917
3383513
2290069
3198735
2992573
2956116
2082869
3438522
2496654
2182143
2992631
2352655
3896995
2610721
2531356
3760746
3333271
2600508
3491792
2911363
2976847
3406857
2764317
3835385
2669239
3389567
2962232
3169695
2676140
2679735
2455604
2503479
3570391
2538048
2493249
3237398
3037047
2774431
3250848
3029034
3310863
2383632
2493369
3340025
2859208
2548189
2765288
2762136
2874258
3112107
3410844
2716201
3121781
2823304
2632179
3164198
3811496
2407561
2976038
2263570
2604203
3299994
2590914
2845509
3289785
3055509
3344299
3412388
3430621
2477578
3000964
2259411
3880320
3248984
3010903
2370216
2697089
2844118
3394439
2410592
2790264
3143028
2198172
3251784
3063509
2594277
2620151
2537768
2983135
3528474
2677505
3292690
3515990
2948410
3630035
3372432
2326916
2853458
2171606
2266623
2891100
2868887
2671792
2237040
3095703
2464833
3354395
3825586
2400559
2672883
3528566
2616861
2749311
3001140
3858794
3152898
2813308
2728315
3181134
3318435
3414866
2926947
2789285
2297866
2647456
3045788
2319422
3445935
2837234
3185858
2720717
3450990
3431651
2888139
2202642
3199950
2930577
2595244
2125798
2012660
2602532
2929839
3151568
2511931
2729228
2878165
2279912
3120745
2326232
2261006
2197485
2844108
3404806
3675777
2378421
3915021
3196575
3135353
3396815
2046954
2478206
2873106
2966019
3272304
3051239
2710673
3618653
3442074
3574110
3049397
2198905
2464341
2594904
2383493
3131024
2858002
2821839
3684077
2876254
3046005
3186186
3036149
3280812
3063775
2458095
2895033
3418252
3205416
3171713
2688388
2810052
3227866
2534351
2774206
2497573
2655767
2965741
3137379
3759129
3397695
2528264
3541512
3077853
3482756
2530495
3593587
2741042
2757715
3051325
3533308
3597323
3715780
3895276
2704694
3552139
2561273
3304337
3162989
2963842
2656701
2511779
2685090
3092210
3359108
3229225
3141080
2651718
2292066
3924091
3232089
2840864
3256675
2949563
2198100
2806142
2773046
2650331
3343897
2676613
3238426
2975310
2600000
2819156
2552706
2662376
2834796
2716265
2691895
2944518
3320329
3050860
2791385
3412729
3075940
2788101
3603870
3288755
2641029
3411055
3086885
3039362
3192904
2595616
3563535
2784865
2605457
2873623
2667207
3243181
2437845
2909140
2289666
3089881
3523821
2572400
3187153
2541625
2641276
3061114
2893315
2802402
2944085
2958196
3005791
2596295
2996321
2730975
2777802
2182666
3005008
2517925
2754633
3031212
3119560
3748908
3046649
3172692
2693977
3452654
3068639
3486402
2609066
3133729
3256471
2711215
3297327
3260514
2660495
3613988
2206578
2215000
2639611
2786672
3104632
2246188
2416434
2545932
2571422
3335011
3674058
2820096
3401491
2250031
3065214
3701837
2487645
3489348
3252025
2983694
3284276
3154582
3000596
3462736
3464108
3099502
2753370
3099150
3263131
3479884
3440647
2323913
2183145
2935424
3848468
3036320
3545456
2389372
2252004
3663353
2395247
3324572
2808734
2280298
2621111
3007002
3464005
3275256
2579224
2863291
2379973
2538843
2745597
3322167
3381137
3364280
3009789
2637147
3200216
2476757
3816275
2740873
2264659
3812270
2985631
2029223
2482330
2946976
2916109
3332222
2880444
3421851
2928992
2511739
2655188
2549658
2824341
2764585
2848559
2933636
3240648
3714549
3436951
3054632
3199499
3618585
2467973
2727624
3025913
3289749
3675736
2675471
3302365
2824639
3635519
2768709
2294617
3412647
2600540
2742011
3369158
2793021
2731182
3374699
2651825
2860621
3181000
3381755
2925242
2535817
2233895
2703879
3252210
3632074
2865087
3285003
3003415
2904481
2393988
2857392
2943297
2826444
2588186
3062823
3159564
2541028
2151555
3460773
2840961
3392833
3362288
3098955
2219289
3143506
2712529
2912578
2367854
2987192
2986004
2648564
2411660
2656338
3513203
3485286
2633827
3716493
2875690
2809395
3547589
3399202
3332534
2176639
3073023
3113124
3373906
3714359
3149186
3570797
2999083
2161055
2741001
2987657
2478566
2644605
3053286
3137940
3067642
3145589
3363810
3112574
3607037
3253152
2666420
3557136
3542393
3071184
2879537
2333763
2710594
2559203
2192167
2632888
3305346
3381572
2842766
2432031
2312832
2422685
3600622
3292997
3094074
2638028
3548422
2676299
3003914
2810935
3584550
3598165
2912790
2523338
2912739
2546070
2727010
2830503
2338724
2804585
2479707
2063070
2795634
3079015
3704127
3223132
2570208
3194264
2591562
2927669
3422506
2222601
2783439
3535011
2803694
2745832
2800698
2655451
2039420
2684497
2986655
2636570
3424090
2859034
2191162
3013851
3423387
3294921
2594221
3404964
3371974
3078531
2966144
2738523
2469230
3438906
2871087
2973218
2611946
2875204
2762452
2960886
3005533
3053458
2213368
2711302
3733870
3438708
2696631
3314554
3016974
3536089
2259785
2772972
3683389
3247321
3172868
3015599
3262558
2166689
3151330
2827800
2831155
3511801
2416569
3288819
2905175
2992521
3101694
2672572
2658321
2907448
3298933
2443874
3623364
3418345
3601938
3536457
3590771
2871305
3287492
2516432
3158407
3096864
2611555
2504340
3255478
3026793
3209095
2733994
3650563
2884339
2880611
2547801
2264143
2804048
2520360
2141682
2456913
2945846
3108431
3288629
2278039
2840381
3005266
2719276
2988246
3326129
3294364
3899882
2575621
2463191
2769385
3084495
3091005
3134547
3138216
2718244
2055611
2826746
3069580
3369377
2814825
3201596
3168254
3401907
2274226
3441977
3002008
2868996
3532862
3328625
2659877
2392411
2341853
2602494
2869865
3000488
3246351
2223854
2870627
2316594
2307198
2473667
2298020
3193869
2784505
3267279
3679500
2372687
2672368
2882498
2807203
3255611
3191512
3253194
2973217
2421932
2637983
2935350
2558970
3003045
3294057
2808866
2923050
2712381
2956451
3224711
2683945
2799371
2689628
2306491
2692752
3204896
3247031
2573837
3380981
3170830
2823244
3588915
2690442
3188420
2799067
3754386
3376270
2497533
2663148
3039487
3133527
2883745
2440592
2862862
3132401
3670527
3057386
2490487
2985610
2303876
2790050
3447083
2953017
3373066
2913660
3112892
3252501
2623519
2957012
3315460
3418141
3313459
2757838
2754432
2762962
2239726
2395204
2862031
2795451
2350715
2664159
3533737
2794412
2366050
3705739
3182211
2753117
2985076
3489757
2206889
2806841
2117060
3227160
2055190
2529823
3070073
3120811
2412803
2508271
2920466
2599815
2760348
2557559
3018251
3002207
3684569
3499413
2871157
3196669
3276581
2350483
3520475
3162049
3101990
3779598
2488277
2946288
2882806
3625559
3407638
2814094
2968817
3500038
3218024
3324015
2566099
3271051
3147785
2354833
3502005
2529881
2022706
3572877
3512420
2886522
2386612
3542621
3299171
3491475
2911560
2844372
3139233
3455288
2967651
3277394
2706056
3746374
2550595
3153772
2832662
2678387
2302551
2974515
3271300
2574451
3472447
3023373
2809516
2584548
2601230
2717211
2795329
3346202
3046833
2940961
2045875
3233087
2474367
3232035
3751297
3466290
2916740
2058190
2513351
3112428
3668180
2953130
3493397
2241080
2942529
2401048
2253737
3500918
2797825
3350318
2763944
3063896
3305877
2792571
2258489
2791469
3030806
3266814
3000278
3594997
3178793
2953368
2282201
2580898
3042196
2583314
2580893
3594991
2608089
2617448
2331884
3035592
3871708
2277846
3075671
3508586
3567074
2833275
2775448
3138880
2842561
3132013
3536441
2234928
2955621
2937408
2498766
3227531
2354975
2390733
3153606
3555770
2586422
2586571
3089048
3208860
2944498
2061318
2372734
3040316
2316205
2627583
2879578
2971337
3133834
3536820
3308652
2729567
2801843
2611524
3064632
2641065
2198486
3241704
3567636
3111101
2885856
2822270
3254121
3439080
2681167
3166124
3502681
3174326
3437469
2615162
2993941
3421365
2967421
3335648
2876990
3629148
2841207
3098885
3076489
2669013
3159489
2900205
3082410
2869219
2903241
2867480
2906691
2953488
3287231
2208964
3321172
3040907
3024430
2821264
2699784
3335566
3456153
2886009
3053703
3175510
3279261
2709101
2784225
2753367
2928019
3313224
3252841
3453674
3630532
3041698
3172164
2569942
2656315
2241881
3303036
3392330
3054872
3678642
3121583
2899646
3011587
2141887
2940739
3394616
3082172
2991660
2909161
2909082
3033382
3484084
2846147
3081411
3568655
2871225
2973615
2903055
2720481
2986802
2575708
2830667
3741511
3170350
2746710
2753928
2799124
2610276
2306159
2664957
3035691
2521215
2671062
2387177
3466645
2871851
3027328
3103142
2966060
2889495
3420564
2327359
2692760
3458768
2752616
2503061
2904423
2718228
2714259
2776762
2731425
3229995
3148106
3692078
3710218
2550982
2816800
2445960
2122250
3000255
3287786
2773425
3267315
2462243
2822805
2725364
3468895
2944936
2924673
2936287
2943181
2790854
3787357
2726525
2822984
2545602
3016141
3339858
2901976
3029157
2487630
3246818
2445585
2835867
3458245
2514116
2914173
2525647
3008893
2519591
3123722
3402010
3700038
3293520
3192831
2551399
3607303
3165637
3107225
2552780
2211876
2646025
3028557
3522555
3038654
2683928
2946937
3162278
2860209
3227323
2899258
3182966
2941069
3170745
3306424
2989769
3066487
2374359
3416388
3105025
3350645
2895875
2373054
2699477
2853710
2317348
3026765
2612594
2762583
3035555
3403964
3038676
2675446
2244803
2983643
2597204
3030696
2518465
3198168
2503951
2547644
2699437
3006710
3655511
3099324
3006236
2731005
2911180
2545183
3035733
2933725
3146911
2798050
3310904
2761996
2423440
2933992
2946311
3230143
2475539
3608843
3883982
3314014
2895402
2896768
2751343
2681210
3049285
2975752
2961544
3031139
3614097
3906745
2793942
2641737
3849763
2556095
2447225
3195352
3447743
3357025
3291385
2854434
3862283
3592883
2029095
3351617
3300048
2885611
3104753
3376916
3819871
2391721
3128183
2487385
3649781
3363760
2761630
2531171
2358600
2559276
3473624
3307530
3035985
2145830
3013638
2866632
2785383
2884766
2907652
2906760
3227877
3142843
3389263
2647800
3542435
2628950
2529481
3652769
3591310
3226228
2884884
2757492
3122851
3335993
3481723
2315065
2497854
2271733
3229714
2590091
3145885
2243438
2790529
2897231
3364103
3484528
2899391
3560905
3276769
2479927
2792053
2953113
3455415
2541659
2947998
2781590
2900941
3559332
3163011
3258264
2730396
2512697
2531324
3197131
2872930
2369760
2068146
2737212
3551672
3463145
3474507
3023886
3029430
3116981
3404931
3017083
2183453
2360699
3254868
2633586
3044164
2665486
2538983
3219881
2834950
2375485
3401110
3278278
2573525
2363068
3044194
3041956
2989735
3045731
2783109
3597783
2172553
2429870
2186276
2784182
3384583
3086427
2830802
2112438
2806804
2528206
2627824
2183659
3339223
3137833
2848516
2808924
3511705
