428746 428746 428746 428746 428746 428746 428746 428746 428746 428746 428746 428746 428746 428746 428746 428746 428746 428746 428746 428746 428746 428746 428746 261898 261898 261898 261898 261898 261898 261898 261898 261898 
428746 428746 428746 428746 428746 428746 428746 428746 428746 428746 428746 428746 428746 428746 428746 428746 428746 428746 428746 428746 428746 428746 428746 428746 428746 428746 428746 428746 428746 428746 628994 628994 
428746 428746 428746 428746 428746 428746 428746 428746 428746 428746 428746 428746 428746 428746 428746 428746 428746 428746 428746 428746 428746 428746 428746 428746 428746 428746 428746 428746 428746 428746 628994 628994 
428746 428746 428746 428746 428746 428746 428746 428746 428746 428746 428746 428746 428746 428746 428746 428746 428746 428746 428746 428746 428746 428746 428746 428746 428746 428746 428746 428746 428746 428746 628994 628994 
428746 428746 428746 428746 428746 428746 428746 428746 428746 428746 428746 428746 428746 428746 428746 428746 428746 428746 428746 428746 428746 428746 428746 428746 428746 428746 428746 428746 428746 428746 628994 628994 
428746 428746 428746 428746 428746 428746 428746 428746 428746 428746 428746 428746 428746 428746 428746 428746 428746 428746 428746 428746 428746 428746 428746 428746 428746 428746 428746 428746 428746 428746 628994 628994 
428746 428746 428746 428746 428746 428746 428746 428746 428746 428746 428746 428746 428746 428746 428746 428746 428746 428746 428746 428746 428746 428746 428746 428746 428746 428746 428746 428746 428746 428746 628994 628994 
428746 428746 428746 428746 428746 428746 428746 428746 428746 428746 428746 428746 428746 428746 428746 428746 428746 428746 428746 428746 428746 428746 428746 428746 428746 428746 428746 428746 428746 428746 628994 628994 
428746 428746 428746 428746 428746 428746 428746 428746 428746 428746 428746 428746 428746 428746 428746 428746 428746 428746 428746 428746 428746 428746 428746 428746 428746 428746 428746 428746 428746 428746 628994 628994 
428746 428746 428746 428746 428746 428746 428746 428746 428746 428746 428746 428746 428746 428746 428746 428746 428746 428746 428746 428746 428746 428746 428746 428746 428746 428746 428746 428746 428746 428746 628994 628994 
428746 428746 428746 428746 428746 428746 428746 428746 428746 428746 428746 428746 428746 428746 428746 428746 428746 428746 428746 428746 428746 428746 428746 428746 428746 428746 428746 428746 428746 428746 628994 628994 
428746 428746 428746 428746 428746 428746 428746 428746 428746 428746 428746 428746 428746 428746 428746 428746 428746 428746 428746 428746 428746 428746 428746 428746 428746 428746 428746 428746 428746 428746 628994 628994 
428746 428746 428746 428746 428746 428746 428746 428746 428746 428746 428746 428746 428746 428746 428746 428746 428746 428746 428746 428746 428746 428746 428746 428746 428746 428746 428746 428746 428746 428746 628994 628994 
428746 428746 428746 428746 428746 428746 428746 428746 428746 428746 428746 428746 428746 428746 428746 428746 428746 428746 428746 428746 428746 428746 428746 428746 428746 428746 428746 428746 428746 428746 628994 628994 
428746 428746 428746 428746 428746 428746 428746 428746 428746 428746 428746 428746 428746 428746 428746 428746 428746 428746 428746 428746 428746 428746 428746 428746 428746 428746 428746 428746 428746 428746 628994 628994 
428746 428746 428746 428746 428746 428746 428746 428746 428746 428746 428746 428746 428746 428746 428746 428746 428746 428746 428746 428746 428746 428746 428746 428746 428746 428746 428746 428746 428746 428746 628994 628994 
428746 428746 428746 428746 428746 428746 428746 428746 428746 428746 428746 428746 428746 428746 428746 428746 428746 428746 428746 428746 428746 428746 428746 428746 428746 428746 428746 428746 428746 428746 628994 628994 
428746 428746 428746 428746 428746 428746 428746 428746 428746 428746 428746 428746 428746 428746 428746 428746 428746 428746 428746 428746 428746 428746 428746 428746 428746 428746 428746 428746 428746 428746 628994 628994 
428746 428746 428746 428746 428746 428746 428746 428746 428746 428746 428746 428746 428746 428746 428746 428746 428746 428746 428746 428746 428746 428746 428746 428746 428746 428746 428746 428746 428746 428746 628994 628994 
428746 428746 428746 428746 428746 428746 428746 428746 428746 428746 428746 428746 428746 428746 428746 428746 428746 428746 428746 428746 428746 428746 428746 428746 428746 428746 428746 428746 428746 428746 628994 628994 
428746 428746 428746 428746 428746 428746 428746 428746 428746 428746 428746 428746 428746 428746 428746 428746 428746 428746 428746 428746 428746 428746 428746 428746 428746 428746 428746 428746 428746 428746 628994 628994 
428746 428746 428746 428746 428746 428746 428746 428746 428746 428746 428746 428746 428746 428746 428746 428746 428746 428746 428746 428746 428746 428746 428746 428746 428746 428746 428746 428746 428746 428746 628994 628994 
428746 428746 428746 428746 428746 428746 428746 428746 428746 428746 428746 428746 428746 428746 428746 428746 428746 428746 428746 428746 428746 428746 428746 428746 428746 428746 428746 428746 428746 428746 628994 628994 
428746 428746 428746 428746 428746 428746 428746 428746 428746 428746 428746 428746 428746 428746 428746 428746 428746 428746 428746 428746 428746 428746 428746 428746 428746 428746 428746 428746 428746 428746 628994 628994 
428746 428746 428746 428746 428746 428746 428746 428746 428746 428746 428746 428746 428746 428746 428746 428746 428746 428746 428746 428746 428746 428746 428746 428746 428746 428746 428746 428746 428746 428746 628994 628994 
428746 428746 428746 428746 428746 428746 428746 428746 428746 428746 428746 428746 428746 428746 428746 428746 428746 428746 428746 428746 428746 428746 428746 428746 428746 428746 428746 428746 428746 428746 628994 628994 
428746 428746 428746 428746 428746 428746 428746 428746 428746 428746 428746 428746 428746 428746 428746 428746 428746 428746 428746 428746 428746 428746 428746 428746 428746 428746 428746 428746 428746 428746 628994 628994 
428746 428746 428746 428746 428746 428746 428746 428746 428746 428746 428746 428746 428746 428746 428746 428746 428746 428746 428746 428746 428746 428746 428746 428746 428746 428746 428746 428746 428746 428746 628994 628994 
428746 428746 428746 428746 428746 428746 428746 428746 428746 428746 428746 428746 428746 428746 428746 428746 428746 428746 428746 428746 428746 428746 428746 428746 428746 428746 428746 428746 428746 428746 628994 628994 
428746 428746 428746 428746 428746 428746 428746 428746 428746 428746 428746 428746 428746 428746 428746 428746 428746 428746 428746 428746 428746 428746 428746 428746 428746 428746 428746 428746 428746 428746 628994 628994 
428746 428746 428746 428746 428746 428746 428746 428746 428746 428746 428746 428746 428746 428746 428746 428746 428746 428746 428746 428746 428746 428746 428746 428746 428746 428746 428746 428746 428746 428746 628994 628994 
428746 428746 428746 428746 428746 428746 428746 428746 428746 428746 428746 428746 428746 428746 428746 428746 428746 428746 428746 428746 428746 428746 428746 428746 428746 428746 428746 428746 428746 428746 628994 628994 
