565857375 48457173 671823036 290502127 450421439 584714221 179364228 24998460 214102318 468842133 134105315 520749640 918405876 264218061 705575430 1040630 64464943 182646723 334464124 190841881 139151247 826027505 
718889195 89238303 799258502 672607876 524756828 660380592 347259993 150495786 490632546 576972999 801923077 857913179 686661149 58422453 895550249 275400203 611522311 688983041 76748566 448062603 951256722 892189008 
67224981 627559562 432022504 834897574 550944073 529955181 46717277 90600194 555008074 101245477 897087867 568806823 937863238 487809182 100229795 778148821 336185219 439600264 87946988 830152961 593879410 379883680 
541146665 21561427 17133379 275893745 338776434 317132747 591738322 908229410 995496800 649703723 192318580 251406129 829049077 821809828 647646535 571189550 386871744 361352738 218214999 871691255 736366712 847489588 
805244729 193179650 921379504 550489822 269398519 804459147 617823336 561190962 464194754 866156123 805660725 808114046 299244440 664093665 736508034 812021204 691649524 67166480 247658934 198718984 466960968 383559916 
489066061 731382967 355251065 552491662 544904803 994538311 622824759 583510531 244073712 750197316 837254023 600426776 562987579 144635332 399355992 413968160 851646621 672222630 601511518 934304719 801046119 234217961 
253702766 242421097 59103232 155398643 160378039 838773379 503137785 477002262 903709923 224038829 642722641 444816125 743838640 339426727 250286183 824594801 195433540 85926297 351196384 66095666 6259804 153008330 
95135862 951862905 732656141 213267413 289676061 176393600 513222086 653594648 123068121 248402457 491792066 55429719 331795323 601137958 192117645 408877545 604774394 464866794 809021135 887997056 205565768 818313068 
700985669 436716480 159534490 839425229 554284890 437139574 636301269 931560281 268751110 552055696 299923997 912035709 330173041 721401574 244661283 872945070 784344466 725388358 286823878 147187514 659908082 694841111 
607582467 399741529 654866845 522079582 427012771 454868059 894145986 311318438 5531385 350287538 15237190 142853152 633081932 177904535 357296222 863443905 297184675 426979986 899050435 108054946 343147968 629767254 
10330377 105203162 36910114 920026350 705501263 568107846 949068022 516310100 154408085 824771567 394726836 567322640 685383211 621312961 639964969 489937890 300190021 64632318 65944445 748362254 748306368 364959947 
738588859 492776984 642647332 770268412 740983069 508002530 784784876 988356053 685062715 712350464 987275982 317599425 447232906 306940612 972040914 303034442 695700268 418973418 55241873 635829694 693264726 72647841 
910920023 22974238 725502115 829130159 168622237 700369870 187092480 242095705 15723021 761451594 318269544 452748714 918344 761364438 328831611 281886934 518943873 456504982 202629353 80092134 531521636 802208873 
723826201 283600336 169791281 984732186 681490169 55522155 853107248 382206032 472131588 230530721 508850359 484401383 499059066 431837440 892867045 694524308 768450365 485199336 382492501 486564969 91708965 312040193 
107021484 839470096 503450513 320309601 721578763 614000093 444549891 737580870 412340736 844402818 277865952 150449013 532371022 804595332 700102366 32277176 227236664 430074723 893430353 875452225 449278646 966310832 
179506459 959476211 271304025 320940048 204790421 796549885 682792455 205546139 22524569 871921715 695647862 668453388 893100881 909666358 481828061 806979441 180736443 59299071 590006381 474677118 78930375 383968404 
958979910 337591399 957651 222652680 525891177 9542834 242382496 135538910 799434371 672384995 27934310 502276229 914802712 126260076 305519460 515146832 820802251 331767892 324381079 679598619 17847468 285300438 
566544378 719283773 468178407 135932291 619384464 323924214 144792872 162115841 213739178 318277317 465439931 642580926 704700386 38286333 843406761 511470928 171449305 255450867 286326761 889448606 80078542 31588560 
123192500 156861111 427812681 237244817 199923741 677196868 107596023 674460106 606429595 145586802 939581912 307307975 602380954 931535582 11499170 22649074 810159539 737586332 74193702 371402651 585149681 944481612 
701792677 816132755 277806946 854209968 4175806 862084591 161271968 684079660 600068030 141655356 285298095 182368944 298310131 937747538 36604565 423241074 277795751 572705136 18419407 638897194 494230177 30784180 
174662427 316078673 403052604 890229577 897406258 166311053 357483759 621546474 245273694 584247569 188678515 116114748 31655584 283326446 971390245 247221707 878893775 716170229 363386694 908612978 250328994 147232548 
481538931 624861622 426326426 746174522 807943648 595477492 216724158 298259127 668707780 34517249 304966614 50005575 188539351 418917208 637066151 201654339 529367703 78888924 518411814 999287932 888828478 1299004 
