382410666
364387147
318715996
252855838
257269979
267716193
353055845
223403410
274213736
259674384
294808106
250798171
358381300
350336469
278403134
322250309
327054455
300077589
306084476
244113164
355976122
312478457
268177851
238049617
356646032
239381785
320688428
381284198
368462072
332931597
296959769
261068301
275019996
300108626
333452671
254640452
265347221
313217281
297742988
237236660
284466819
293741087
301413926
294350493
231831896
326437900
289013839
289276072
344315099
309235829
319980370
264851018
282305264
374219247
283143654
229199570
230515081
303794387
337756519
271683809
351708175
251248481
260361802
307751528
238465704
336580032
315717888
208523601
298323609
333196090
327160976
324186940
358049161
263967811
307047009
286606880
244721289
364773502
349776156
336925860
241643071
295099648
265922077
292635415
238138464
297516017
380430243
322344526
305967253
269849048
246738719
266280249
278738344
230341512
248741758
294349754
254060970
286123939
347252338
309158789
229258359
353696904
265208643
283132669
307964866
391934529
268950562
247243821
290823851
236276374
301761651
315827236
261072042
300216929
319245870
350812112
269735016
270610584
350158049
259677468
320825896
249298408
276286101
327808456
345281606
286073348
333929521
296582975
329738421
364427235
307260486
214286461
314272934
307367358
304010913
307263320
364086778
255021025
298829299
309923321
244776038
353480417
275212153
256902182
290915294
294399499
319378078
256180517
246080814
354956284
326777138
303057188
317710215
290908327
299151311
377686188
297768407
250094723
238227099
295638927
298347767
293917666
250143278
331641310
346669117
357624827
332211319
286338194
293049420
279632397
206486701
347050457
260813034
270256194
350099698
285787973
295345420
247281004
283205630
329908029
386162448
318281421
270310587
306420011
229013647
265537051
310715319
313209515
309162116
300076735
270900500
289338188
340094251
323860987
240207119
267969548
296747014
226059431
343394601
228649614
233428732
324506335
274613882
268623849
232304656
301714319
271362332
224790535
311517293
235746147
383657339
278171335
349716722
328805235
351842525
391665992
303454193
306158691
277859710
331376610
245294193
289520717
290873047
306833886
298402930
250600294
319980852
379698036
310778499
261168633
313583459
339217471
233376423
277398088
277243236
276418922
362641555
296120841
336536992
264730439
326515105
367747222
327415608
364900874
317389571
321672364
213114035
275770914
307038248
313415262
268872414
250206855
308604670
294587924
324809330
331975271
215203422
338633861
323472509
260579656
241828386
298965697
278893429
320849197
362043029
287894401
257445689
298070423
232525716
331874412
276808356
318265516
247185673
304591240
270844953
274411154
311284328
253185370
299497563
315835510
306911645
347455541
301776714
339906364
237530314
312924025
313291187
325620535
290510925
333849270
294164102
328470188
270142914
270745266
233882922
336686675
327872783
347254395
245879957
307234774
285069255
263130085
350187869
331798709
284058302
324715817
294136316
307283710
349741386
290886767
346971253
281076483
322689846
313627869
301446160
332118324
373163583
321589085
303379058
245100237
332303438
363600862
299051388
246829764
317703608
268405529
279752571
245139418
218151930
219837228
298949440
297021056
350489915
349169753
323378856
392325937
276011542
255003955
333894474
308871876
282658736
279605984
304463912
317766188
278568754
268832467
271029832
216889399
237565936
234908400
259196983
309953988
364605174
282036397
329965877
251855258
367882839
314710926
285040619
284784232
297224144
285755918
351309612
313264534
329442685
368100344
281978365
252244581
370017560
274826660
357627024
253454482
303096298
253020039
369010570
316938730
318622657
260387930
278439668
287697055
375229881
290453060
281024501
294928972
266386884
316099925
204478968
318021680
292011096
368149907
236672576
296362840
226141228
267241589
357725022
310151025
275887806
285572802
322541135
284668748
328255888
348644211
315015471
327285547
233302158
268250225
277614364
308108374
337441576
365612010
363899657
287060243
257092315
311822279
280511459
332836294
313922228
294134900
318223704
347502378
295811755
298192367
283131304
380313597
260436033
309531625
306323782
332077485
271883515
277849543
270316068
325394402
235706741
240428223
267538552
306309613
319361435
292669015
222493183
221023539
336452923
374023637
311550592
388006032
212599012
343965469
281285333
235723688
347472134
294597537
297637966
304416367
333050866
331360376
319418447
280037676
321464741
368152522
274264724
245258748
209212026
347734056
291874961
236283143
259060644
231009310
289761104
280415899
258908692
282319650
250230284
262803257
294249649
217622871
313461891
307992425
343564243
301298328
287106192
359593531
343115064
277490581
334501798
329701426
303814545
325534462
221821534
314939561
282864081
372819730
263272118
337013006
349095470
263229150
346668230
363801749
290544383
357106261
251152910
324752314
390473216
274324617
261183061
287118745
274354543
358578543
222684535
327982820
296075785
254945416
312586794
233891042
332284502
283261404
254867911
271939004
258862199
277069897
290437656
361342825
234448893
267644914
268522267
315193124
374212086
326472149
315070457
298357436
292017009
287189434
327078847
369028704
309101585
289640029
314009258
311415208
269000930
310054114
330283348
269504825
301695578
314363972
286535907
315052130
321460986
339449011
282756244
328115068
254789395
333328772
295529327
363820177
260207733
222729473
237173469
315305178
263820742
242757538
295395488
355051637
270152179
246196973
322778368
241939231
301995686
334002775
318903547
308481169
222494044
366424157
329913923
242246113
236138413
336593808
261536518
339806202
349043050
286407974
389477973
278809557
258923645
294925422
288850990
286669323
248857775
295405185
350951090
354435513
322212687
287057763
275444091
234335845
260886205
252385972
251147252
288199476
321703216
283507578
371430611
256492315
280201056
306396771
290425595
262106436
286611037
331627189
312093534
253989848
282024432
253545669
247309788
304960661
296316521
361428180
346185940
322745428
287847437
266344641
327123502
256244155
284512182
289433115
281004452
344567980
241560094
325755885
295521532
255864806
288022766
387039772
352268254
363539164
293433543
278625209
245338869
213854368
262371429
284670132
333805880
242406185
263740872
254423435
288414091
329529608
204474306
306372065
297330040
325686939
237486819
349158212
298747853
338732838
247624232
322536496
340572314
262487438
325295700
285515129
253020644
288090171
316707030
346465640
303680080
326351619
356159646
275251305
255724570
240667751
291942935
362036879
240122863
297542075
299850983
264411327
273357635
340507922
221759976
223064898
226177681
286504381
328909651
376518229
347775686
352344693
221966997
224310885
267197732
336887463
286271532
369921210
289280334
271707486
254986658
378086545
348174198
317184173
290867304
335220695
303529022
283683037
348738675
244150800
272285306
271126063
327718616
361159619
327792897
276826853
314836204
355298895
331465387
287608639
313192368
323884471
308630503
300960504
297871660
285453287
345124164
317939099
247166862
341477125
297289650
364845715
333035547
260943414
301652352
305217921
328197611
381233365
314724637
234089185
249821534
314544207
322882416
303704163
252858394
285793220
336530818
359909299
352688509
317500120
342165881
300619723
332126935
328135675
351134599
277371863
262842979
250303334
238907623
361331832
314065364
255060500
333857421
339856399
267624593
338568324
307699259
283039409
255679022
284315330
287419827
235511190
281386261
312166072
283839504
328275697
340409445
356140223
318648845
333825262
362067208
324530989
266231632
267147884
306146506
323429513
352320043
299003645
348790915
299484729
262853314
277963177
350899251
273364555
290836561
280544604
349874410
300401430
385839906
305799817
304764745
312899042
258248838
288110365
293885342
253548316
260525299
386877987
293280984
332213268
285561481
309865028
308896780
308757331
326493026
279316200
314367783
320742920
208923108
328482788
305934706
237317350
327363492
322565486
331707000
216602069
305024131
347887058
255940933
319961554
289082299
279173364
369021901
314313794
339714844
330208398
358196661
271938401
307721522
310563440
280846267
315562970
264379908
295460598
212087878
312720364
267526269
305777783
349132776
243884473
212144165
361995095
252469011
340754523
358737541
288549363
336133841
295214177
277549579
359948198
346743992
341515467
358199669
251500338
317683572
303806627
237673643
246737788
300018625
255331001
331849530
256921384
307812564
260970838
241712871
332042512
338605016
317941063
298686739
342241941
332564871
332997535
293571845
311830976
265399770
321378307
266847719
307864670
353052067
290427546
344510538
285388107
286534710
278070297
234703094
334661724
289909574
278463823
261646956
262183711
274354454
367254296
347598493
269245550
307932476
304525162
323112193
237683852
285175791
323921041
311116872
306339330
225655678
388471162
275567470
290868454
323042015
283093469
354873877
278019218
311660239
236184802
354689248
307146754
315600257
316777732
294673919
256038005
361224020
291412121
205595732
314378286
299718598
285169672
282163960
218265843
286947746
215677554
303753909
287575196
257748744
257456068
324917727
293837856
255714243
303793095
283151577
341195764
293710386
206012256
249893777
324315940
283162141
318844956
301964735
346866096
266980020
256976082
269134093
263893169
308626662
330795634
287276365
286972476
308299656
322376359
286323231
268475564
263107676
246684781
371708699
209466708
301705388
336204330
385641881
385325437
390852171
295120966
263438585
383286617
240822182
301896639
228898507
269537025
225688093
292603973
324998356
260104987
276361921
292700190
286952084
317515308
314738139
265538538
277921635
357745548
338360997
389328177
287978221
363782590
373185443
317137964
313058775
266915131
262839457
273525991
382385589
358656162
331651736
335460683
241006997
354869826
207731098
351439833
312058647
345972790
259583532
302513233
213174456
217144912
293962865
240833265
327949297
314263729
337797280
256549305
250005218
324089775
317634739
278409900
334502206
343150940
305170714
288726492
269094071
261408594
299519898
300887478
362061037
327286133
274909410
294385554
330687295
333200626
343923932
318882874
340772758
290084310
235062247
288559843
268434334
340428615
353246485
299652810
322988460
228956641
321108596
362831725
313529807
229982948
273988461
291829574
318141506
284814110
227581116
317205955
240579991
233558522
383699373
279436931
304979375
347135621
308506430
329448186
251858729
221755290
246479825
230161468
329754243
374912640
293215864
268492195
334028671
287076326
309775664
303554993
322105594
374658922
348398370
232767931
327860932
213278812
322327614
308720972
265129092
216024604
286924280
262878494
326264846
292975627
230792601
292052552
297995956
309167217
284540520
285364010
356073889
273420699
258549014
370480247
286626564
274678814
327227642
309337967
282314787
332095395
208985062
297489650
257803997
234142123
272017261
257275853
235264296
250355544
344860481
346841087
263049708
334650804
275221237
380896769
318712671
208817960
257515883
261635206
305244133
260959216
334636518
326154547
286281972
234150154
320590696
318945025
325880818
252065765
319540145
274246087
283151824
246494317
238632640
300102385
309260758
232178655
249746114
298425963
241337154
330553035
342856128
290011161
243711755
330217605
309793586
299080686
364255944
327941277
358174755
305732943
294840633
326543296
287291624
308108562
272427744
323531945
209930784
304034304
333627336
238347596
274484369
292095999
226709411
272747233
249711251
224542068
332434626
387351097
314957388
322076056
254359407
273874841
282650614
378400409
365159806
354806280
247624271
281482000
296869557
322091740
229546974
318430046
351837270
307911431
280034368
297741915
282543653
388538623
255437299
308392664
265974351
335316427
384752741
322521498
294326563
295235227
354586871
307431397
280075348
302784457
351774241
351204850
317034961
204918308
346093278
255724086
253901534
369583569
273095788
305336951
282981736
300223220
307611149
220866828
309683795
302055908
302384280
366727414
272736164
274170714
343683431
378677359
370712751
258299374
257771851
257295282
275178873
265202179
258414413
235380160
343934107
357415231
261362543
304151051
315061649
281073963
234801893
267134128
332096827
327983792
298399857
210398449
331785460
325555915
357172443
233409981
295453658
315680818
293451312
260471508
327508440
210168836
365055435
206360189
297532157
324164144
325408621
364813239
337385734
257975555
339769000
378172590
248720904
317611674
235880826
280854630
250725724
340942457
305482000
295827577
359271448
296582686
235208066
277413208
268819203
340720385
323690503
312439427
331950505
278758123
237427286
308147334
280927572
305803246
251498580
349833207
322196149
350505179
317284042
339725999
280213319
287473037
357342422
337666497
244972738
268482498
278017072
307890037
361312050
305189217
318975193
303184201
257093600
261466383
224709583
380749502
274923935
296243245
338635561
380844517
282762007
325768900
356585415
325551896
211431608
273695486
280710663
292297993
338929821
244594839
247593540
333588824
309046087
296448106
257400524
258964082
281008290
247661566
364831294
273402645
257476898
277916316
308605705
249370991
290032920
282746807
318417640
340400756
336739197
278228895
322843911
293591911
253190077
257555317
345796520
300882385
316323374
290449880
301813210
232340891
262534480
301213805
249600219
319429718
286301976
322951374
316609679
298906507
302545860
240799447
286211709
322160935
221662071
316612922
278600738
332897722
236375397
370397137
254962964
304920531
288262426
300103172
312223617
358866169
262715205
342826901
270129039
291025763
311298934
341583662
307289136
275595159
276380209
241192415
302010028
305799390
275087745
218478943
295665790
205028392
252104445
258245433
281056109
250968888
352524877
273387510
338234893
268664829
207309535
285116618
289645585
242363413
305720931
382734238
261380236
354100317
249268418
269616352
276589065
295432273
266820081
292547770
346028860
251324482
281390439
345403489
345752343
234827553
307921143
232727902
254049367
311684744
319452189
271823905
302515263
279412256
233416419
329715625
298420795
391589496
274855918
296828584
285134583
295697226
282059439
265597131
288569872
276996329
312416959
325326398
274306347
300627636
316977335
273586720
307665469
265521598
340810479
239593009
305898025
257757248
299417582
272388322
316753274
389623448
238396972
218980476
337161097
288611849
258718609
274772333
341828115
310645731
252806609
271082490
313277413
375905528
295123501
311212455
350930357
323210410
329277669
254642972
353508131
329953534
302545556
324162109
354763550
265376666
277572063
283709275
311516413
278350447
316801394
337404075
302921034
351193529
289868368
329862245
312981162
375211022
311526444
348419088
321205363
288562464
216689770
203782157
336668607
279750355
287222532
363549941
268047133
306901135
331576122
262077743
303335356
262067482
322520885
345123142
365061263
359582156
330860006
366871154
291056725
348284611
224236502
298245596
249607468
282888515
268665993
280925139
313923323
308899986
323113886
338476392
325023259
298768539
214485815
303743736
359678227
254145812
323769469
309083375
362364515
241841938
241340039
272228657
297671577
304749555
251427488
302183827
282664738
320925684
257771383
257130414
222136585
363273080
260979790
357788446
239194435
372996241
280101338
263970205
307478709
353687591
315975219
389636965
321318876
210028557
241504274
265196030
295734991
297197285
248709363
247688252
303330138
362622255
315793348
324951959
318481876
273298879
389804379
242075458
243602762
233408235
305146711
254441558
293649085
358339436
388591212
274733556
353191510
302013518
285799269
321945952
275531424
292403828
370894710
326244695
350228388
311099216
314952112
334673910
275223964
275305516
321991027
237480333
299254279
269777417
323018891
298258377
243407127
244748554
268197991
273489581
274010332
342649065
270471785
287831944
293941935
307871059
227411080
337051391
288626893
328952047
378125301
340846749
330156003
290651531
219233176
232714291
258505437
284755883
312989744
307151855
238683775
211436691
281880564
260489919
222998874
317796540
216079132
302808201
336541140
309625304
376729278
282735799
321816136
273840328
277322962
267155156
338917222
254647334
