273
297
322
326
312
350
339
302
288
297
250
243
367
299
306
229
288
332
253
326
303
296
369
340
327
361
245
288
329
274
353
338
339
295
343
272
347
281
264
328
220
310
251
254
317
264
295
365
316
389
273
324
223
248
267
330
291
298
387
361
202
285
216
327
346
253
330
227
249
342
279
247
340
307
326
274
204
281
257
374
234
377
329
332
308
253
301
311
209
314
311
353
308
268
277
341
331
290
344
322
322
359
288
285
314
298
340
339
283
301
262
335
268
310
248
370
305
352
355
339
275
344
340
288
346
320
321
276
369
262
339
266
273
303
231
278
258
219
303
290
280
273
228
281
232
266
329
273
316
259
320
316
377
326
321
322
293
338
251
375
363
236
265
340
222
339
295
287
344
331
277
296
304
213
242
288
346
380
312
311
276
278
326
308
328
344
304
265
313
289
354
353
252
282
262
362
241
297
264
338
346
316
329
358
305
295
248
252
308
326
265
208
297
352
245
307
290
228
356
338
277
358
241
313
291
296
236
328
272
293
256
276
218
285
305
255
260
314
294
322
330
297
344
259
324
340
295
324
393
309
356
286
325
340
217
356
248
288
319
263
315
318
266
274
283
226
333
287
317
367
345
316
295
361
313
339
295
381
306
331
307
286
371
248
346
230
340
326
315
248
324
282
251
324
233
273
330
228
296
272
284
256
351
316
351
291
376
223
215
327
261
250
302
293
286
307
302
343
309
264
329
266
237
205
297
306
310
247
357
257
305
295
385
356
370
315
356
247
305
224
321
323
272
249
296
358
275
236
255
317
267
269
311
341
297
254
234
314
385
331
269
275
335
366
267
365
295
297
331
291
274
363
334
254
290
260
237
303
306
320
324
268
290
364
272
267
371
313
272
268
277
340
325
356
220
316
254
310
243
238
249
283
251
292
243
212
290
288
276
329
238
252
321
232
359
322
367
236
355
302
278
252
294
286
315
322
326
304
304
270
243
237
283
316
259
296
334
236
306
230
346
261
306
282
279
285
255
243
329
282
250
312
295
245
277
281
259
363
305
231
291
297
278
216
336
346
282
284
290
247
305
377
227
327
292
273
325
299
278
326
331
293
258
277
307
384
266
290
343
246
326
259
277
297
268
316
280
294
287
276
289
223
296
361
362
259
284
264
344
333
318
309
305
230
349
314
307
297
311
266
376
244
396
275
227
354
301
286
219
337
231
334
224
364
299
315
303
286
359
289
353
374
325
328
323
340
336
317
291
329
347
382
313
247
293
290
322
269
327
343
303
318
271
368
280
301
294
310
270
249
279
254
274
334
227
282
266
268
241
279
375
233
367
310
292
321
377
333
265
293
300
367
356
316
252
301
246
299
295
306
256
301
364
290
308
236
224
316
284
373
265
280
390
329
376
280
303
305
311
287
269
249
321
229
334
260
235
323
254
241
331
312
210
281
305
266
240
223
340
272
297
251
345
278
347
282
329
264
307
292
384
270
271
280
317
308
271
228
294
279
319
288
279
232
275
324
214
286
322
280
277
328
287
273
259
271
254
304
254
252
306
358
334
356
241
366
335
285
336
317
248
265
293
254
326
227
311
324
265
346
252
353
284
369
254
243
287
241
301
340
