3004451
3041153
3573806
2388462
2917775
3034020
2922157
2719815
3068732
3528534
3298060
3175971
3182568
2319254
3272308
2577333
2047485
3544931
3675436
2452499
3030467
3414542
3638773
3094795
3333241
2817839
3118546
3096017
2926388
2686057
3169538
2818079
2533079
3515499
2754395
3210054
3189539
2917252
2242157
2763382
3388410
3311328
3188586
3454741
3015000
3101952
3697205
3325501
3639108
3105575
3089221
3590662
2838849
3318986
3079536
3269779
3769417
2469361
2319320
3309971
2819446
2918785
2653567
2766316
2514643
2554422
2910966
2587868
2200433
2610448
2060245
3490360
2871357
3073233
2221094
3483982
2773570
2591312
2914949
2685072
2816482
2580171
2689268
3198335
2379870
3433977
2483954
2554793
2883262
3471473
2394996
2728602
2228895
3497882
3119295
3297375
3816818
3320765
3066620
3518076
3174709
3108126
2989852
2953417
2391488
2923008
3215255
2617220
2790850
3019201
2377098
2943209
3032040
2883435
3124737
2708410
2796418
3059434
3015032
3649954
2362525
3332987
2959050
3072276
3172280
2903575
3359173
2685662
2665962
2820318
2742738
2174327
2980308
3011742
2407778
3180835
3373520
3587926
2904086
3251443
2746819
3130536
2831941
3335813
2355865
2297423
2868997
2903239
3415739
3407226
2634553
2138298
2876453
3114353
3157116
2507470
2287154
2707534
2822261
3378996
2453108
2661201
2800659
3034966
3010322
2306157
3312862
3020818
2699095
2280304
3617922
2455310
3014752
2985282
2514795
2238295
2853086
2906084
3453881
2943112
3134621
3200830
3204615
2787761
3052450
3724789
3549473
3133460
3467188
2349953
3647097
2322258
2801183
3039563
3403416
2733941
3563781
2911933
2732053
2515127
3494081
2514251
2835176
2956773
3336588
3081380
2640240
3435355
2091701
2767697
3241193
2498710
3068749
3267131
2890153
2696772
3770612
3242082
3257632
2977715
3257879
3048295
2445511
2718376
3363384
3239661
2757332
3358595
2882988
3274928
2428954
2910895
2650358
2897024
2917291
3260166
2459808
2829756
2876686
2708130
2567688
3091505
2926418
3309257
2408617
2666564
3008971
3000106
3452490
2985224
2983632
2942089
3682324
2291183
3310190
2815863
2895431
3108586
3617511
3045874
2693632
2441479
2340873
2683004
3582452
2304535
2505130
3361618
3228056
3503591
3199691
2662846
2330632
2784261
3664341
3000406
2566508
3272742
3030380
2893397
3691335
3317206
3058993
2620952
2940618
2773530
2894208
3117965
2842799
2622879
3511135
3058704
3054101
3760786
3223624
2925788
2414292
3012934
2523334
3796969
2556987
2211306
3206408
2484463
2361596
2814118
3104446
2779962
2853631
3020881
3398579
2876061
2586360
3326943
2637264
2255966
2099120
3277262
2306072
2826522
2474287
3367824
2401660
2705046
2794588
3092225
2816575
2916911
3548244
3521364
3079879
2865666
3482281
3287655
3201417
3111167
2785477
2866311
2788012
3250638
2196480
2924735
2371918
2457850
3606879
2150378
2946820
3358122
3677770
3058270
2878622
2765197
2741009
3103541
3400147
3182826
2831942
3558684
3304008
2856485
2087798
2572944
3514544
3237346
3268122
3028903
2700787
3296606
2953664
2370914
2869719
2681022
2806295
3348216
2794640
3277468
2787456
2920708
3127200
2929275
3480001
3915452
2898266
3227433
2511437
3408788
3002681
3380682
3175065
3412234
2867273
3463258
2845398
2462735
3069490
2613574
2510726
3462796
3234356
2507558
2277649
2939880
3593224
3110921
3164413
2916634
2678236
3082991
2830545
3317896
3722917
3148225
3124469
3294457
3120338
2919551
3728509
2800964
2669985
2521664
2717090
2692891
2575195
2613705
2924938
2742263
2623316
2778967
2936468
3082059
2853726
3122025
2831610
3278314
2861069
3158163
3347146
3179811
3186366
3065050
3338509
2471670
2588413
2795659
3100398
2493707
2749153
3162005
2966468
2956587
2824741
2835934
3790332
3382583
2697404
2920649
2934493
2721641
2975547
2616656
3292731
2511456
3174679
2552891
3763090
2831815
2869030
2255270
2060052
2467997
2346059
2498311
2923695
3200849
2853767
3383431
3490667
3361829
2771476
2531771
3314589
2981931
3143144
2331049
3119338
3137804
3303171
2677127
2089829
3162958
2328715
3378140
2839191
3197218
2938514
2700234
2835270
3319980
3313176
2832386
3265584
3707186
2463981
2928105
3113582
2476732
2141812
2862580
3211583
2956020
3216260
2979146
2373076
2597212
3294406
3022712
3047911
2691319
2839122
3851460
3131715
3022707
2465117
2839737
3729643
2107306
2461044
2822033
2451953
3760987
3390195
2194757
2882967
2864283
2554548
3226170
3015014
3172385
2535013
2968443
3238508
2528136
3126561
2833022
2556369
3551133
2590677
3440680
2386419
2537175
3223023
2729014
2429292
3048444
3345821
2820521
3169519
2606370
3460241
3393663
2755701
3316683
2961701
2911826
2221965
2335115
2341208
2542531
2951505
3280948
2571347
2612792
3066020
3179561
2150021
2628510
2304719
2670073
2669927
3270017
3103239
3374306
2224206
2875413
2554701
2358977
3429993
3084859
3100702
3442193
2265945
2971998
3060264
3247360
3241312
2644358
2764433
3120398
3200230
2140974
2989373
2878155
2775634
2766440
2819771
2706972
3172309
2983593
3324058
2646359
2728330
2986699
3621920
2898074
2883829
3383595
2902835
3148283
2413128
3075697
2399210
2859517
2827270
2666369
3294002
2949073
2930094
3130247
2836314
3690083
3375494
2024181
2790596
2749653
3260066
2868565
3216965
3339263
2714180
2875653
2801652
2808851
2744892
3106045
2911390
3168722
3393734
2956061
2672787
3126814
2839463
3494247
3290531
2635701
2791956
2910765
2718939
2840151
3010880
3351714
3182859
2685276
3159677
2275683
2310520
2446949
3271337
3507572
3814270
2373350
2303113
3565587
2635300
2268470
3370152
3431176
2136573
3056767
3000703
3532186
3856943
3399051
3679857
2991190
3687450
3039303
3045220
2973080
3393180
2372587
2437782
3246461
3007572
2773579
3343472
3218592
2432865
2338764
3239977
2436261
2326075
2909377
2548083
2225987
3563465
2648591
2528525
3425870
2575758
2358509
2461718
3564921
2621301
2705641
2408365
3277216
2699137
3028767
2781354
2747175
3695399
3047804
2646508
3033960
3054311
2655593
2920344
3162095
3368411
3178271
2709899
3602358
3132201
2743969
3042053
2808851
2964419
2864992
3719402
2578845
2915187
2934512
3330203
2674746
3245519
2548709
2560734
3345372
2577912
2527782
2905002
2994109
2973405
3571760
2848777
2963576
2519274
2530208
3000896
3596236
2994730
3082911
3173601
3093744
2796302
3155525
3029508
3609378
2066311
2905693
3529266
3451140
2661286
3133020
2474776
2124147
3057325
2657263
2851338
3161610
2879640
3132802
2936574
2379861
2309956
2687560
2808914
2306648
3361673
3279957
2694871
2590084
2198421
2438158
2899587
3535244
2567985
3311496
3341065
3023724
3069053
3449639
2340409
3155161
3566603
3182720
3653786
2419582
3045234
2953745
2938490
2524546
2426036
3586421
2105867
3373077
3037498
2761559
3566286
3635509
2849822
2734901
3013238
2267976
3172376
3648124
2813193
2178450
2721864
3199648
2829913
2510706
2537420
2587683
3340345
3485015
2140861
2517855
2465109
2647172
2204903
2640685
3170861
2409572
3019908
2692547
3481340
2382330
2304509
3070706
3094729
3394849
3340927
3369485
3094434
3070229
1983060
3289683
2563155
2268472
3254595
2231963
3547643
3148946
3496803
3565015
3476622
3411033
3252540
3052172
2797237
2251247
2779265
2984296
2721025
2704130
3234473
3106573
3289123
2814551
2121867
2795667
2869450
2759365
3751809
3554408
2638032
3192693
2601540
2580906
3388780
3139628
2741407
2208001
2819737
3419516
2446042
2477359
2915799
2259888
3105195
2147601
2985491
2746226
2965937
2826541
3616365
2946913
2378956
2671399
2759455
3217857
2333412
2650420
3040240
2606278
2568429
2643903
2632896
3440434
2804523
2684501
2982260
3543903
2819486
3175906
2348980
3084867
3273351
2437771
3340205
2935787
2442747
3179496
2992114
2700444
2626924
3174766
2614832
3474906
3225854
2866320
2484417
3490590
3727852
2373412
3074843
2613882
3109588
2410171
2911858
2760083
2326146
3550075
2456084
3562268
3267152
3226291
2646422
3444557
2697026
3876237
3426829
3301102
2912844
2393085
2841066
2662283
3055957
3107644
2885157
2173694
3395636
2835359
2221186
3575487
2731654
2846062
2666004
3068416
3579834
2519201
2230483
3528998
2330494
2954877
3014765
3028798
3118202
2791874
2384991
3099939
2316223
2629743
3242343
3092941
2300751
3121371
3118034
3044416
2669350
3791565
2469541
2785080
3177407
2378938
2126457
2058688
3302014
2736823
2603938
2667901
3040188
2977409
2583784
3656864
2375239
3263697
2112630
2927962
2731437
3327832
2765039
2837701
3096673
2738640
3223515
3010806
2726426
2785350
3147248
3403552
2469485
3838833
2420600
2920138
3697362
3173651
3382540
2644052
2383655
2781215
2092442
2920236
3022372
2584156
2714072
3133188
3103919
3078135
2707048
3421908
2675368
3635394
2590949
2735265
2641610
2944248
3271194
3805719
3544283
3722891
3211963
3011150
3408083
3030864
2363249
2936611
3006367
3342515
3131036
3894795
2489578
3437852
3131256
3120812
3156753
2744352
2287295
2566411
2783848
3135179
2492521
2576785
2509214
2854815
2438202
3629171
2343210
3162759
3081870
2505640
2367768
3169449
2599269
2613980
2842181
3197934
3501123
2555681
3451581
3137628
2521654
3537224
2350023
3042080
2473839
3667662
3270430
3018753
2699873
3748386
2925840
2954938
2649688
2990161
2911132
2383211
2451692
2898410
3336715
2990005
2813284
3101665
2810192
2774863
3512277
2760103
3002423
2515746
3037586
3117375
2704374
2980449
3180756
3328442
3573836
2349395
2996383
3729733
2469379
3691815
2265052
2123082
2911131
2130989
2927268
2376679
2906330
3792682
3171297
2695584
2759636
2727904
2854291
3231429
2593445
3083651
2647277
3572766
2853259
2872957
3226840
2548442
2316641
2592551
2836499
2888674
2731915
3654514
2802297
3648520
3428022
3449772
3614004
3518673
2666319
3014659
2831745
3021982
2467660
2733147
3617885
3258711
3184163
2787432
2523128
3269806
2227815
3466770
2701868
2990094
2990527
2408596
2845742
3197677
2773662
2925094
2913289
3302301
3097526
2723667
2940997
2767433
2848234
2943656
2815280
2801228
2328496
2464360
3284795
2942893
3366592
2827950
2754427
2891404
3481414
2702602
2750337
2176817
2120891
2956936
3110639
3193367
2676848
3417095
3209761
2559938
3327815
2427234
2730836
3435998
3035563
2246011
2762771
2532707
2919413
2195794
2616985
2975287
2494939
3146558
2483064
2681941
2668540
2395086
3204417
2514862
3003019
2531777
2760513
3715650
2493954
3064979
3775948
3119219
2453169
2782855
2670109
3306513
3387076
2836165
2506783
2749013
2586341
3049250
3028579
3281252
2565240
3655578
3192093
3720652
3007040
3796771
2221636
3017386
2852688
2903696
2962680
3132504
2929650
2953854
2874835
3094414
2389066
2297223
3125959
2889790
3118660
3469129
2367773
3486611
2224752
3290939
3368210
3550424
3621752
3525228
3251809
3492106
3202432
2679416
3212708
2570605
3253526
3123459
3922167
3742925
2582040
3453870
3683706
3398974
2849550
3028387
3269626
3166871
2951341
2162160
2880370
2363583
3082290
3692110
2862290
2901495
2465291
3287890
2476902
2745135
3315643
2836701
2198730
3094809
2443025
2431439
3776248
2757025
2619443
2486853
3056821
3392392
2620878
2800169
2400243
2404319
3264851
2750350
3059079
2707170
