30342
33127
36034
35839
26077
35077
21302
25306
24722
27318
29129
23185
29225
29602
34376
33025
35508
29470
32809
25059
34804
22142
34164
29394
25773
32135
35725
27170
31112
26415
34384
27941
29200
22127
22128
21754
24023
25784
29010
25587
33812
28012
27480
34286
23673
31043
27612
30993
33791
30044
27574
29959
34781
23309
26820
33031
32061
28059
22585
32401
32040
24363
34155
21341
26226
26657
24737
31458
26051
28833
28252
24336
26636
26799
36303
29293
37680
31567
28904
30430
30108
35988
26914
26931
25103
33732
34411
30252
35246
25045
27978
29397
34678
24128
25109
26787
35249
26052
23049
26983
28172
25027
24972
28800
30941
31859
26122
27394
23212
26178
29299
24743
32392
27192
25018
25005
33956
31957
21725
34370
30845
32808
28153
36323
29447
26247
26832
31395
29545
29153
26579
36702
31253
22227
29023
34112
26535
26294
23115
30014
32017
37295
34663
26063
21606
35677
27876
29140
25712
29541
29845
26656
24758
26535
32944
38887
35859
32197
36943
25141
34237
26778
32606
26235
25673
28901
31247
37521
36978
26471
20389
31882
25300
28346
26727
25983
31385
29803
25033
35012
27306
26560
31731
38182
26359
28903
36360
24090
35723
31871
29711
23737
28318
36613
26709
24306
36621
33466
32686
31944
24668
30561
30859
31126
27441
28932
26951
26096
29749
25075
33776
24980
30010
31047
32807
23840
26834
27034
21625
33949
37067
37476
30527
31608
22252
34397
26570
25826
28533
27635
29203
26898
26189
30047
24428
29780
20198
25127
28771
23015
29978
34258
28424
21321
27808
26997
25891
31563
32675
34979
28530
28668
24361
25466
30762
27571
31304
31479
21917
29349
35663
27637
23876
22223
25643
29154
32953
30108
28582
32101
28822
26262
35008
33877
34493
24569
32082
28750
30479
29059
25872
32713
25562
26600
29847
30974
37968
22789
28505
23168
35666
33883
27377
25604
32890
29608
25875
27753
26902
32845
31820
27855
33173
35031
32056
37450
33791
37501
34386
29862
30081
26282
28883
28984
30419
26252
23966
25480
29860
30301
28118
30427
31959
29457
26916
37429
31019
29846
22721
33503
20230
37776
24122
33252
32397
35786
23008
26460
32504
27635
26263
31081
37404
26812
22015
23458
31170
25414
26948
29260
26640
30472
30863
27780
31167
25740
30876
36781
29063
22232
27165
31568
23374
26702
29714
25280
33694
28835
24742
29442
24301
32976
31629
35524
34539
31052
26021
23357
22412
24860
27578
27246
27193
29665
38538
20482
23474
29369
31728
25294
30238
22713
37499
31897
34400
23077
29917
38290
30562
36413
36982
22660
34990
34481
22598
33041
32579
25741
26007
34312
33190
36998
27681
21192
25818
29048
29712
29153
28298
33080
22377
33326
33894
32802
31728
27011
22829
28423
30254
35077
21065
29819
36412
25643
26882
28833
31713
27703
31869
34032
24028
37839
36494
26216
27310
33235
21713
23195
26856
26573
33533
28981
27170
27500
29262
23377
28992
29336
30677
26549
31579
31948
38716
20074
36041
32039
25288
28851
27794
24582
27120
26258
36656
29141
29530
32685
25466
30884
37291
26984
24703
38741
33188
25743
30022
29884
35463
30664
23633
35007
24567
35154
20693
28921
30109
26953
30811
22318
26457
37197
27869
27956
35224
31350
29871
29477
33947
24469
35769
29924
28022
22018
32926
35291
32011
31135
36974
35153
32806
20924
35666
20892
28853
25636
25757
29331
34655
33882
30212
24708
36492
27369
30335
25339
29751
29162
25384
26365
36786
30694
29396
27052
35746
32974
30926
28936
35605
22900
27859
28442
26903
24641
27995
34341
26486
22472
31220
23386
38358
36081
25677
24069
29620
25969
33139
31925
30781
30153
37381
26666
25444
27967
25748
28172
32818
29563
24344
28710
29125
27961
29801
21567
25516
28526
31871
31584
34077
35528
28521
28623
27363
26922
29791
25967
25441
22871
26256
33244
35083
30904
23966
25767
32857
38225
29864
34119
30879
25190
30929
29901
25571
34053
26590
27959
31318
32890
34053
31205
21088
34098
31585
21406
24947
23674
28478
24379
35809
32053
22838
28101
31221
33958
26367
27433
33175
27665
23097
31200
25373
20462
28054
31208
36928
26920
25334
25148
33235
26371
29661
29191
32145
31398
32152
24883
27003
36685
31568
36804
26151
27363
24642
30127
29665
32915
24542
34568
30837
27130
30962
29517
27250
31797
36295
30532
25399
25184
26050
32826
27361
26840
25144
36519
36522
28538
33909
26611
32970
34904
24216
26602
26259
28156
25787
33383
29999
35065
35963
36760
24866
28024
25939
22372
32387
33639
26944
35377
29404
29418
23454
31055
30325
32322
27600
26623
30447
34396
32031
23210
28696
29187
35520
28716
28357
29815
37328
31856
30733
20836
34615
27016
32833
31780
32175
23513
27516
39135
25848
29848
31055
28600
23735
33878
28678
26163
24330
28460
27521
34361
20877
29653
26004
35078
27677
36241
25808
26971
24106
24241
29154
25044
30670
32240
29176
29409
27439
36246
27222
23542
31603
26616
24513
28014
36733
23549
35532
29771
28563
29384
22521
23274
26321
35305
25475
25017
31831
28298
37271
30206
25586
34485
28977
24322
25106
28593
33211
22573
25581
33549
22391
26650
33825
27909
33983
26819
25882
26365
30965
32635
27851
28852
34519
26051
28569
31054
29474
26614
28645
27991
20768
32950
30979
27276
22746
33648
37692
28439
30384
25330
27450
29996
24465
23461
30277
32733
21736
29106
26500
30231
25129
22272
29197
33054
29511
26430
34824
28653
33634
26704
35345
27862
37160
23976
24795
21270
32452
26750
32031
20870
23681
28028
31365
29455
32375
27893
31497
21700
25012
21588
30925
26911
28921
31917
24618
29427
36459
27185
23817
37098
26901
34563
33631
37281
28507
29944
33542
27540
25910
27778
22989
21253
28094
24798
31434
35666
28007
31640
30468
26318
34239
28842
21520
25403
28509
29572
28839
31886
30218
32878
34335
27335
35113
29480
26962
30633
30894
26954
34265
27013
27345
24291
26412
29490
25775
27401
28447
28018
36267
33513
32361
36297
30948
36523
32941
29718
28122
26010
29546
31490
31917
32610
30229
27037
31405
20125
27454
29231
25805
26337
27500
30173
26881
27126
29634
27872
29673
28792
22496
35392
27944
33421
36382
21218
22703
33341
28135
24038
26763
30087
26530
29574
29770
29555
30524
22379
27852
33228
34242
31881
29784
34648
27337
30020
33818
27614
29427
27645
22021
37795
32891
28493
37986
20178
36710
27168
26505
27850
28979
24226
30445
25032
32430
31807
26016
22985
30116
20714
32863
35676
29612
38176
36597
27674
33049
33380
31150
28810
27098
26139
34850
23789
23588
31216
38382
24871
25323
22756
26456
30897
26071
32230
33768
33831
32296
28882
22934
30779
26230
23100
31741
33717
29590
33167
25628
28310
21118
30069
21652
24146
24883
28452
34735
31375
34263
30915
31040
27588
25564
37457
29256
31195
34462
29507
24613
29903
22002
32259
27777
24150
24976
29720
33610
31797
25914
31316
25012
33390
28293
33014
28395
23974
30376
34269
28106
21650
25781
28080
29132
29695
24895
32424
31364
33474
34485
30714
30294
31674
25759
27499
36358
32594
33059
34506
35098
29453
31728
26103
21076
29230
37212
29701
24095
36673
25766
29604
26868
32390
24570
34392
33737
30591
29107
31685
31722
31566
29031
32484
27046
32547
37019
24483
36090
26162
27553
29716
36770
37370
26732
34650
34172
34808
25154
30471
35443
26749
24841
29943
33404
29937
32728
33579
32500
32632
36082
27335
31280
36822
25028
37379
32007
35661
22154
25496
31927
25572
27541
28270
20624
27650
30932
27435
31532
30307
21763
27723
32241
27079
25966
30409
22052
33411
27341
34621
23386
30611
28679
34340
34703
29871
24723
32307
34845
20726
31764
30222
32369
29494
36844
31451
22787
26409
29287
27153
37339
34960
36271
26513
30174
25055
28349
30868
28586
24281
36577
33782
27519
32098
35816
32793
27264
34711
27674
23558
27282
22370
28376
31769
23833
35322
36234
21277
21258
27594
31556
28625
30686
30399
30630
26310
23230
27846
33393
31275
39174
29348
29673
33017
29077
26898
27573
36221
33842
32315
34199
30494
24838
27362
32092
26865
28838
25140
26859
28984
32826
24420
31103
28345
26045
26363
30141
26118
31437
29214
32195
33028
29426
24603
33804
35818
23584
23472
28896
28933
36468
25487
25478
28775
34439
27895
25829
25877
29404
35115
24071
32826
24223
29397
25069
31598
28236
30477
28003
26557
34753
24619
31035
28199
34218
31996
30868
27717
39318
29514
22656
32943
30106
33752
36162
26979
30634
33604
27968
32247
29465
26321
28333
32493
34776
23457
32350
31395
31441
34851
34394
31378
36949
34509
28572
33994
28666
27846
34827
22219
26464
27425
32063
30962
29251
26731
29518
28394
28343
30981
30785
19919
25217
27729
34381
37405
27802
32818
32773
29633
26655
38346
33239
29079
25401
26272
30044
28787
29016
26681
24386
28898
34628
23218
27172
24868
32503
29011
28581
30178
20328
27897
34237
33245
23184
26533
30672
32836
20913
36578
37462
26018
33481
23165
25497
28840
30908
31898
23667
32403
30705
28827
27247
26965
30912
36174
30143
24315
30269
30298
24817
32275
28782
33757
33716
24089
34231
32804
32373
31428
33389
23494
27854
34409
27956
34812
29912
30422
23273
27024
25471
32593
27791
33849
24882
23176
27255
27871
28064
24574
26495
30859
24998
32785
34609
32031
33852
32180
24238
29738
24599
25457
31028
33909
29144
25772
26970
26560
33645
30600
29110
23349
33168
26718
28091
21677
26056
20687
28142
32634
37953
24997
26028
25077
26770
27433
36650
28900
29657
26419
28445
25656
32348
23678
37672
27675
31242
26832
31326
30140
26694
28254
30283
29997
38074
31334
31656
26562
27985
27325
32333
28632
30562
32849
24608
36077
24773
21997
33192
31093
31747
29400
30610
38465
29073
34643
24293
25867
29629
34750
35475
35196
23821
27633
33130
24331
25221
23108
29065
28480
24895
26927
30690
32063
32278
29527
37963
28072
27421
27646
23705
33233
35072
30579
35812
35774
24094
25557
36736
22061
30492
31040
27708
37139
30226
30552
36614
27864
22286
29126
26348
29594
24666
29538
30796
29825
28453
26195
32752
28170
33254
31693
30881
27920
29094
26520
27543
26533
30008
29017
35231
23631
32305
30622
21874
27020
24101
34989
28075
28957
29502
27861
23223
32397
30213
27113
31906
24358
30400
29039
34909
34980
21707
24148
32996
23961
28816
23493
31102
31325
31488
27863
33647
28162
28448
24776
31549
33104
26218
22048
22375
30668
32776
23832
31328
30523
31511
21963
29412
27588
32705
26140
28526
31082
26973
24404
19894
29734
28103
29959
28998
31952
28191
27476
35578
23053
31779
26778
28160
35510
24717
22261
37836
19962
34279
24748
28478
36488
27984
34113
27568
26290
26988
29511
31567
33581
33184
29358
21959
30131
25883
30721
24289
30714
33524
19994
26847
34939
30011
32077
22896
27800
21760
37333
34858
37773
20978
27660
35885
30424
32384
37321
38014
33574
30720
27400
25915
24686
21025
30767
32504
27046
25613
31617
33758
24953
29595
28901
33788
30417
34902
26156
34602
25322
25613
32128
31146
26101
30343
32075
29275
33615
26850
29960
25289
26675
29727
33438
35102
31802
35271
24661
23018
32536
31492
35980
29254
34698
24666
31994
29076
32644
36466
30560
34325
21300
34135
37632
27970
31534
29218
32011
22145
29932
26524
24969
32623
30158
24718
28598
28615
30143
24645
25247
33722
21398
29804
32288
32413
26189
23820
32126
27385
28081
26481
30918
28161
32465
25978
26085
31558
34836
25139
29962
27993
26876
36061
31142
31090
30305
35814
30801
28948
28674
26483
28241
26200
28451
29722
26955
25258
23474
26534
30425
26494
30878
22169
24474
34464
30452
30036
25073
26376
31409
33391
28189
32105
28614
22805
22455
30213
22065
31214
35174
33903
25466
32064
32175
28624
27838
22943
23576
25964
28749
33905
24524
22014
27470
29483
32646
27926
23398
32058
32278
29856
34114
30561
35172
31187
33554
29037
26363
21170
29071
33813
26403
29295
28918
24270
26901
31588
30284
23977
22690
22214
20763
30084
35816
35725
33758
26001
27992
36235
29401
35864
30841
29353
22691
25290
34479
30523
30479
26246
30580
29441
23231
28921
26319
22583
28701
21852
26579
33062
35433
28174
29732
27002
25857
29971
30769
29421
30667
33235
36593
28088
31167
32185
26691
27232
30805
33297
29201
22615
25063
24021
30901
27951
22844
26608
27840
31446
24642
31182
28580
28980
33931
23004
21734
25753
35431
36452
24059
32598
22285
31045
27120
24953
29459
20931
37335
25791
31445
31947
30964
30403
29871
24041
29958
32258
31616
31646
29015
24590
22012
27378
33282
31108
27806
23495
34518
25373
26321
25580
30701
22369
23116
21131
25399
27114
24656
25216
27586
25154
31828
30587
34343
29116
29065
28853
34733
32946
33086
28577
32421
25011
31345
27327
30569
22015
27001
