219370729
225804787
263301504
340275813
359370849
253578868
331167103
329201096
296613429
207516546
295800286
231458691
276094365
238687458
285917774
286756557
298529787
364572155
335501335
360160643
269044859
306789848
258832784
270913533
290837624
226307347
232100355
361198656
348065488
387167032
304978129
318091264
312481841
268332153
257305962
263757996
269493431
195761908
271764259
298588224
295968215
315091357
252568727
376123904
353128528
221728757
275284737
290430016
242318860
264917148
228715651
288921528
319096511
248149268
226528247
323461753
245802271
304692458
215794776
266661493
286070668
328750102
254085214
286311472
339850425
303296602
313927089
362634191
208631494
329605526
333352279
272581337
233584284
333201976
259206470
319174347
284429202
318097342
357649795
280517321
280094375
233311727
309949154
281984204
309968289
296977081
268498692
236183642
271773921
348593852
335157081
288114652
304316793
314887438
302014474
275032978
273896098
268068555
307369824
296474080
274345558
273275849
281939250
302910656
221800018
231693351
312808191
295940947
284617859
289485264
249910287
251969540
254621135
317316052
282415860
370390850
288868893
300203209
322332400
229093709
316439433
354347081
233187722
297063947
319498626
345291796
327672844
315655566
345156602
264418871
283947887
299996899
298308298
281972308
295953805
391185127
316842217
293745300
332412090
279072486
307736865
292524253
324847840
337304625
239706847
295528393
284447895
373810664
272408108
242086132
380092573
290936263
242140874
285766489
306321116
268932248
288853777
260389082
343157172
245334465
296700827
325596319
235802524
242294170
261178431
286187556
286917907
336849512
230970878
312429894
279668265
319241473
340742716
236029442
320318710
275977541
277249849
342374127
269163165
279464557
338839079
263762609
240362491
294537375
235051881
312426596
291040511
332597226
277388561
309476006
291879583
265581700
308849843
259387921
205997275
270818987
267004342
367418317
207947203
351425455
212441479
283428010
365271370
293328984
253891601
314839401
359002158
314060359
246552190
379080443
237277431
270963381
323806065
300673386
326706849
323631380
314206612
257303597
357171549
223126902
291309484
308402857
264486185
301354955
315555077
339205659
353810035
245216579
311523643
291862625
301613841
314046222
262027376
207133982
265196666
206356334
232074010
302908866
317007378
301594209
256669536
227003048
233498122
317397885
232663742
264767716
208877026
304335484
242826958
294699837
313973007
330576220
321761033
295351741
372706814
308810925
275431645
272851940
390666347
309880952
326379380
291633122
289968068
288294473
314465550
276843521
312242612
240704744
300049612
352282395
297049642
271848268
365387014
249211400
320234658
291290598
251713570
236423357
355818379
365395537
304761283
244779694
315527260
294345963
251650678
256854479
266378668
311560619
250161896
238881264
208467483
267373365
289094583
282242162
268891391
312737269
329689180
291391884
347578366
364921810
276472839
322528528
334685175
244778660
270235658
306737425
275451777
264516165
233593779
210259107
305402404
325690521
318598247
323899064
349845665
231616814
267891150
215063766
270236307
303186102
281677698
263448807
319606547
229385946
344110031
236698782
304217929
249005394
261711720
222429171
302190829
261372953
259618305
349515206
363971825
266685874
273888511
246212117
262205031
313240656
348571220
320775214
259330046
307804441
301174392
275340604
258649375
256117166
213163862
285348458
313013161
291419570
298319710
280451619
271478630
328254507
306924149
281478419
303871389
339625318
290893441
306779813
263424985
298233436
295548821
309110053
337851127
250881773
313776611
301649304
280272702
231873116
298727074
295670382
346025151
299871440
255134544
287636633
333971416
262277052
297412954
312693109
304747598
301162405
367895065
291351532
224921279
279458614
308570364
255461480
379426128
286495664
355660006
331154574
281840920
227981754
222225326
244790741
342915934
251459455
328871313
232413898
334101701
319883931
230525230
277314526
279472559
291552268
288101591
219254291
302172534
314171803
275991646
310365148
295385356
338945766
279706854
299495382
302189604
351548114
330472593
267265440
346803416
304762137
341913565
230874462
308087374
308633624
224110935
337991568
354170570
282268061
277187901
247506042
291323148
254896869
349310665
214366251
304609469
279903131
276369855
333647417
291061767
350056350
320196756
207850295
311148024
285039124
238884446
324926613
277589496
271979923
306929569
348755059
236393544
253425743
319175077
238901520
291966491
208397777
246616684
276474946
220939176
297730542
288406206
238071911
222998813
323453771
294039712
322267074
308144470
248781537
282124365
285105025
344958245
245596681
348767148
227919471
300491166
299837624
348754737
313807429
343232297
249742450
259113210
301736594
237503164
221429169
355400960
307857337
372110904
300984894
315547513
320532472
310779316
334915191
261511948
295406935
280701828
298417098
266893236
301484572
327701084
304303677
333773612
273448819
292945440
301157073
331207588
229442126
322256780
366082419
219282255
284303949
331488337
239838963
335742391
352350325
255005715
206808830
275558298
308751198
332709911
312804310
363565571
218982176
342431475
252823647
358164274
363965375
300058477
340293829
344331622
300519660
350662071
233443360
330346208
381078203
367025725
270518519
299876458
317190980
344448422
269540925
283416564
244874656
230624906
257578325
319904393
336410942
255792865
336008251
323570181
338177437
322866629
267440164
281648839
236750109
223348820
255922352
303260349
308642197
349101438
237130345
293476333
369499278
249487433
285859719
281234401
277142084
310029873
331963539
352068026
306128084
308234060
365451429
284719906
329528982
291320225
263560562
352322387
271869803
366202946
351020768
238575963
340339546
298499926
314219970
295090080
244525323
263929493
318862217
298614481
307030909
271489331
293226245
222583111
257284467
291112848
312528972
251714588
370922671
361473121
245677003
306460709
306318192
312716463
337935334
304091343
232645285
311781333
273154226
199344570
258476088
291342164
287585114
293229845
277861639
258341904
382445474
257341065
318884876
252362023
355435009
350905102
273857557
250935751
309667288
318286326
368346897
314427092
254327976
325280537
289191646
348465796
311423189
267654949
297590205
301547792
314772726
312019565
311149399
330266096
260770951
220195446
268343173
252848382
335526245
310150093
281107343
210102222
311169257
326161231
358077582
208346168
295233346
306670488
336302961
285249631
250033679
205986584
268347178
287873186
295529180
298906831
297183231
261305248
369802253
254980025
308553488
231493118
274844691
278389793
381234422
221160884
305928225
262937139
315993071
305523952
269180496
354728390
357503186
230651060
255490015
295066025
356147541
251900656
203341180
344382506
232525880
283652355
354992487
287277830
327587543
282184512
261884144
369760105
239124741
233750664
237213704
267068267
282695863
270783290
330739244
326878147
311135399
309149137
289736211
264881558
295582611
311933891
303385282
267472686
341272987
324543633
293489158
211963926
333312726
309206679
272746683
269791806
210998974
352785362
356541137
337372249
315025616
323747800
319412982
364606639
332242570
251382159
239919079
262081200
309822693
346722638
263133893
298247944
223078321
272498736
301499623
245564270
226209406
278242495
286513802
372168068
227231071
273408212
358265656
227314745
352283236
216638612
262955373
257907494
274109456
242497083
281752304
244652816
339417102
380390846
245976745
309664053
366524894
378421735
264009332
232868821
280863592
329337888
358918575
262778519
311990833
274259588
320997927
282879844
222771943
266963642
273389827
296929927
335576606
302270981
244534659
336043117
206237110
307324667
264505266
267340884
261586099
282379318
231933664
333738893
266044717
269397769
281212814
312205207
337989687
374249811
388219474
371919247
239448174
288639743
226845158
275148759
247595532
254401054
266492066
297188745
269103955
290630628
271072791
247377490
258535302
245397045
294147744
353860491
284097362
279264061
257428538
266723858
274846846
253379243
238021194
239633985
320089358
276714595
292595338
283171648
252333081
304799232
256301720
315845148
331395716
283355011
331964636
334434085
275240717
325514879
237493487
327310566
229568625
320856824
332711436
327486988
231013733
331465399
260181615
291303985
297208860
343331274
259385986
288577023
241605837
320411947
289705646
329628586
301631706
295945451
381658174
260095883
246917178
283252362
283031920
286791322
274231798
263195579
271906215
241034901
325916773
261072815
257921110
336473866
325695402
368801353
342045449
262046284
289244248
316926943
314655213
316170176
318009505
287402704
262187173
301505317
325486513
229082121
253788456
328727526
269237036
331628249
267658042
314728120
260832775
272424109
263559621
335080707
249122380
254361237
327883650
360659639
291711453
300441969
301635400
259450909
253678096
334522031
335813095
293451758
343121774
264234383
226146121
368716036
361017250
241059181
255620653
308246701
327998783
264938235
346335132
257178369
350040429
283486232
218024136
297174734
326648449
268613983
304067979
370339032
217879997
250155537
287494751
258492828
241854866
254778299
295134019
284640782
301456567
309663507
336152164
269763123
266958962
272842046
298610906
324505808
245061255
283653033
355619587
355764685
309970248
316153982
328329288
284524382
315724595
355493743
326608459
318418896
288462429
249144870
309292033
313724436
351157240
260026543
321246473
302145348
261031257
225967178
288203046
290786699
304981962
344604150
269802072
296710860
313833770
323036267
320551877
280992737
285824211
303777797
312296174
240122534
305139228
338924352
324018544
308806999
207412307
377102502
374413907
287366453
333236859
254155382
320518010
269882310
268108285
372313519
300176891
305912377
304335725
228436791
215048763
242134059
298839853
256566650
337251502
223918401
312493958
198288449
276759338
245250583
270195873
219959740
285224532
309885537
219382629
334218497
264154286
281849931
293784684
282130623
208522765
351966768
267969800
261571435
294885605
279088665
245389488
259620718
297874469
238355974
272058584
269636704
299877865
303908432
352903655
265978853
334694345
340599220
231941913
246318538
312759705
258900125
335408866
248260084
308020937
308273424
273521728
235644212
232490665
245022347
299080175
278869109
271794213
301999364
259833770
359668178
320780042
350110785
252521950
309952653
293103485
335488896
251040890
361132863
304004599
314045881
307456168
247790261
365557860
250616866
207708717
339416584
291447761
269277695
301394978
325391598
248033743
301873676
276209953
286304920
289191459
319426308
312878161
351671281
324494832
337285950
324297021
266521026
264264292
207712818
273027998
224396504
314276779
360904665
336805274
269263147
253237789
267534800
276938415
315239899
311639956
276581219
290758974
274157567
298768940
322923828
298137037
317471135
278486601
366735371
235301720
287201080
270147280
322498907
271542182
218646039
330549217
236344265
264231620
380882502
260601829
280678600
328741360
314929118
225846394
302834689
211310862
318511934
350350910
216788260
242179481
321948674
323290457
236966318
305294326
214064429
335699466
301603697
317684259
294242986
239253712
318147172
275779048
253894800
314422884
383504481
240536939
348445387
224415132
295412965
273618094
243924763
260872015
274197929
343295003
227372383
314494862
281894126
237952799
209057292
214638020
319111049
356068162
247643398
313668747
315633588
337523336
296194929
288411841
225444091
334443317
286520469
297521620
289738668
290369483
286502351
282975311
359432694
314691900
256321047
249167365
260898148
239758212
276404356
333523359
242471674
277631631
324562101
364934420
291126885
227470678
271038961
317305285
351585525
265252819
293293936
334885090
319228335
303941350
341034862
331412972
291768463
301769842
287370640
299840513
296820029
383319466
345624628
339738901
261703281
234701543
291200499
297125420
330500612
295007695
320911642
242545314
307793373
236247074
310239794
276288556
313393878
229986429
300775124
217695241
223329298
284863321
309560657
249993481
302132827
373469078
312343972
338189094
268344795
311041065
307098290
319302026
347138062
311329964
345791088
319878993
261461358
359227232
294506980
335944395
282290252
277631743
251128973
214223060
290165072
317310826
309455137
326321742
249344951
279644779
298260435
295168316
258613948
307554692
371624236
262522065
322154772
239918157
264313493
214941085
309060467
287916407
306334104
277872687
298781110
210840497
373289509
348913488
318767939
267780857
331116211
294168378
281376355
277533470
355559478
304869204
208388859
352080159
295370150
298755922
242969376
343852148
269049325
288782231
325254180
332730935
239648821
225956182
245328556
322332763
270727617
364947977
219160036
325593337
325600611
283704858
297090501
240688007
293180327
365578413
285513471
304683385
280400348
271302422
261376730
276770988
236935844
268065701
258683931
381087882
251346941
252238353
322777617
249832709
327939712
333237656
276236516
288116347
268066442
281788394
374353975
228121666
357479665
295716141
286978540
279369675
256357713
245547711
357649364
279179619
317780631
242276679
292047955
231737852
284285307
336144462
292662601
367541239
351609572
342052442
218674277
253275899
302040941
267418789
295375431
242644470
288924335
271315422
214307186
369370202
288420213
377742371
330055743
315618747
264599800
231141809
340293304
290564812
280551706
304825193
341927447
344574652
307027648
218944408
314286148
259168902
254328828
278260497
315460284
261541907
254974523
325456403
285254181
306079924
290410529
335375573
290439513
347310705
281532023
230800758
367318578
291304970
263291497
332095850
341250332
327437818
359008673
286888918
337547573
293439178
258504404
315640560
232276989
309719734
333244795
345826734
296191849
242387344
251761371
253368174
232112993
224747865
247206324
328382020
332781042
321716054
250747081
279424095
334174085
334986397
257139250
301627360
209990870
281857982
261402014
243542906
267705683
291036928
303701585
295884009
298693195
277718191
282189042
240716687
308555302
300145863
317387484
299853339
370870313
308163940
277945284
368580982
247880298
267739281
270088730
306612425
384042977
213215041
319787480
317919368
281614478
277736598
340632707
387727899
282819761
329225265
287373851
310693953
266510219
363299606
359743987
300270289
298844836
278537097
318637574
293227141
301571062
368361616
304873611
205965869
249273425
364507812
230875588
291813221
323185341
242084361
220488743
267494394
197480242
262232855
283628934
373495744
228945323
363081865
209610859
329025080
335576273
322431531
292796689
300910125
340394083
317426959
330013748
305658762
295141295
267626374
322588228
278952384
282509087
307755202
332036468
318392599
292734650
221341947
301334238
297092498
319974212
290322770
252549469
240396270
369177373
256212282
337226810
285559822
339673592
358413171
320396693
323010819
335185625
254066744
267417502
360395065
321764262
266218322
262545816
342247197
319177321
253912680
321560454
277905576
229661487
330882761
294991567
270451878
275790640
280412501
301115193
281080315
304386688
326248136
227746218
310529516
200676052
287909094
307537114
333365148
215943948
293378377
370808595
320917266
327781220
310970946
234318444
328620504
298573860
350751800
214971633
326412089
260147258
269769929
328329499
269022847
278138767
203477320
293984741
283947807
312200192
288740047
343695379
224729699
250359008
266356637
267468907
225468694
238481516
366122233
335207397
263516053
229984774
283541578
357112930
322508373
315405832
355120702
326141093
314544304
306120040
220196405
249168211
335430057
236424197
302721770
233115527
349686171
379264947
360717304
284916403
261197008
280298311
288678144
226877875
242429020
355253414
356209150
336637049
265798449
257448586
304101895
211733673
321513442
302976055
383372859
286232996
263136036
290126138
305662252
240974668
318081725
315183513
274148348
306835677
349521737
293477336
240085374
271625622
322093343
368660570
331799086
277356378
322705728
297551650
306814514
218940625
348948710
274656740
299289674
279925668
297600799
272461717
298554879
222821370
264199462
256263067
334798819
261931483
297295632
380146441
261265129
298594312
288149068
250046392
358300228
291521658
303795500
352693558
314121638
313304664
230332893
290656916
292676185
322702025
349997387
239495595
313332375
373085764
285425729
249697782
265647678
344766594
294737240
306326932
298614832
329901827
243951713
311789643
349366218
293126850
353160238
269749422
269478597
361996328
340582020
280245884
326038057
315970226
260155930
352471493
323166368
307391263
368662253
336246307
272603384
239590378
311675524
344636529
266893974
245582105
307622068
318571102
236897490
253168607
235645703
246314280
350115742
231189794
227301364
270575237
256140173
324589928
363726205
340673322
305429288
314121223
291141306
229562766
312129282
296574526
371963993
315501895
357352628
305192962
257837536
207905793
263915029
314869205
355507537
256834147
213538272
283445102
345513759
282431641
362670915
310970117
330946079
298295605
313250629
391171514
290274044
279518631
363883162
244874128
213379081
382899232
288230329
287749005
291499083
292126750
248608958
326767319
239807003
284445905
300514059
221253994
281854543
339485213
250670570
332027303
323082493
346360711
369069556
267505108
261197429
322012517
267860658
266704182
308168065
221089810
301220906
265916086
309104529
273324265
345182418
280421524
276131358
296287043
289025907
359249620
263906388
225264420
318992798
336264033
274701245
257365090
305220571
321556947
219684617
345999476
337212107
292121649
280288402
240208103
319435304
238729178
329655255
237776596
281781208
249704054
266440256
328181345
301621186
328348515
304864303
366433572
286624673
246172393
328734725
246266595
285973387
210683241
294110043
299981350
226721499
309772271
334777446
361780109
385821236
270502582
283017136
304207863
299442870
378850221
313714632
298310504
285030222
383071391
304468130
251567680
359802937
240434658
346092062
279595470
238021637
334449825
354125415
333051420
296441648
270921768
361740433
350798726
354242805
300938619
313722533
263459060
269033171
316487086
304538219
254262144
294704004
282693492
337568444
297218688
314568274
375914245
304646227
230758849
290471033
309750757
320180661
293242072
317107988
264941781
253621564
