31700
29793
22169
35944
33613
24554
33751
25819
26801
29563
22792
27303
32506
24071
27718
30286
25001
30841
34122
29144
32032
25221
31932
31213
30460
27774
30573
36105
29806
26161
29332
29389
24894
37224
34928
27547
27928
30989
25919
26911
31698
27490
34225
25344
29460
20884
25315
27877
23774
30937
32153
32006
31555
29628
33564
25394
23945
27368
25269
22127
21366
20770
34218
22867
30163
33779
30531
31562
34506
25036
27544
31476
35739
31931
22337
21525
25099
35822
26920
30027
35355
30048
26357
26035
27239
27630
29564
28637
23841
28007
27898
30322
30631
29966
26800
23334
32123
28682
26226
20135
27380
26829
24508
24270
30483
24443
29134
26451
32574
31183
31362
30450
24240
23601
21793
25573
25827
25595
35941
32047
30916
24455
26091
33123
31210
21476
36156
30477
34667
22917
29799
25209
28512
24290
31570
31788
24446
28219
26476
29421
23816
20363
23735
30900
30768
29332
33418
28275
21759
31782
29090
26902
36955
28220
29804
30563
32706
34350
27265
29966
28129
31268
36122
30735
31337
23952
38623
32035
24154
32068
29649
28841
30149
23837
31009
28088
24130
35171
30246
27873
35960
36335
30543
23098
32446
25920
20025
25842
26431
28775
37300
30567
35244
27803
35000
30561
29707
25026
22189
25788
28155
33014
31255
31040
34744
23013
31089
30672
26932
25068
31646
27990
31799
38061
32314
36913
25195
27737
26953
22507
20723
32528
29571
28976
36225
36745
29065
34054
33561
34808
30323
33507
36472
29449
28377
29172
26414
22886
37401
26213
21131
32051
26830
29803
26697
37281
25052
30843
26854
28808
30906
37617
31632
25259
33305
29094
23573
23797
22961
22334
29775
32407
29206
24709
26993
22452
32241
30242
27973
29372
24477
23832
20005
25869
37009
27635
28693
30507
37699
27758
28173
23401
31174
29443
22550
32434
23912
36609
32184
27599
28483
34623
25109
29125
34764
23164
25348
29740
28451
25018
33171
29687
28291
38805
21243
29256
27461
24576
33437
31272
21296
26039
26030
25631
27049
29888
37640
35912
22919
27642
23046
28707
27678
31953
26488
29348
22545
25638
28283
32328
28530
36363
23115
36758
28386
25603
34788
37427
34988
34771
24628
34513
28893
26100
31888
35666
29103
33161
31606
34953
26869
25528
28977
30334
24968
28605
31607
29329
36134
34029
34821
31768
30555
32228
21925
29007
33709
32606
27647
36302
32601
30881
33274
31243
27043
37113
27870
33386
29786
34305
26526
25105
33021
29772
24280
34558
25012
22697
25385
29635
28524
25933
33171
33425
28545
31872
34896
32691
25421
30696
31379
28164
25890
25340
22235
31251
27612
31061
29882
27851
21507
31662
20258
21501
30788
24152
21689
31081
36012
28600
28691
26140
27224
27717
25923
35134
23846
29407
31562
30768
30737
33600
25618
25848
31650
29725
25158
34159
35781
23856
24734
27861
30504
19872
25391
30096
28597
36828
29158
26801
31658
35971
26899
29874
37583
24736
26189
24155
28700
31259
30820
32903
24841
28757
26246
32775
29242
20314
36500
31873
36689
24949
28054
29389
24034
26547
29942
30995
29825
28844
29637
34481
24582
30670
30310
21127
28350
23219
28633
32554
27497
34748
31639
34696
21083
28441
28628
23316
30981
30979
31563
29085
31918
28816
29425
27250
22861
24415
24039
33034
32840
29463
24700
28640
27732
29233
29627
28144
21259
38607
30471
30257
36586
36606
37873
28516
30473
28891
29121
25896
21935
31344
28117
31681
25614
31898
27627
31212
28239
29884
24749
30113
28674
25569
36025
29982
25732
27668
22133
30246
30919
31251
31855
34122
29531
28100
27958
30363
22530
33240
37610
28439
33919
27042
24060
29529
29801
29621
32246
28153
30750
29665
23802
25017
31304
25038
24297
37248
20367
30325
28945
27071
25507
29159
23707
30156
30395
26593
36494
24228
37433
35430
29938
29740
30859
30106
38753
30572
35653
30145
29979
29146
29546
20947
35710
30325
23563
24999
32346
26904
29578
24413
22876
27256
28649
30917
22288
31495
31614
27644
31292
27610
32516
30985
23838
29097
31176
28037
33350
31937
24278
28218
35620
34928
25942
25082
22741
29167
37847
27056
35385
23666
21598
33849
32907
23407
32708
26716
24013
23959
36062
27142
33676
27706
31160
25195
30207
30770
26291
34544
28324
23630
24856
24518
27050
24279
31374
34337
36807
29043
24117
26346
28397
35990
24102
30149
30105
23621
38059
24176
22918
25066
29935
30776
28564
25478
31112
35265
26047
21428
29290
25823
29466
33163
26546
29557
27785
26745
35505
25339
35681
31811
28691
31387
34664
27439
29362
34571
30400
32932
28948
21673
27213
29986
23218
32110
23429
29466
28544
28539
37785
30456
25657
33725
28697
28500
31130
25756
29461
32221
30603
34737
35570
33099
26559
30428
32502
24564
31100
33825
25066
32216
24345
29518
24619
25160
23762
35499
24273
23708
30707
36979
28223
27966
26175
29148
29775
28770
33278
25289
29963
28438
27554
28804
36597
35668
31959
28981
34580
33624
26217
34263
31474
21932
23903
29521
22679
31152
32569
27511
25509
25770
32489
29285
26174
27179
31461
20924
35987
30434
32428
29373
24087
32083
26750
31858
33857
23176
33149
30779
25145
26640
37694
28610
32934
24280
33408
34219
27408
38133
26590
26294
29291
24633
27674
24574
26353
29283
19729
28535
23562
23397
24883
26909
30447
28492
30105
21734
33280
30606
34505
27996
24698
28745
28955
20353
25268
26866
30593
34445
28202
26543
31030
35288
21625
20301
22243
29760
35509
32400
29521
29456
27342
32218
23625
38537
30203
37402
28010
26908
31330
30609
28756
31244
29305
27669
22733
25878
31541
27058
30839
29674
26019
36728
26671
28259
24954
30513
22414
30366
35458
26346
31226
25109
22488
21147
31566
23974
30082
29640
32797
38470
37121
32080
32298
23340
33093
31740
36970
28575
24204
30324
30839
32840
33004
31797
29990
30710
33470
32067
31671
28872
22923
32977
26864
34941
29323
27201
32660
33061
30162
30332
34288
30908
24202
26782
33554
27742
33879
23273
26190
24036
28978
29969
22160
33489
32340
23688
29831
32063
29708
23283
25323
30597
27211
28727
25523
31697
30623
23783
33449
30850
30773
24016
33876
28437
24483
27624
32724
21394
33560
23113
32865
32273
35703
37057
23028
26940
36287
27903
30379
28250
23458
32606
30369
33335
31424
24111
25607
31707
26263
35912
31164
30278
27361
26656
24077
28240
30702
31915
28321
36782
31309
30440
36533
24026
29821
37572
27899
35061
34113
28141
38425
31337
31893
35153
22331
31835
31120
32066
35915
28265
24777
32390
27557
24104
29653
25805
31925
25789
36920
29017
34369
24636
32279
35218
37344
29227
30100
27463
23785
38284
26341
27009
31777
26577
36410
34901
29741
26507
32917
28867
31508
30151
30175
27139
25913
24125
36002
33005
29765
26823
28731
30722
30890
27514
34396
33665
28523
29856
34628
30229
30619
22868
27034
27765
26153
23293
35110
22962
24824
27428
28474
24055
23217
31572
32114
32254
27597
23575
33994
32419
27106
33535
28874
27441
28095
24416
28630
34834
29625
24401
32919
26454
27960
29550
24043
31092
23522
32890
27089
37268
34474
27938
28871
30375
32943
33750
30660
32354
36319
28168
22909
30390
37678
32868
38312
24168
32698
26085
27643
23727
28928
29884
35784
27163
30316
24469
22353
34963
30824
24542
30744
22970
31671
34558
36465
25149
25377
27364
27416
34965
27345
36966
31956
33910
29340
29244
30394
32554
30172
25433
22559
30088
25215
22995
21201
37135
26094
31869
25504
27365
25453
33161
36603
28569
29558
29273
28321
26277
31420
27084
30723
30762
24954
32069
28044
32506
28497
29655
23042
35509
30179
27236
36655
29439
29699
31132
29156
28469
28739
31845
19982
35198
28619
25104
31141
38130
26872
30676
36590
22713
33416
29841
28433
24513
31889
30296
32659
30906
33767
33326
28569
24864
32339
30156
29954
30378
25940
29229
28524
31133
24907
30314
27026
31943
27526
31061
29776
30889
31681
33111
23814
30064
24732
26701
33553
26131
21554
26176
26211
28745
24812
32579
28783
31572
34122
36394
23739
27677
35591
28757
29985
27022
36177
25024
31213
20461
27482
24770
29109
33850
31826
32284
31294
30004
34606
19956
33388
24156
32801
29524
24089
32909
29899
26496
28627
21326
27475
29824
26196
26697
30163
27705
30423
33245
37946
29734
35368
30595
30503
36100
32181
27613
30079
29352
32852
21906
29476
32667
30767
35456
28380
21601
30374
35785
24555
28321
26494
33707
24010
28746
31874
29864
28851
32658
32633
30946
29447
24673
34032
34897
31150
27048
28379
30518
35306
21136
31312
28560
33386
38615
24852
26011
28867
26899
29981
26891
26737
25793
33284
26580
