88
65
66
30
55
209
287
54
35
40
57
72
86
63
34
31
73
424
172
139
93
66
206
280
75
65
36
120
79
72
34
15
89
57
43
57
229
26
46
25
57
51
32
45
61
73
75
160
61
36
277
231
50
88
75
18
96
31
76
128
76
67
25
12
37
37
313
81
55
9
47
51
305
360
38
90
35
7
67
91
27
14
80
18
52
56
37
29
153
28
146
8
42
44
34
257
149
68
25
59
35
80
56
56
41
77
81
23
27
31
57
32
32
69
132
30
34
235
54
290
41
99
79
55
85
40
125
91
28
51
77
26
40
48
75
119
75
206
15
57
28
114
35
111
92
50
24
62
47
94
19
65
62
78
115
26
29
80
17
25
66
54
68
443
27
34
18
48
28
59
20
154
104
43
87
304
39
16
89
24
50
33
138
19
114
298
186
290
37
124
157
90
15
40
31
61
40
61
99
69
39
70
78
191
27
38
14
71
195
20
81
21
52
177
129
115
146
124
69
456
297
257
79
22
32
231
37
61
45
26
14
256
71
274
50
50
60
37
56
142
16
287
47
48
9
121
426
506
7
296
254
30
67
55
188
34
23
163
16
46
46
63
277
309
108
139
62
52
57
34
414
29
466
15
259
31
227
217
32
76
21
50
150
67
29
84
219
95
41
433
60
30
266
40
37
79
71
84
68
37
218
56
33
45
28
66
21
15
55
71
273
190
509
197
35
202
54
81
337
40
169
45
40
39
19
58
37
81
44
30
60
200
81
17
425
26
58
117
116
48
30
265
42
28
121
193
78
95
21
140
29
138
348
24
199
56
37
442
128
66
25
51
38
237
198
46
27
19
211
28
88
53
62
54
58
27
73
119
73
37
112
206
59
32
52
193
31
128
86
49
107
39
88
116
27
141
434
284
68
165
276
28
55
19
39
45
35
23
20
41
139
80
209
147
37
160
40
116
22
419
128
72
59
69
140
31
22
309
109
25
8
55
37
33
72
75
292
39
68
56
206
21
149
42
88
57
126
27
53
49
54
36
32
58
28
89
42
53
44
235
273
411
99
254
165
170
30
26
25
30
10
32
216
46
230
170
31
277
145
103
36
38
40
211
39
42
43
15
118
29
25
182
96
29
117
160
51
111
60
23
55
68
66
71
87
48
30
19
31
78
51
64
81
29
10
73
39
38
244
42
45
61
307
61
92
18
64
48
16
420
69
23
126
84
31
47
82
48
58
46
91
20
313
191
34
26
38
80
276
142
226
112
26
218
107
141
76
13
184
167
47
17
31
121
30
277
307
186
232
54
40
417
97
48
27
69
29
26
79
15
42
39
37
265
169
60
82
54
100
88
43
102
23
192
214
136
70
53
412
35
60
27
96
131
17
43
68
34
40
49
72
45
43
34
25
66
23
112
21
240
38
44
80
424
168
495
31
112
194
33
57
222
204
46
54
210
37
28
200
32
128
52
71
20
57
58
41
269
46
28
49
19
6
24
24
27
93
19
34
58
94
38
54
83
63
21
27
26
57
322
43
10
85
32
18
216
129
57
50
281
147
86
206
55
28
236
36
76
54
39
32
282
43
129
446
31
85
130
25
24
310
16
48
69
34
36
62
82
103
36
69
111
269
102
116
71
62
31
11
198
115
57
36
27
55
90
86
44
13
18
99
90
96
46
41
58
206
216
27
92
70
24
47
214
40
13
24
17
138
42
24
51
300
113
58
46
51
63
71
418
199
44
121
56
130
179
33
44
89
96
43
54
83
123
97
33
53
56
33
32
39
438
118
15
54
11
25
81
439
63
31
45
21
28
266
36
28
64
325
105
37
62
11
24
64
43
31
79
108
76
193
19
45
421
18
130
31
39
124
81
266
35
63
44
30
49
31
35
45
23
49
30
34
86
84
139
75
43
10
39
22
22
324
118
58
219
488
40
102
82
65
31
10
136
82
28
61
27
33
97
68
26
57
46
30
76
19
158
12
39
80
77
137
42
20
64
131
21
30
104
108
40
39
20
161
47
75
34
29
22
206
31
21
25
23
35
31
35
86
29
39
17
99
26
323
48
66
60
79
83
99
176
74
28
128
294
179
22
45
130
259
40
50
19
36
108
83
31
29
54
88
36
60
57
305
22
59
57
13
43
17
49
32
44
19
26
30
65
275
110
32
58
206
107
19
136
20
15
17
44
118
63
31
54
93
34
31
197
48
118
80
64
253
93
55
39
14
71
476
106
12
39
42
48
65
325
29
38
41
186
205
72
