16
4
4
91
11
65
133
124
0
36
84
37
27
20
26
8
2
17
12
15
0
11
6
58
11
12
38
169
17
7
351
37
16
4
52
145
58
29
1
152
17
3
0
36
9
28
4
63
2
50
17
17
36
35
27
283
0
148
4
18
27
46
166
21
113
163
3
2
327
10
128
66
4
7
169
53
13
313
339
0
10
3
78
27
21
105
37
11
384
18
5
13
12
8
48
87
1
2
2
290
0
39
132
1
28
168
169
2
159
59
4
41
55
39
26
158
81
89
5
4
6
19
7
16
6
11
20
2
151
85
12
22
11
18
36
165
10
18
0
107
6
1
27
251
28
27
66
51
25
10
10
111
93
43
0
23
7
2
139
162
7
29
9
31
111
0
157
175
1
29
18
3
40
32
53
1
150
0
10
0
23
31
127
28
5
12
64
24
136
12
134
11
107
3
51
32
22
99
37
59
25
19
19
0
1
266
305
11
5
60
31
2
40
25
0
8
4
96
28
33
224
15
3
55
160
22
97
22
11
7
30
20
70
