58
23
36
58
22
43
59
16
23
131
33
62
156
48
55
60
42
181
93
45
24
97
53
29
53
35
26
57
13
30
104
47
38
52
33
79
171
31
129
16
328
23
66
48
30
84
194
43
21
35
25
482
39
50
59
69
33
37
10
21
185
347
34
34
101
47
96
62
43
70
83
108
88
22
45
14
40
493
82
8
57
70
12
29
24
11
25
24
23
17
77
275
20
23
51
34
24
40
10
119
45
19
38
77
34
48
130
53
150
28
627
38
17
54
50
33
540
283
59
43
27
21
49
150
56
46
97
44
79
39
492
69
85
495
132
35
72
21
85
501
24
17
12
81
65
18
84
13
66
113
98
16
14
41
53
201
74
53
24
29
82
62
177
32
27
34
51
95
19
66
79
20
226
66
95
16
171
47
22
63
16
88
37
45
15
125
64
128
54
89
30
62
95
52
23
46
32
22
267
154
161
25
105
38
16
75
27
9
69
164
223
24
524
184
33
47
69
22
53
15
83
311
79
122
46
95
34
112
155
161
70
29
170
167
41
102
292
162
18
434
36
35
47
51
15
70
282
208
35
48
27
24
13
78
80
316
31
34
18
61
111
119
498
13
114
39
42
94
107
187
27
587
41
115
238
12
142
200
29
59
203
512
19
37
110
44
109
76
74
483
22
201
26
126
40
99
42
148
104
20
36
53
45
31
34
38
26
58
41
173
26
73
14
64
27
175
14
162
41
24
88
85
326
41
53
33
28
72
155
83
38
26
130
29
86
77
47
10
78
25
479
21
38
165
25
95
87
19
64
34
27
14
47
56
88
56
52
44
69
15
22
67
40
66
649
200
47
166
30
44
65
17
28
52
133
8
48
86
49
46
37
53
44
24
55
102
88
93
140
48
19
25
17
94
7
35
27
31
24
23
69
77
57
56
63
80
17
520
27
42
12
52
229
171
64
99
22
6
67
31
53
18
44
67
48
295
83
45
17
52
16
43
478
48
35
30
110
40
107
65
48
52
99
25
50
42
53
97
473
34
26
121
85
29
304
44
34
66
63
135
84
120
84
17
109
22
37
83
51
15
45
22
34
227
48
26
17
56
69
132
50
35
23
25
38
44
21
32
48
14
31
44
41
99
108
190
228
15
177
85
94
55
143
62
143
28
158
481
38
71
37
30
497
159
33
35
107
90
14
55
183
56
64
49
33
308
21
88
14
41
84
502
40
81
317
52
25
17
69
537
20
106
42
28
126
265
28
288
15
15
72
21
13
144
346
54
46
81
21
95
102
45
111
38
288
48
133
160
466
21
32
146
41
54
64
297
41
103
64
45
492
32
48
55
36
166
16
118
20
44
62
305
555
21
17
15
151
71
299
24
97
34
76
40
29
17
161
44
200
52
91
87
16
278
277
19
23
90
87
76
16
37
28
69
36
89
19
28
76
109
98
39
21
93
132
16
54
75
202
10
73
185
318
90
29
30
160
91
34
63
67
146
82
53
27
66
47
87
35
28
91
15
79
11
48
110
24
38
58
34
39
278
114
56
185
82
35
104
14
75
318
64
329
77
84
42
21
138
217
12
58
214
309
28
47
24
40
36
48
39
29
49
45
33
37
69
36
158
32
59
65
181
42
32
477
321
46
28
55
40
35
25
10
66
102
76
492
60
20
192
39
139
208
42
104
43
66
31
226
76
50
79
54
27
40
83
41
94
13
24
26
147
60
25
189
69
38
91
170
21
35
107
31
25
28
91
90
25
71
309
78
54
17
21
26
30
71
92
9
46
91
212
74
92
27
27
19
64
501
52
18
21
163
26
31
79
20
271
83
230
51
39
98
180
31
47
84
84
105
58
78
34
58
184
44
55
152
26
469
234
17
482
53
19
24
121
22
18
44
126
60
52
39
87
170
33
30
172
19
73
21
23
46
87
205
33
75
51
29
124
533
493
20
221
30
132
17
43
178
46
38
164
18
29
48
244
39
593
178
168
218
81
163
57
108
21
312
49
27
133
145
26
44
369
33
148
128
48
37
184
29
113
465
39
84
61
27
105
183
328
119
44
18
81
63
41
22
101
48
306
17
35
61
21
27
39
78
166
143
172
145
310
18
286
544
488
37
48
116
491
7
466
204
154
85
200
194
84
34
101
98
41
57
125
50
57
64
72
196
22
199
11
140
24
54
30
13
95
40
77
26
162
17
24
49
57
64
85
25
22
78
22
176
56
24
55
27
127
468
31
26
320
96
27
37
112
52
38
481
34
20
506
10
65
36
335
93
183
26
191
