17
41
15
14
56
9
51
57
1
21
5
26
0
21
41
61
29
2
64
84
88
10
53
1
39
54
20
37
17
46
43
75
8
23
24
102
36
8
56
22
4
18
23
63
51
35
48
41
8
18
65
49
46
24
7
95
34
16
39
7
63
15
4
63
0
26
5
21
6
31
67
8
49
59
50
108
15
50
1
61
1
1
32
2
7
45
5
8
53
65
67
5
32
67
1
68
1
22
65
32
13
31
64
61
16
3
59
6
76
18
1
17
66
0
9
7
25
13
13
51
26
9
45
26
0
26
46
0
12
54
35
5
20
49
20
66
80
22
83
20
27
22
47
1
20
62
43
66
42
2
22
29
25
102
103
1
0
30
11
44
19
29
0
39
11
13
43
2
69
74
18
4
48
2
43
33
26
97
0
10
6
0
43
1
0
14
2
40
20
28
103
51
0
7
0
8
23
4
38
10
78
2
0
2
49
61
46
4
20
87
0
39
57
56
0
1
24
54
1
0
1
73
58
1
21
20
47
7
4
24
63
89
80
23
30
2
17
79
21
26
63
25
6
30
21
47
53
24
43
66
38
19
64
47
64
0
19
12
65
47
18
2
3
23
28
36
0
18
0
47
71
38
7
118
5
52
13
23
22
12
61
21
16
26
12
8
3
17
8
92
8
25
46
55
65
58
18
2
10
0
71
21
20
0
2
46
13
3
24
63
22
84
1
36
5
2
38
14
13
5
3
56
15
8
12
35
38
21
62
6
5
59
8
21
36
46
22
61
15
31
28
64
20
10
6
40
9
29
10
34
46
0
29
9
4
21
25
61
57
23
60
11
18
13
37
42
25
19
2
38
47
0
2
59
48
5
38
92
18
7
74
2
6
66
8
14
48
19
8
23
0
35
42
7
0
2
6
0
37
55
0
22
6
43
48
68
26
11
74
36
24
9
91
1
12
24
1
1
33
25
18
26
24
16
13
29
44
58
33
29
4
79
14
31
10
39
27
12
13
59
43
60
49
16
123
3
24
67
10
53
40
54
44
70
77
9
38
14
45
47
86
28
48
56
2
30
45
3
1
13
18
1
53
0
20
26
1
8
64
70
71
65
50
53
53
6
25
88
3
39
10
19
0
13
