20
32
31
26
15
78
73
56
102
6
428
110
23
30
26
0
96
15
74
16
9
39
35
3
91
4
131
100
13
82
33
27
38
0
24
66
36
28
9
12
19
3
1498
21
7
9
53
0
10
2
90
46
167
12
1
60
0
188
3
13
4
6
17
90
86
43
79
21
240
2
5
10
13
9
139
41
14
0
58
15
59
33
93
26
7
99
7
56
47
3
28
17
78
57
3
20
34
13
62
58
26
29
74
21
31
52
5
62
39
0
225
72
5
23
19
81
1
2
119
26
27
16
23
0
226
68
20
17
36
21
56
1
22
151
0
2163
8
126
75
6
25
41
73
82
48
684
3
109
1
11
22
132
59
95
13
42
5
32
74
31
152
66
24
34
11
2
91
39
14
66
29
155
2
135
4
68
24
162
37
36
26
13
9
15
0
161
5
165
32
25
7
43
12
411
0
94
144
65
113
85
57
1
31
7
8
81
103
60
13
594
88
23
51
206
13
341
0
30
0
48
12
22
9
47
2
43
43
80
8
65
589
0
310
251
3
451
85
8
106
40
1
1
295
46
143
3
24
104
38
961
0
44
12
49
0
13
11
40
29
15
238
25
11
7
25
0
48
41
9
127
44
11
35
95
30
12
41
71
241
177
5
38
3
117
41
38
10
13
96
26
31
3
16
22
7
75
6
63
22
97
26
107
13
170
103
121
5
8
7
44
40
316
0
823
90
13
20
19
9
137
36
214
6
124
94
46
0
1
30
94
34
37
3
7
11
16
48
10
10
131
6
158
0
15
0
120
16
11
49
36
23
21
20
5
3
22
169
9
371
77
25
95
29
143
23
59
6244
97
19
101
1
76
19
7
9
7
22
47
80
43
8
9
24
8
1
151
24
74
2
7
26
8
9
9
761
1
0
48
42
14
35
236
3
2
598
11
11
0
13
26
25
41
0
473
14
2
29
38
3
46
4
12
24
6
5
45
42
89
3
58
9
53
45
65
112
41
25
6
10
80
19
60
23
44
149
17
22
62
3
129
13
47
0
761
32
5
50
72
19
54
25
1
2
1
0
120
45
13
11
36
19
102
228
62
102
15
16
121
18
1
9
51
52
24
3
51
29
25
0
1
1
288
55
33
71
82
2
15
142
7
19
69
1
21
2403
76
9
23
71
7
0
55
13
47
182
28
91
25
21
94
38
37
0
1451
29
2
16
12
22
9
53
143
2
46
58
10
94
28
54
42
6
228
212
104
35
29
20
44
21
54
80
47
18
123
20
16
7
4
9
192
147
42
2
1
245
48
155
1
7
0
73
1
0
9
22
1
4
92
423
42
20
53
2
3
62
66
52
758
22
7
212
41
7
102
65
11
150
24
1008
15
1
64
16
32
9
123
18
48
39
263
4
0
46
21
16
2
66
15
23
510
23
43
65
19
42
16
0
50
20
410
7
0
17
17
1
203
23
70
43
45
107
131
27
91
14
24
0
22
1019
22
35
42
37
82
50
1
15
12
5
605
252
91
77
156
30
1
5
5
55
16
1
33
38
65
170
14
15
18
81
19
35
3
32
110
2
1
29
56
121
16
27
11
9
153
91
38
18
9
23
135
78
24
474
4
0
5
17
3251
3
2
52
79
0
24
152
15
149
47
68
115
33
10
65
129
380
46
5
136
35
37
49
14
25
1
2
47
96
62
60
16
11
409
58
16
6
81
0
5
25
1
286
51
7
14
5
437
26
3
18
77
17
587
2
71
27
0
8
5
14
37
37
15
87
20
6
98
109
86
4
3
6
1
57
26
19
29
168
48
38
18
23
49
13
47
1
35
4
5
17
14
3
13
1
26
8
20
40
212
55
0
14
2
2
34
23
129
19
9
71
0
374
35
104
13
59
40
84
54
39
209
69
1
13
24
77
29
102
28
299
4
46
145
5
186
12
68
25
19
18
213
36
41
65
15
144
9
16
10
0
196
14
2
14
1
3
59
22
32
44
14
8
2
54
70
86
28
26
225
12
102
15
58
65
55
183
3
55
117
38
718
11
10
386
39
66
10
9
3
114
63
43
2
917
25
10
67
70
7
10
4
24
63
65
3
12
27
78
29
0
1
0
14
6
19
23
67
224
8
127
25
29
9
34
31
37
86
0
0
23
2
33
1
0
22
139
13
34
41
24
57
26
32
8
24
41
52
21
5
13
19
125
5
39
7
28
14
171
49
71
20
357
228
27
49
69
23
16
70
12
0
27
25
0
20
4
10
24
14
1
58
13
120
57
189
31
20
99
5
3
18
38
176
10
183
7
220
102
11
3
49
23
87
3
4
29
0
15
5
31
36
25
2
36
717
42
4
14328
30
10
145
2
11
8
87
13
12
20
26
68
20
6
9
6
40
54
161
33
4
21
51
15
14
105
10
13
12
29
10330
203
2
3
14
8
19
54
67
40
48
4
78
5
31
60
2
22
19
30
27
27
6
19
2
15
7
35
44
52
352
0
122
77
47
7
172
26
46
14
115
363
35
98
26
14
41
8
7
2
77
10
0
151
75
25
7
1
0
56
24
21
24
203
26
11
1
4
19
15
18
1
89
148
6
2
1
10
18
12
21
5
18
2
11
16
103
27
11
4
129
0
23
13
103
0
14
19
243
45
9
177
12
110
1
85
436
60
1
2
72
31
35
24
18
7
28
110
77
17
42
76
16
15
7
3
61
13
61
3
36
13
27
4
7
200
41
2575
12
90
108
21
32
24
36
48
3
43
25
45
26
80
44
26
30
0
152
148
35
64
0
3
4
4
26
35
8
3
6
0
0
38
15
17
349
17
5
5
2
109
4
247
3
4
2
3
71
290
32
16
8
12
14
60
0
9
3
49
42
12
12
31
1
60
137
119
24
37
25
19
7
47
77
26
10
48
16
19
2
43
43
19
0
6
145
117
102
133
2
4
87
5
18
44
12
90
1369
21
18
70
26
58
31
39
108
26
1
165
5
50
200
31
53
11
0
14
34
73
3
71
74
536
107
37
25
45
3
35
28
5
47
21
15
22
33
54
19
15
14
7
20
15
25
150
2
74
0
0
1460
443
380
260
18
78
70
5
0
0
55
24
35
120
15
21
3
23
13
64
25
98
5
29
27
16
16
5
67
28
3
0
50
4
21
16
118
26
3
5
94
15
3
35
59
89
61
19
19
1
71
136
8
17
57
14
24
21
68
34
34
58
8
72
29
15
14
1628
29
35
5
35
58
2
308
9
14
15
143
5
50
48
160
144
42
65
0
38
283
97
25
26
647
54
30
69
0
4
53
75
10
0
23
31
24
14
36
62
25
115
22
65
88
108
41
25
43
3
6
51
15
7
306
0
53
29
37
16
165
3
16
10
15
48
62
63
190
33
3
1
41
1
3
2
2
57
53
14
20
447
9
38
26
47
5
7
12
105
0
28
21
10
52
3
63
13
40
26
4
46
14
59
2
49
88
36
1
2
28
13
14
6
39
58
13
2
13
40
24
65
98
10
68
66
6
8
51
2
27
61
7
3
79
22
131
45
66
45
143
0
265
0
65
13
2
0
278
4
1
0
26
107
3
7
26
113
39
172
47
5
23
4
6
0
52
3
2
76
38
60
35
82
2
23
56
2
29
9
5
53
78
28
15
14
17
39
31
7
82
30
2
6
11
34
60
7
8
21
59
6
7
5
116
73
8
27
44
0
32
64
0
0
89
70
34
31
1793
43
1
19
14
8
380
22
1
244
124
26
53
94
14
0
35
53
4
46
35
73
15
10
166
4
7
13
5
13
153
62
18
20
15
49
13
22
52
61
166
1
3
19
0
8
100
7
4
100
10
12
20
13
64
11
3
37
48
47
16
709
4
26
48
23
59
4
1
108
12
20
0
113
31
140
2
14
17
76
20
168
6279
10
69
22
49
5
3
11
2
24
58
5
104
60
6
69
2
12
50
34
425
10
123
14
6
2
5
28
22
7
22
18
10
65
71
76
119
45
35
48
0
39
1
8
91
28
62
65
4
39
115
135
34
26
2003
0
27
28
5
25
16
7
35
2
9
24
51
55
73
31
23
17
16
0
2
57
36
12
17
13
33
46
30
164
61
13
57
19
292
2
10
45
10
62
11
30
8
32
12
50
27
76
5
29
15
193
465
54
49
117
5
136
38
13
61
0
66
8
0
7
66
0
2282
39
1
1
92
44
29
716
42
1
8
2391
37
4
53
78
71
6
58
1
53
490
5
135
5
38
13
14
120
20
4800
221
7
4
70
2
40
202
1334
22
120
15
27
167
26
35
5
130
33
57
116
40
5
2
71
18
6
595
0
2
69
16
64
11
199
38
23
169
48
7
0
5
95
21
158
155
128
27
7
2
1618
1642
27
3
31
61
25
45
49
1
55
77
1655
25
261
2
0
65
3
3
7
33
12
24
27
16
48
0
4
46
16
16
8
187
18
9
41
70
8
11
12
98
344
5
36
215
21
3
29
0
304
27
0
0
1
6183
60
39
42
66
25
48
24
49
10
24
0
26
66
4
0
60
4
1
19
19
22
27
78
1
44
144
3
59
8
60
87
26
0
230
5
34
4
7
2
50
49
70
298
7
22
8
45
41
33
41
52
412
1
51
35
54
0
53
0
150
21
4
440
2
43
15
128
2
0
73
17
2
26
12
25
224
34
20
912
97
55
215
131
12
117
17
13
82
8
6
164
208
9
0
48
1
160
26
4
59
22
5
1
278
11
16
9
217
120
48
16
24
48
2
32
49
7
87
49
60
251
15
23
24
7
11
76
2
65
26
10
32
73
18
14
2
79
40
20
6
46
14
4
0
33
0
10
17
10
47
62
149
160
1286
142
84
156
3
35
5
734
4
16
43
70
70
13
6
47
35
20
6
302
62
43
25
7
18
2
143
19
57
66
11
16
32
62
31
141
40
3
3
72
16
61
27
121
17
41
27
2
22
46
76
91
2
30
0
25
26
47
15
238
178
47
1
19
2
0
2
12
2
78
0
11
0
39
13
130
52
1
20
10
52
22
9
39
62
143
5
25
11
18
38
68
19
0
4
9
23
3
114
10
17
54
16
136
54
34
27
18
20
2
110
30
2
456
281
89
6
23
20
7
7
68
91
3
49
40
74
12
23
770
41
0
59
15
2
11
165
23
1
1
5
3
24
120
87
11
18
35
12
91
85
9
2
4
45
13
0
1
33
15
0
11
146
6
60
4
4
109
9
28
0
50
37
63
79
1
228
10
2
16
0
11
32
7
7
11
9
9
45
8
96
1
113
11
11
8
107
68
39
86
18
86
212
68
20
23
73
350
18
119
17
333
36
1
186
35
124
61
144
13
2
39
18
6
7
11
20
2
30
7
86
28
96
16
41
60
5
44
18
47
153
166
6
17
27
23
16
7
53
16
22
36
42
136
0
149
0
46
7
0
78
27
304
36
33
17
35
208
0
107
1
3
1
40
12
16
61
155
22
15
10
91
39
12
29
39
47
10
86
59
66
0
44
124
27
18
77
19
229
47
9
7
8
286
39
9
11
81
27
98
7
88
357
0
13
115
29
6
17
95
60
129
771
41
4
423
11
0
131
37
80
84
4
5
54
0
1
422
1
18
10
111
11
13
79
7
24
13
2
39
32
140
178
4
183
11
0
6
45
19
87
31
31
404
37
277
125
8
28
1
26
16
4
14
48
29
41
2
14
45
26
9
1
51
555
55
5
4
195
1
1
19
4
119
59
29
61
75
12
154
110
83
7
1
2
66
25
36
4
18
54
39
23
199
21
17
37
27
0
2
150
55
39
34
142
26
46
2
41
45
155
29
27
0
1082
0
62
307
284
58
4
58
6
14
520
2
1807
12
112
43
0
6
126
7
1
18
164
2
51
6205
0
8
34
40
9
24
101
78
33
23
56
13
136
3
17
0
2
1
215
6
268
62
3
4
9
9
17
0
15
12
42
51
70
21
66
33
12
42
0
61
12
5
2
61
116
5
38
34
0
32
21
45
5
12
43
10
492
0
0
18
15
26
12
47
28
2
67
5
0
5
20
32
174
8
84
36
47
8
68
44
55
166
2
24
0
28
82
29
22
5372
172
3
13
83
31
24
20
14
185
50
0
54
20
13
74
0
27
27
75
15
168
80
0
54
26
91
3
81
0
51
6
31
62
42
3
1
54
182
5
29
13
11
45
25
4
162
2
6
31
46
2
5
304
132
39
27
1
247
5
45
147
10
3
70
3
25
8
12
0
80
6
175
41
176
68
32
48
102
39
21
22
7
11
22
6
0
0
0
85
164
0
318
51
152
50
0
25
11
22
15
6
50
5
93
8
61
3
36
31
41
9
30
0
5
24
34
159
61
41
2
10
11
8
176
55
94
57
16
11
42
0
1
4
92
12
31
59
37
63
2
1
44
15
2
26
32
660
127
13
13
8
1
22
277
9
1
161
19
15
34
9
51
1
110
37
34
92
10
94
142
20
57
12
18
4
0
53
22
10
83
32
19
48
290
27
67
41
11
16
2
19
30
99
32
18
5
4
157
34
10
5
73
59
12
156
31
9
77
1
12
22
2
4
12
21
173
38
123
8
4
21
149
105
27
80
13
20
1
1
9
2
0
51
8
11
43
62
65
27
68
81
16
40
122
1
11
1
0
265
119
18
37
12
39
2
59
5
224
29
10
36
38
8941
48
479
21
3
3
8
168
9
15
26
14
106
37
15
10
21
30
52
89
5
3
39
219
7
31
0
0
5
187
3
15
61
217
32
3
21
10
13
48
55
79
48
28
8
21
150
1
5
15
23
7
32
90
28
38
9
32
113
59
24
114
39
205
46
21
0
9
28
48
43
38
87
13
7
5
92
51
9
30
336
12
93
177
0
14
83
39
8
3
70
40
8
429
244
0
18
18
22
4
19
41
6
12
5
7
51
57
9
1
166
1232
8888
411
1
16
40
30
38
43
45
4
3
6
39
7
0
128
20
29
19
67
28
26
14
24
9
22
74
50
151
34
15
34
11
29
29
4
12
19
16
12
0
42
10
50
18
18
5362
6
10
68
2
9
40
8
71
54
8966
283
60
3
3
222
8
1
14
15
17
90
87
180
8
7
17
16
49
87
11
21
15
43
69
44
30
10
77
15
6
28
45
40
88
32
7
79
56
200
160
44
46
22
7
3
68
502
71
105
142
54
2
0
32
6
16
22
146
46
55
5
29
135
1
48
4
29
24
119
127
10
35
168
15
1
14
5
38
0
234
23
5
90
9
178
20
49
16
4
18
18
4
50
40
22
125
32
82
80
24
55
11
12
54
73
21
23
94
22
31
0
51
35
46
14
203
38
38
56
29
35
0
2
58
29
12
22
91
0
19
47
42
63
43
1
11
4
4
56
7
229
75
32
4807
92
36
14
26
27
32
73
34
28
29
35
60
0
463
29
19
5
14
17
2
185
0
41
31
22
185
12
4
12
9
32
17
32
162
57
1
30
32
109
0
57
20
87
281
0
35
31
65
27
123
13
90
8
6
74
10
0
14
34
14
20
18
15
19
43
121
0
18
98
64
8
5
14
5
1
1
20
12
773
83
21
8
3
69
1734
2
2
0
224
70
1
2
19
33
68
3
15
47
5
12
18
4
5
40
1
35
36
0
26
0
39
14
35
2
31
25
91
48
7
7
144
6
4
28
7
14320
1
93
146
53
83
11
51
24
218
62
1
63
4
12
33
2670
7
0
43857
5
8
52
1
39
102
8
0
1
0
45
9
178
135
15
7
29
52
193
28
15
7
111
0
0
69
86
27
24
12
31
28
344
62
26
23
15
88
18
79
0
171
37
4
139
11
2
2
13
10
28
79
15
29
8
107
31
8
36
20
24
74
116
11
44
11
13
4
130
66
0
6
12
3
17
1
12
54
47
63
0
29
51
56
482
151
28
49
41
36
1
0
19
24
1
0
29
26
30
33
15
32
57
50
177
2
8
619
96
118
18
18
40
48
6
2325
35
16
71
20
17
16
197
2
12
17
73
35
22
0
64
11
70
3
11
46
95
1
28
5
2
14
6
67
17
49
67
33
19
67
82
41
20
9
57
8
59
15
9
19
29
15
1
30
4
4
35
15
15
14
11
26
22
1814
32
45
31
2
27
26
27
9
137
127
7
117
5
22
14
48
20
83
0
20
36
2
0
8
5
19
91
10
52
26
20
3
3
18
49
63
4
74
7
0
117
71
128
10
11
42
11
574
1
24
39
0
5
37
25
48
5
126
201
11
70
1
3
14
19
34
2
10
112
194
118
400
9
10
15
29
17
64
37
1284
14
35
16
10
13
21
9
19
1
18
83
693
13
20
9
32
10
42
2
12
0
30
33
4
62
6
58
22
80
69
8
48
17
30
44
102
7
27
63
675
12
19
2
49
71
42
15
184
8
36
251
1
8
18
0
49
593
74
1
20
2
23
137
16
5
35
3
35
45
74
57
15
9
13
0
86
97
24
3
0
44
288
0
17
62
22
10
42
32
70
3
49
5
122
10
56
32
95
10
4137
13
52
19
37
11
6
230
121
2
31
0
43
1
30
79
5
235
15
14
94
38
25
97
13
7
15
18
30
47
85
41
8
103
46
54
137
244
47
52
102
48
37
27
3
34
21
29
2732
18
56
88
8
62
64
48
22
14
156
1
3
181
3
27
2
33
70
62
6
20
64
7
4
33
10
5
112
37
60
37
55
100
5
74
33
11
20
43
47
516
0
81
60
7
144
92
60
1
105
13
85
70
38
30
233
15
59
4
45
19
240
52
12
78
1
19
4
10
51
44
2
21
79
26
4
34
39
54
28
4
3
218
1
1
11
6
11
13
22
64
42
2
133
14
0
2
1411
3359
15
15
101
48
151
175
139
86
37
19
25
1
6
6
0
53
25
12
12
201
18
27
143
33
1
24
68
72
27
5
160
0
28
77
83
3
10
105
11
30
54
24
288
42
23
22
18
5
1
12
35
8
32
0
1
24
10
12
14
3
0
68
75
95
5
5
26
51
0
235
0
33
14
71
32
40
4
82
10
6
91
29
68
40
6
21
200
221
0
17
108
7
49
3
14
25
1
11
62
25
13
14
65
19
96
33
33
217
110
9
5
243
245
12
9
75
26
2
15
91
5
17
79
113
169
1
2
21
19
21
65
44
95
55
23
125
35
41
269
21
70
77
75
1
27
5
73
28
211
117
0
35
0
15
28
31
2
30
6
522
98
157
101
10
1
3
16
45
4
76
9
1
0
41
54
2
24
2
46
46
52
0
86
45
8
15
106
460
2
15
33
15
9
38
296
86
273
13
4
116
27
1
1
17
4
17
16
46
0
6
4
15
15
50
34
151
0
4
81
56
54
135
3302
35
27
12
45
15
148
39
17
16
38
8
5
41
10
22
16
1
118
15
617
10
3
13
27
75
2239
70
24
33
50
364
10
14
1388
28
8
6
57
4
32
26
48
45
27
373
86
0
2
6
53
36
3
44
15
3
14
2
5
0
3212
73
147
0
22
56
0
2
150
47
20
1
69
5
0
36
70
10
6
25
21
14325
9
5
5
15
55
17
58
41
34
128
14
133
9
160
125
34
4
43
34
6
32
1
0
190
234
61
112
7
79
39
26
9
95
34
0
17
15
58
27
36
102
66
3689
26
44
0
17
23
13
16
118
53
197
13
4
49
4
80
22
130
37
14
29
37
22
51
10
23
2
22
11
231
24
6
99
242
35
20
319
1
34
19
6
4
227
49
74
45
62
45
7
9
8
14
3
2
12
207
190
26
18
4
79
22
190
59
31
4
23
17
26
39
10
37
25
7
18
17
48
53
45
453
40
74
20
10
22
86
34
0
34
2
288
34
25
6
221
2
58
1
18
18
279
97
19
2
232
29
94
0
101
22
52
6
241
15
13
106
74
86
3
30
0
2
0
38
709
7
152
22
11
6
53
10
19
12
52
12
34
41
43
7
8
81
22
215
228
80
1557
53
51
10
44
24
25
15
11
280
13
806
75
1
15
5
13
18
27
26
2
1876
13
6
9
5
19
2
143
33
26
29
76
89
15
8
38
30
52
192
30
5
10
0
45
27
137
12
42
8
5
6
8
11
20
9
21
937
15
0
8
22
25
8
17
53
61
27
28
6
1
37
21
65
26
59
174
46
13
48
61
388
0
185
10
32
17
10
19
0
99
86
27
54
9
23
15
435
546
21
10
2
2
8
10
28
19
44
49
214
19
40
65
29
122
25
23
92
13
70
98
43
12
19
31
13
3
41
153
4
203
0
53
10
9
23
126
153
213
7
26
89
34
17
4
45
72
10
34
115
72
2
14
127
2
8
19
167
15
0
53
0
34
46
48
18
42
18
1015
64
41
500
67
165
39
13
15
8
4
49
22
14
2
64
31
90
78
20
19
28
20
16
320
2
3
8
37
5
38
54
46
2318
7
1
35
55
1182
180
8
31
108
30
12
2
1
7
12
24
106
22
75
3671
32
27
25
324
8
1
2
17
13
138
33
49
19
18
208
12
47
33
30
16
3
11
10
47
118
7
4
58
8
53
209
3
91
44
12
461
57
52
168
72
11
23
155
46
57
7
29
9
22
9
8
121
15
1
33
228
25
19
11
15
34
227
27
4
284
2
4
383
10
12
5
39
22
3
379
15
2
32
276
63
10
10
8
1
11
35
101
22
37
1
10
34
2133
65
68
8
0
26
68
116
14
2
1807
7
1
123
24
0
21
38
0
54
33
26
5
39
25
20
77
7
122
24
74
16
5
69
11
3
0
190
30
2
15
72
16
70
18
10
102
30
10
292
23
60
13
18
12
30
26
0
9
5885
23
108
5
13
15
0
103
29
104
166
12
8
17
16
19
20
23
62
197
21
26
35
146
2
26
20
4
65
42
4
25
62
12
12
119
13
71
50
73
31
32
34
28
4
18
48
65
14
158
139
12
309
14
2
113
4
15
25
13
19
0
86
34
16
76
102
0
62
23
33
0
3772
18
1
25
23
19
11
29
6
240
35
205
16
51
16
3
0
72
9
5
0
16
6
47
803
13
2
70
6
77
111
130
50
6
2
55
30
38
15
12
10
2
72
47
90
451
15
1
3
9
19
5
3
17
47
39
53
52
22
0
58
0
40
5
22
14
68
2
12
3
48
61
3
37
2
12
22
14
4
54
12
72
14
6
2
66
0
259
3
37
383
9
10
3
63
60
2
57
21
35
90
103
28
90
4
70
4
6
119
48
0
7
3
33
102
8
81
61
95
23
76
32
21
51
2
21
25
3
57
15
34
17
99
42
4
31
40
300
102
43
60
1
24
102
38
19
42
73
23
114
18
67
413
83
86
15
74
29
8
46
42
82
22
76
48
27
5
18
41
0
6
77
96
57
71
18
198
12
240
9
136
36
9
233
1
11
23
40
147
0
38
166
21
26
5
8
28
23
50
0
41
248
3
26
21
15
19
5
38
226
20
7
7
29
43
122
4
62
3
83
58
20
3
9
1
13
34
58
17
102
57
43
20
1
0
68
49
27
6
45
119
1
5
100
4
0
3
18
78
33
45
179
69
334
74
37
7
55
2
6382
1
9
39
19
388
76
19
17
404
24
8
17
228
15
1
37
44
23
926
89
22
240
34
36
26
1411
7
47
10
47
3
21
134
136
416
12
2
49
13
671
184
14
1
8
0
28
8
6
1
6
181
158
118
104
62
42
61
268
536
10
52
37
96
14
55
14
22
123
110
3
36
5
1
16
94
6
67
212
1
75
16
23
282
28
51
68
132
154
22
23
0
69
36
74
38
55
11
47
0
79
0
36
279
135
74
23
8
9
6
240
0
7
4
56
2
71
0
36
63
1
34
34
55
1
18
51
19
157
52
14
6
48
8
204
25
3
13
29
90
5
265
6
70
264
9
278
1601
67
26
222
72
11
196
167
18
4786
29
23
14
18
11
19
32
95
57
213
74
15
41
2
0
78
16
7
52
2
176
2
27
34
7
17
1
17
92
21
42
85
60
9
731
79
2
27
15
446
0
16
16
25
44
82
14
180
2
133
85
14
33
21
22
30
55
7
145
7
17
1080
128
7
7
18
288
110
8
7
19
30
15
34
74
5
100
102
114
15
12
23
92
19
89
34
43
5
418
0
195
3740
13
31
651
166
27
3
2
7
36
2
59
1
39
6
25
264
23
1
51
30
674
2
0
46
79
151
36
7
0
143
68
55
423
0
41
102
60
9
138
22
10
18
5
91
7
19
10
36
3
2
24
5
32
6
53
248
44
130
14
14
108
22
1341
37
6
36
13
18
8
41
25
15
20
0
19
57
9
90
20
304
3
110
25
55
148
130
35
61
37
69
88
44
223
28
26
2
59
1
15
4
188
52
31
116
0
163
3
5
23
34
23
26
20
48
1
0
13
323
62
0
1
38
5
72
138
26
56
36
5
27
140
145
3
33
33
2
146
77
8
19
33
49
18
60
0
0
43
6
55
19
33
67
102
18
14
11
75
22
153
16
6
24
15
13
27
12
15
14
13
8
61
27
6
44
279
14
41
11
410
5
70
104
3
35
36
12
2
18
106
44
51
1834
29
0
7
2
13
14
8
22
21
12
2
6
4
72
0
19
67
24
6
21
46
53
21
71
157
1
77
27
33
31
31
376
39
159
39
2
8
58
214
27
29
27
2041
1
153
349
33
224
2057
47
34
27
5
7
30
11
1
33
30
180
2
78
25
3
13
7
63
27
3
41
4
613
0
15
10
45
0
6
7
40
263
26
210
76
0
57
7
1
39
1
100
82
472
1
4
37
16
76
48
0
204
26
5
9
80
30
30
193
27
17
107
241
19
1
61
0
55
0
134
25
55
5
5
4
54
0
7
8
11
95
2
49
42
117
196
17
4
112
25
25
82
287
17
1
59
36
23
15
98
369
38
60
1
27
30
8
5
25
5
22
0
122
67
10
12
22
106
6
46
1
72
47
7
54
70
47
12
782
90
73
0
15
41
61
22
55
3
0
0
0
30
21
0
4
9
47
386
8
25
70
34
201
29
45
12
57
8
8
647
2
30
8
10
3
32
46
7
189
45
23
74
644
40
0
135
111
48
150
5
84
43
7
5
2
33
0
26
6
70
97
91
0
160
23
96
202
17
81
45
0
2
349
4
9
64
24
16
60
16
11
32
19
10
196
64
21
201
7
55
1
2
1
28
67
2
22
68
24
92
46
11
11
30
174
43
0
35
14
87
17
99
23
79
107
13
2
17
63
12
7
4
1829
140
50
1
8
139
11
1
18
4
81
0
24
33
25
0
19
42
75
48
5
9
34
5
27
47
960
95
126
39
201
449
102
30
67
1
89
22
39
3
30
126
15
5
17
13
127
31
3
121
11
10
31
397
93
4
712
11
186
5
40
37
0
17
17
157
0
0
31
776
3
40
15
73
34
42
5
6
86
23
66
23
34
20
27
18
59
33
24
41
23
85
12
37
10
22
1
20
13
3
16
0
116
344
1
24
161
5
14
19
41
138
78
150
23
158
31
12
8
0
44
119
54
0
37
34
0
443
8
35
4
45
86
126
19
0
66
2135
75
3
97
423
27
4
122
33
55
1
34
1
112
0
30
197
32
83
21
13
17
7
4
46
18
418
63
57
0
48
135
6
8
25
105
1
56
134
59
0
4
5
77
1
36
26
16
22
26
1789
8
20
23
21
103
14
77
64
39
1
128
12
45
6
73
46
22
63
82
225
40
15
32
38
10
89
0
3
70
103
42
20
3
2
2
1
623
2
3
638
4
12
193
37
106
41
73
113
68
125
2
14
58
16
192
41
2
0
5
625
26
78
220
93
49
0
66
4
56
8
29
70
29
9
2
22
5
175
38
14
28
7
351
2091
5
282
36
2
25
43
0
70
202
12
38
179
43
33
33
85
21
13
5
87
321
36
11
207
73
177
29
6
1
84
12
26
50
23
84
0
455
38
46
5
19
4
1
1
13
124
27
123
13
26
15
15
25
152
46
5
22
37
116
38
9
35
7
7
15
18
56
53
14
151
19
15
83
0
61
26
193
11
70
4
3
45
3
14
4
92
1
26
16
3
72
1
54
7
13
2
0
18
10
437
11
4
19
21
4
27
49
17
34
4
37
22
32
42
16
7
12
6
41
65
23
26
42
2
15
38
31
70
3
2
8
43
3
90
4
9
14
17
12
21
29
0
26
68
20
24
1
31
6
36
21
43
79
2
27
166
43804
0
15
30
26
228
290
1
2
29
154
316
64
59
3
27
406
1
52
37
39
95
36
9
30
8
49
0
145
73
36
12
59
23
17
5
99
45
0
2
144
81
46
121
229
9
0
0
34
0
97
4
54
2
176
11
53
408
24
1
29
75
9
30
38
136
30
6
27
17
112
29
20
25
11
0
88
7
27
25
30
29
1
3
95
724
5
346
17
123
68
7
16
10
62
110
26
10
51
32
6
2
32
193
234
86
26
10
5
120
395
8
12
109
334
30
14
14
48
34
65
39
36
9
30
5
35
4151
48
0
11
120
66
3
0
31
8
38
45
88
19
112
287
16
62
387
12
12
61
3
60
24
36
167
18
0
8
1
37
13
34
20
5
9
17
17
44
29
17
10
17
7
43
19
18
176
16
31
10
15
15
25
195
1
4
63
28
82
41
0
16
6225
14
2
1152
43
0
52
8
23
97
4
20
110
138
82
2
212
29
21
9
0
0
24
13
31
17
22
26
10
266
8
90
1
58
54
30
98
83
41
39
1
36
242
11
27
5298
150
35
7
176
50
30
178
1082
3
32
23
52
1
47
281
44
3
47
38
5
58
13
9
1
39
0
22
81
79
136
52
55
120
246
9
85
7
0
52
30
26
34
18
6
19
30
160
38
79
8
54
12
12
21
26
31
48
52
23
0
23
12
3
173
12
5
0
19
11
57
1
46
2
0
154
19
1
47
21
3
16
19
138
36
4
39
19
33
7
31
7
374
31
75
36
6
80
7
1
17
18
51
15
1363
72
21556
0
326
61
51
184
23
6
59
81
72
16
14
16
100
33
38
36
48
45
28
16
157
29
39
46
6
26
47
111
30
11
302
3
67
25
53
117
72
0
1
7
23
24
42
3
27
19
77
0
15
40
26
2
13
13
53
7
22
138
374
29
5
8
19
37
6206
57
10
29
10
40
10
2
20
0
190
5
71
10
12
704
32
4
62
19
391
5
16
25
4
22
0
2
16
14
26
32
51
116
44
313
32
91
11
36
9
293
31
14
22
0
6
353
0
17
13
117
130
90
298
184
6
38
16
35
3
294
61
4
114
17
545
70
105
14
18
19
29
3
1
0
81
46
157
68
27
43
97
5
51
19
85
5
134
4
28
26
140
18
1
2
11
475
122
161
0
34
16
41
112
209
125
1
47
4
9
29
124
11
103
459
71
35
27
54
59
56
78
10
9
172
51
242
0
16
277
5
24
10
8
170
0
14
18
7
9
0
58
0
28
4
0
1
25
170
63
45
17
31
17
3
14
46
36
6
46
12
6
39
12
10
10
73
41
17
35
12
15
42
52
23
0
244
68
16
25
42
0
53
0
115
21
21
16
7
9
11
33
8
64
54
39
9
107
86
6
1
29
43
83
2
7
27
37
13
12
16
12
101
3
1
11
8
4
20
35
21
68
57
5
31
15
16
1
12
1
44
26
9
37
56
861
20
1
2363
47
28
14
12
154
44
162
0
44
0
33
14
2
94
9
15
58
108
30
17
7
101
10
1
2
32
5
37
11
4
13
6
24
1
74
75
30
5
106
131
75
5
26
7
1
14
140
2
0
33
80
1
503
37
51
60
93
19
12
71
16
20
8
34
70
107
162
0
53
33
62
11
67
0
43
32
5
2
91
42
54
35
4
33
5
69
31
31
12
34
72
14
108
36
14
1
31
375
2
64
609
3
671
16
3
18
15
300
25
12
18
18
0
92
150
16
14
202
348
12
55
44
97
33
1
3
17
91
16
30
23
13
10
24
21
19
12
37
30
3
16
75
103
11
1297
109
154
55
4
21
6
3
22
4
33
52
8
6
7
0
37
522
62
12
103
23
63
0
30
70
17
0
13
59
170
140
16
13
0
83
26
0
43
215
6
20
218
216
93
19
29
16
15
86
46
42
6
102
19
5
2
30
8
553
1
83
52
23
34
13
16
91
10
0
25
2
5
56
116
20
379
49
3
30
46
64
19
3
5
103
53
6
7
16
70
35
413
2
186
17
107
73
62
14
250
156
0
18
2
211
11
3
61
27
38
97
21
199
11
29
44
6
67
0
46
0
47
174
82
12
6
73
4
127
6
61
7
3174
6
177
49
129
115
11
14
90
6
69
44
25
40
129
14
23
48
1
85
167
19
8
49
3
92
18
22
16
3
16
47
31
234
53
6
70
20
8
4
8
81
1526
18
8
3
15
26
21
17
30
52
22
156
54
16
48
79
28
176
9
56
36
4
34
89
9
42
26
36
6
43
6
57
63
19
21
418
183
24
76
6
128
113
36
16
7
26
15
3
0
38
71
31
919
16
25
24
3
19
8
1
50
9
56
49
28
5
3
7
13
107
24
16
11
158
13
2
112
105
10
3
4
4
77
567
51
24
60
61
51
10
89
44
13
974
16
38
82
20
0
1554
7
3
674
32
10
7
5
90
47
2
39
0
102
28
161
9
6
51
0
45
33
76
36
1
161
24
228
8
778
127
118
13
41
115
21
3727
178
38
22
70
12
235
26
5
94
138
21
40
0
3
8864
44
51
0
18
132
13
39
20
24
3
20
9
2
44
1
4
5
27
7
26
66
11
22
30
107
49
0
12
62
8
13
14
80
77
23
33
48
73
62
76
13
15
57
24
64
0
7
51
9
38
19
0
46
97
586
70
55
41
27
19
3
63
26
0
26
45
0
33
193
3
2
9
106
52
10
21
52
0
435
28
29
70
33
16
59
55
36
334
3
0
325
10
14
22
94
1
20
5
61
76
8
5
22
43
37
0
7
11
81
34
2
14
2
92
9
157
42
14
16
288
576
32
13
58
16
60
112
37
328
33
5
5
37
43
23
145
209
38
159
54
4
221
5
58
18
0
1
4
45
32
89
10
64
460
83
23
83
5
45
4
46
93
146
8
31
55
90
166
7
7
13
203
6430
8
25
118
20
0
9
47
188
47
26
46
181
14
0
57
6
105
32
29
0
1526
2
12
27
20
28
35
5
72
29
11
9
5
99
49
2
201
57
16
824
50
9
9
8
80
8
16
25
8
23
107
8
80
426
8
40
34
12
27
1
22
22
41
86
2
38
83
4
25
3
54
0
36
45
11
0
99
1
186
68
12
80
136
259
36
8
0
7
61
0
1
8
33
68
283
85
27
7
32
73
90
0
270
33
16
209
3
36
75
40
0
2
46
20
113
21
288
23
25
545
2
14
7
27
0
13
37
12
9
23
35
2
47
2
11
14
169
68
18
8
9
62
6
6
4
58
130
46
33
18
20
26
676
10
75
17
31
2
4
2111
1
400
27
27
13
275
54
0
10
9
39
27
15
31
196
12
27
597
4
9
2
43
67
14
82
45
27
5
113
27
178
97
770
54
64
4
78
4
247
28
8
81
13
32
24
25
4
15
23
18
136
4
194
103
148
10
437
17
63
24
9
29
48
34
2
17
20
7
378
44
2085
778
12
82
448
30
2
40
428
32
20
89
57
56
50
94
10
302
81
47
378
14
71
35
67
13
20
42
540
5
37
28
212
15
25
19
75
40
56
138
11
107
1
34
59
2296
17
35
1
20
1
30
195
1271
96
42
202
7
4
0
23
14
306
43
30
438
226
35
7
46
15
26
13
55
304
4
8
8
34
0
531
7
63
61
195
0
84
23
11
30
19
31
200
16
27
21
1
5
92
23
81
17
39
64
44
23
17
22
16
10
45
0
16
114
31
50
4
82
6
45
23
39
0
51
55
46
18
603
28
65
29
11
27
6
143
29
15
64
9
74
17
1
0
34
410
32
6
6
1564
0
8
20
23
22
27
58
47
56
64
1
6
3
354
40
4
12
8
27
5
15
33
44
45
58
55
20
11
6
23
75
53
35
29
24
3
46
0
204
38
117
32
89
18
4
1185
108
34
134
13
1180
42
2
67
118
86
17
27
6
5
17
124
222
34
52
1
2
0
6
6
3
4
14
1
8
4
8
25
0
3
30
8
122
24
27
38
6
0
7
13
32
6
0
8
1442
92
22
59
4
7
89
45
127
5
29
89
211
199
19
9
50
241
13
39
31
2
29
26
74
29
53
189
106
10
0
37
0
105
6
74
42
0
0
22
64
33
10
1
178
44
10
24
6485
147
37
8
1
14
26
15
125
2
96
1
57
135
3
48
73
112
0
26
2941
2
52
20
50
197
14
24
36
10
4
2
30
83
27
73
7
16
40
104
194
40
35
57
53
43
78
2
59
33
91
8
25
13
19
27
83
46
12
0
241
44
145
80
95
10
28
31
56
64
69
24
11
878
67
13
9
22
487
5
5
91
31
8
35
40
13
31
2
0
20
252
60
6
14
7
54
4
11
32
16
7
40
26
35
41
11
27
20
7
2
12
22
7
3
48
45
40
37
28
32
26
7
26
13
226
47
16
13
48
97
23
24
3
5
23
118
22
77
74
34
23
95
19
34
6
3
38
132
3
50
5
42
0
439
66
2
18
87
42
103
32
83
10
61
1
0
1825
118
40
1
5
46
119
102
5
55
37
5
1
1
48
41
75
4
22
3
12
2
66
7
4
5
0
49
0
0
32
37
10
7
13
2
158
14
19
23
84
122
40
0
55
398
9
32
65
38
2
1394
41
63
14
168
78
1
197
20
0
1
1
26
0
0
134
3
4
2
37
18
12
9
77
65
33
485
590
0
41
108
41
86
191
21
19
90
215
18
8
67
6
29
39
39
8
59
21
116
6
24
105
20
79
13
60
48
1126
50
1
0
87
17
311
2
1
14
49
6
38
70
3
8
23
28
95
37
536
14
68
31
232
45
70
201
23
33
12
15
15
14
6
120
37
20
51
0
30
36
25
1
29
116
78
27
16
18
29
40
36
16
246
27
20
23
61
160
1
7
45
119
0
10
9
87
16
55
0
5
14
273
17
115
2
19
9
94
133
35
17
3
28
8
739
4
47
35
10
30
34
99
6
12
6
1
5
19
352
1
56
47
9
12
18
10
4
2
10
146
81
0
2
25
1
46
29
1
14
790
61
0
65
83
49
32
184
22
50
18
7
73
165
0
5
137
0
63
5
5941
663
64
64
6
32
21
17
133
29
4
59
16
71
11
17
45
73
101
21
61
1
56
44
52
78
23
126
44
5
3
560
14
113
59
148
12
4
62
40
22
181
0
47
20
5
12
91
6
45
17
13
3
50
409
26
13
66
33
18
0
8
9
2
2
85
26
63
134
85
32
60
251
66
350
78
23
15
226
38
6
9
21
15
6
16
49
7
17
34
980
13
24
38
0
29
3
36
14
11
56
574
164
135
21
79
33
3
47
54
34
83
0
5
54
30
98
43
27
29
23
724
20
45
28
9
4
42
3
53
24
17
102
16
18
4
57
39
64
34
19
0
0
58
33
43
14
5
3
215
10
90
11
14
25
19
8
1
232
16
24
32
26
75
46
52
19
47
22
36
19
0
6
157
86
11
41
26
88
13
75
5
30
0
28
2
64
29
415
38
1
0
13
48
61
6
18
0
4
2
35
97
85
4
480
6
65
34
81
0
33
76
7
4168
23
372
108
27
4
25
21
138
43
60
7
51
0
114
18
3
85
13
412
17
28
39
93
64
27
49
23
134
16
7
58
25
443
18
42
62
17
35
2
28
93
1
59
72
49
86
117
10
8
26
40
37
1
63
14
104
1
154
54
12
8
308
6
79
45
140
42
7
2
38
72
14
52
21
63
68
28
86
50
0
14
106
146
1
5
11
14
52
27
24
8
0
28
4
39
161
38
50
3
22
54
71
4
20
39
32
76
1
22
86
10
0
16
6
28
26
16
15
118
0
32
182
19
125
20
1
136
74
47
5
221
17
77
3
5
12
2
30
27
17
11
27
14
11
17
14
4
2
4
7
6
320
75
6
24
67
52
63
25
607
103
23
32
13
22
155
41
21
23
74
20
43
9
112
12
4
2
52
11
82
28
27
0
121
24
51
3
33
7
54
2
83
2
38
27
20
42
2
23
57
137
12
6
16
32
4
44
79
22
17
182
8
2
9572
0
17
77
51
22
43
71
127
14
79
115
13
2
9
46
16
10
24
2
21
22
44
136
79
2
33
197
45
60
22
35
71
23
0
6
43
0
112
51
60
97
25
37
25
63
11
239
6
123
32
4
60
34
36
8
0
599
13
1
34
25
29
79
3
91
15
0
16
7
33
17
45
25
34
0
62
19
16
4
25
15
1
9
31
29
0
87
1
27
2
22
0
34
20
14
7
33
11
8
45
37
29
13
0
25
2
46
185
85
28
40
31
39
15
31
10
21
3
110
14
657
21
20
4
49
332
14
13
79
50
27
64
16
7
17
9
13
29
5
80
16
0
21
13
10
27
3
44
21
0
5
12
13
28
11
17
38
1
79
16
3
19
3
63
650
33
29
36
1
32
1
74
137
77
4
144
118
1
104
89
184
59
8
74
16
7
32
211
14
1
9
59
96
32
64
16
11
24
6
22
90
102
14
23
2
26
88
55
32
18
40
117
95
95
17
45
20
101
102
7
48
45
4
45
13
8
38
25
17
73
5
3
63
7
60
5
15
14
8
37
2
362
392
62
15
95
18
6
4
2
0
16
74
63
13
44
28
6
7
39
87
18
11
30
1
1
7
38
42
3509
2
19
0
36
66
0
7
61
24
7
6
23
5
13
32
14
9
61
21
11
162
3
30
40
8
35
17
5
48
4
54
91
79
23
45
5
7
3
93
44
45
4
69
193
18
7
29
4
6
61
309
61
1
60
4
108
19
88
158
9
15
0
1
5
46
70
4
9
67
3
5
12
7
9
431
27
50
76
15
31
27
19
17
18
17
55
68
1283
22
67
13
50
5
34
64
69
3
3
6
79
131
42
19
2179
16
34
798
23
5
1
0
12
3
6
2
16
33
1
14
27
26
336
2
44
5
9
374
42
8
2
13
151
36
23
71
0
30
29
2
445
64
0
8
16
27
67
71
12
7
107
18
5
31
9
42
311
33
22
32
6
9
11
0
85
2
896
84
109
13
18
0
0
1
35
3688
267
1
4
47
7
35
0
6
19
210
17
3
117
28
7
64
341
46
28
64
30
34
39
1
1
157
15
74
19
26
5
6
31
170
29
33
24
146
168
8
3
85
78
9
21
41
41
31
55
23
44
0
141
25
17
27
470
83
4
21
34
18
215
36
106
60
42
82
18
17
74
1
76
81
13
29
35
8
78
6
63
151
1
66
48
0
83
38
18
448
27
33
27
87
34
102
143
1
64
6
20
18
58
13
31
59
33
17
50
79
5
39
1381
0
90
75
15
26
43
1
45
2
12
34
105
3
47
5
25
3
0
26
1
3
26
42
61
26
7
102
12
0
50
16
10
30
33
3
1
295
113
0
162
16
55
8
58
15
14
29
1
0
2
5
29
2
147
4
427
61
39
82
18
0
12
112
5
76
49
6
131
81
23
689
23
53
66
202
65
11
15
37
88
0
91
55
5
42
735
83
45
12
4
88
12
31
81
21
53
34
0
57
141
3
5
132
14
86
47
38
1476
29
15
11
62
88
4
25
46
28
37
21
4
44
48
0
15
649
232
124
18
0
55
11
51
20
22
19
28
40
32
34
9
6
9
1
1
18
139
0
8
106
77
8
215
239
5
2
117
47
98
172
6
72
34
73
48
44
30
1
13
135
9
6
1
97
8
79
19
1
15
2
9
14
53
18
47
18
54
13
28
27
20
37
36
73
20
10
11
7
24
35
1
7
34
11
96
0
40
65
22
49
1600
22
108
191
68
319
0
18
58
40
185
64
47
38
0
154
19
28
13
0
69
24
1
73
92
31
23
41
31
37
8
176
3
96
71
3
12
48
185
0
62
71
31
55
15
46
33
136
465
26
57
57
6
12
43
247
0
33
2
93
42
9
14
65
30
81
90
106
20
13
31
1
17
34
39
15
521
33
3
31
45
0
21
13
75
40
117
24
4
116
11
18
1
73
3
68
19
479
0
42
44
21
4
68
11
33
26
26
14
19
82
120
35
38
47
14
99
32
65
525
1
0
55
457
107
65
166
49
69
61
44
944
40
56
19
11
6
58
69
92
32
80
32
28
121
15
7
88
15
16
34
40
0
1474
124
268
90
26
38
149
5
33
55
5
37
26
14
84
24
30
17
17
63
64
68
7
22
16
34
131
19
70
160
75
341
11
5367
48
7
8
13
26
92
24
10
1
12
182
10
9
17
24
48
10
177
118
97
53
20
211
9
3
19
17
2
164
20
20
16
92
92
956
404
33
16
11
330
18
30
112
25
99
2016
4
64
277
42
97
1
312
49
127
15
46
55
39
36
7
29
51
1
15
0
121
22
230
5
21
7
0
3
11
5
4
75
17
22
2
6
154
59
0
82
96
41
105
20
38
3
35
277
168
50
6
463
58
2
0
28
17
41
1
22
9
343
1
33
0
75
19
66
84
66
8
473
18
2
24
33
9
25
25
25
188
5
15
60
16
44
1
12
18
399
2
37
7
38
31
6
2
38
2
124
28
40
0
49
47
20
4
28
46
22
9
7
72
15
0
56
2
65
3
64
480
91
66
196
41
28
146
7
22
7
54
67
10
10
13
2
6
23
1
8
86
5
78
21
65
0
79
44
4
31
48
58
0
468
72
3
988
10
28
65
41
24
120
0
138
160
23
7
23
11
5
83
59
20
24
39
13
0
11
59
25
0
16
91
0
48
622
6
60
5
3
67
26
69
39
0
21
26
0
11
64
21
43
6
38
20
4
1
46
98
61
221
11
74
40
131
44
17
16
30
17
0
16
65
2
34
212
36
1
41
4
50
21
263
64
204
58
96
10
8
64
0
41
141
33
9
83
85
12
0
12
173
1
8
249
3
6
34
401
169
7
1
7
991
1
28
33
3
81
0
23
17
61
11
60
43
57
42
26
3
70
9
12
394
5
30
29
178
189
425
8
32
39
75
30
10
50
1
12
49
52
5
11
4
7
46
31
1
52
38
5
1
22
172
31
47
34
74
10
0
19
55
6
11
13
25
60
76
14
145
13
113
22
4
49
44
64
92
19
32
21
61
90
19
3
13
49
1453
130
52
78
23
16
24
1
43
0
11
46
4
51
11
23
9
183
138
3806
20
1
46
114
56
21
358
60
47
5
100
32
84
4
116
0
11
46
79
24
205
11
19
98
450
346
32
493
18
45
77
0
7
14
10
26
3
901
71
0
19
12
110
157
3
81
30
182
5
1534
0
59
6
275
25
71
216
29
136
133
128
8511
46
19
0
18
9
0
7
3
39
5
22
15
22
11
21
60
51
0
293
0
108
27
30
13
18
21
90
19
10
16
0
64
4
1
9
11
153
4
11
23
253
0
27
24
3
367
40
85
6
7
6
49
7
15
21
19
21
31
13
6
29
221
11
39
14
106
8
5
263
29
4
78
7
9
18
18
1
60
3
326
0
122
0
20
12
17
28
84
653
125
85
82
20
3
33
11
240
55
26
23
150
370
150
14
18
23
7
9
68
0
12
114
55
1
279
24
6
6
65
6
12
18
0
154
49
27
134
2
114
6
171
4
3
25
218
1
16
42
71
14
11
101
12
53
29
76
728
22
8
0
162
18
156
13
0
15
19
28
21
51
108
6
89
32
481
23
14
25
25
17
2
2
0
82
6
82
4
2
335
39
85
193
16
5
2
1
17
58
24
51
7
6
9
93
23
16
37
5
25
0
21
42
16
4
36
142
24
0
40
97
3
63
8
55
23
83
7217
67
12
0
34
0
735
11
59
2
30
1
20
0
30
35
653
3
5
4
193
18
27
25
46
0
2
11
262
604
6
44
125
10
3
37
15
181
6200
73
40
56
0
34
123
60
4
1
3
186
97
58
171
19
263
69
11
36
34
60
30
32
124
73
596
37
117
1
8
11
60
25
3
58
4
19
21
33
136
97
1045
18
20
29
19
51
17
23
37
0
0
15
41
78
25
15
4
10
96
68
76
40
23
20
1
104
1
96
10
52
145
191
12
20
8
39
33
24
0
38
62
48
11
17
42
2
33
208
17
1
10
6
50
67
10
67
4
42
5
2
85
5
18
103
26
20
56
17
77
68
7
33
6
7
18
12
256
43
33
5
15
5
53
30
33
17
116
80
2475
38
1
36
33
6
46
78
0
34
6
1
1
267
6
46
3277
13
74
31
247
57
56
43
10
22
24
43
1
26
19
24
17
30
78
0
98
1
30
2193
10
30
15
682
2
42
14
8
8
202
23
18
19
18
85
70
31
20
3
14
37
19
0
19
23
22
51
0
8
102
185
7
43
23
30
2
70
0
72
8
11
69
65
15
58
26
3
46
12
59
5899
14
104
15
47
19
3
31
39
6
48
7
219
1
27
37
14
116
23
99
56
16
34
16
84
44
2177
81
35
62
74
32
13
17
2
54
81
16
33
10
15
77
67
26
18
22
31
2
12
54
5
36
23
63
3
1
60
1
54
20
2
85
2
3865
22
4
32
14
19
3
20
196
7
62
7
43
7
13
74
134
81
4823
1
130
85
39
12
108
8
87
55
30
75
12
48
2
35
19
12
37
7
54
43
3
184
16
4
48
193
3
113
25
23
8
0
17
85
74
62
738
12
4
27
111
73
71
25
30
271
6
27
0
24
7
0
25
2
13
35
3
24
13
228
8
86
116
1442
83
19
20
14
82
6
21
15
16
20
38
73
122
50
23
56
2
49
31
0
153
16
70
0
91
128
46
184
93
39
60
10
16
2
1
129
277
7
1
5
40
39
1551
17
4
387
21
57
55
958
1
183
14
157
8
11
53
3
108
14
31
14
0
3
16
1
90
1
47
11
1
42
8
3
8
21
2
7
10
333
46
138
10
196
2
22
8
1
11
37
15
22
7
156
2
45
5
32
68
20
116
22
12
190
32
13
3
31
112
75
47
36
5
40
10
41
55
19
58
15
41
72
17
34
38
79
19
2
6
18
132
1988
38
4
31
84
21
34
3
5
24
71
3
23
4
6
70
4
26
10
38
153
151
278
25
103
32
57
29
15
16
23
113
25
107
392
2
46
2
0
6
486
27
13
114
0
51
54
7
134
671
59
88
347
10
0
70
116
120
30
6
6
28
1
33
73
1
1
9
36
1
7
90
0
5
30
1
73
40
21
10
6
71
1382
13
7
47
6
186
42
4
0
286
42
11
44
5
31
15
4
196
36
12
24
37
15
42
31
48
58
38
14
167
51
5
144
86
141
30
52
53
199
16
50
116
82
77
38
50
135
0
49
8
13
41
33
53
13
18
21
26
44
83
29
597
98
7
1
11
70
32
10
36
63
14
36
30
2
144
40
11
1
93
11
8
35
21
8939
121
3
45
0
5
0
5
32
112
19
12
12
12
106
57
226
115
30
30
4
19
11
68
15
6
2
2
3
7
79
59
83
2
33
85
37
1
166
15
6
0
49
0
51
221
5
233
14
100
40
277
16
99
59
56
12
5
0
50
0
31
18
7
2085
46
12
44
120
20
77
14
6
17
3
8
0
30
9
10
90
32
0
79
61
4
0
45
45
7
39
972
17
11
20
43
0
254
14
61
283
37
562
70
30
4
61
8
0
7
28
29
63
21
143
16
8
125
70
10
30
154
10
42
398
11
69
57
2
5
0
152
427
110
92
234
15
99
2
29
73
43
47
7
10
14
80
12
17
46
27
138
7
74
15
528
145
55
28
223
19
8
485
73
48
23
10
14
67
0
117
0
98
102
7
15
24
22
137
31
13
75
60
31
29
80
39
46
6
10
15
77
17
27
170
5
43
33
16
29
142
20
190
18
29
31
59
25
27
3
133
16
1
22
725
94
16
136
342
11
52
4
1
210
57
1
29
1
230
17
6
32
152
6
49
4
7
17
36
5
4
25
14
136
6
43
107
42
2
28
6
2
21
3796
143
60
1
94
410
60
13
25
28
139
5
41
4
4
2
28
21
16
2
31
42
11
51
144
20
16
20
21
2834
14
19
22
0
8
16
50
44
18
11
45
17
72
2
37
74
24
121
28
68
175
7
40
56
170
9
0
5
36
11
1
26
12
0
41
190
72
31
50
49
74
5
0
20
3
2369
0
27
17
72
10
11
11
31
4
10
11
6
141
39
112
28
0
17
14411
41
13
2
15
0
151
1
1
78
16
0
50
14
23
35
0
9
1
2
3
1
146
3
3
34
15
12
22
14
57
0
7
141
21
13
575
34
32
8
13
306
93
28
231
177
41
10
49
34
3180
56
16
24
24
33
90
38
0
22
1
18
173
19
47
18
10
5
3
28
6
57
4
27
11
138
8
17
28
33
10
336
23
13
66
14
105
24
9
0
69
34
22
3
30
4
41
1
7
1
14
14
35
66
165
15
1
0
23
14
20
7
50
26
77
47
14
202
0
112
7
62
15
48
1
32
63
8
15
62
49
6
100
46
90
28
0
5
57
2
268
138
32
81
24
82
21
21
504
16
119
9
4
10
19
50
500
16
4
1
25
19
10
39
307
15
47
194
3
16
91
82
2
2
31
5
72
53
52
11
0
8
144
1
51
402
112
341
5
76
131
5
26
148
173
61
47
21
20
2
48
13
114
43
14
8
19
16
0
23
1846
104
29
54
3
120
1461
80
340
49
0
6
94
56
24
3
30
16
50
16
8
142
39
17
156
28
12
51
0
6
22
16
39
48
28
33
13
129
46
15
1
43
158
4
3
20
64
46
26
7
31
51
21
8
24
64
8
0
89
7
9
91
32
297
15
30
42
20
53
11
24
18
174
15
55
18
30
162
51
22
40
15
14
27
36
9
212
301
6
3
71
24
34
1
104
50
0
1
415
7
568
25
25
13
166
300
88
0
82
4
253
36
37
17
84
33
2
242
28
32
50
1
145
36
71
3
258
2
5
4
71
51
14
0
52
28
7
61
6
13
227
1
4
23
6
0
45
97
3
5
0
28
51
44
211
8
83
26
4
12
90
533
167
11
34
5
111
20
34
54
123
20
31
37
61
65
1
23
71
35
0
21
0
6
28
14
0
161
120
89
91
4
11
55
4
15
41
18
92
536
4
93
229
5
93
0
29
203
17
14
52
15
7
0
475
20
3
213
3
57
13
29
14
21
120
96
30
125
68
3
24
22
10
46
6
15
38
10
181
21
322
16
34
209
142
24
18
91
9
16
39
24
34
20
111
6
30
201
16
7
0
5
565
67
91
3
45
66
10
4
11
39
63
11
10
69
5
27
93
11
9
7
74
684
5
33
18
34
108
37
12
17
57
0
17
2
22
25
89
7
12
40
4
5
2
14
3
7
5
3
22
18
114
11
15
20
83
74
15
0
58
2
7
78
27
6
46
187
58
0
2
5
1
22
2
39
18
9
23
120
37
38
0
43
200
16
0
21
46
54
52
18
255
30
1
43
11
128
34
61
20
98
17
4
34
3
21
26
3
24
49
107
9
51
8
26
7
241
7
10
13
12
37
30
20
167
193
3
32
295
18
14
210
45
2
6
51
0
38
182
126
146
8
7
11
114
6
1
8
2542
20
21
7
48
3
4
19
61
77
27
259
6
9
0
17
2
106
107
21
19
36
25
80
0
37
9
35
21
362
48
8
2
0
28
58
195
172
75
9
81
37
9
9
15
1
7
16
13
21
1335
9
56
2
128
38
1
105
8
9
0
2483
33
0
693
36
2
19
23
22
0
26
21
1
4
60
23
7
38
9
20
14
97
68
63
8
83
64
29
10
47
0
227
26
13
43
1
51
18
29
24
403
47
7
55
27
37
48
48
6
37
2
22
17
46
21
42
862
65
33
38
2246
21
68
13
325
178
55
18
26
43
155
22
8
19
5
28
34
62
4
6
17
110
0
101
42
8
41
116
96
14
121
36
46
21
26
15
13
436
128
63
286
273
131
54
31
103
24
18
30
15
39
5
1
12
24
9
6
103
50
92
60
22
45
155
0
57
11
302
20
3734
16
26
5
53
8
20
16
16
28
70
1
19
17
9
106
30
37
10
2
0
39
9
312
3
2
63
0
14
20
402
4
11
7
9
10
114
69
28
57
20
1
56
20
17
250
0
10
9
14
20
19
54
43
34
41
1
30
27
34
8
38
50
5
3854
29
11
103
319
48
57
30
22
40
22
117
110
64
2
41
34
38
167
55
10
37
22
27
0
8
20
6
26
7
20
3
3702
87
2
93
0
16
75
12
2
1299
40
2
106
34
7
0
18
18
7
1
382
54
59
29
100
27
22
18
6
72
23
16
2
1
3
24
14
16
25
6
77
13
98
1
301
30
149
9
28
26
2
250
194
3
14
12
33
17
47
3
554
6
1
25
58
2
16
259
27
1
68
83
28
8
18
89
172
5
4
25
1813
57
20
34
1
12
67
0
7
28
7
16
33
61
4
24
1
19
93
18
66
44
127
59
21
0
205
0
35
9
118
37
3
9
1
81
16
19
71
4
95
14
51
3
37
5
38
22
66
48
34
1
82
2
60
79
5
5
0
9
8
63
55
43
230
34
268
11
64
17
37
26
7
42
2
69
22
104
181
134
85
1306
10
17
13
7
1
102
3
3
6
58
9
145
46
138
14
37
132
97
0
7
48
12
8
0
19
58
45
39
661
26
1517
10
15
12
2
18
13
49
78
0
121
11
16
15
9
33
31
1
2
57
160
69
84
11
16
84
36
21
487
41
11
14
28
194
2
1276
15
30
13
1
13
36
18
32
164
0
83
47
87
56
18
24
3
19
0
0
37
19
26
72
12
16
22
76
22
15
13
11
12
35
97
34
143
19
3
50
189
3
20
484
17
9
3
115
42
164
3
4
8
16
27
75
7
48
22
45
76
2
15
27
10
42
268
22
387
18
149
55
107
26
29
2
163
22
6
92
51
1
115
39
1672
17
8
78
0
12
104
0
53
14
27
47
6
58
3
94
19
15
9
1607
108
94
4
367
2
25
19
183
1
15
0
12
1
10
17
21
21
0
1
79
1
654
32
8
48
2
15
1
21
12
215
15
20
42
56
2
19
53
9
68
2351
28
39
7
8
19
3
3
12
101
0
190
0
57
79
42
19
11
54
41
7
378
37
1
0
4
13
56
126
11
19
51
65
19
34
11
61
40
50
8
69
120
20
28
66
30
0
6
35
137
0
7
196
21
52
1
0
17
33
33
10
175
4
90
83
48
65
53
1
31
34
152
167
8
20
118
0
121
6218
13
0
14
79
69
0
20
7
30
44
14
7
61
13
10
10
1
42
28
3
10
3
5
36
87
50
46
1
2
12
28
1
8
37
150
10
0
10
71
45
13
72
22
50
19
48
64
32
35
37
26
51
39
3
121
2
41
88
312
41
65
141
55
283
141
12
3
73
16
15
46
70
392
9
63
0
51
8
2
1
45
2
82
172
108
1
17
12
8
90
20
166
60
34
37
25
149
0
9
1475
5
31
44
71
1
29
7
91
77
52
37
14
43
38
23
1
22
28
96
6
15
20
16
91
153
0
61
12
3060
15
1
4
1
23
3
56
277
60
17
39
1
13
45
0
101
36
1
1
297
28
6
29
48
12
2
6
2
15
9
20
68
24
0
130
91
31
1
160
29
18
32
38
17
2
67
5
6
68
102
0
34
88
8
7
24
17
26
0
221
16
5
34
36
4
10
31
71
15
36
42
0
74
0
55
548
11
33
82
190
30
3
87
70
10
49
9
163
22
9
6
66
14
25
47
10
19
1
0
108
62
18
142
53
1
17
48
91
24
242
28
39
4
99
45
16
19
10
10
96
201
59
1
27
9
0
45
63
35
35
15
32
38
26
69
5
223
12
13
0
688
30
105
57
938
0
0
75
41
27
19
40
8
9
48
17
24
41
25
28
1
73
898
32
31
2
47
26
14
135
24
77
18
27
587
7
7
42
29
42
16
67
6
4
53
147
27
72
42
90
80
80
113
71
36
42
1
2
11
13
15
2
10
2
38
28
22
20
12
0
0
24
171
109
306
0
58
29
15
26
21
0
9
189
3
102
6
37
4
1
42
20
40
149
144
7
1
2
32
14
1041
186
40
93
0
38
61
38
88
19
481
2
40
6
1595
3
39
290
27
42
105
27
1
24
0
19
40
23
41
88
34
1
50
11
23
9
21
3
2
2318
61
13
2
14
26
154
44
37
18
20
12
63
5
8
35
9
7
2
109
6
34
602
29
26
8
667
35
15
51
5
31
9
322
2
1
39
99
0
7
48
0
15
26
0
9
47
265
47
13
20
217
9
26
749
166
21
13
22
323
6
1
31
23
111
11
19
0
46
19
17
10
2
48
26
19
71
61
14
33
3
2
96
358
3
21
53
1
26
10
291
42
11
44
1
43
90
10
47
34
49
58
9
21
32
23
10
43
0
0
52
113
35
2
92
132
24
26
0
49
5
20
103
282
193
62
31
61
38
4
13
83
498
6
50
68
167
0
5
17
47
45
1
114
14
0
54
544
178
0
20
1
149
13
90
65
23
3
7
7
7
8
36
41
64
0
41
14
32
117
104
37
49
15
38
32
67
2
13
28
16
8
17
1170
14
6
55
52
0
47
0
21
3
25
91
29
55
14
167
125
63
1
3
1
77
76
1
5
96
7
0
44
19
19
173
16
45
40
6
84
3
69
11
17
40
96
1800
13
4
85
20
0
429
13
2
38
12
19
17
1
37
17
217
18
6
21557
1340
2
9
37
21
432
3
20
12
938
1
26
9
13
208
10
6
90
270
0
46
16
68
2
44
10
0
7
48
42
551
21
21
12
20
45
136
12
5
9
157
4
36
24
2
1
38
5
27
229
12
105
19
85
277
8
24
45
106
339
61
7
2
2
77
17
3
127
21
2
57
11
31
386
193
59
54
2
52
40
18
117
109
13
30
87
4
9
0
22
103
0
47
17
80
0
15
187
11
5
11
65
35
0
44
7
63
38
87
22
179
11
28
31
134
30
3
0
61
103
51
21
5
15
53
10
201
1
5
58
45
3
12
37
246
13
69
3
99
53
32
339
63
1
21
26
17
27
72
26
45
22
3
14
0
15
13
57
12
20
66
20
212
12
103
112
41
4
76
99
185
44
27
12
15
21
25
6
20
58
14
31
42
125
308
113
647
0
56
169
10
78
22
169
1
2
81
52
18
45
25
665
45
14
53
488
48
61
27
11
3
59
33
6
33
79
163
21
5
236
23
28
23
36
142
17
21
41
18
112
358
3
21
462
70
37
43
34
10
63
33
35
7
7
23
32
78
34
59
42
16
7
270
52
136
2
91
6
28
69
835
89
13
33
6
1
3
1
3
17
105
806
20
60
2
6
84
13
61
54
1
33
1
59
24
2
3
51
19
0
22
43
5
147
154
24
16
306
13
232
435
25
9
214
32
200
13
0
0
4
318
396
21
360
0
1
15
364
2
0
14
0
372
42
4
10
0
80
30
90
2
75
4
22
37
270
20
84
35
28
83
21
1
1
1
32
6
13
4
13
56
21
4
3
53
5
119
11
18
86
102
21
24
52
3
8919
1
231
11
0
26
115
183
24
15
8
20
45
8
6
51
138
42
37
21
63
1
13
32
89
31
91
158
44
35
43816
565
3
254
0
85
13
4
16
10
13
3555
1
20
68
34
8
71
35
222
2
30
141
3
3
57
35
1419
10
1
1
423
35
5
19
3
8
53
2
34
158
50
133
37
37
77
13
7
13
2
0
86
4
3
28
9
603
4
0
43
6
22
2
73
9
39
57
14
228
4
13
140
6
91
45
64
135
28
22
24
142
55
20
45
14
1
32
19
47
0
21
0
12
86
72
427
6
57
11
15
19
2
41
45
388
11
24
216
41
0
67
26
137
127
4
17
29
178
47
64
11
50
58
1
2
25
29
4
0
41
59
25
30
36
24
1528
6
1
6
6
221
2
3
8505
10
43
0
20
2
11
15
55
14
22
27
234
11
0
35
22
25
48
6
4
83
21
50
84
33
40
148
27
16
188
136
8
35
60
0
2
35
65
189
20
6
50
14
100
3
14
91
94
4
30
56
3
39
0
166
63
6
70
23
236
7
11
19
21
114
0
32
137
4
37
50
143
33
53
2
6
30
44
88
10
10
24
24
14
4
5
40
2
13
15
1
21
71
6
9
18
8
1385
30
51
35
5
19
68
27
25
42
14
40
3
11
12
22
29
61
99
3
107
43
15
12
19
43
77
187
8
2132
38
59
9
34
25
26
36
97
45
12
116
2
51
131
12
251
17
46
39
84
147
26
18
536
9
152
1
49
1
41
1
16
9
37
175
23
24
1
96
0
7
36
34
26
13
248
37
14
21
19
16
47
114
137
65
42
27
1
12
0
16
2
20
0
29
33
13
17
34
4
29
108
32
180
0
87
88
64
42
297
54
16
28
20
12
768
28
186
52
43
170
40
5
17
50
10
65
10
1
47
1625
117
25
11
17
9
98
9
10
51
44
20
26
13
24
11
32
9
18
173
45
38
7
28
382
139
40
20
0
34
20
8
6
477
100
23
87
123
57
45
23
22
27
66
97
3
198
14
38
3
24
130
1
24
28
0
83
5
30
46
98
6
138
168
5
73
221
38
99
8
63
19
921
14
8
16
60
43
11
24
19
60
0
23
53
25
61
0
17
54
42
18
34
298
225
6
70
50
13
555
47
44
195
9
48
53
3
3
5
36
48
31
4
19
6
111
137
61
3
3
11
5
22
17
1
7
13
3
12
46
95
1
78
32
98
48
86
15
1
16
8
26
25
0
19
36
6
7
10
10
30
37
41
94
108
10
52
29
11
61
67
10
19
0
20
5
45
1
18
54
52
104
74
9
13
44
9
117
29
22
319
0
24
89
19
41
109
15
3
556
72
53
5
21
8
19
2
59
29
79
101
18
3
148
161
0
17
252
258
1
32
8
33
18
20
12
0
23
9
9
9
33
23
20
58
50
1044
40
14
32
22
28
342
224
73
231
41
5
23
44
111
90
12
31
71
3
149
0
20
46
15
58
61
28
3
4
3
157
5
3
84
36
46
28
18
115
4
36
76
70
6
21
121
17
57
0
8
14
53
6
35
10
12
134
38
85
34
0
84
22
164
89
51
15
11
4
34
17
14
1
178
45
16
23
0
4
11
57
15
22
4
770
246
0
18
57
1
62
16
44
0
19
10
116
61
18
55
47
440
37
7
0
3
92
981
59
33
33
0
8
40
78
41
165
11
10
91
44
62
27
29
38
3
60
45
25
18
1
3
73
7
0
23
0
40
31
10
1
0
21
39
31
60
537
57
8
50
43
116
4
225
176
5
0
35
0
43
9
5
17
19
22
184
24
1
13
33
3
18
27
119
4
3
76
61
224
87
5
76
6
25
13
40
0
40
5
145
12
16
76
20
46
31
4
58
10
38
0
2
577
156
0
79
196
45
16
0
9
2
52
51
35
30
51
41
0
234
1
24
32
4
98
54
16
21
47
10
1585
164
3241
52
3
36
95
40
42
172
98
18
29
60
61
59
7
28
0
7
107
249
93
15
157
2805
72
111
24
85
47
358
12
45
19
0
0
217
27
11
149
20
23
1
26
82
39
4
352
93
29
6
38
84
24
22
45
45
56
6
5
225
33
0
12
39
92
5
32
3
133
17
43
8
5
672
0
22
46
12
9
8
106
89
14
0
13
26
64
6
4
0
130
8
83
36
60
33
27
71
95
18
101
39
31
41
10
28
42
39
2
3
121
75
17
0
139
12
38
18
5
2
12
1
53
36
88
61
21
22
156
191
61
9
19
129
38
129
12
4
13
23
0
310
21
217
0
18
74
18
15
80
22
81
1
5
127
35
18
24
24
36
33
61
198
17
22
37
55
2
70
35
89
24
30
118
48
6
62
2
54
3
510
136
0
50
32
19
20
26
15
2
7
1
17
3
20
21
23
47
107
13
44
24
37
72
52
409
19
41
20
87
52
99
1
12
3
11
331
6
3
47
9
69
560
61
7
10
39
26
20
19
18
284
58
3
12
19
40
57
35
12
32
3
87
36
8
36
4
4
19
29
89
140
1
37
75
64
3
82
109
98
36
19
0
46
20
1
18
59
0
9
55
2
7
15
32
36
4
174
55
0
11
40
16
74
6
58
6
49
44
39
54
34
7
55
66
22
336
31
25
26
2
53
46
19
3
26
12
0
6
60
34
3
13
3
24
0
8
58
32
61
1
15
20
5
104
103
154
56
72
1
50
6
2
54
107
113
36
35
64
13
10
0
61
472
9
43
93
36
46
44
6
39
4
128
35
88
46
34
23
407
10
14
30
392
52
0
10
6
4
34
0
47
22
113
427
43
121
106
46
35
8
14
0
7
37
4
77
12
2
111
17
18
10
5
1
15
53
4
183
108
65
94
11
4
10
42
7
25
9
17
90
116
1
9
18
3
15
7
23
2
131
127
0
67
86
53
191
128
16
6
90
178
54
571
16
6
48
44
1
72
1
6
55
118
8
18
31
961
152
2
50
168
101
3
18
1
9
57
4
24
104
20
50
6
7
586
12
588
20
71
13
291
23
25
3
12
15
0
3
170
7
12
52
16
10
8
1
197
302
66
108
3
7
2
40
2
4
5
7
36
82
155
21
0
10
23
62
43
57
45
47
17
70
39
32
50
28
141
100
2
216
1
37
42
67
8
22
0
303
8
46
62
7
18
63
67
9
5
29
863
83
0
61
19
36
37
15
4
40
9
0
5
227
95
42
3
49
18
8
0
74
0
167
3
229
21
18
13
50
14
76
5
25
14
2
4
2
53
1
96
20
83
47
7
99
2
51
0
95
48
147
79
152
23
78
17
115
97
167
177
0
263
31
59
292
74
1063
24
0
124
72
0
3
11
122
48
2
44
227
80
15
83
12
32
41
37
64
18
116
162
113
8
3
25
176
33
64
17
73
45
4
0
9
39
25
54
35
48
5
39
46
21
48
52
19
31
15
350
1
24
2
17
40
80
91
64
26
14
0
121
5
31
4
26
69
173
43
1
9
51
0
26
59
24
7
0
26
79
2
7
41
46
21
0
2
20
30
129
28
4
115
51
125
4
7
18
4
16
71
30
30
21
4
22
72
24
48
84
5
17
21
120
55
28
158
62
19
2
30
4
17
89
3
17
24
46
25
26
0
1
115
14
62
16
10
6
9
0
6
15
25
101
51
11
121
585
19
39
37
27
0
18
10
94
46
14
778
5
207
39
21
55
56
11
39
11
236
183
261
49
75
0
3
7
26
162
21
39
42
0
47
58
32
72
6
38
16
5
9
141
44
5
59
168
10
57
19
109
92
43
11
34
43
18
662
14
0
3
214
1
11
74
59
10
1
49
23
9
46
477
21
11
23
6
54
39
22
0
38
37
50
14
7
14
6
2
17
8
1
1
149
47
9
9
0
23
27
23
21
11
22
1348
407
0
24
5
12
23
60
61
92
85
28
18
64
8
24
1
8
27
241
107
82
3
33
34
8
4
31
5968
0
51
124
17
203
18
4
25
26
48
19
12
1
6
32
127
42
77
217
128
40
258
1
11
68
5
3
4
44
3
1
163
49
103
0
82
59
61
60
1
8
3
8
6
37
42
27
146
1
98
92
18
64
17
19
208
111
4
7
135
33
34
6
23
0
0
2
41
57
6
48
72
56
14
3
58
424
36
305
0
1
4
90
0
5
12
130
117
43
3
26
10
6
0
26
110
13
57
20
97
16
31
11
69
15
189
38
101
77
19
316
28
19
9
47
93
7
17
11
152
70
99
0
110
26
277
5
19
25
29
133
16
307
238
57
76
23
230
16
0
25
29
140
103
10
43
66
21
17
878
0
4
15
176
5
118
15
167
86
42
38
5
32
16
85
16
85
321
76
80
1
4
74
1
66
1
20
8
100
183
30
14
0
16
10
58
37
36
330
106
0
156
12
11
24
22
103
5
22
11
53
21
20
10
573
86
0
16
35
13
0
14
16
114
0
3231
57
84
299
133
57
65
2
50
12
21
21
8
187
40
23
77
179
155
1
162
0
13
130
63
25
74
23
333
73
51
99
0
5
69
32
7
52
108
69
44
23
52
8
232
80
26
10
8
19
0
27
0
16
28
20
50
19
5
30
33
91
2
9
1712
29
35
35
10
2
6
165
9
89
8
0
14
1
475
67
0
11
0
33
64
25
1
0
16
9
3
34
121
36
11
45
4
3
788
0
0
21
19
34
36
2
51
18
21
63
52
3
53
16
23
55
28
7
8
6
18
1
91
1867
62
24
34
61
86
66
263
12
1
30
6
0
0
43
8
5
26
24
8
8
0
205
35
66
22
1
172
41
23
40
23
1
26
22
5
6
0
5
1
20
7
124
2340
50
8
79
18
90
37
68
12
5
99
26
135
92
79
8
13
10
35
30
0
22
10
7
58
5
31
18
43
0
0
41
52
37
5
17
99
21
38
83
3230
42
18
65
108
4
8
2
37
13
0
0
52
12
55
2
24
25
0
2
22
6
263
13
76
84
32
7218
18
63
265
8
37
615
185
58
14
18
31
46
4
0
8
42
28
279
15
1
21
24
52
11
9517
52
54
7
21
1
13
1
16
45
6
4
24
79
56
3
91
115
14
92
36
8
11
23
36
143
55
42
24
26
23
60
153
24
11
4
48
4
13
0
0
6
18
27
58
73
32
2
12
128
22
226
46
108
34
0
12
5
14
65
80
4
48
57
8
7
6
29
67
174
18
215
35
15
21
35
6
33
10
298
58
1
25
95
38
63
1
45
9
2
66
115
62
0
14
0
185
28
588
53
31
38
63
23
148
42
16
21
19
52
4
54
25
0
46
4
255
112
0
2
31
21
48
6
17
33
29
17
103
67
3
10
103
33
44
24
690
10
24
3
159
2
30
0
2
110
9
70
71
80
10
18
77
28
12
68
74
5
4
5
12
16
117
1
9
51
139
67
96
5
109
27
11
73
11
10
12
202
49
45
19
36
125
37
23
30
16
58
32
20
142
11
39
46
3
174
66
44
37
6
2
29
55
40
3
19
0
34
0
22
16
6
32
25
12
20
9
28
10
22
3
23
56
154
9
19
3
0
29
96
74
42
20
31
11
17
16
15
87
12
4
343
31
21
119
64
29
98
24
27
13
7
48
14
12
3
8
105
2
17
11
1
95
16
17
99
29
55
27
1
12
87
1
43
15
324
10
3
36
59
15
2
27
42
9
16
2
23
94
49
30
16
20
11
3
0
32
270
166
12
2
46
1
8
116
1
64
52
175
62
23
4
37
16
185
13
0
42
57
71
37
22
7
366
20
187
48
18
1
25
17
114
481
235
16
3
90
427
33
10
117
53
30
33
2
0
0
55
42
23
131
39
9
5
0
9
2
48
85
1
56
3599
15
34
494
18
55
55
30
500
10
28
10
15
58
14
36
61
65
77
152
12
31
14
95
24
159
14
43
22
875
59
22
119
9
41
55
317
28
81
37
4
22
137
6
38
21
124
0
6
64
17
5
10
240
29
14
60
46
0
1518
54
29
25
1
1
12
0
12
3
12
35
9
2
35
41
23
141
1
33
12
21
27
88
10
10
0
18
117
186
72
27
354
36
8
74
68
86
20
43
16
48
1
7
15
4
10
137
97
8
8
55
121
73
28
30
35
141
61
25
4
142
48
0
114
14
3
14
22
8
12
83
0
41
7
107
1
88
0
28
5
21
43
17
61
15
50
139
110
23
43
0
22
0
23
8
22
5878
46
709
3
17
36
8
5
2056
493
23
353
4
12
56
11
14
20
19
9
97
58
20
3
0
26
510
100
58
18
15
32
2
28
73
2
5
79
2
26
57
16
52
24
458
56
40
46
87
1
34
97
218
53
20
1
16
32
75
63
0
9
52
4
34
5
53
74
2
157
46
38
10
39
82
3
92
87
4
0
5
12
104
1
18
1597
3
6
185
1
62
91
16
1
62
25
45
111
10
21
28
37
70
13
139
11
0
6
16
27
7
19
30
95
0
32
25
29
25
55
8
160
6
5
5
4
1287
74
2
65
10
5
78
0
11
150
3
51
9
23
96
53
18
30
5
69
112
28
5
21
85
2
21
14
0
24
25
105
11
8
37
19
35
18
47
33
1
39
1
31
0
7
1
14
38
4
332
149
48
17
13
5
71
5
102
43
30
25
45
210
1
2
55
3283
0
7
19
224
4
106
122
71
39
21
95
23
24
75
5
2
49
14
152
102
72
58
57
0
19
65
22
238
53
2
70
40
46
18
9
127
85
0
42
0
4
11
25
73
49
78
90
63
0
83
85
35
40
8
12
2
5
151
2
31
14
27
4
101
100
35
21
3
55
443
52
84
6
0
47
5
3
36
2
59
24
12
97
36
145
51
68
3
12
19
183
61
62
30
58
44
0
39
27
19
137
33
7
20
26
56
26
103
288
24
115
61
46
0
68
0
1
13
19
17
4
34
178
19
4
36
8
13
110
12
28
23
40
65
60
56
17
7
13
26
7
64
95
48
1
31
7
36
0
26
37
71
8
3
35
61
0
94
21
154
1
83
112
2
0
35
6
28
188
57
39
86
26
47
16
8
49
69
311
28
24
5
224
60
21
30
145
66
25
13
6
37
78
0
2
101
90
20
178
56
4
67
8
2
3
47
5
7
73
334
4118
31
429
33
12
56
33
25
63
1
0
9
37
23
45
10
798
66
17
38
25
55
59
140
81
0
30
84
15
4
59
16
33
26
17
16
0
16
32
27
30
4
17
23
32
113
40
78
37
4
13
1
36
6
0
4
12
13
62
51
33
44
10
82
136
19
463
7
43
2
48
24
50
35
49
4
28
2
4
21
56
91
0
28
35
25
9
71
3
21
30
45
32
109
10
11
27
19
2
17
18
67
140
75
190
34
0
598
255
39
75
75
131
413
99
32
0
775
363
23
319
223
24
5
31
47
9
18
25
25
5
85
8
72
0
10
0
54
44
99
62
95
28
38
0
6
49
5
740
16
9
3
19
6
47
66
11
17
2
87
108
6
49
137
27
22
2
64
60
139
39
21
55
38
1
3283
902
10
13
5
0
96
12
57
48
97
53
13
93
15
97
2
2
113
17
147
33
5
1
2
44
107
44
15
2
148
15
17
1
80
8
4
34
26
1
21
17
38
49
27
46
37
31
24
25
3709
30
2
106
39
53
22
25
6
139
270
59
8
5
51
3
50
39
1
48
56
51
4
13
86
10
6
0
38
83
84
37
4
4
5
37
50
21
73
224
72
0
24
10
9
106
13
16
34
11
10
44
1
16
37
51
4
132
46
19
4194
198
1
10
3
18
39
63
14
89
31
27
3
26
0
17
75
42
2
32
80
22
31
112
38
55
46
116
3
1
2
94
39
0
13
2
2
17
23
82
34
81
2
117
7
23
46
0
44
19
9
7
21
524
102
34
11
10
0
40
34
41
93
24
5
68
6
12
13
12
24
171
20
158
10
23
35
71
50
87
164
29
11
4
134
32
0
48
230
137
29
3
233
2
63
59
17
95
5
302
15
17
28
16
13
211
21
20
2
9
18
12
0
202
3
40
47
0
81
0
26
1
34
55
12
4
6
13
32
32
53
20
6
60
963
84
33
39
159
29
19
0
20
1
50
0
19
17
49
188
9
71
33
8
1
12
50
38
44
5
138
178
105
61
0
11
36
0
0
30
9
19
285
20
63
87
34
21
29
88
82
63
24
189
172
2
611
3
2
18
27
54
30
1
64
53
2
0
68
34
0
0
2
109
53
4
1
14
16
168
44
28
1
32
37
4
24
10
54
3
117
24
58
75
10
72
2
10
43
73
50
1358
3
126
47
8
12
45
2
17
67
1
1
43
156
194
67
8
218
169
51
1
3
29
128
81
67
25
22
9
27
71
54
44
10
13
8
460
17
3
91
33
1
42
8
15
46
29
55
18
182
12
52
9
607
97
144
11
24
26
63
10
28
21
26
108
125
48
30
10
74
15
3
664
7
1
34
96
99
254
51
17
23
6
260
7
173
3
189
196
27
60
145
1
2
13
26
0
14
3
10
26
65
44
0
5
7
29
37
44
69
10
29
2
15
9
16
6190
23
83
182
11
2
493
11
22
16
0
40
17
23
31
32
4
47
6
23
12
10
46
54
161
83
120
10
10
6
13
28
7
30
3
589
25
28
2
77
40
22
26
15
107
4
7
37
47
42
383
16
3726
26
276
8
9
38
13
14
22
70
241
7
8
80
5
439
69
34
278
8
100
46
8
46
166
101
16
39
15
146
2
1
4
48
39
186
12
290
16
8
6
92
29
131
2
9
33
2
74
1539
90
32
51
259
65
119
2073
150
121
26
7
16
37
56
63
87
6
68
0
83
30
1182
39
9
9
3
103
9
1508
153
14327
181
0
4
28
31
21
32
110
48
37
21
84
18
37
40
19
119
157
46
136
49
84
133
3
52
160
3
23
0
3
2
61
103
7
45
51
35
31
65
10
7
30
3
6
7
22
31
24
42
59
0
4
150
727
8
32
21
43
126
30
139
17
7
71
18
50
9
12
21
2
74
24
81
20
3
80
71
64
23
20
1
31
25
23
15
3
62
300
33
84
10
312
63
3
51
0
9
1
43
10
73
21586
5
80
37
45
120
6
0
90
45
62
3
35
85
1
11
9
62
1
42
7
15
12
14
3
4
48
46
50
52
108
62
100
2
34
1
7
4
24
69
89
12
101
69
5
15
113
18
51
49
8
81
41
23
15
54
2
35
184
0
3
40
37
41
116
4
73
77
11
75
69
28
0
4
36
72
0
12
16
10
70
14
10
56
6
16
11
191
6
11
2
199
61
48
21
679
10
16
3
45
74
9
67
5
1
1
16
53
34
57
14
11
19
17
499
51
10
63
3
19
18
3
72
14
38
16
31
31
73
14
41
0
14
722
148
4
44
24
7288
4
95
75
24
5
14
97
41
7
219
15
499
9
9
0
308
45
0
32
31
12
20
37
8
47
12
30
162
15
54
104
51
24
59
8
36
30
7
3
141
5
35
0
9
0
5
81
106
18
10
3
60
95
53
10
36
1
55
0
7
0
61
135
59
0
25
0
62
32
11
25
27
4
7
69
19
78
7
153
13
19
18
53
141
37
364
48
36
30
73
12
25
0
39
139
21
257
54
36
2
4
48
56
72
32
2
16
8
4
34
25
8
13
26
70
2
35
4079
26
40
15
400
10
2
229
16
82
0
31
31
11
14
87
28
5
48
32
0
59
115
11
18
1
48
35
3441
31
8
1792
15
29
3
1
5
0
20
4
20
142
4
39
722
6
18
30
15
116
45
106
1
75
73
7
53
6
59
48
0
39
125
33
66
15
107
28
18
22
0
3
14
9
255
62
2
47
0
164
8
1
17
148
181
3
83
32
0
1175
54
0
69
50
293
401
100
4
47
7
35
24
0
3
44
113
24
34
51
28
5
57
15
14
15
206
55
14
103
60
37
2
53
7
61
112
6
2
39
22
190
62
29
36
78
20
4
3
10
22
10
90
6
8
432
32
1
28
41
571
6
198
18
121
36
19
208
21
2
0
23
2
57
159
22
27
26
78
37
36
38
36
31
41
1
3
18
2
23
434
20
28
50
59
58
34
60
0
66
7
64
27
38
499
79
0
2
25
8
35
21
73
20
7
11
12
0
1
0
24
15
21
42
55
74
27
31
38
34
128
58
22
22
56
274
54
27
39
16
9
53
41
11
45
7
2
51
0
21
2
39
0
26
119
49
83
74
64
27
53
2
498
27
24
25
10
50
132
81
20
26
7
0
7
16
30
61
170
13
2
19
25
1
5
0
45
14
85
5
0
6
24
14
11
0
28
6
77
35
10
114
54
25
414
112
240
14
15
136
17
45
23
22
44
12
5
93
13
72
97
10
0
1
15
33
147
41
87
35
38
71
10
40
16
44
10
5
124
128
145
49
42
17
34
7
29
121
0
24
7
73
26
9
60
5
70
27
12
0
10
23
6
11
171
18
286
40
11
265
96
0
30
20
144
2
9
99
19
91
69
38
21
38
62
9
8
0
34
39
62
193
57
13
11
60
5
19
6
7
0
11
74
87
12
16
1
158
27
21
19
3
97
108
84
34
12
92
40
57
9
45
16
164
0
5
35
36
35
1
21
11
46
66
6
13
46
6
0
342
42
34
19
14
19
287
9
111
3
93
0
195
94
16
50
3
12
175
31
85
11
8
0
434
2
12
7
96
11
29
40
76
103
53
25
65
49
16
68
12
37
0
1
5
13
90
40
15
51
64
430
19
2
3
17
3
5
39
8
7
0
8
130
44
27
35
21
8
12
65
34
23
15
12
200
26
3
1
2
52
117
65
5
34
81
15
5
8
327
25
18
6
18
39
118
17
56
2
66
10
53
6
1
1
30
3
20
10
9
83
55
7
44
4
0
140
3
28
3
98
0
77
33
452
20
5
22
12
8
11
19
23
56
960
1
5
207
6
31
71
52
1
42
6
1302
271
38
18
71
7
44
0
25
15
80
21
71
4265
53
11
16
14
24
3
41
253
17
2
50
12
12
4
7
