17712 17712 17712 17712 17712 17712 17712 17712 
17712 17712 17712 17712 17712 17712 17712 17712 
17712 17712 17712 17712 17712 17712 17712 17712 
17712 17712 17712 17712 17712 17712 17712 17712 
17712 17712 17712 17712 17712 17712 17712 17712 
17712 17712 17712 17712 17712 17712 17712 17712 
17712 17712 17712 17712 17712 17712 17712 17712 
17712 17712 17712 17712 17712 17712 17712 17712 
17712 17712 17712 17712 17712 17712 17712 17712 
17712 17712 17712 17712 17712 17712 17712 17712 
17712 17712 17712 17712 17712 17712 17712 17712 
17712 17712 17712 17712 17712 17712 17712 17712 
17712 17712 17712 17712 17712 17712 17712 17712 
17712 17712 17712 17712 17712 17712 17712 17712 
17712 17712 17712 17712 17712 17712 17712 17712 
17712 17712 17712 17712 17712 17712 17712 17712 
17712 17712 17712 17712 17712 17712 17712 17712 
17712 17712 17712 17712 17712 17712 17712 17712 
17712 17712 17712 17712 17712 17712 17712 17712 
17712 17712 17712 17712 17712 17712 17712 17712 
17712 17712 17712 17712 17712 17712 17712 17712 
17712 17712 17712 17712 17712 17712 17712 17712 
17712 17712 17712 17712 17713 17712 17712 17712 
17712 17712 17712 17712 17712 17712 17712 17712 
17712 17712 17712 17712 17712 17712 17712 17712 
17712 17712 17712 17712 17712 17712 17712 17712 
17712 17712 17712 17712 17712 17712 17712 17712 
17712 17712 17712 17712 17712 17712 17712 17712 
17712 17712 17712 17712 17712 17712 17712 17712 
17712 17712 17712 17712 17712 17712 17712 17712 
17712 17712 17712 17712 17712 17712 17712 17712 
17712 17712 17712 17713 17712 17712 17712 17712 
17712 17712 17712 17712 17712 17712 17712 17712 
17712 17712 17712 17712 17712 17712 17712 17712 
17712 17712 17712 17712 17712 17712 17712 17712 
17712 17712 17712 17712 17712 17712 17712 17712 
17712 17712 17712 17712 17712 17712 17712 17712 
17712 17712 17712 17712 17712 17712 17712 17712 
17712 17712 17712 17712 17712 17712 17712 17712 
17712 17712 17712 17712 17712 17712 17712 17712 
17712 17712 17712 17712 17712 17712 17712 17712 
17712 17712 17712 17712 17712 17712 17712 17712 
17712 17712 17712 17712 17712 17712 17712 17712 
17712 17712 17712 17712 17712 17712 17712 17712 
17712 17712 17712 17713 17712 17712 17712 17712 
17712 17712 17712 17712 17712 17712 17712 17712 
17712 17712 17712 17712 17712 17712 17712 17712 
17712 17712 17712 17712 17712 17712 17712 17712 
17712 17712 17712 17712 17712 17712 17712 17712 
17712 17712 17712 17712 17712 17712 17712 17712 
17712 17712 17712 17712 17712 17712 17712 17712 
17712 17712 17712 17712 17712 17712 17712 17712 
17712 17712 17712 17712 17712 17712 17712 17712 
17712 17712 17712 17712 17712 17712 17712 17712 
17712 17712 17712 17712 17712 17712 17712 17712 
17712 17712 17712 17712 17712 17712 17712 17712 
17712 17712 17712 17712 17712 17712 17712 17712 
17712 17712 17712 17712 17712 17712 17712 17712 
17712 17712 17712 17712 17712 17712 17712 17712 
17712 17712 17712 17712 17712 17712 17712 17712 
17712 17712 17712 17712 17712 17712 17712 17712 
17712 17712 17712 17712 17712 17712 17712 17712 
17712 17712 17712 17712 17712 17712 17712 17712 
17712 17712 17712 17712 17712 17712 17712 17712 
17712 17712 17712 17712 17712 17712 17712 17712 
17712 17712 17712 17712 17712 17712 17712 17712 
17712 17712 17712 17712 17712 17712 17712 17712 
17712 17712 17712 17712 17712 17712 17712 17712 
17712 17712 17712 17712 17712 17712 17712 17712 
17712 17712 17712 17712 17712 17712 17712 17712 
17712 17712 17712 17712 17712 17712 17712 17712 
17712 17712 17712 17712 17712 17712 17712 17712 
17712 17712 17712 17712 17712 17712 17712 17712 
17712 17712 17712 17712 17712 17712 17712 17712 
17712 17712 17712 17712 17712 17712 17712 17712 
17712 17712 17712 17712 17712 17712 17712 17712 
17712 17712 17712 17712 17712 17712 17712 17712 
17712 17712 17712 17712 17712 17712 17712 17712 
17712 17712 17712 17712 17712 17712 17712 17712 
17712 17712 17712 17712 17712 17712 17712 17712 
17712 17712 17712 17712 17712 17712 17712 17712 
17712 17712 17712 17712 17712 17712 17712 17712 
17712 17712 17712 17712 17712 17712 17712 17712 
17712 17712 17712 17712 17712 17712 17712 17712 
17712 17712 17712 17712 17712 17712 17712 17712 
17712 17712 17712 17712 17712 17712 17712 17712 
17712 17712 17712 17712 17712 17712 17712 17712 
17712 17712 17712 17712 17712 17712 17712 17712 
17712 17712 17712 17712 17713 17712 17712 17712 
17712 17712 17712 17712 17712 17712 17712 17712 
17712 17712 17712 17712 17712 17712 17712 17712 
17712 17712 17712 17712 17712 17712 17712 17712 
17712 17712 17712 17712 17712 17712 17712 17712 
17712 17712 17712 17712 17712 17712 17712 17712 
17712 17712 17712 17712 17712 17712 17712 17712 
17712 17712 17712 17712 17712 17712 17712 17712 
17712 17712 17712 17712 17712 17712 17712 17712 
17712 17712 17712 17712 17712 17712 17712 17712 
17712 17712 17712 17712 17712 17712 17712 17712 
17712 17712 17712 17712 17712 17712 17712 17712 
17712 17712 17712 17712 17712 17712 17713 17712 
17712 17712 17712 17712 17712 17712 17712 17712 
17712 17712 17712 17712 17712 17712 17712 17712 
17712 17712 17712 17712 17712 17712 17712 17712 
17712 17712 17712 17712 17712 17712 17712 17712 
17712 17712 17712 17712 17712 17712 17712 17712 
17712 17712 17712 17712 17712 17712 17712 17712 
17712 17712 17712 17712 17712 17712 17712 17712 
17712 17712 17712 17712 17712 17712 17712 17712 
17712 17712 17712 17712 17712 17712 17712 17712 
17712 17712 17712 17712 17712 17712 17712 17712 
17712 17712 17712 17712 17712 17712 17712 17712 
17712 17712 17712 17712 17712 17712 17712 17712 
17712 17712 17712 17712 17712 17712 17712 17712 
17712 17712 17712 17712 17712 17712 17712 17712 
17712 17712 17712 17712 17712 17712 17712 17712 
17712 17712 17712 17712 17712 17712 17712 17712 
17712 17712 17712 17712 17712 17712 17712 17712 
17712 17712 17712 17712 17712 17712 17712 17712 
17712 17712 17712 17712 17712 17712 17712 17712 
17712 17712 17712 17712 17712 17712 17712 17712 
17712 17712 17712 17712 17712 17712 17712 17712 
17712 17712 17712 17712 17712 17712 17712 17712 
17712 17712 17712 17712 17712 17712 17712 17712 
17712 17712 17712 17712 17712 17712 17712 17712 
17712 17712 17712 17712 17712 17712 17712 17712 
17712 17712 17712 17712 17712 17712 17712 17712 
17712 17712 17712 17712 17712 17712 17712 17712 
17712 17712 17712 17712 17712 17712 17712 17712 
17712 17712 17712 17712 17712 17712 17712 17712 
17712 17712 17712 17712 17712 17712 17712 17712 
17712 17712 17712 17712 17712 17712 17712 17712 
17712 17712 17712 17712 17712 17712 17712 17712 
17712 17712 17712 17712 17712 17712 17712 17712 
17712 17712 17712 17712 17712 17712 17712 17712 
17712 17712 17712 17712 17712 17712 17712 17712 
17712 17712 17712 17712 17712 17712 17712 17712 
17712 17712 17712 17712 17712 17712 17712 17712 
17712 17712 17712 17712 17712 17712 17712 17712 
17712 17712 17712 17712 17712 17712 17712 17712 
17712 17712 17712 17712 17712 17712 17712 17712 
17712 17712 17712 17712 17712 17712 17712 17712 
17712 17712 17712 17712 17712 17712 17712 17712 
17712 17712 17712 17712 17712 17712 17712 17712 
17712 17712 17712 17712 17712 17712 17712 17712 
17712 17712 17712 17712 17712 17712 17712 17712 
17712 17712 17712 17712 17712 17712 17712 17712 
17712 17712 17712 17712 17712 17712 17712 17712 
17712 17712 17712 17712 17712 17712 17712 17712 
17712 17712 17712 17712 17712 17712 17712 17712 
17712 17712 17712 17712 17712 17712 17712 17712 
17712 17712 17712 17712 17712 17712 17712 17712 
17712 17712 17712 17712 17712 17712 17712 17712 
17712 17712 17712 17712 17712 17712 17712 17712 
17712 17712 17712 17712 17712 17712 17712 17712 
17712 17712 17712 17712 17712 17712 17712 17712 
17712 17712 17712 17712 17712 17712 17712 17712 
17712 17712 17712 17712 17712 17712 17712 17712 
17712 17712 17712 17712 17712 17712 17712 17712 
17712 17712 17712 17712 17712 17712 17712 17712 
17712 17712 17712 17712 17712 17712 17712 17712 
17712 17712 17712 17712 17712 17712 17712 17712 
17712 17712 17712 17712 17712 17712 17712 17712 
17712 17712 17712 17712 17712 17712 17712 17712 
17712 17712 17712 17712 17712 17712 17712 17712 
17712 17712 17712 17712 17712 17712 17712 17712 
17712 17712 17712 17712 17712 17712 17712 17712 
17712 17712 17712 17712 17712 17712 17712 17712 
17712 17712 17712 17712 17712 17712 17712 17712 
17712 17712 17712 17712 17712 17712 17712 17712 
17712 17712 17712 17712 17712 17712 17712 17712 
17712 17712 17712 17712 17712 17712 17712 17712 
17712 17712 17712 17712 17712 17712 17712 17712 
17712 17712 17712 17712 17712 17712 17712 17712 
17712 17712 17712 17712 17712 17712 17712 17712 
17712 17712 17712 17712 17712 17712 17712 17712 
17712 17713 17712 17712 17712 17712 17712 17712 
17712 17712 17712 17712 17712 17712 17712 17712 
17712 17712 17712 17712 17712 17712 17712 17712 
17712 17712 17712 17712 17712 17712 17712 17712 
17712 17712 17712 17712 17712 17712 17712 17712 
17712 17712 17712 17712 17712 17712 17712 17712 
17712 17712 17712 17712 17712 17712 17712 17712 
17712 17712 17712 17712 17712 17712 17712 17712 
17712 17712 17712 17712 17712 17712 17712 17712 
