4763 4763 4763 4763 4763 4763 4763 4763 4763 4763 4763 4763 4763 4763 4763 4763 4763 4763 4763 4763 4763 4763 4763 4763 4763 4763 4763 4763 4763 4763 4763 4763 4763 4763 4763 4763 4763 4763 4763 4763 4763 4763 4763 4763 
4763 4763 4763 4763 4763 4763 4763 4763 4763 4763 4763 4763 4763 4763 4763 4763 4763 4763 4763 4763 4763 4763 4763 4763 4763 4763 4763 4763 4763 4763 4763 4763 4763 4763 4763 4763 4763 4763 4763 4763 4763 4763 4763 4763 
4763 4763 4763 4763 4763 4763 4763 4763 4763 4763 4763 4763 4763 4763 4763 4763 4763 4763 4763 4763 4763 4763 4763 4763 4763 4763 4763 4763 4763 4763 4763 4763 4763 4763 4763 4763 4763 4763 4763 4763 4763 4763 4763 4763 
4763 4763 4763 4763 4763 4763 4763 4763 4763 4763 4763 4763 4763 4763 4763 4763 4763 4763 4763 4763 4763 4763 4763 4763 4763 4763 4763 4763 4763 4763 4763 4763 4763 4763 4763 4763 4763 4763 4763 4763 4763 4763 4763 4763 
4763 4763 4763 4763 4763 4763 4763 4763 4763 4763 4763 4763 4763 4763 4763 4763 4763 4763 4763 4763 4763 4763 4763 4763 4763 4763 4763 4763 4763 4763 4763 4763 4763 4763 4763 4763 4763 4763 4763 4763 4763 4763 4763 4763 
4763 4763 4763 4763 4763 4763 4763 4763 4763 4763 4763 4763 4763 4763 4763 4763 4763 4763 4763 4763 4763 4763 4763 4763 4763 4763 4763 4763 4763 4763 4763 4763 4763 4763 4763 4763 4763 4763 4763 4763 4763 4763 4763 4763 
4763 4763 4763 4763 4763 4763 4763 4763 4763 4763 4763 4763 4763 4763 4763 4763 4763 4763 4763 4763 4763 4763 4763 4763 4763 4763 4763 4763 4763 4763 4763 4763 4763 4763 4763 4763 4763 4763 4763 4763 4763 4763 4763 4763 
4763 4763 4763 4763 4763 4763 4763 4763 4763 4763 4763 4763 4763 4763 4763 4763 4763 4763 4763 4763 4763 4763 4763 4763 4763 4763 4763 4763 4763 4763 4763 4763 4763 4763 4763 4763 4763 4763 4763 4763 4763 4763 4763 4763 
4763 4763 4763 4763 4763 4763 4763 4763 4763 4763 4763 4763 4763 4763 4763 4763 4763 4763 4763 4763 4763 4763 4763 4763 4763 4763 4763 4763 4763 4763 4763 4763 4763 4763 4763 4763 4763 4763 4763 4763 4763 4763 4763 4763 
4763 4763 4763 4763 4763 4763 4763 4763 4763 4763 4763 4763 4763 4763 4763 4763 4763 4763 4763 4763 4763 4763 4763 4763 4763 4763 4763 4763 4763 4763 4763 4763 4763 4763 4763 4763 4763 4763 4763 4763 4763 4763 4763 4763 
4763 4763 4763 4763 4763 4763 4763 4763 4763 4763 4763 4763 4763 4763 4763 4763 4763 4763 4763 4763 4763 4763 4763 4763 4763 4763 4763 4763 4763 4763 4763 4763 4763 4763 4763 4763 4763 4763 4763 4763 4763 4763 4763 4763 
4763 4763 4763 4763 4763 4763 4763 4763 4763 4763 4763 4763 4763 4763 4763 4763 4763 4763 4763 4763 4763 4763 4763 4763 4763 4763 4763 4763 4763 4763 4763 4763 4763 4763 4763 4763 4763 4763 4763 4763 4763 4763 4763 4763 
4763 4763 4763 4763 4763 4763 4763 4763 4763 4763 4763 4763 4763 4763 4763 4763 4763 4763 4763 4763 4763 4763 4763 4763 4763 4763 4763 4763 4763 4763 4763 4763 4763 4763 4763 4763 4763 4763 4763 4763 4763 4763 4763 4763 
4763 4763 4763 4763 4763 4763 4763 4763 4763 4763 4763 4763 4763 4763 4763 4763 4763 4763 4763 4763 4763 4763 4763 4763 4763 4763 4763 4763 4763 4763 4763 4763 4763 4763 4763 4763 4763 4763 4763 4763 4763 4763 4763 4763 
4763 4763 4763 4763 4763 4763 4763 4763 4763 4763 4763 4763 4763 4763 4763 4763 4763 4763 4763 4763 4763 4763 4763 4763 4763 4763 4763 4763 4763 4763 4763 4763 4763 4763 4763 4763 4763 4763 4763 4763 4763 4763 4763 4763 
4763 4763 4763 4763 4763 4763 4763 4763 4763 4763 4763 4763 4763 4763 4763 4763 4763 4763 4763 4763 4763 4763 4763 4763 4763 4763 4763 4763 4763 4763 4763 4763 4763 4763 4763 4763 4763 4763 4763 4763 4763 4763 4763 4763 
4763 4763 4763 4763 4763 4763 4763 4763 4763 4763 4763 4763 4763 4763 4763 4763 4763 4763 4763 4763 4763 4763 4763 4763 4763 4763 4763 4763 4763 4763 4763 4763 4763 4763 4763 4763 4763 4763 4763 4763 4763 4763 4763 4763 
4763 4763 4763 4763 4763 4763 4763 4763 4763 4763 4763 4763 4763 4763 4763 4763 4763 4763 4763 4763 4763 4763 4763 4763 4763 4763 4763 4763 4763 4763 4763 4763 4763 4763 4763 4763 4763 4763 4763 4763 4763 4763 4763 4763 
4763 4763 4763 4763 4763 4763 4763 4763 4763 4763 4763 4763 4763 4763 4763 4763 4763 4763 4763 4763 4763 4763 4763 4763 4763 4763 4763 4763 4763 4763 4763 4763 4763 4763 4763 4763 4763 4763 4763 4763 4763 4763 4763 4763 
4763 4763 4763 4763 4763 4763 4763 4763 4763 4763 4763 4763 4763 4763 4763 4763 4763 4763 4763 4763 4763 4763 4763 4763 4763 4763 4763 4763 4763 4763 4763 4763 4763 4763 4763 4763 4763 4763 4763 4763 4763 4763 4763 4763 
4763 4763 4763 4763 4763 4763 4763 4763 4763 4763 4763 4763 4763 4763 4763 4763 4763 4763 4763 4763 4763 4763 4763 4763 4763 4763 4763 4763 4763 4763 4763 4763 4763 4763 4763 4763 4763 4763 4763 4763 4763 4763 4763 4763 
4763 4763 4763 4763 4763 4763 4763 4763 4763 4763 4763 4763 4763 4763 4763 4763 4763 4763 4763 4763 4763 4763 4763 4763 4763 4763 4763 4763 4763 4763 4763 4763 4763 4763 4763 4763 4763 4763 4763 4763 4763 4763 4763 4763 
4763 4763 4763 4763 4763 4763 4763 4763 4763 4763 4763 4763 4763 4763 4763 4763 4763 4763 4763 4763 4763 4763 4763 4763 4763 4763 4763 4763 4763 4763 4763 4763 4763 4763 4763 4763 4763 4763 4763 4763 4763 4763 4763 4763 
4763 4763 4763 4763 4763 4763 4763 4763 4763 4763 4763 4763 4763 4763 4763 4763 4763 4763 4763 4763 4763 4763 4763 4763 4763 4763 4763 4763 4763 4763 4763 4763 4763 4763 4763 4763 4763 4763 4763 4763 4763 4763 4763 4763 
4763 4763 4763 4763 4763 4763 4763 4763 4763 4763 4763 4763 4763 4763 4763 4763 4763 4763 4763 4763 4763 4763 4763 4763 4763 4763 4763 4763 4763 4763 4763 4763 4763 4763 4763 4763 4763 4763 4763 4763 4763 4763 4763 4763 
4763 4763 4763 4763 4763 4763 4763 4763 4763 4763 4763 4763 4763 4763 4763 4763 4763 4763 4763 4763 4763 4763 4763 4763 4763 4763 4763 4763 4763 4763 4763 4763 4763 4763 4763 4763 4763 4763 4763 4763 4763 4763 4763 4763 
4763 4763 4763 4763 4763 4763 4763 4763 4763 4763 4763 4763 4763 4763 4763 4763 4763 4763 4763 4763 4763 4763 4763 4763 4763 4763 4763 4763 4763 4763 4763 4763 4763 4763 4763 4763 4763 4763 4763 4763 4763 4763 4763 4763 
4763 4763 4763 4763 4763 4763 4763 4763 4763 4763 4763 4763 4763 4763 4763 4763 4763 4763 4763 4763 4763 4763 4763 4763 4763 4763 4763 4763 4763 4763 4763 4763 4763 4763 4763 4763 4763 4763 4763 4763 4763 4763 4763 4763 
4763 4763 4763 4763 4763 4763 4763 4763 4763 4763 4763 4763 4763 4763 4763 4763 4763 4763 4763 4763 4763 4763 4763 4763 4763 4763 4763 4763 4763 4763 4763 4763 4763 4763 4763 4763 4763 4763 4763 4763 4763 4763 4763 4763 
4763 4763 4763 4763 4763 4763 4763 4763 4763 4763 4763 4763 4763 4763 4763 4763 4763 4763 4763 4763 4763 4763 4763 4763 4763 4763 4763 4763 4763 4763 4763 4763 4763 4763 4763 4763 4763 4763 4763 4763 4763 4763 4763 4763 
4763 4763 4763 4763 4763 4763 4763 4763 4763 4763 4763 4763 4763 4763 4763 4763 4763 4763 4763 4763 4763 4763 4763 4763 4763 4763 4763 4763 4763 4763 4763 4763 4763 4763 4763 4763 4763 4763 4763 4763 4763 4763 4763 4763 
4763 4763 4763 4763 4763 4763 4763 4763 4763 4763 4763 4763 4763 4763 4763 4763 4763 4763 4763 4763 4763 4763 4763 4763 4763 4763 4763 4763 4763 4763 4763 4763 4763 4763 4763 4763 4763 4763 4763 4763 4763 4763 4763 4763 
4763 4763 4763 4763 4763 4763 4763 4763 4763 4763 4763 4763 4763 4763 4763 4763 4763 4763 4763 4763 4763 4763 4763 4763 4763 4763 4763 4763 4763 4763 4763 4763 4763 4763 4763 4763 4763 4763 4763 4763 4763 4763 4763 4763 
4763 4763 4763 4763 4763 4763 4763 4763 4763 4763 4763 4763 4763 4763 4763 4763 4763 4763 4763 4763 4763 4763 4763 4763 4763 4763 4763 4763 4763 4763 4763 4763 4763 4763 4763 4763 4763 4763 4763 4763 4763 4763 4763 4763 
4763 4763 4763 4763 4763 4763 4763 4763 4763 4763 4763 4763 4763 4763 4763 4763 4763 4763 4763 4763 4763 4763 4763 4763 4763 4763 4763 4763 4763 4763 4763 4763 4763 4763 4763 4763 4763 4763 4763 4763 4763 4763 4763 4763 
4763 4763 4763 4763 4763 4763 4763 4763 4763 4763 4763 4763 4763 4763 4763 4763 4763 4763 4763 4763 4763 4763 4763 4763 4763 4763 4763 4763 4763 4763 4763 4763 4763 4763 4763 4763 4763 4763 4763 4763 4763 4763 4763 4763 
4763 4763 4763 4763 4763 4763 4763 4763 4763 4763 4763 4763 4763 4763 4763 4763 4763 4763 4763 4763 4763 4763 4763 4763 4763 4763 4763 4763 4763 4763 4763 4763 4763 4763 4763 4763 4763 4763 4763 4763 4763 4763 4763 4763 
4763 4763 4763 4763 4763 4763 4763 4763 4763 4763 4763 4763 4763 4763 4763 4763 4763 4763 4763 4763 4763 4763 4763 4763 4763 4763 4763 4763 4763 4763 4763 4763 4763 4763 4763 4763 4763 4763 4763 4763 4763 4763 4763 4763 
4763 4763 4763 4763 4763 4763 4763 4763 4763 4763 4763 4763 4763 4763 4763 4763 4763 4763 4763 4763 4763 4763 4763 4763 4763 4763 4763 4763 4763 4763 4763 4763 4763 4763 4763 4763 4763 4763 4763 4763 4763 4763 4763 4763 
4763 4763 4763 4763 4763 4763 4763 4763 4763 4763 4763 4763 4763 4763 4763 4763 4763 4763 4763 4763 4763 4763 4763 4763 4763 4763 4763 4763 4763 4763 4763 4763 4763 4763 4763 4763 4763 4763 4763 4763 4763 4763 4763 4763 
4763 4763 4763 4763 4763 4763 4763 4763 4763 4763 4763 4763 4763 4763 4763 4763 4763 4763 4763 4763 4763 4763 4763 4763 4763 4763 4763 4763 4763 4763 4763 4763 4763 4763 4763 4763 4763 4763 4763 4763 4763 4763 4763 4763 
4763 4763 4763 4763 4763 4763 4763 4763 4763 4763 4763 4763 4763 4763 4763 4763 4763 4763 4763 4763 4763 4763 4763 4763 4763 4763 4763 4763 4763 4763 4763 4763 4763 4763 4763 4763 4763 4763 4763 4763 4763 4763 4763 4763 
4763 4763 4763 4763 4763 4763 4763 4763 4763 4763 4763 4763 4763 4763 4763 4763 4763 4763 4763 4763 4763 4763 4763 4763 4763 4763 4763 4763 4763 4763 4763 4763 4763 4763 4763 4763 4763 4763 4763 4763 4763 4763 4763 4763 
4763 4763 4763 4763 4763 4763 4763 4763 4763 4763 4763 4763 4763 4763 4763 4763 4763 4763 4763 4763 4763 4763 4763 4763 4763 4763 4763 4763 4763 4763 4763 4763 4763 4763 4763 4763 4763 4763 4763 4763 4763 4763 4763 4763 
4763 4763 4763 4763 4763 4763 4763 4763 4763 4763 4763 4763 4763 4763 4763 4763 4763 4763 4763 4763 4763 4763 4763 4763 4763 4763 4763 4763 4763 4763 4763 4763 4763 4763 4763 4763 4763 4763 4763 4763 4763 4763 4763 4763 
4763 4763 4763 4763 4763 4763 4763 4763 4763 4763 4763 4763 4763 4763 4763 4763 4763 4763 4763 4763 4763 4763 4763 4763 4763 4763 4763 4763 4763 4763 4763 4763 4763 4763 4763 4763 4763 4763 4763 4763 4763 4763 4763 4763 
4763 4763 4763 4763 4763 4763 4763 4763 4763 4763 4763 4763 4763 4763 4763 4763 4763 4763 4763 4763 4763 4763 4763 4763 4763 4763 4763 4763 4763 4763 4763 4763 4763 4763 4763 4763 4763 4763 4763 4763 4763 4763 4763 4763 
4763 4763 4763 4763 4763 4763 4763 4763 4763 4763 4763 4763 4763 4763 4763 4763 4763 4763 4763 4763 4763 4763 4763 4763 4763 4763 4763 4763 4763 4763 4763 4763 4763 4763 4763 4763 4763 4763 4763 4763 4763 4763 4763 4763 
4763 4763 4763 4763 4763 4763 4763 4763 4763 4763 4763 4763 4763 4763 4763 4763 4763 4763 4763 4763 4763 4763 4763 4763 4763 4763 4763 4763 4763 4763 4763 4763 4763 4763 4763 4763 4763 4763 4763 4763 4763 4763 4763 4763 
4763 4763 4763 4763 4763 4763 4763 4763 4763 4763 4763 4763 4763 4763 4763 4763 4763 4763 4763 4763 4763 4763 4763 4763 4763 4763 4763 4763 4763 4763 4763 4763 4763 4763 4763 4763 4763 4763 4763 4763 4763 4763 4763 4763 
4763 4763 4763 4763 4763 4763 4763 4763 4763 4763 4763 4763 4763 4763 4763 4763 4763 4763 4763 4763 4763 4763 4763 4763 4763 4763 4763 4763 4763 4763 4763 4763 4763 4763 4763 4763 4763 4763 4763 4763 4763 4763 4763 4763 
4763 4763 4763 4763 4763 4763 4763 4763 4763 4763 4763 4763 4763 4763 4763 4763 4763 4763 4763 4763 4763 4763 4763 4763 4763 4763 4763 4763 4763 4763 4763 4763 4763 4763 4763 4763 4763 4763 4763 4763 4763 4763 4763 4763 
4763 4763 4763 4763 4763 4763 4763 4763 4763 4763 4763 4763 4763 4763 4763 4763 4763 4763 4763 4763 4763 4763 4763 4763 4763 4763 4763 4763 4763 4763 4763 4763 4763 4763 4763 4763 4763 4763 4763 4763 4763 4763 4763 4763 
4763 4763 4763 4763 4763 4763 4763 4763 4763 4763 4763 4763 4763 4763 4763 4763 4763 4763 4763 4763 4763 4763 4763 4763 4763 4763 4763 4763 4763 4763 4763 4763 4763 4763 4763 4763 4763 4763 4763 4763 4763 4763 4763 4763 
4763 4763 4763 4763 4763 4763 4763 4763 4763 4763 4763 4763 4763 4763 4763 4763 4763 4763 4763 4763 4763 4763 4763 4763 4763 4763 4763 4763 4763 4763 4763 4763 4763 4763 4763 4763 4763 4763 4763 4763 4763 4763 4763 4763 
4763 4763 4763 4763 4763 4763 4763 4763 4763 4763 4763 4763 4763 4763 4763 4763 4763 4763 4763 4763 4763 4763 4763 4763 4763 4763 4763 4763 4763 4763 4763 4763 4763 4763 4763 4763 4763 4763 4763 4763 4763 4763 4763 4763 
4763 4763 4763 4763 4763 4763 4763 4763 4763 4763 4763 4763 4763 4763 4763 4763 4763 4763 4763 4763 4763 4763 4763 4763 4763 4763 4763 4763 4763 4763 4763 4763 4763 4763 4763 4763 4763 4763 4763 4763 4763 4763 4763 4763 
4763 4763 4763 4763 4763 4763 4763 4763 4763 4763 4763 4763 4763 4763 4763 4763 4763 4763 4763 4763 4763 4763 4763 4763 4763 4763 4763 4763 4763 4763 4763 4763 4763 4763 4763 4763 4763 4763 4763 4763 4763 4763 4763 4763 
4763 4763 4763 4763 4763 4763 4763 4763 4763 4763 4763 4763 4763 4763 4763 4763 4763 4763 4763 4763 4763 4763 4763 4763 4763 4763 4763 4763 4763 4763 4763 4763 4763 4763 4763 4763 4763 4763 4763 4763 4763 4763 4763 4763 
4763 4763 4763 4763 4763 4763 4763 4763 4763 4763 4763 4763 4763 4763 4763 4763 4763 4763 4763 4763 4763 4763 4763 4763 4763 4763 4763 4763 4763 4763 4763 4763 4763 4763 4763 4763 4763 4763 4763 4763 4763 4763 4763 4763 
4763 4763 4763 4763 4763 4763 4763 4763 4763 4763 4763 4763 4763 4763 4763 4763 4763 4763 4763 4763 4763 4763 4763 4763 4763 4763 4763 4763 4763 4763 4763 4763 4763 4763 4763 4763 4763 4763 4763 4763 4763 4763 4763 4763 
4763 4763 4763 4763 4763 4763 4763 4763 4763 4763 4763 4763 4763 4763 4763 4763 4763 4763 4763 4763 4763 4763 4763 4763 4763 4763 4763 4763 4763 4763 4763 4763 4763 4763 4763 4763 4763 4763 4763 4763 4763 4763 4763 4763 
4763 4763 4763 4763 4763 4763 4763 4763 4763 4763 4763 4763 4763 4763 4763 4763 4763 4763 4763 4763 4763 4763 4763 4763 4763 4763 4763 4763 4763 4763 4763 4763 4763 4763 4763 4763 4763 4763 4763 4763 4763 4763 4763 4763 
4763 4763 4763 4763 4763 4763 4763 4763 4763 4763 4763 4763 4763 4763 4763 4763 4763 4763 4763 4763 4763 4763 4763 4763 4763 4763 4763 4763 4763 4763 4763 4763 4763 4763 4763 4763 4763 4763 4763 4763 4763 4763 4763 4763 
4763 4763 4763 4763 4763 4763 4763 4763 4763 4763 4763 4763 4763 4763 4763 4763 4763 4763 4763 4763 4763 4763 4763 4763 4763 4763 4763 4763 4763 4763 4763 4763 4763 4763 4763 4763 4763 4763 4763 4763 4763 4763 4763 4763 
4763 4763 4763 4763 4763 4763 4763 4763 4763 4763 4763 4763 4763 4763 4763 4763 4763 4763 4763 4763 4763 4763 4763 4763 4763 4763 4763 4763 4763 4763 4763 4763 4763 4763 4763 4763 4763 4763 4763 4763 4763 4763 4763 4763 
4763 4763 4763 4763 4763 4763 4763 4763 4763 4763 4763 4763 4763 4763 4763 4763 4763 4763 4763 4763 4763 4763 4763 4763 4763 4763 4763 4763 4763 4763 4763 4763 4763 4763 4763 4763 4763 4763 4763 4763 4763 4763 4763 4763 
4763 4763 4763 4763 4763 4763 4763 4763 4763 4763 4763 4763 4763 4763 4763 4763 4763 4763 4763 4763 4763 4763 4763 4763 4763 4763 4763 4763 4763 4763 4763 4763 4763 4763 4763 4763 4763 4763 4763 4763 4763 4763 4763 4763 
4763 4763 4763 4763 4763 4763 4763 4763 4763 4763 4763 4763 4763 4763 4763 4763 4763 4763 4763 4763 4763 4763 4763 4763 4763 4763 4763 4763 4763 4763 4763 4763 4763 4763 4763 4763 4763 4763 4763 4763 4763 4763 4763 4763 
4763 4763 4763 4763 4763 4763 4763 4763 4763 4763 4763 4763 4763 4763 4763 4763 4763 4763 4763 4763 4763 4763 4763 4763 4763 4763 4763 4763 4763 4763 4763 4763 4763 4763 4763 4763 4763 4763 4763 4763 4763 4763 4763 4763 
4763 4763 4763 4763 4763 4763 4763 4763 4763 4763 4763 4763 4763 4763 4763 4763 4763 4763 4763 4763 4763 4763 4763 4763 4763 4763 4763 4763 4763 4763 4763 4763 4763 4763 4763 4763 4763 4763 4763 4763 4763 4763 4763 4763 
4763 4763 4763 4763 4763 4763 4763 4763 4763 4763 4763 4763 4763 4763 4763 4763 4763 4763 4763 4763 4763 4763 4763 4763 4763 4763 4763 4763 4763 4763 4763 4763 4763 4763 4763 4763 4763 4763 4763 4763 4763 4763 4763 4763 
4763 4763 4763 4763 4763 4763 4763 4763 4763 4763 4763 4763 4763 4763 4763 4763 4763 4763 4763 4763 4763 4764 4763 4763 4763 4763 4763 4763 4763 4763 4763 4763 4763 4763 4763 4763 4763 4763 4763 4763 4763 4763 4763 4763 
4763 4763 4763 4763 4763 4763 4763 4763 4763 4763 4763 4763 4763 4763 4763 4763 4763 4763 4763 4763 4763 4763 4763 4763 4763 4763 4763 4763 4763 4763 4763 4763 4763 4763 4763 4763 4763 4763 4763 4763 4763 4763 4763 4763 
4763 4763 4763 4763 4763 4763 4763 4763 4763 4763 4763 4763 4763 4763 4763 4763 4763 4763 4763 4763 4763 4763 4763 4763 4763 4763 4763 4763 4763 4763 4763 4763 4763 4763 4763 4763 4763 4763 4763 4763 4763 4763 4763 4763 
4763 4763 4763 4763 4763 4763 4763 4763 4763 4763 4763 4763 4763 4763 4763 4763 4763 4763 4763 4763 4763 4763 4763 4763 4763 4763 4763 4763 4763 4763 4763 4763 4763 4763 4763 4763 4763 4763 4763 4763 4763 4763 4763 4763 
4763 4763 4763 4763 4763 4763 4763 4763 4763 4763 4763 4763 4763 4763 4763 4763 4763 4763 4763 4763 4763 4763 4763 4763 4763 4763 4763 4763 4763 4763 4763 4763 4763 4763 4763 4763 4763 4763 4763 4763 4763 4763 4763 4763 
4763 4763 4763 4763 4763 4763 4763 4763 4763 4763 4763 4763 4763 4763 4763 4763 4763 4763 4763 4763 4763 4763 4763 4763 4763 4763 4763 4763 4763 4763 4763 4763 4763 4763 4763 4763 4763 4763 4763 4763 4763 4763 4763 4763 
4763 4763 4763 4763 4763 4763 4763 4763 4763 4763 4763 4763 4763 4763 4763 4763 4763 4763 4763 4763 4763 4763 4763 4763 4763 4763 4763 4763 4763 4763 4763 4763 4763 4763 4763 4763 4763 4763 4763 4763 4763 4763 4763 4763 
4763 4763 4763 4763 4763 4763 4763 4763 4763 4763 4763 4763 4763 4763 4763 4763 4763 4763 4763 4763 4763 4763 4763 4763 4763 4763 4763 4763 4763 4763 4763 4763 4763 4763 4763 4763 4763 4763 4763 4763 4763 4763 4763 4763 
4763 4763 4763 4763 4763 4763 4763 4763 4763 4763 4763 4763 4763 4763 4763 4763 4763 4763 4763 4763 4763 4763 4763 4763 4763 4763 4763 4763 4763 4763 4763 4763 4763 4763 4763 4763 4763 4763 4763 4763 4763 4763 4763 4763 
4763 4763 4763 4763 4763 4763 4763 4763 4763 4763 4763 4763 4763 4763 4763 4763 4763 4763 4763 4763 4763 4763 4763 4763 4763 4763 4763 4763 4763 4763 4763 4763 4763 4763 4763 4763 4763 4763 4763 4763 4763 4763 4763 4763 
4763 4763 4763 4763 4763 4763 4763 4763 4763 4763 4763 4763 4763 4763 4763 4763 4763 4763 4763 4763 4763 4763 4763 4763 4763 4763 4763 4763 4763 4763 4763 4763 4763 4763 4763 4763 4763 4763 4763 4763 4763 4763 4763 4763 
4763 4763 4763 4763 4763 4763 4763 4763 4763 4763 4763 4763 4763 4763 4763 4763 4763 4763 4763 4763 4763 4763 4763 4763 4763 4763 4763 4763 4763 4763 4763 4763 4763 4763 4763 4763 4763 4763 4763 4763 4763 4763 4763 4763 
4763 4763 4763 4763 4763 4763 4763 4763 4763 4763 4763 4763 4763 4763 4763 4763 4763 4763 4763 4763 4763 4763 4763 4763 4763 4763 4763 4763 4763 4763 4763 4763 4763 4763 4763 4763 4763 4763 4763 4763 4763 4763 4763 4763 
4763 4763 4763 4763 4763 4763 4763 4763 4763 4763 4763 4763 4763 4763 4763 4763 4763 4763 4763 4763 4763 4763 4763 4763 4763 4763 4763 4763 4763 4763 4763 4763 4763 4763 4763 4763 4763 4763 4763 4763 4763 4763 4763 4763 
4763 4763 4763 4763 4763 4763 4763 4763 4763 4763 4763 4763 4763 4763 4763 4763 4763 4763 4763 4763 4763 4763 4763 4763 4763 4763 4763 4763 4763 4763 4763 4763 4763 4763 4763 4763 4763 4763 4763 4763 4763 4763 4763 4763 
4763 4763 4763 4763 4763 4763 4763 4763 4763 4763 4763 4763 4763 4763 4763 4763 4763 4763 4763 4763 4763 4763 4763 4763 4763 4763 4763 4763 4763 4763 4763 4763 4763 4763 4763 4763 4763 4763 4763 4763 4763 4763 4763 4763 
4763 4763 4763 4763 4763 4763 4763 4763 4763 4763 4763 4763 4763 4763 4763 4763 4763 4763 4763 4763 4763 4763 4763 4763 4763 4763 4763 4763 4763 4763 4763 4763 4763 4763 4763 4763 4763 4763 4763 4763 4763 4763 4763 4763 
4763 4763 4763 4763 4763 4763 4763 4763 4763 4763 4763 4763 4763 4763 4763 4763 4763 4763 4763 4763 4763 4763 4763 4763 4763 4763 4763 4763 4763 4763 4763 4763 4763 4763 4763 4763 4763 4763 4763 4763 4763 4763 4763 4763 
4763 4763 4763 4763 4763 4763 4763 4763 4763 4763 4763 4763 4763 4763 4763 4763 4763 4763 4763 4763 4763 4763 4763 4763 4763 4763 4763 4763 4763 4763 4763 4763 4763 4763 4763 4763 4763 4763 4763 4763 4763 4763 4763 4763 
