3729 3729 3729 3729 3729 3729 3729 3729 3729 3729 3729 3729 3729 3729 3729 3729 3729 3729 3729 3729 3729 3729 3729 3729 3729 3729 3729 3729 3729 3729 3729 3729 3729 3729 3729 3729 3729 3729 3729 3729 3729 3729 3729 3729 3729 3729 
3729 3730 3729 3729 3729 3729 3729 3729 3729 3729 3729 3729 3729 3729 3729 3729 3729 3729 3729 3729 3729 3729 3729 3729 3729 3729 3729 3729 3729 3729 3729 3729 3729 3729 3729 3729 3729 3729 3729 3729 3729 3729 3729 3729 3729 3729 
3729 3729 3729 3729 3729 3729 3729 3729 3729 3729 3729 3729 3729 3729 3729 3729 3729 3729 3729 3729 3729 3729 3729 3729 3729 3729 3729 3729 3729 3729 3729 3729 3729 3729 3729 3729 3729 3729 3729 3729 3729 3729 3729 3729 3729 3729 
3729 3729 3729 3729 3729 3729 3729 3729 3729 3729 3729 3729 3729 3729 3729 3729 3729 3729 3729 3729 3729 3729 3729 3729 3729 3729 3729 3729 3729 3729 3729 3729 3729 3729 3729 3729 3729 3729 3729 3729 3729 3729 3729 3729 3729 3729 
3729 3729 3729 3729 3729 3729 3729 3729 3729 3729 3729 3729 3729 3729 3729 3729 3729 3729 3729 3729 3729 3729 3729 3729 3729 3729 3729 3729 3729 3729 3729 3729 3729 3729 3729 3729 3729 3729 3729 3729 3729 3729 3729 3729 3729 3729 
3729 3729 3729 3729 3729 3729 3729 3729 3729 3729 3729 3729 3729 3729 3729 3729 3729 3729 3729 3729 3729 3729 3729 3729 3729 3729 3729 3729 3729 3729 3729 3729 3729 3729 3729 3729 3729 3729 3729 3729 3729 3729 3729 3729 3729 3729 
3729 3729 3729 3729 3729 3729 3729 3729 3729 3729 3729 3729 3729 3729 3729 3729 3729 3729 3729 3729 3729 3729 3729 3729 3729 3729 3729 3729 3729 3729 3729 3729 3729 3729 3729 3729 3729 3729 3729 3729 3729 3729 3729 3729 3729 3729 
3729 3729 3729 3729 3729 3729 3729 3729 3729 3729 3729 3729 3729 3729 3729 3729 3729 3729 3729 3729 3729 3729 3729 3729 3729 3729 3729 3729 3729 3729 3729 3729 3729 3729 3729 3729 3729 3729 3729 3729 3729 3729 3729 3729 3729 3729 
3729 3729 3729 3729 3729 3729 3729 3729 3729 3729 3729 3729 3729 3729 3729 3729 3729 3729 3729 3729 3729 3729 3729 3729 3729 3729 3729 3729 3729 3729 3729 3729 3729 3729 3729 3729 3729 3729 3729 3729 3729 3729 3729 3729 3729 3729 
3729 3729 3729 3729 3729 3729 3729 3729 3729 3729 3729 3729 3729 3729 3729 3729 3729 3729 3729 3729 3729 3729 3729 3729 3729 3729 3729 3729 3729 3729 3729 3729 3730 3729 3729 3729 3729 3729 3729 3729 3729 3729 3729 3729 3729 3729 
3729 3729 3729 3729 3729 3729 3729 3729 3729 3729 3729 3729 3729 3729 3729 3729 3729 3729 3729 3729 3729 3729 3729 3729 3729 3729 3729 3729 3729 3729 3729 3729 3729 3729 3729 3729 3729 3729 3729 3729 3729 3729 3729 3729 3729 3729 
3729 3729 3729 3729 3729 3729 3729 3729 3729 3729 3729 3729 3729 3729 3729 3729 3729 3729 3729 3729 3729 3729 3729 3729 3729 3729 3729 3729 3729 3729 3729 3729 3729 3729 3729 3729 3729 3729 3729 3729 3729 3729 3729 3729 3729 3729 
3729 3729 3729 3729 3729 3729 3729 3729 3729 3729 3729 3729 3729 3729 3729 3729 3729 3729 3729 3729 3729 3729 3729 3729 3729 3729 3729 3729 3729 3729 3729 3729 3729 3729 3729 3729 3729 3729 3729 3729 3729 3729 3729 3729 3729 3729 
3729 3729 3729 3729 3729 3729 3729 3729 3729 3729 3729 3729 3729 3729 3729 3729 3729 3729 3729 3729 3729 3729 3729 3729 3729 3729 3729 3729 3729 3729 3729 3729 3729 3729 3729 3729 3729 3729 3729 3729 3729 3729 3729 3729 3729 3729 
3729 3729 3729 3729 3729 3729 3729 3729 3729 3729 3729 3729 3729 3729 3729 3729 3729 3729 3729 3729 3729 3729 3729 3729 3729 3729 3729 3729 3729 3729 3729 3729 3729 3729 3729 3729 3729 3729 3729 3729 3729 3729 3729 3729 3729 3729 
3729 3729 3729 3729 3729 3729 3730 3729 3729 3729 3729 3729 3729 3729 3729 3729 3729 3729 3729 3729 3729 3729 3729 3729 3729 3729 3729 3729 3729 3729 3729 3729 3729 3729 3729 3729 3729 3729 3729 3729 3729 3729 3729 3729 3729 3729 
3729 3729 3729 3729 3729 3729 3729 3729 3729 3729 3729 3729 3729 3729 3729 3729 3729 3729 3729 3729 3729 3729 3729 3729 3729 3729 3729 3729 3729 3729 3729 3729 3729 3729 3729 3729 3729 3729 3729 3729 3729 3729 3729 3729 3729 3729 
3729 3729 3729 3729 3729 3729 3729 3729 3729 3729 3729 3729 3729 3729 3729 3729 3729 3729 3729 3729 3729 3729 3729 3729 3729 3729 3729 3729 3729 3729 3729 3729 3729 3729 3729 3729 3729 3729 3729 3729 3729 3729 3729 3729 3729 3729 
3729 3729 3729 3729 3729 3729 3729 3729 3729 3729 3729 3729 3729 3729 3729 3729 3729 3729 3729 3729 3729 3729 3729 3729 3729 3729 3729 3729 3729 3729 3729 3729 3729 3729 3729 3729 3729 3729 3729 3729 3729 3729 3729 3729 3729 3729 
3729 3729 3729 3729 3729 3729 3729 3729 3729 3729 3729 3729 3729 3729 3729 3729 3729 3729 3729 3729 3729 3729 3729 3729 3729 3729 3729 3729 3729 3729 3729 3729 3729 3729 3729 3729 3729 3729 3729 3729 3729 3729 3729 3729 3729 3729 
3729 3729 3729 3729 3729 3729 3729 3729 3729 3729 3729 3729 3729 3729 3729 3729 3729 3729 3729 3729 3729 3729 3729 3729 3729 3729 3729 3729 3729 3729 3729 3729 3729 3729 3729 3729 3729 3729 3729 3729 3729 3729 3729 3729 3729 3729 
3729 3729 3729 3729 3729 3729 3729 3729 3729 3729 3729 3729 3729 3729 3729 3729 3729 3729 3729 3729 3729 3729 3729 3729 3729 3729 3729 3729 3729 3729 3729 3729 3729 3729 3729 3729 3729 3729 3729 3729 3729 3729 3729 3729 3729 3729 
3729 3729 3729 3729 3729 3729 3729 3729 3729 3729 3729 3729 3729 3729 3729 3729 3729 3729 3729 3729 3729 3729 3729 3729 3729 3729 3729 3729 3729 3729 3729 3729 3729 3729 3729 3729 3729 3729 3729 3729 3729 3729 3729 3729 3729 3729 
3729 3729 3729 3729 3729 3729 3729 3729 3729 3729 3729 3729 3729 3729 3729 3729 3729 3729 3729 3729 3729 3729 3729 3729 3729 3729 3729 3729 3729 3729 3729 3729 3729 3729 3729 3729 3729 3729 3729 3729 3729 3729 3729 3729 3729 3729 
3729 3729 3729 3729 3729 3729 3729 3729 3729 3729 3729 3729 3729 3729 3729 3729 3729 3729 3729 3729 3729 3729 3729 3729 3729 3729 3729 3729 3729 3729 3729 3729 3729 3729 3729 3729 3729 3729 3729 3729 3729 3729 3729 3729 3729 3729 
3729 3729 3729 3729 3729 3729 3729 3729 3729 3729 3729 3729 3729 3729 3729 3729 3729 3729 3729 3729 3729 3729 3729 3729 3729 3729 3729 3729 3729 3729 3729 3729 3729 3729 3729 3729 3729 3729 3729 3729 3729 3729 3729 3729 3729 3729 
3729 3729 3729 3729 3729 3729 3729 3729 3729 3729 3729 3729 3729 3729 3729 3729 3729 3729 3729 3729 3729 3729 3729 3729 3729 3729 3729 3729 3729 3729 3729 3729 3729 3729 3729 3729 3729 3729 3729 3729 3729 3729 3729 3729 3729 3729 
3729 3729 3729 3729 3730 3729 3729 3729 3729 3729 3729 3729 3729 3729 3729 3729 3729 3729 3729 3729 3729 3729 3729 3729 3729 3729 3729 3729 3729 3729 3729 3729 3729 3729 3729 3729 3729 3729 3729 3729 3729 3729 3729 3729 3729 3729 
3729 3729 3729 3729 3729 3729 3729 3729 3729 3729 3729 3729 3729 3729 3729 3729 3729 3729 3729 3729 3729 3729 3729 3729 3729 3729 3729 3729 3729 3729 3729 3729 3729 3729 3729 3729 3729 3729 3729 3729 3729 3729 3729 3729 3729 3729 
3729 3729 3729 3729 3729 3729 3729 3729 3729 3729 3729 3729 3729 3729 3729 3729 3729 3729 3729 3729 3729 3729 3729 3729 3729 3729 3729 3729 3729 3729 3729 3729 3729 3729 3729 3729 3729 3729 3729 3729 3729 3729 3729 3729 3729 3729 
3729 3729 3729 3729 3729 3729 3729 3729 3729 3729 3729 3729 3729 3729 3729 3729 3729 3729 3729 3729 3729 3729 3729 3729 3729 3729 3729 3729 3729 3729 3729 3729 3729 3729 3729 3729 3729 3729 3729 3729 3729 3729 3729 3729 3729 3729 
3729 3729 3729 3729 3729 3729 3729 3729 3729 3729 3729 3729 3729 3729 3729 3729 3729 3729 3729 3729 3729 3729 3729 3729 3729 3729 3729 3729 3729 3729 3729 3729 3729 3729 3729 3729 3729 3729 3729 3729 3729 3729 3729 3729 3729 3729 
3729 3729 3729 3729 3729 3729 3730 3729 3729 3729 3729 3729 3729 3729 3729 3729 3729 3729 3729 3729 3729 3729 3729 3729 3729 3729 3729 3729 3729 3729 3729 3729 3729 3729 3729 3729 3729 3729 3729 3729 3729 3729 3729 3729 3729 3729 
3729 3729 3729 3729 3729 3729 3729 3729 3729 3729 3729 3729 3729 3729 3729 3729 3729 3729 3729 3729 3729 3729 3729 3729 3729 3729 3729 3729 3729 3729 3729 3729 3729 3729 3729 3729 3729 3729 3729 3729 3729 3729 3729 3729 3729 3729 
3729 3729 3729 3729 3729 3729 3729 3729 3729 3729 3729 3729 3729 3729 3729 3729 3729 3729 3729 3729 3729 3729 3729 3729 3729 3729 3729 3729 3729 3729 3729 3729 3729 3729 3729 3729 3729 3729 3729 3729 3729 3729 3729 3729 3729 3729 
3729 3729 3729 3729 3729 3729 3729 3729 3729 3729 3729 3729 3729 3729 3729 3729 3729 3729 3729 3729 3729 3729 3729 3729 3729 3729 3729 3729 3729 3729 3729 3729 3729 3729 3729 3729 3729 3729 3729 3729 3729 3729 3729 3729 3729 3729 
3729 3729 3729 3729 3729 3729 3729 3729 3729 3729 3729 3729 3729 3729 3729 3729 3729 3729 3729 3729 3729 3729 3729 3729 3729 3729 3729 3729 3729 3729 3729 3729 3729 3729 3729 3729 3729 3729 3729 3729 3729 3729 3729 3729 3729 3729 
3729 3729 3729 3729 3729 3729 3729 3729 3729 3729 3729 3729 3729 3729 3729 3729 3729 3729 3729 3729 3729 3729 3729 3729 3729 3729 3729 3729 3729 3729 3729 3729 3729 3729 3729 3729 3729 3729 3729 3729 3729 3729 3729 3729 3729 3729 
3729 3729 3729 3729 3729 3729 3729 3729 3729 3729 3729 3729 3729 3729 3729 3729 3729 3729 3729 3729 3729 3729 3729 3729 3729 3729 3729 3729 3729 3729 3729 3729 3729 3729 3729 3729 3729 3729 3729 3729 3729 3729 3729 3729 3729 3729 
3729 3729 3729 3729 3729 3729 3729 3729 3729 3729 3729 3729 3729 3729 3729 3729 3729 3729 3729 3729 3729 3729 3729 3729 3729 3729 3729 3729 3729 3729 3729 3729 3729 3729 3729 3729 3729 3729 3729 3729 3729 3729 3729 3729 3729 3729 
3729 3729 3729 3729 3729 3729 3729 3729 3729 3729 3729 3729 3729 3729 3729 3729 3729 3729 3729 3729 3729 3729 3729 3729 3729 3729 3729 3729 3729 3729 3729 3729 3729 3729 3729 3729 3729 3729 3729 3729 3729 3729 3729 3729 3729 3729 
3729 3729 3729 3729 3729 3729 3729 3729 3729 3729 3729 3729 3729 3729 3729 3729 3729 3729 3729 3729 3729 3729 3729 3729 3729 3729 3729 3729 3729 3729 3729 3729 3729 3729 3729 3729 3729 3729 3729 3729 3729 3729 3729 3729 3729 3729 
3729 3729 3729 3729 3729 3729 3729 3729 3729 3729 3729 3729 3729 3729 3729 3729 3729 3729 3729 3729 3729 3729 3729 3729 3729 3729 3729 3729 3729 3729 3729 3729 3729 3729 3729 3729 3729 3729 3729 3729 3729 3729 3729 3729 3729 3729 
3729 3729 3729 3729 3729 3729 3729 3729 3729 3729 3729 3729 3729 3729 3729 3729 3729 3729 3729 3729 3729 3729 3729 3729 3729 3729 3729 3729 3729 3729 3729 3729 3729 3729 3729 3729 3729 3729 3729 3729 3729 3729 3729 3729 3729 3729 
3729 3729 3729 3729 3729 3729 3729 3729 3729 3729 3729 3729 3729 3729 3729 3729 3729 3729 3729 3729 3729 3729 3729 3729 3729 3729 3729 3729 3729 3729 3729 3729 3729 3729 3729 3729 3729 3729 3729 3729 3729 3729 3729 3729 3729 3729 
3729 3729 3729 3729 3729 3729 3729 3729 3729 3729 3729 3729 3729 3729 3729 3729 3729 3729 3729 3729 3729 3729 3729 3729 3729 3729 3729 3729 3729 3729 3729 3729 3729 3729 3729 3730 3729 3729 3729 3729 3729 3729 3729 3729 3729 3729 
3729 3729 3729 3729 3729 3729 3729 3729 3729 3729 3729 3729 3729 3729 3729 3729 3729 3729 3729 3729 3729 3729 3729 3729 3729 3729 3729 3729 3729 3729 3729 3729 3729 3729 3729 3729 3729 3729 3729 3729 3729 3729 3729 3729 3729 3729 
3729 3729 3729 3729 3729 3729 3729 3729 3729 3729 3729 3729 3729 3729 3729 3729 3729 3729 3729 3729 3729 3729 3729 3729 3729 3729 3729 3729 3729 3729 3729 3729 3729 3729 3729 3729 3729 3729 3729 3729 3729 3729 3729 3729 3729 3729 
3729 3729 3729 3729 3729 3729 3729 3729 3729 3729 3729 3729 3729 3729 3729 3729 3729 3729 3729 3729 3729 3729 3729 3729 3729 3729 3729 3729 3729 3729 3729 3729 3729 3729 3729 3729 3729 3729 3729 3729 3729 3729 3729 3729 3729 3729 
3729 3729 3729 3729 3729 3729 3729 3729 3729 3729 3729 3729 3729 3729 3729 3729 3729 3729 3729 3729 3729 3729 3729 3729 3729 3729 3729 3729 3729 3729 3729 3729 3729 3729 3729 3729 3729 3729 3729 3729 3729 3729 3729 3729 3729 3729 
3729 3729 3729 3729 3729 3729 3729 3729 3729 3729 3729 3729 3729 3729 3729 3729 3729 3729 3729 3729 3729 3729 3729 3729 3729 3729 3729 3729 3729 3729 3729 3729 3729 3729 3729 3729 3729 3729 3729 3729 3729 3729 3729 3729 3729 3729 
3729 3729 3729 3729 3729 3729 3729 3729 3729 3729 3729 3729 3729 3729 3729 3729 3729 3729 3729 3729 3729 3729 3729 3729 3729 3729 3729 3729 3729 3729 3729 3729 3729 3729 3729 3729 3729 3729 3729 3729 3729 3729 3729 3729 3729 3729 
3729 3729 3729 3729 3729 3729 3729 3729 3729 3729 3729 3729 3729 3729 3729 3729 3729 3729 3729 3729 3729 3729 3729 3729 3729 3729 3729 3729 3729 3729 3729 3729 3729 3729 3729 3729 3729 3729 3729 3729 3729 3729 3729 3729 3729 3729 
3729 3729 3729 3729 3729 3729 3729 3729 3729 3729 3729 3729 3729 3729 3729 3729 3729 3729 3729 3729 3729 3729 3729 3729 3729 3729 3729 3729 3729 3729 3729 3729 3729 3729 3729 3729 3729 3729 3729 3729 3729 3729 3729 3729 3729 3729 
3729 3729 3729 3729 3729 3729 3729 3729 3729 3729 3729 3729 3729 3729 3729 3729 3729 3729 3729 3729 3729 3729 3729 3729 3729 3729 3729 3729 3729 3729 3729 3729 3729 3729 3729 3729 3729 3729 3729 3729 3729 3729 3729 3729 3729 3729 
3729 3729 3729 3729 3729 3729 3729 3729 3729 3729 3729 3729 3729 3729 3729 3729 3729 3729 3729 3729 3729 3729 3729 3729 3729 3729 3729 3729 3729 3729 3729 3729 3729 3729 3729 3729 3729 3729 3729 3729 3729 3729 3729 3729 3729 3729 
3729 3729 3729 3729 3729 3729 3729 3729 3729 3729 3729 3729 3729 3729 3729 3729 3729 3729 3729 3729 3729 3729 3729 3729 3729 3729 3729 3729 3729 3729 3729 3729 3729 3729 3729 3729 3729 3729 3729 3729 3729 3729 3729 3729 3729 3729 
3729 3729 3729 3729 3729 3729 3729 3729 3729 3729 3729 3729 3729 3729 3729 3729 3729 3729 3729 3729 3729 3729 3729 3729 3729 3729 3729 3729 3729 3729 3729 3729 3729 3729 3729 3729 3729 3729 3729 3729 3729 3729 3729 3729 3729 3729 
3729 3729 3729 3729 3729 3729 3729 3729 3729 3729 3729 3729 3729 3729 3729 3729 3729 3729 3729 3729 3729 3729 3729 3729 3729 3729 3729 3729 3729 3729 3729 3729 3729 3729 3729 3729 3729 3729 3729 3729 3729 3729 3729 3729 3729 3729 
3729 3729 3729 3729 3729 3729 3729 3729 3729 3729 3729 3729 3729 3729 3729 3729 3729 3729 3729 3729 3729 3729 3729 3729 3729 3729 3729 3729 3729 3729 3729 3729 3729 3729 3729 3729 3729 3729 3729 3729 3729 3729 3729 3729 3729 3729 
3729 3729 3729 3729 3729 3729 3729 3729 3729 3729 3729 3729 3729 3729 3729 3729 3729 3729 3729 3729 3729 3729 3729 3729 3729 3729 3729 3729 3729 3729 3729 3729 3729 3729 3729 3729 3729 3729 3729 3729 3729 3729 3729 3729 3729 3729 
3729 3729 3729 3729 3729 3729 3729 3729 3729 3729 3729 3729 3729 3729 3729 3729 3729 3729 3729 3729 3729 3729 3729 3729 3729 3729 3729 3729 3729 3729 3729 3729 3729 3729 3729 3729 3729 3729 3729 3729 3729 3729 3729 3729 3729 3729 
3729 3729 3729 3729 3729 3729 3729 3729 3729 3729 3729 3729 3729 3729 3729 3729 3729 3729 3729 3729 3729 3729 3729 3729 3729 3729 3729 3729 3729 3729 3729 3729 3729 3729 3729 3729 3729 3729 3729 3729 3729 3729 3729 3729 3729 3729 
3729 3729 3729 3729 3729 3729 3729 3729 3729 3729 3729 3729 3729 3729 3729 3729 3729 3729 3729 3729 3729 3729 3729 3729 3729 3729 3729 3729 3729 3729 3729 3729 3729 3729 3729 3729 3729 3729 3729 3729 3729 3729 3729 3729 3729 3729 
3729 3729 3729 3729 3729 3729 3729 3729 3729 3729 3729 3729 3729 3729 3729 3729 3729 3729 3729 3729 3729 3729 3729 3729 3729 3729 3729 3729 3729 3729 3729 3729 3729 3729 3729 3729 3729 3729 3729 3729 3729 3729 3729 3729 3729 3729 
3729 3729 3729 3729 3729 3729 3729 3729 3729 3729 3729 3729 3729 3729 3729 3729 3729 3729 3729 3729 3729 3729 3729 3729 3729 3729 3729 3729 3729 3729 3729 3729 3729 3729 3729 3729 3729 3729 3729 3729 3729 3729 3729 3729 3729 3729 
3729 3729 3729 3729 3729 3729 3729 3729 3729 3729 3729 3729 3729 3729 3729 3729 3729 3729 3729 3729 3729 3729 3729 3729 3729 3729 3729 3729 3729 3729 3729 3729 3729 3729 3729 3729 3729 3729 3729 3729 3729 3729 3729 3729 3729 3729 
3729 3729 3729 3729 3729 3729 3729 3729 3729 3729 3729 3729 3729 3729 3729 3729 3729 3729 3729 3729 3729 3729 3729 3729 3729 3729 3729 3729 3729 3729 3729 3729 3729 3729 3729 3729 3729 3729 3729 3729 3729 3729 3729 3729 3729 3729 
3729 3729 3729 3729 3729 3729 3729 3729 3729 3729 3729 3729 3729 3729 3729 3729 3729 3729 3729 3729 3729 3729 3729 3729 3729 3729 3729 3729 3729 3729 3729 3729 3729 3729 3729 3729 3729 3729 3729 3729 3729 3729 3729 3729 3729 3729 
3729 3729 3729 3729 3729 3729 3729 3729 3729 3729 3729 3729 3729 3729 3729 3729 3729 3729 3729 3729 3729 3729 3729 3729 3729 3729 3729 3729 3729 3729 3729 3729 3729 3729 3729 3729 3729 3729 3729 3729 3729 3729 3729 3729 3729 3729 
3729 3729 3729 3729 3729 3729 3729 3729 3729 3729 3729 3729 3729 3729 3729 3729 3729 3729 3729 3729 3729 3729 3729 3729 3729 3729 3729 3729 3729 3729 3729 3729 3729 3729 3729 3729 3729 3729 3729 3729 3729 3729 3729 3729 3729 3729 
3729 3729 3729 3729 3729 3729 3729 3729 3729 3729 3729 3729 3729 3729 3729 3729 3729 3729 3729 3729 3729 3729 3729 3729 3729 3729 3729 3729 3729 3729 3729 3729 3729 3729 3729 3729 3729 3729 3729 3729 3729 3729 3729 3729 3729 3729 
3729 3729 3729 3729 3729 3729 3729 3729 3729 3729 3729 3729 3729 3729 3729 3729 3729 3729 3729 3729 3729 3729 3729 3729 3729 3729 3729 3729 3729 3729 3729 3729 3729 3729 3729 3729 3729 3729 3729 3729 3729 3729 3729 3729 3729 3729 
3729 3729 3729 3729 3729 3729 3729 3729 3729 3729 3729 3729 3729 3729 3729 3729 3729 3729 3729 3729 3729 3729 3729 3729 3729 3729 3729 3729 3729 3729 3729 3729 3729 3729 3729 3729 3729 3729 3729 3729 3729 3729 3729 3729 3729 3729 
3729 3729 3729 3729 3729 3729 3729 3729 3729 3729 3729 3729 3729 3729 3729 3729 3729 3729 3729 3729 3729 3729 3729 3729 3729 3729 3729 3729 3729 3729 3729 3729 3729 3729 3729 3729 3729 3729 3729 3729 3729 3729 3729 3729 3729 3729 
3729 3729 3729 3729 3729 3729 3729 3729 3729 3729 3729 3729 3729 3729 3729 3729 3729 3729 3729 3729 3729 3729 3729 3729 3729 3729 3729 3729 3729 3729 3729 3729 3729 3729 3729 3729 3729 3729 3729 3729 3729 3729 3729 3729 3729 3729 
3729 3729 3729 3729 3729 3729 3729 3729 3729 3729 3729 3729 3729 3729 3729 3729 3729 3729 3729 3729 3729 3729 3729 3729 3729 3729 3729 3729 3729 3729 3729 3729 3729 3729 3729 3729 3729 3729 3729 3729 3729 3729 3729 3729 3729 3729 
3729 3729 3729 3729 3729 3729 3729 3729 3729 3729 3729 3729 3729 3729 3729 3729 3729 3729 3729 3729 3729 3729 3729 3729 3729 3729 3729 3729 3729 3729 3729 3729 3729 3729 3729 3729 3729 3729 3729 3729 3729 3729 3729 3729 3729 3729 
3729 3729 3729 3729 3729 3729 3729 3729 3729 3729 3729 3729 3729 3729 3729 3729 3729 3729 3729 3729 3729 3729 3729 3729 3729 3729 3729 3729 3729 3729 3729 3729 3729 3729 3729 3729 3729 3729 3729 3729 3729 3729 3729 3729 3729 3729 
3729 3729 3729 3729 3729 3729 3729 3729 3729 3729 3729 3729 3729 3729 3729 3729 3729 3729 3729 3729 3729 3729 3729 3729 3729 3729 3729 3729 3729 3729 3729 3729 3729 3729 3729 3729 3729 3729 3729 3729 3729 3729 3729 3729 3729 3729 
3729 3729 3729 3729 3729 3729 3729 3729 3729 3729 3729 3729 3729 3729 3729 3729 3729 3729 3729 3729 3729 3729 3729 3729 3729 3729 3729 3729 3729 3729 3729 3729 3729 3729 3729 3729 3729 3729 3729 3729 3729 3729 3729 3729 3729 3729 
3729 3729 3729 3729 3729 3729 3729 3729 3729 3729 3729 3729 3729 3729 3729 3729 3729 3729 3729 3729 3729 3729 3729 3729 3729 3729 3729 3729 3729 3729 3729 3729 3729 3729 3729 3729 3729 3729 3729 3729 3729 3729 3729 3729 3729 3729 
3729 3729 3729 3729 3729 3729 3729 3729 3729 3729 3729 3729 3729 3729 3729 3729 3729 3729 3729 3729 3729 3729 3729 3729 3729 3729 3729 3729 3729 3729 3729 3729 3729 3729 3730 3729 3729 3729 3729 3729 3729 3729 3729 3729 3729 3729 
3729 3729 3729 3729 3729 3729 3729 3729 3729 3729 3729 3729 3729 3729 3729 3729 3729 3729 3729 3729 3729 3729 3729 3729 3729 3729 3729 3729 3729 3729 3730 3729 3729 3729 3729 3729 3729 3729 3729 3729 3729 3729 3729 3729 3729 3729 
3729 3729 3729 3729 3729 3729 3729 3729 3729 3729 3729 3729 3729 3729 3729 3729 3729 3729 3729 3729 3729 3729 3729 3729 3729 3729 3729 3729 3729 3729 3729 3729 3729 3729 3729 3729 3729 3729 3729 3729 3729 3729 3729 3729 3729 3729 
3729 3729 3729 3729 3729 3729 3729 3729 3729 3729 3729 3729 3729 3729 3729 3729 3729 3729 3729 3729 3729 3729 3729 3729 3729 3729 3729 3729 3729 3729 3729 3729 3729 3729 3730 3729 3729 3729 3729 3729 3729 3729 3729 3729 3729 3729 
3729 3729 3729 3729 3729 3729 3729 3729 3729 3729 3729 3729 3729 3729 3729 3729 3729 3729 3729 3729 3729 3729 3729 3729 3729 3729 3729 3729 3729 3729 3729 3729 3729 3729 3729 3729 3729 3729 3729 3729 3729 3729 3729 3729 3729 3729 
3729 3729 3729 3729 3729 3729 3729 3729 3729 3729 3729 3729 3729 3729 3729 3729 3729 3729 3729 3729 3729 3729 3729 3729 3729 3729 3729 3729 3729 3729 3729 3729 3729 3729 3729 3729 3729 3729 3729 3729 3729 3729 3729 3729 3729 3729 
3729 3729 3729 3729 3729 3729 3729 3729 3729 3729 3729 3729 3729 3729 3729 3729 3729 3729 3729 3729 3729 3729 3729 3729 3729 3729 3729 3729 3729 3729 3729 3729 3729 3729 3729 3729 3729 3729 3729 3729 3729 3729 3729 3729 3729 3729 
3729 3729 3729 3729 3729 3729 3729 3729 3729 3729 3729 3729 3729 3729 3729 3729 3729 3729 3729 3729 3729 3729 3729 3729 3729 3729 3729 3729 3729 3729 3729 3729 3729 3729 3729 3729 3729 3729 3729 3729 3729 3729 3729 3729 3729 3729 
3729 3729 3729 3729 3729 3729 3729 3729 3729 3729 3729 3729 3729 3729 3729 3729 3729 3729 3729 3729 3729 3729 3729 3729 3729 3729 3729 3729 3729 3729 3729 3729 3729 3729 3729 3729 3729 3729 3729 3729 3729 3729 3729 3729 3729 3729 
3729 3729 3729 3729 3729 3729 3729 3729 3729 3729 3729 3729 3729 3729 3729 3729 3729 3729 3729 3729 3729 3729 3729 3729 3729 3729 3729 3729 3729 3729 3729 3729 3729 3729 3729 3729 3729 3729 3729 3729 3729 3729 3729 3729 3729 3729 
3729 3729 3729 3729 3729 3729 3729 3729 3729 3729 3729 3729 3729 3729 3729 3729 3729 3729 3729 3729 3729 3729 3729 3729 3729 3729 3729 3729 3729 3729 3729 3729 3729 3729 3729 3729 3729 3729 3729 3729 3729 3729 3729 3729 3729 3729 
3729 3729 3729 3729 3729 3729 3729 3729 3729 3729 3729 3729 3729 3729 3729 3729 3729 3729 3729 3729 3729 3729 3729 3729 3729 3729 3729 3729 3729 3729 3729 3729 3729 3729 3729 3729 3729 3729 3729 3729 3729 3729 3729 3729 3729 3729 
3729 3729 3729 3729 3729 3729 3729 3729 3729 3729 3729 3729 3729 3729 3729 3729 3729 3729 3729 3729 3729 3729 3729 3729 3729 3729 3729 3729 3729 3729 3729 3729 3729 3729 3729 3729 3729 3729 3729 3729 3729 3729 3729 3729 3729 3729 
3729 3729 3729 3729 3729 3729 3729 3729 3729 3729 3729 3729 3729 3729 3729 3729 3729 3729 3729 3729 3729 3729 3729 3729 3729 3729 3729 3729 3729 3729 3729 3729 3729 3729 3729 3729 3729 3729 3729 3729 3729 3729 3729 3729 3729 3729 
3729 3729 3729 3729 3729 3729 3729 3729 3729 3729 3729 3729 3729 3729 3729 3729 3729 3729 3729 3729 3729 3729 3729 3729 3729 3729 3729 3729 3729 3729 3729 3729 3729 3729 3729 3729 3729 3729 3729 3729 3729 3729 3729 3729 3729 3729 
3729 3729 3729 3729 3729 3729 3729 3729 3729 3729 3729 3729 3729 3729 3729 3729 3729 3729 3729 3729 3729 3729 3729 3729 3729 3729 3729 3729 3729 3729 3729 3729 3729 3729 3729 3729 3729 3729 3729 3729 3729 3729 3729 3729 3729 3729 
3729 3729 3729 3729 3729 3729 3729 3729 3729 3729 3729 3729 3729 3729 3729 3729 3729 3729 3729 3729 3729 3729 3729 3729 3729 3729 3729 3729 3729 3729 3729 3729 3729 3729 3729 3729 3729 3729 3729 3729 3729 3729 3729 3729 3729 3729 
3729 3729 3729 3729 3729 3729 3729 3729 3729 3729 3729 3729 3729 3729 3729 3729 3729 3729 3729 3729 3729 3729 3729 3729 3729 3729 3729 3729 3729 3729 3729 3729 3729 3729 3729 3729 3729 3729 3729 3729 3729 3729 3729 3729 3729 3729 
3729 3729 3729 3729 3729 3729 3729 3729 3729 3729 3729 3729 3729 3729 3729 3729 3729 3729 3729 3729 3729 3729 3729 3729 3729 3729 3729 3729 3729 3729 3729 3729 3729 3729 3729 3729 3729 3729 3729 3729 3729 3729 3729 3729 3729 3729 
3729 3729 3729 3729 3729 3729 3729 3729 3729 3729 3729 3729 3729 3729 3729 3729 3729 3729 3729 3729 3729 3729 3729 3729 3729 3729 3729 3729 3729 3729 3729 3729 3729 3729 3729 3729 3729 3729 3729 3729 3729 3729 3729 3729 3729 3729 
3729 3729 3729 3729 3729 3729 3729 3729 3729 3729 3729 3729 3729 3729 3729 3729 3729 3729 3729 3729 3729 3729 3729 3729 3729 3729 3729 3729 3729 3729 3729 3729 3729 3729 3729 3729 3729 3729 3729 3729 3729 3729 3729 3729 3729 3729 
3729 3729 3729 3729 3729 3729 3729 3729 3729 3729 3729 3729 3729 3729 3729 3729 3729 3729 3729 3729 3729 3729 3729 3729 3729 3729 3729 3729 3729 3729 3729 3729 3729 3730 3729 3729 3729 3729 3729 3729 3729 3729 3729 3729 3729 3729 
3729 3729 3729 3729 3729 3729 3729 3729 3729 3729 3729 3729 3729 3729 3729 3729 3729 3729 3729 3729 3729 3729 3729 3729 3729 3729 3729 3729 3729 3729 3729 3729 3729 3729 3729 3729 3729 3729 3729 3729 3729 3729 3729 3729 3729 3729 
3729 3729 3729 3729 3729 3729 3729 3729 3729 3729 3729 3729 3729 3729 3729 3729 3729 3729 3729 3729 3729 3729 3729 3729 3729 3729 3729 3729 3729 3729 3729 3729 3729 3729 3729 3729 3729 3729 3729 3729 3729 3729 3729 3729 3729 3729 
3729 3729 3729 3729 3729 3729 3729 3729 3729 3729 3729 3729 3729 3729 3729 3729 3729 3729 3729 3729 3729 3729 3729 3729 3729 3729 3729 3729 3729 3729 3729 3729 3729 3729 3729 3729 3729 3729 3729 3729 3729 3729 3729 3729 3729 3729 
3729 3729 3729 3729 3729 3729 3729 3729 3729 3729 3729 3729 3729 3729 3729 3729 3729 3729 3729 3729 3729 3729 3729 3729 3729 3729 3729 3729 3729 3729 3729 3729 3729 3729 3729 3729 3729 3729 3729 3729 3729 3729 3729 3729 3729 3729 
3729 3729 3729 3729 3729 3729 3729 3729 3729 3729 3729 3729 3729 3729 3729 3729 3729 3729 3729 3729 3729 3729 3729 3729 3729 3729 3729 3729 3729 3729 3729 3729 3729 3729 3729 3729 3729 3729 3729 3729 3729 3729 3729 3729 3729 3729 
3729 3729 3729 3729 3729 3729 3729 3729 3729 3729 3729 3729 3729 3729 3729 3729 3729 3729 3729 3729 3729 3729 3729 3729 3729 3729 3729 3729 3729 3729 3729 3729 3729 3729 3729 3729 3729 3729 3729 3729 3729 3729 3729 3729 3729 3729 
3729 3729 3729 3729 3729 3729 3729 3729 3729 3729 3729 3729 3729 3729 3729 3729 3729 3729 3729 3729 3729 3729 3729 3729 3729 3729 3729 3729 3729 3729 3729 3729 3729 3729 3729 3729 3729 3729 3729 3729 3729 3729 3729 3729 3729 3729 
3729 3729 3729 3729 3729 3729 3729 3729 3729 3729 3729 3729 3729 3729 3729 3729 3729 3729 3729 3729 3729 3729 3729 3729 3729 3729 3729 3729 3729 3729 3729 3729 3729 3729 3729 3729 3729 3729 3729 3729 3729 3729 3729 3729 3729 3729 
3729 3729 3729 3729 3729 3729 3729 3729 3729 3729 3729 3729 3729 3729 3729 3729 3729 3729 3729 3729 3729 3729 3729 3729 3729 3729 3729 3729 3729 3729 3729 3729 3729 3729 3729 3729 3729 3729 3729 3729 3729 3729 3729 3729 3729 3729 
3729 3729 3729 3729 3729 3729 3729 3729 3729 3729 3729 3729 3729 3729 3729 3729 3729 3729 3729 3729 3729 3729 3729 3729 3729 3729 3729 3729 3729 3729 3729 3729 3729 3729 3729 3729 3729 3729 3729 3729 3729 3729 3729 3729 3729 3729 
3729 3729 3729 3729 3729 3729 3729 3729 3729 3729 3729 3729 3729 3729 3729 3729 3729 3729 3729 3729 3729 3729 3729 3729 3729 3729 3729 3729 3729 3729 3729 3729 3729 3729 3729 3729 3729 3729 3729 3729 3729 3729 3729 3729 3729 3729 
3729 3729 3729 3729 3729 3729 3729 3729 3729 3729 3729 3729 3729 3729 3729 3729 3729 3729 3729 3729 3729 3729 3729 3729 3729 3729 3729 3729 3729 3729 3729 3729 3729 3729 3729 3729 3729 3729 3729 3729 3729 3729 3729 3729 3729 3729 
3729 3729 3729 3729 3729 3729 3729 3729 3729 3729 3729 3729 3729 3729 3729 3729 3729 3729 3729 3729 3729 3729 3729 3729 3729 3729 3729 3729 3729 3729 3729 3729 3729 3729 3729 3729 3729 3729 3729 3729 3729 3729 3729 3729 3729 3729 
3729 3729 3729 3729 3729 3729 3729 3729 3729 3729 3729 3729 3729 3729 3729 3729 3729 3729 3729 3729 3729 3729 3729 3729 3729 3729 3729 3729 3729 3729 3729 3729 3729 3729 3729 3729 3729 3729 3729 3729 3729 3729 3729 3729 3729 3729 
3729 3729 3729 3729 3729 3729 3729 3729 3729 3729 3729 3729 3729 3729 3729 3729 3729 3729 3729 3729 3729 3729 3729 3729 3729 3729 3729 3729 3729 3729 3729 3729 3729 3729 3729 3729 3729 3729 3729 3729 3729 3729 3729 3729 3729 3729 
3729 3729 3729 3729 3729 3729 3729 3729 3729 3729 3729 3729 3729 3729 3729 3729 3729 3729 3729 3729 3729 3729 3729 3729 3729 3729 3729 3729 3729 3729 3729 3729 3729 3729 3729 3729 3729 3729 3729 3729 3729 3729 3729 3729 3729 3729 
3729 3729 3729 3729 3729 3729 3729 3729 3729 3729 3729 3729 3729 3729 3729 3729 3729 3729 3729 3729 3729 3729 3729 3729 3729 3729 3729 3729 3729 3729 3729 3729 3729 3729 3729 3729 3729 3729 3729 3729 3729 3729 3729 3729 3729 3729 
3729 3729 3729 3729 3729 3729 3729 3729 3729 3729 3729 3729 3729 3729 3729 3729 3729 3729 3729 3729 3729 3729 3729 3729 3729 3729 3729 3729 3729 3729 3729 3729 3729 3729 3729 3729 3729 3729 3729 3729 3729 3729 3729 3729 3729 3729 
3729 3729 3729 3729 3729 3729 3729 3729 3729 3729 3729 3729 3729 3729 3729 3729 3729 3729 3729 3729 3729 3729 3729 3729 3729 3729 3729 3729 3729 3729 3729 3729 3729 3729 3729 3729 3729 3729 3729 3729 3729 3729 3729 3729 3729 3729 
3729 3729 3729 3730 3729 3729 3729 3729 3729 3729 3729 3729 3729 3729 3729 3729 3729 3729 3729 3729 3729 3729 3729 3729 3729 3729 3729 3729 3729 3729 3729 3729 3729 3729 3729 3729 3729 3729 3729 3729 3729 3729 3729 3729 3729 3729 
3729 3729 3729 3729 3729 3729 3729 3729 3729 3729 3729 3729 3729 3729 3729 3729 3729 3729 3729 3729 3729 3729 3729 3729 3729 3729 3729 3729 3729 3729 3729 3729 3729 3729 3729 3729 3729 3729 3729 3729 3729 3729 3729 3729 3729 3729 
3729 3729 3729 3729 3729 3729 3729 3729 3729 3729 3729 3729 3729 3729 3729 3729 3729 3729 3729 3729 3729 3729 3729 3729 3729 3729 3729 3729 3729 3729 3729 3729 3729 3729 3729 3729 3729 3729 3729 3729 3729 3729 3729 3729 3729 3729 
3729 3729 3729 3729 3729 3729 3729 3729 3729 3729 3729 3729 3729 3729 3729 3729 3729 3729 3729 3729 3729 3729 3729 3729 3729 3729 3729 3729 3729 3729 3729 3729 3729 3729 3729 3729 3729 3729 3729 3729 3729 3729 3729 3729 3729 3729 
3729 3729 3729 3729 3729 3729 3729 3729 3729 3729 3729 3729 3729 3729 3729 3729 3729 3729 3729 3729 3729 3729 3729 3729 3729 3729 3729 3729 3729 3729 3729 3729 3729 3729 3729 3729 3729 3729 3729 3729 3729 3729 3729 3729 3729 3729 
3729 3729 3729 3729 3729 3729 3729 3729 3729 3729 3729 3729 3729 3729 3729 3729 3729 3729 3729 3729 3729 3729 3729 3729 3729 3729 3729 3729 3729 3729 3729 3729 3729 3729 3729 3729 3729 3729 3729 3729 3729 3729 3729 3729 3729 3729 
3729 3729 3729 3729 3729 3729 3729 3729 3729 3729 3729 3729 3729 3729 3729 3729 3729 3729 3729 3729 3729 3729 3729 3729 3729 3729 3729 3729 3729 3729 3729 3729 3729 3729 3729 3729 3729 3729 3729 3729 3729 3729 3729 3729 3729 3729 
3729 3729 3729 3729 3729 3729 3729 3729 3729 3729 3729 3729 3729 3729 3729 3729 3729 3729 3729 3729 3729 3729 3729 3729 3729 3729 3729 3729 3729 3729 3729 3729 3729 3729 3729 3729 3729 3729 3729 3729 3729 3729 3729 3729 3729 3729 
3729 3729 3729 3729 3729 3729 3729 3729 3729 3729 3729 3729 3729 3729 3729 3729 3729 3729 3729 3729 3729 3729 3729 3729 3729 3729 3729 3729 3729 3729 3729 3729 3729 3729 3729 3729 3729 3729 3729 3729 3729 3729 3729 3729 3729 3729 
3729 3729 3729 3729 3729 3729 3729 3729 3729 3729 3729 3729 3729 3729 3729 3729 3729 3729 3729 3729 3729 3729 3729 3729 3729 3729 3729 3729 3729 3729 3729 3729 3729 3729 3729 3729 3729 3729 3729 3729 3729 3729 3729 3729 3729 3729 
3729 3729 3729 3729 3729 3729 3729 3729 3729 3729 3729 3729 3729 3729 3729 3729 3729 3729 3729 3729 3729 3729 3729 3729 3729 3729 3729 3729 3729 3729 3729 3729 3729 3729 3729 3729 3729 3729 3729 3729 3729 3729 3729 3729 3729 3729 
3729 3729 3729 3729 3729 3729 3729 3729 3729 3729 3729 3729 3729 3729 3729 3729 3729 3729 3729 3729 3729 3729 3729 3729 3729 3729 3729 3729 3729 3729 3729 3729 3729 3729 3729 3729 3729 3729 3729 3729 3729 3729 3729 3729 3729 3729 
3729 3729 3729 3729 3729 3729 3729 3729 3729 3729 3729 3729 3729 3729 3729 3729 3729 3729 3729 3729 3729 3729 3729 3729 3729 3729 3729 3729 3729 3729 3729 3729 3729 3729 3729 3729 3729 3729 3729 3729 3729 3729 3729 3729 3729 3729 
3729 3729 3729 3729 3729 3729 3729 3729 3730 3729 3729 3729 3729 3729 3729 3729 3729 3729 3729 3729 3729 3729 3729 3729 3729 3729 3729 3729 3729 3729 3729 3729 3729 3729 3729 3729 3729 3729 3729 3729 3729 3729 3729 3729 3729 3729 
3729 3729 3729 3729 3729 3729 3729 3729 3729 3729 3729 3729 3729 3729 3729 3729 3729 3729 3729 3729 3729 3729 3729 3729 3729 3729 3729 3729 3729 3729 3729 3729 3729 3729 3729 3729 3729 3729 3729 3729 3729 3729 3729 3729 3729 3729 
3729 3729 3729 3729 3729 3729 3729 3729 3729 3729 3729 3729 3729 3729 3729 3729 3729 3729 3729 3729 3729 3729 3729 3729 3729 3729 3729 3729 3729 3729 3729 3729 3729 3729 3729 3729 3729 3729 3729 3729 3729 3729 3729 3729 3729 3729 
3729 3729 3729 3729 3729 3729 3729 3729 3729 3729 3729 3729 3729 3729 3729 3729 3729 3729 3729 3729 3729 3729 3729 3729 3729 3729 3729 3729 3729 3729 3729 3729 3729 3729 3729 3729 3729 3729 3729 3729 3729 3729 3729 3729 3729 3729 
3729 3729 3729 3729 3729 3729 3729 3729 3729 3729 3729 3729 3729 3729 3729 3729 3729 3729 3729 3729 3729 3729 3729 3729 3729 3729 3729 3729 3729 3729 3729 3729 3729 3729 3729 3729 3729 3729 3729 3729 3729 3729 3729 3729 3729 3729 
3729 3729 3729 3729 3729 3729 3729 3729 3729 3729 3729 3729 3729 3729 3729 3729 3729 3729 3729 3729 3729 3729 3729 3729 3729 3729 3729 3729 3729 3729 3729 3729 3729 3729 3729 3729 3729 3729 3729 3729 3729 3729 3729 3729 3729 3729 
3729 3729 3729 3729 3729 3729 3729 3729 3729 3729 3729 3729 3729 3729 3729 3729 3729 3729 3729 3729 3729 3729 3729 3729 3729 3729 3729 3729 3729 3729 3729 3729 3729 3729 3729 3729 3729 3729 3729 3729 3729 3729 3729 3729 3729 3729 
3729 3729 3729 3729 3729 3729 3729 3729 3729 3729 3729 3729 3729 3729 3729 3729 3729 3729 3729 3729 3729 3729 3729 3729 3729 3729 3729 3729 3729 3729 3729 3729 3729 3729 3729 3729 3729 3729 3729 3729 3729 3729 3729 3729 3729 3729 
3729 3729 3729 3729 3729 3729 3729 3729 3729 3729 3729 3729 3729 3729 3729 3729 3729 3729 3729 3729 3729 3729 3729 3729 3729 3729 3729 3729 3729 3729 3729 3729 3729 3729 3729 3729 3729 3729 3729 3729 3729 3729 3729 3729 3729 3729 
3729 3729 3729 3729 3729 3729 3729 3729 3729 3729 3729 3729 3729 3729 3729 3729 3729 3729 3729 3729 3729 3729 3729 3729 3729 3729 3729 3729 3729 3729 3729 3729 3729 3729 3729 3729 3729 3729 3729 3729 3729 3729 3729 3729 3729 3729 
3729 3729 3729 3729 3729 3729 3729 3729 3729 3729 3729 3729 3729 3729 3729 3729 3729 3729 3729 3729 3729 3729 3729 3729 3729 3729 3729 3729 3729 3729 3729 3729 3729 3729 3729 3729 3729 3729 3729 3729 3729 3729 3729 3729 3729 3729 
3729 3729 3729 3729 3729 3729 3729 3729 3729 3729 3729 3729 3729 3729 3729 3729 3729 3729 3729 3729 3729 3729 3729 3729 3729 3729 3729 3729 3729 3729 3729 3729 3729 3729 3729 3729 3729 3729 3729 3729 3729 3729 3729 3729 3729 3729 
3729 3729 3729 3729 3729 3729 3729 3729 3729 3729 3729 3729 3729 3729 3729 3729 3729 3729 3729 3729 3729 3729 3729 3729 3729 3729 3729 3729 3729 3729 3729 3729 3729 3729 3729 3729 3729 3729 3729 3729 3729 3729 3729 3729 3729 3729 
3729 3729 3729 3729 3729 3729 3729 3729 3729 3729 3729 3729 3729 3729 3729 3729 3729 3729 3729 3729 3729 3729 3729 3729 3729 3729 3729 3729 3729 3729 3729 3729 3729 3729 3729 3729 3729 3729 3729 3729 3729 3729 3729 3729 3729 3729 
3729 3729 3729 3729 3729 3729 3729 3729 3729 3729 3729 3729 3729 3729 3729 3729 3729 3729 3729 3729 3729 3729 3729 3729 3729 3729 3729 3729 3729 3729 3729 3729 3729 3729 3729 3729 3729 3729 3729 3729 3729 3729 3729 3729 3729 3729 
3729 3729 3729 3729 3729 3729 3729 3729 3729 3729 3729 3729 3729 3729 3729 3729 3729 3729 3729 3729 3729 3729 3729 3729 3729 3729 3729 3729 3729 3729 3729 3729 3729 3729 3729 3729 3729 3729 3729 3729 3729 3729 3729 3729 3729 3729 
3729 3729 3729 3729 3729 3729 3729 3729 3729 3729 3729 3729 3729 3729 3729 3729 3729 3729 3729 3729 3729 3729 3729 3729 3729 3729 3729 3729 3729 3729 3729 3729 3729 3729 3729 3729 3729 3729 3729 3729 3729 3729 3729 3729 3729 3729 
3729 3729 3729 3729 3729 3729 3729 3729 3729 3729 3729 3729 3729 3729 3729 3729 3729 3729 3729 3729 3729 3729 3729 3729 3729 3729 3729 3729 3729 3729 3729 3729 3729 3729 3729 3729 3729 3729 3729 3729 3729 3729 3729 3729 3729 3729 
3729 3729 3729 3729 3729 3729 3729 3729 3729 3729 3729 3729 3729 3729 3729 3729 3729 3729 3729 3729 3729 3729 3729 3729 3729 3729 3729 3729 3729 3729 3729 3729 3729 3729 3729 3729 3729 3729 3729 3729 3729 3729 3729 3729 3729 3729 
3729 3729 3729 3729 3729 3729 3729 3729 3729 3729 3729 3729 3729 3729 3729 3729 3729 3729 3729 3729 3729 3729 3729 3729 3729 3729 3729 3729 3729 3729 3729 3729 3729 3729 3729 3729 3729 3729 3729 3729 3729 3729 3729 3729 3729 3729 
3729 3729 3729 3729 3729 3729 3729 3729 3729 3729 3729 3729 3729 3729 3729 3729 3729 3729 3729 3729 3729 3729 3729 3729 3729 3729 3729 3729 3729 3729 3729 3729 3729 3729 3729 3729 3729 3729 3729 3729 3729 3729 3729 3729 3729 3729 
3729 3729 3729 3729 3729 3729 3729 3729 3729 3729 3729 3729 3729 3729 3729 3729 3729 3729 3729 3729 3729 3729 3729 3729 3729 3729 3729 3729 3729 3729 3729 3729 3729 3729 3729 3729 3729 3729 3729 3729 3729 3729 3729 3729 3729 3729 
3729 3729 3729 3729 3729 3729 3729 3729 3729 3729 3729 3729 3729 3729 3729 3729 3729 3729 3729 3729 3729 3729 3729 3729 3729 3729 3729 3729 3729 3729 3729 3729 3729 3729 3729 3729 3729 3729 3729 3729 3729 3729 3729 3729 3729 3729 
3729 3729 3729 3729 3729 3729 3729 3729 3729 3729 3729 3729 3729 3729 3729 3729 3729 3729 3729 3729 3729 3729 3729 3729 3729 3729 3729 3729 3729 3729 3729 3729 3729 3729 3729 3729 3729 3729 3729 3729 3729 3729 3729 3729 3729 3729 
3729 3729 3729 3729 3729 3729 3729 3729 3729 3729 3729 3729 3729 3729 3729 3729 3729 3729 3729 3729 3729 3729 3729 3729 3729 3729 3729 3729 3729 3729 3729 3729 3729 3729 3729 3729 3729 3729 3729 3729 3729 3729 3729 3729 3729 3729 
3729 3729 3729 3729 3729 3729 3729 3729 3729 3729 3729 3729 3729 3729 3729 3729 3729 3729 3729 3729 3729 3729 3729 3729 3729 3729 3729 3729 3729 3729 3729 3729 3729 3729 3729 3729 3729 3729 3729 3729 3729 3729 3729 3729 3729 3729 
3729 3729 3729 3729 3729 3729 3729 3729 3729 3729 3729 3729 3729 3729 3729 3729 3729 3729 3729 3729 3729 3729 3729 3729 3729 3729 3729 3729 3729 3729 3729 3729 3729 3729 3729 3729 3729 3729 3729 3729 3729 3729 3729 3729 3729 3729 
3729 3729 3729 3729 3729 3729 3729 3729 3729 3729 3729 3729 3729 3729 3729 3729 3729 3729 3729 3729 3729 3729 3729 3729 3729 3729 3729 3729 3729 3729 3729 3729 3729 3729 3729 3729 3729 3729 3729 3729 3729 3729 3729 3729 3729 3729 
3729 3729 3729 3729 3729 3729 3729 3729 3729 3729 3729 3729 3729 3729 3729 3729 3729 3729 3729 3729 3729 3729 3729 3729 3729 3729 3729 3729 3729 3729 3729 3729 3729 3729 3729 3729 3729 3729 3729 3729 3729 3729 3729 3729 3729 3729 
3729 3729 3729 3729 3729 3729 3729 3729 3729 3729 3729 3729 3729 3729 3729 3729 3729 3729 3729 3729 3729 3729 3729 3729 3729 3729 3729 3729 3729 3729 3729 3729 3729 3729 3729 3729 3729 3729 3729 3729 3729 3729 3729 3729 3729 3729 
3729 3729 3729 3729 3729 3729 3729 3729 3729 3729 3729 3729 3729 3729 3729 3729 3729 3729 3729 3729 3729 3729 3729 3729 3729 3729 3729 3729 3729 3729 3729 3729 3729 3729 3729 3729 3729 3729 3729 3729 3729 3729 3729 3729 3729 3729 
3729 3729 3729 3729 3729 3729 3729 3729 3729 3729 3729 3729 3729 3729 3729 3729 3729 3729 3729 3729 3729 3729 3729 3729 3729 3729 3729 3729 3729 3729 3729 3729 3729 3729 3729 3729 3729 3729 3729 3729 3729 3729 3729 3729 3729 3729 
3729 3729 3729 3729 3729 3729 3729 3729 3729 3729 3729 3729 3729 3729 3729 3729 3729 3729 3729 3729 3729 3729 3729 3729 3729 3729 3729 3729 3729 3729 3729 3729 3729 3729 3729 3729 3729 3729 3729 3729 3729 3729 3729 3729 3729 3729 
3729 3729 3729 3729 3729 3729 3729 3729 3729 3729 3729 3729 3729 3729 3729 3729 3729 3729 3729 3729 3729 3729 3729 3729 3729 3729 3729 3729 3729 3729 3729 3729 3729 3729 3729 3729 3729 3729 3729 3729 3729 3729 3729 3729 3729 3729 
3729 3729 3729 3729 3729 3729 3729 3729 3729 3729 3729 3729 3729 3729 3729 3729 3729 3729 3729 3729 3729 3729 3729 3729 3729 3729 3729 3729 3729 3729 3729 3729 3729 3729 3729 3729 3729 3729 3729 3729 3729 3729 3729 3729 3729 3729 
3729 3729 3729 3729 3729 3729 3729 3729 3729 3729 3729 3729 3729 3729 3729 3729 3729 3729 3729 3729 3729 3729 3729 3729 3729 3729 3729 3729 3729 3729 3729 3729 3729 3729 3729 3729 3729 3729 3729 3729 3729 3729 3729 3729 3729 3729 
3729 3729 3729 3729 3729 3729 3729 3729 3729 3729 3729 3729 3729 3729 3729 3729 3729 3729 3729 3729 3729 3729 3729 3729 3729 3729 3729 3729 3729 3729 3729 3729 3729 3729 3729 3729 3729 3729 3729 3729 3729 3729 3729 3729 3729 3729 
