3766 3766 3766 3766 3766 3766 3766 3766 3766 3766 3766 3766 3766 3766 3766 3766 3766 3766 3766 3766 3766 3766 3766 3766 3766 3766 3766 3766 3766 3766 3766 3766 3766 3766 3766 3766 3766 3766 3766 3766 3766 3766 3766 3766 3766 3766 3766 3766 3766 
3766 3766 3766 3766 3766 3766 3766 3766 3766 3766 3766 3766 3766 3766 3766 3766 3766 3766 3766 3766 3766 3766 3766 3766 3766 3766 3766 3766 3766 3766 3766 3766 3766 3766 3766 3766 3766 3766 3766 3766 3766 3766 3766 3766 3766 3766 3766 3766 3766 
3766 3766 3766 3766 3766 3766 3766 3766 3766 3766 3766 3766 3766 3766 3766 3766 3766 3766 3766 3766 3766 3766 3766 3766 3766 3766 3766 3766 3766 3766 3766 3766 3766 3766 3766 3766 3766 3766 3766 3766 3766 3766 3766 3766 3766 3766 3766 3766 3766 
3766 3766 3766 3766 3766 3766 3766 3766 3766 3766 3766 3766 3766 3766 3766 3766 3766 3766 3766 3766 3766 3766 3766 3766 3766 3766 3766 3766 3766 3766 3766 3766 3766 3766 3766 3766 3766 3766 3766 3766 3766 3766 3766 3766 3766 3766 3766 3766 3766 
3766 3766 3766 3766 3766 3766 3766 3766 3766 3766 3766 3766 3766 3766 3766 3766 3766 3766 3766 3766 3766 3766 3766 3766 3766 3766 3766 3766 3766 3766 3766 3766 3766 3766 3766 3766 3766 3766 3766 3766 3766 3766 3766 3766 3766 3766 3766 3766 3766 
3767 3766 3766 3766 3766 3766 3766 3766 3766 3766 3766 3766 3766 3766 3766 3766 3766 3766 3766 3766 3766 3766 3766 3766 3766 3766 3766 3766 3766 3766 3766 3766 3766 3766 3766 3766 3766 3766 3766 3766 3766 3766 3766 3766 3766 3766 3766 3766 3766 
3766 3766 3766 3766 3766 3766 3766 3766 3766 3766 3766 3766 3766 3766 3766 3766 3766 3766 3766 3766 3766 3766 3766 3766 3766 3766 3766 3766 3766 3766 3766 3766 3766 3766 3766 3766 3766 3766 3766 3766 3766 3766 3766 3766 3766 3766 3766 3766 3766 
3766 3766 3766 3766 3766 3766 3766 3766 3766 3766 3766 3766 3766 3766 3766 3766 3766 3766 3766 3766 3766 3766 3766 3766 3766 3766 3766 3766 3766 3766 3766 3766 3766 3766 3766 3766 3766 3766 3766 3766 3766 3766 3766 3766 3766 3766 3766 3766 3766 
3766 3766 3766 3766 3766 3766 3766 3766 3766 3766 3766 3766 3766 3766 3766 3766 3766 3766 3766 3766 3766 3766 3766 3766 3766 3766 3766 3766 3766 3766 3766 3766 3766 3766 3766 3766 3766 3766 3766 3766 3766 3766 3766 3766 3766 3766 3766 3766 3766 
3766 3766 3766 3766 3766 3766 3766 3766 3766 3766 3766 3766 3766 3766 3766 3766 3766 3766 3766 3766 3766 3766 3766 3766 3766 3766 3767 3766 3766 3766 3766 3766 3766 3766 3766 3766 3766 3766 3766 3766 3766 3766 3766 3766 3766 3766 3766 3766 3766 
3766 3766 3766 3766 3766 3766 3766 3766 3766 3766 3766 3766 3766 3766 3766 3766 3766 3766 3766 3766 3766 3766 3766 3766 3766 3766 3766 3766 3766 3766 3766 3766 3766 3766 3766 3766 3766 3766 3766 3766 3766 3766 3766 3766 3766 3766 3766 3766 3766 
3766 3766 3766 3766 3766 3766 3766 3766 3766 3766 3766 3766 3766 3766 3766 3766 3766 3766 3766 3766 3766 3766 3766 3766 3766 3766 3766 3766 3766 3766 3766 3766 3766 3766 3766 3766 3766 3766 3766 3766 3766 3766 3766 3766 3766 3766 3766 3766 3766 
3766 3766 3766 3766 3766 3766 3766 3766 3766 3766 3766 3766 3766 3766 3766 3766 3766 3766 3766 3766 3766 3766 3766 3766 3766 3766 3766 3766 3766 3766 3766 3766 3766 3766 3766 3766 3766 3766 3766 3766 3766 3766 3766 3766 3766 3766 3766 3766 3766 
3766 3766 3766 3766 3766 3766 3766 3766 3766 3766 3766 3766 3766 3766 3766 3766 3766 3766 3766 3766 3766 3766 3766 3766 3766 3766 3766 3766 3766 3766 3766 3766 3766 3766 3766 3766 3766 3766 3766 3766 3766 3766 3766 3766 3766 3766 3766 3766 3766 
3766 3766 3766 3766 3766 3766 3766 3766 3766 3766 3766 3766 3766 3766 3766 3766 3766 3766 3766 3766 3766 3766 3766 3766 3766 3766 3766 3766 3766 3766 3766 3766 3766 3766 3766 3766 3766 3766 3766 3766 3766 3766 3766 3766 3766 3766 3766 3766 3766 
3766 3766 3766 3766 3766 3766 3766 3766 3766 3766 3766 3766 3766 3766 3766 3766 3766 3766 3766 3766 3766 3766 3766 3766 3766 3766 3766 3766 3766 3766 3766 3766 3766 3766 3766 3766 3766 3766 3766 3766 3766 3766 3766 3766 3766 3766 3766 3766 3766 
3766 3766 3766 3766 3766 3766 3766 3766 3766 3766 3766 3766 3766 3766 3766 3766 3766 3766 3766 3766 3766 3766 3766 3766 3766 3766 3766 3766 3766 3766 3766 3766 3766 3766 3766 3766 3766 3766 3766 3766 3766 3766 3766 3766 3766 3766 3766 3766 3766 
3766 3766 3766 3766 3766 3766 3766 3766 3766 3766 3766 3766 3766 3766 3766 3766 3766 3766 3766 3766 3766 3766 3766 3766 3766 3766 3766 3766 3766 3766 3766 3766 3766 3766 3766 3766 3766 3766 3766 3766 3766 3766 3766 3766 3766 3766 3766 3767 3766 
3766 3766 3766 3766 3766 3766 3766 3766 3766 3766 3766 3766 3766 3766 3766 3766 3766 3766 3766 3766 3766 3766 3766 3767 3766 3766 3766 3766 3766 3766 3766 3766 3766 3766 3766 3766 3766 3766 3766 3766 3766 3766 3766 3766 3766 3766 3766 3766 3766 
3766 3766 3766 3766 3766 3766 3766 3766 3766 3766 3766 3766 3766 3766 3766 3766 3766 3766 3766 3766 3766 3766 3766 3766 3766 3766 3766 3766 3766 3766 3766 3766 3766 3766 3766 3766 3766 3766 3766 3766 3766 3766 3766 3766 3766 3766 3766 3766 3766 
3766 3766 3766 3766 3766 3766 3766 3766 3766 3766 3766 3766 3766 3766 3766 3766 3766 3766 3766 3766 3766 3766 3766 3766 3766 3766 3766 3766 3767 3766 3766 3766 3766 3766 3766 3766 3766 3766 3766 3766 3766 3766 3766 3766 3766 3766 3766 3766 3766 
3766 3766 3766 3766 3766 3766 3766 3766 3766 3766 3766 3766 3766 3766 3766 3766 3766 3766 3766 3766 3766 3766 3766 3766 3766 3766 3766 3766 3766 3766 3766 3766 3766 3766 3766 3766 3766 3766 3766 3766 3766 3766 3766 3766 3766 3766 3766 3766 3766 
3766 3766 3766 3766 3766 3766 3766 3766 3766 3766 3766 3766 3766 3766 3766 3766 3766 3766 3766 3766 3766 3766 3766 3766 3766 3767 3766 3766 3766 3766 3766 3766 3766 3766 3766 3766 3766 3766 3766 3766 3766 3766 3766 3766 3766 3766 3766 3766 3767 
3766 3766 3766 3766 3766 3766 3766 3766 3766 3766 3766 3766 3766 3766 3766 3766 3766 3766 3766 3766 3766 3766 3766 3766 3766 3766 3766 3766 3766 3766 3766 3766 3766 3766 3766 3766 3766 3766 3766 3766 3766 3766 3766 3766 3766 3766 3766 3766 3766 
3766 3766 3766 3766 3766 3766 3766 3766 3766 3766 3766 3766 3766 3766 3766 3766 3766 3766 3766 3766 3766 3766 3766 3766 3766 3766 3766 3766 3766 3766 3766 3766 3766 3766 3766 3766 3766 3766 3766 3766 3766 3766 3766 3766 3766 3766 3766 3766 3766 
3766 3766 3766 3766 3766 3766 3766 3766 3766 3766 3767 3766 3766 3766 3766 3766 3766 3766 3766 3766 3766 3766 3766 3766 3766 3766 3766 3766 3766 3766 3766 3766 3766 3766 3766 3766 3766 3766 3766 3766 3766 3766 3766 3766 3766 3766 3766 3766 3766 
3766 3766 3766 3766 3766 3766 3766 3766 3766 3766 3766 3766 3766 3766 3766 3766 3766 3766 3766 3766 3766 3766 3766 3766 3766 3766 3766 3766 3766 3766 3766 3766 3766 3766 3766 3766 3766 3766 3766 3766 3766 3766 3766 3766 3766 3766 3766 3766 3766 
3766 3766 3766 3766 3766 3766 3766 3766 3766 3766 3766 3766 3766 3766 3766 3766 3766 3766 3766 3766 3766 3766 3766 3766 3766 3766 3766 3766 3766 3766 3766 3766 3766 3766 3766 3766 3766 3766 3766 3766 3766 3766 3766 3766 3766 3766 3766 3766 3766 
3766 3766 3767 3766 3766 3766 3766 3766 3766 3766 3766 3766 3766 3766 3766 3766 3766 3766 3766 3766 3766 3766 3766 3766 3766 3766 3766 3766 3766 3766 3766 3766 3766 3766 3766 3766 3766 3766 3766 3766 3766 3766 3766 3766 3766 3766 3766 3766 3766 
3766 3766 3766 3766 3766 3766 3766 3766 3766 3766 3766 3766 3766 3766 3766 3766 3766 3766 3766 3766 3766 3766 3766 3766 3766 3766 3766 3766 3766 3766 3766 3766 3766 3766 3766 3766 3766 3766 3766 3766 3766 3766 3766 3766 3766 3766 3766 3766 3766 
3766 3766 3766 3766 3766 3766 3766 3766 3766 3766 3766 3766 3766 3766 3766 3766 3766 3766 3766 3766 3766 3766 3766 3766 3766 3766 3766 3766 3766 3766 3766 3766 3766 3766 3766 3766 3767 3766 3766 3766 3766 3766 3766 3766 3766 3766 3766 3766 3766 
3766 3766 3766 3766 3766 3766 3766 3766 3766 3766 3766 3766 3766 3766 3766 3766 3766 3766 3766 3766 3766 3766 3766 3766 3766 3766 3766 3766 3766 3766 3766 3766 3766 3766 3766 3766 3766 3766 3766 3766 3766 3766 3766 3766 3766 3766 3766 3766 3766 
3766 3766 3766 3766 3766 3766 3766 3766 3766 3766 3766 3766 3766 3766 3766 3766 3766 3766 3766 3766 3766 3766 3766 3766 3766 3766 3766 3766 3766 3766 3766 3766 3766 3766 3766 3766 3766 3766 3766 3766 3766 3766 3766 3766 3766 3766 3766 3766 3766 
3766 3766 3766 3766 3766 3766 3766 3766 3766 3766 3766 3766 3766 3766 3766 3766 3766 3766 3766 3766 3766 3766 3766 3766 3766 3766 3766 3766 3766 3766 3766 3766 3766 3766 3766 3766 3766 3767 3766 3766 3766 3766 3766 3766 3766 3766 3766 3766 3766 
3766 3766 3766 3766 3766 3766 3766 3766 3766 3766 3766 3766 3766 3766 3766 3766 3766 3766 3766 3766 3766 3766 3766 3766 3766 3766 3766 3766 3766 3766 3766 3766 3766 3766 3766 3766 3766 3766 3766 3766 3766 3766 3766 3766 3766 3766 3766 3766 3766 
3766 3766 3766 3766 3766 3766 3766 3766 3766 3766 3766 3766 3766 3766 3766 3766 3766 3766 3766 3766 3766 3766 3766 3766 3766 3766 3766 3766 3766 3766 3766 3766 3766 3766 3766 3766 3766 3766 3766 3766 3766 3766 3766 3766 3766 3766 3766 3766 3766 
3766 3766 3766 3766 3766 3766 3766 3766 3766 3766 3766 3766 3766 3766 3766 3766 3766 3766 3766 3766 3766 3766 3766 3766 3766 3766 3766 3766 3766 3766 3766 3766 3766 3766 3766 3766 3766 3766 3766 3767 3766 3766 3766 3766 3766 3766 3766 3766 3766 
3766 3766 3766 3766 3766 3766 3766 3766 3766 3766 3766 3766 3766 3766 3766 3766 3766 3766 3766 3766 3766 3766 3766 3766 3766 3766 3766 3766 3766 3766 3766 3766 3766 3766 3766 3766 3766 3766 3766 3766 3766 3766 3766 3766 3766 3766 3766 3766 3766 
3766 3766 3766 3766 3766 3766 3766 3766 3766 3766 3766 3766 3766 3766 3766 3766 3766 3766 3766 3766 3766 3766 3766 3766 3766 3766 3766 3766 3766 3766 3766 3766 3766 3766 3766 3766 3766 3766 3766 3766 3766 3766 3766 3766 3766 3766 3766 3766 3766 
3766 3766 3766 3766 3766 3766 3766 3766 3766 3766 3766 3766 3766 3766 3766 3766 3766 3766 3766 3766 3766 3766 3766 3766 3766 3766 3766 3766 3766 3766 3766 3766 3766 3766 3766 3766 3766 3766 3766 3766 3766 3766 3766 3766 3766 3766 3766 3766 3766 
3766 3766 3766 3766 3766 3766 3766 3766 3766 3766 3766 3766 3766 3766 3766 3766 3766 3766 3766 3766 3766 3766 3766 3766 3766 3766 3766 3766 3766 3766 3766 3766 3766 3767 3766 3766 3766 3766 3766 3766 3766 3766 3766 3766 3766 3766 3766 3766 3766 
3766 3766 3766 3766 3766 3767 3766 3766 3766 3766 3766 3766 3766 3766 3766 3766 3766 3766 3766 3766 3766 3766 3766 3766 3766 3766 3766 3766 3766 3766 3766 3766 3766 3766 3766 3766 3766 3766 3766 3766 3766 3766 3766 3766 3766 3766 3766 3766 3766 
3766 3766 3766 3766 3766 3766 3766 3766 3766 3766 3766 3766 3766 3766 3766 3766 3766 3766 3766 3766 3766 3766 3766 3766 3766 3766 3766 3766 3766 3766 3766 3766 3766 3766 3766 3766 3766 3766 3766 3766 3766 3766 3766 3766 3766 3766 3766 3766 3766 
3766 3766 3766 3766 3766 3766 3766 3766 3766 3766 3766 3766 3766 3766 3766 3766 3766 3766 3766 3766 3766 3766 3766 3766 3766 3766 3766 3766 3766 3766 3766 3766 3766 3766 3766 3766 3766 3766 3766 3766 3766 3766 3766 3766 3766 3766 3766 3766 3766 
3767 3766 3766 3766 3766 3766 3766 3766 3766 3766 3766 3766 3766 3766 3766 3766 3766 3766 3766 3766 3766 3766 3766 3766 3766 3766 3766 3766 3766 3766 3766 3766 3766 3766 3766 3766 3766 3766 3766 3766 3766 3766 3766 3766 3766 3766 3766 3766 3766 
3766 3766 3766 3766 3766 3766 3766 3766 3766 3766 3766 3766 3766 3766 3766 3766 3766 3766 3766 3766 3766 3766 3766 3766 3766 3766 3766 3766 3766 3766 3766 3766 3766 3766 3766 3766 3766 3766 3766 3766 3766 3766 3766 3766 3766 3766 3766 3766 3766 
3766 3766 3766 3766 3766 3766 3766 3766 3766 3766 3766 3766 3766 3766 3766 3766 3766 3766 3766 3766 3766 3766 3766 3766 3766 3766 3766 3766 3766 3766 3766 3766 3766 3766 3766 3766 3766 3766 3766 3766 3766 3766 3766 3766 3766 3766 3766 3766 3766 
3766 3766 3766 3766 3766 3766 3766 3766 3766 3766 3766 3766 3766 3766 3766 3766 3766 3766 3766 3766 3766 3766 3766 3766 3766 3766 3766 3766 3766 3766 3766 3766 3766 3766 3766 3766 3766 3766 3766 3766 3766 3766 3766 3766 3766 3766 3766 3766 3766 
3766 3766 3766 3766 3766 3766 3766 3766 3766 3766 3766 3766 3766 3766 3766 3766 3766 3766 3766 3766 3766 3766 3766 3766 3766 3766 3766 3766 3766 3766 3766 3766 3766 3766 3766 3766 3766 3766 3766 3766 3766 3766 3766 3766 3766 3766 3766 3766 3766 
3766 3766 3766 3766 3766 3766 3766 3766 3766 3766 3766 3766 3766 3766 3766 3766 3766 3766 3766 3766 3766 3766 3766 3766 3766 3766 3766 3766 3766 3766 3766 3766 3766 3766 3766 3766 3766 3766 3766 3766 3766 3766 3766 3766 3766 3766 3766 3766 3766 
3766 3766 3766 3766 3766 3766 3766 3766 3766 3766 3766 3766 3766 3766 3766 3766 3766 3766 3766 3766 3766 3766 3766 3766 3766 3766 3766 3766 3766 3766 3766 3766 3766 3766 3766 3766 3766 3766 3766 3766 3766 3766 3766 3766 3766 3766 3766 3766 3766 
3766 3766 3766 3766 3766 3766 3766 3766 3766 3766 3766 3766 3766 3766 3766 3766 3766 3766 3766 3766 3766 3766 3766 3766 3766 3766 3766 3766 3766 3766 3766 3766 3766 3767 3766 3766 3766 3766 3766 3766 3766 3766 3766 3766 3766 3766 3766 3766 3766 
3766 3766 3766 3766 3766 3766 3766 3766 3766 3766 3766 3766 3766 3766 3766 3766 3766 3766 3766 3766 3766 3766 3766 3766 3766 3766 3766 3766 3766 3766 3766 3766 3766 3766 3766 3766 3766 3766 3766 3766 3766 3766 3766 3766 3766 3766 3767 3766 3766 
3766 3766 3766 3766 3766 3766 3766 3766 3766 3766 3766 3766 3766 3766 3766 3766 3766 3766 3767 3766 3766 3766 3766 3766 3766 3766 3766 3766 3766 3766 3766 3766 3766 3766 3766 3766 3766 3766 3766 3766 3766 3766 3766 3766 3766 3766 3766 3766 3766 
3766 3766 3766 3766 3766 3766 3766 3766 3766 3766 3766 3766 3766 3766 3766 3766 3766 3766 3766 3766 3766 3766 3766 3766 3766 3766 3766 3766 3766 3766 3766 3767 3766 3766 3766 3766 3766 3766 3766 3766 3766 3766 3766 3766 3766 3766 3766 3766 3766 
3766 3766 3766 3766 3766 3766 3766 3766 3766 3766 3766 3766 3766 3766 3766 3766 3767 3766 3766 3766 3766 3766 3766 3766 3766 3766 3766 3766 3766 3766 3766 3766 3766 3766 3766 3766 3766 3766 3766 3766 3766 3766 3766 3766 3766 3766 3766 3766 3766 
3766 3766 3766 3766 3766 3766 3766 3766 3766 3766 3766 3766 3766 3766 3766 3766 3766 3766 3766 3766 3766 3766 3766 3766 3766 3766 3766 3766 3766 3766 3766 3766 3766 3766 3766 3766 3766 3766 3766 3766 3766 3766 3766 3766 3766 3766 3766 3766 3766 
3766 3766 3766 3766 3766 3766 3766 3766 3766 3766 3766 3766 3766 3766 3766 3766 3766 3766 3766 3766 3766 3766 3766 3766 3766 3766 3766 3766 3766 3766 3766 3766 3766 3766 3766 3766 3766 3766 3766 3766 3766 3766 3766 3766 3766 3766 3766 3766 3766 
3766 3766 3766 3766 3766 3766 3766 3766 3766 3766 3766 3766 3766 3766 3766 3766 3766 3766 3766 3766 3766 3766 3766 3766 3766 3766 3766 3766 3766 3766 3766 3766 3766 3766 3766 3766 3766 3766 3766 3766 3766 3766 3766 3766 3766 3766 3766 3766 3766 
3766 3766 3766 3766 3766 3766 3766 3766 3766 3766 3766 3766 3766 3766 3766 3766 3766 3766 3766 3766 3766 3766 3766 3766 3766 3766 3766 3766 3766 3766 3766 3766 3766 3766 3766 3766 3766 3767 3766 3766 3766 3766 3766 3766 3766 3766 3766 3766 3766 
3766 3766 3766 3766 3766 3766 3766 3766 3766 3766 3766 3766 3766 3766 3766 3766 3766 3766 3766 3766 3766 3766 3766 3766 3766 3766 3766 3766 3766 3766 3766 3766 3766 3766 3766 3766 3766 3766 3766 3766 3766 3766 3766 3766 3766 3766 3766 3766 3766 
3766 3766 3766 3766 3766 3766 3766 3766 3766 3766 3766 3766 3766 3766 3766 3766 3766 3766 3767 3766 3766 3766 3766 3766 3766 3766 3766 3766 3766 3766 3766 3766 3766 3766 3766 3766 3766 3766 3766 3766 3766 3766 3766 3766 3766 3766 3766 3766 3766 
3766 3766 3766 3766 3766 3766 3766 3766 3766 3766 3766 3766 3766 3766 3766 3766 3766 3766 3766 3766 3766 3766 3766 3766 3766 3766 3766 3766 3766 3766 3766 3766 3766 3766 3766 3766 3766 3766 3766 3766 3766 3766 3766 3766 3766 3766 3766 3766 3766 
3766 3766 3766 3766 3766 3766 3766 3766 3766 3766 3766 3766 3766 3766 3766 3766 3766 3766 3766 3766 3766 3766 3766 3766 3766 3766 3766 3766 3766 3766 3766 3766 3766 3766 3766 3766 3766 3766 3766 3766 3766 3766 3766 3766 3766 3766 3766 3766 3766 
3766 3766 3766 3766 3766 3766 3766 3766 3766 3766 3766 3766 3766 3766 3766 3766 3766 3766 3766 3766 3766 3766 3766 3766 3766 3766 3766 3766 3766 3766 3766 3766 3766 3766 3766 3766 3766 3766 3766 3766 3766 3766 3766 3766 3766 3766 3766 3766 3766 
3766 3766 3766 3766 3766 3766 3766 3766 3766 3766 3766 3766 3766 3766 3766 3766 3766 3766 3766 3766 3766 3766 3766 3766 3766 3766 3766 3766 3766 3766 3766 3766 3766 3766 3766 3766 3766 3766 3766 3766 3766 3766 3766 3766 3766 3766 3766 3766 3766 
3766 3766 3766 3766 3766 3766 3766 3766 3766 3766 3766 3766 3766 3766 3766 3766 3766 3766 3766 3766 3766 3766 3766 3766 3766 3766 3766 3766 3766 3766 3766 3766 3766 3766 3766 3766 3766 3766 3766 3766 3766 3766 3766 3766 3766 3766 3766 3766 3766 
3766 3766 3766 3766 3766 3766 3766 3766 3766 3766 3766 3766 3766 3766 3766 3766 3766 3766 3766 3766 3766 3766 3766 3766 3766 3766 3766 3766 3766 3766 3766 3766 3766 3766 3766 3766 3766 3766 3766 3766 3766 3766 3766 3766 3766 3766 3766 3766 3766 
3766 3766 3766 3766 3766 3766 3766 3766 3766 3766 3766 3766 3766 3766 3766 3766 3766 3766 3766 3766 3766 3766 3766 3766 3766 3766 3766 3766 3766 3766 3766 3766 3766 3766 3766 3766 3766 3766 3766 3766 3766 3766 3766 3766 3766 3766 3766 3766 3766 
3766 3766 3766 3766 3766 3766 3766 3766 3766 3766 3766 3766 3766 3766 3766 3766 3766 3766 3766 3766 3766 3766 3766 3766 3766 3766 3766 3766 3766 3766 3766 3766 3766 3766 3766 3766 3766 3766 3766 3766 3766 3766 3766 3766 3766 3766 3766 3766 3766 
3766 3766 3766 3766 3766 3766 3766 3766 3766 3766 3766 3766 3766 3766 3766 3766 3766 3766 3766 3766 3766 3766 3766 3766 3766 3766 3766 3766 3766 3766 3766 3766 3766 3766 3766 3766 3766 3766 3766 3766 3766 3766 3766 3766 3766 3766 3766 3766 3766 
3766 3766 3766 3766 3766 3766 3766 3766 3766 3766 3766 3766 3766 3766 3766 3766 3766 3766 3766 3766 3766 3766 3766 3766 3766 3766 3766 3766 3766 3766 3766 3766 3766 3766 3766 3766 3766 3766 3766 3766 3766 3766 3766 3766 3766 3766 3766 3766 3766 
3766 3766 3766 3766 3766 3766 3766 3766 3766 3766 3766 3766 3766 3766 3766 3766 3766 3766 3766 3766 3766 3766 3766 3766 3766 3766 3766 3766 3766 3766 3766 3766 3766 3766 3766 3766 3766 3766 3766 3766 3766 3766 3766 3766 3766 3766 3766 3766 3766 
3766 3766 3766 3766 3766 3766 3766 3766 3766 3766 3766 3766 3766 3766 3766 3766 3766 3766 3766 3766 3766 3766 3766 3766 3766 3766 3766 3766 3766 3766 3766 3766 3766 3766 3766 3766 3766 3766 3766 3766 3766 3766 3766 3766 3766 3766 3766 3766 3767 
3766 3766 3766 3766 3766 3766 3766 3766 3766 3766 3766 3766 3766 3766 3766 3766 3766 3766 3766 3766 3766 3766 3766 3766 3766 3766 3766 3766 3766 3766 3766 3766 3766 3766 3766 3766 3766 3766 3766 3766 3766 3766 3766 3766 3766 3766 3766 3766 3766 
3766 3766 3766 3766 3766 3766 3766 3766 3766 3766 3766 3766 3766 3766 3766 3766 3766 3766 3766 3766 3766 3766 3766 3766 3766 3766 3766 3766 3766 3766 3766 3766 3766 3766 3766 3766 3766 3767 3766 3766 3766 3766 3766 3766 3766 3766 3766 3766 3766 
3766 3766 3766 3766 3766 3766 3766 3766 3766 3766 3766 3766 3766 3766 3766 3766 3766 3766 3766 3766 3766 3766 3766 3766 3766 3766 3766 3766 3766 3766 3766 3766 3766 3766 3766 3766 3766 3766 3766 3766 3766 3766 3766 3766 3766 3766 3766 3766 3766 
3766 3766 3766 3766 3766 3766 3766 3766 3766 3766 3766 3766 3766 3766 3766 3766 3766 3766 3766 3766 3766 3766 3766 3766 3766 3766 3766 3766 3766 3766 3766 3766 3766 3766 3766 3766 3766 3766 3766 3766 3766 3766 3766 3766 3766 3766 3766 3766 3766 
3766 3766 3766 3766 3766 3766 3766 3766 3766 3766 3766 3766 3766 3766 3766 3766 3766 3766 3766 3766 3766 3766 3766 3766 3766 3766 3766 3766 3766 3766 3766 3766 3766 3766 3766 3766 3766 3766 3766 3766 3766 3766 3766 3766 3766 3766 3766 3766 3766 
3766 3766 3766 3766 3766 3766 3766 3766 3766 3766 3766 3766 3766 3766 3766 3766 3766 3766 3766 3766 3766 3766 3766 3766 3766 3766 3766 3766 3766 3766 3766 3766 3766 3766 3766 3766 3766 3766 3766 3766 3766 3766 3766 3766 3766 3766 3766 3766 3766 
3766 3766 3766 3766 3766 3766 3766 3766 3766 3766 3766 3766 3766 3766 3766 3766 3766 3766 3766 3766 3766 3766 3766 3766 3766 3766 3766 3766 3766 3766 3766 3766 3766 3766 3766 3766 3766 3766 3766 3766 3766 3766 3766 3766 3766 3766 3766 3766 3766 
3766 3766 3766 3766 3766 3766 3766 3766 3766 3766 3766 3766 3766 3766 3766 3766 3766 3766 3766 3766 3766 3766 3766 3766 3766 3766 3766 3766 3766 3766 3766 3766 3766 3766 3766 3766 3766 3766 3766 3766 3766 3766 3766 3766 3766 3766 3766 3766 3766 
3766 3766 3766 3766 3766 3766 3766 3766 3766 3766 3766 3766 3766 3766 3766 3766 3766 3766 3766 3766 3766 3766 3766 3766 3766 3766 3766 3766 3766 3766 3766 3766 3766 3766 3766 3766 3766 3766 3766 3766 3766 3766 3766 3766 3766 3766 3766 3766 3766 
3766 3766 3766 3766 3766 3766 3766 3766 3766 3766 3766 3766 3766 3766 3766 3766 3766 3766 3766 3766 3766 3766 3766 3766 3766 3766 3766 3766 3766 3766 3766 3766 3766 3766 3766 3766 3766 3766 3766 3766 3766 3766 3766 3766 3766 3766 3766 3766 3766 
3766 3766 3766 3766 3766 3766 3766 3766 3766 3766 3766 3766 3766 3766 3766 3766 3766 3766 3766 3766 3766 3766 3766 3766 3766 3766 3766 3766 3766 3766 3766 3766 3766 3766 3766 3766 3766 3766 3766 3766 3766 3766 3766 3766 3766 3766 3766 3766 3766 
3766 3766 3766 3766 3766 3766 3766 3766 3766 3766 3766 3766 3766 3766 3766 3766 3766 3766 3766 3766 3766 3766 3766 3766 3766 3766 3766 3766 3766 3766 3766 3766 3766 3767 3766 3766 3766 3766 3766 3766 3766 3766 3766 3766 3766 3766 3766 3766 3766 
3766 3766 3766 3766 3766 3766 3766 3766 3766 3766 3766 3766 3766 3766 3766 3766 3766 3766 3766 3766 3766 3766 3766 3766 3766 3766 3766 3766 3766 3766 3766 3766 3766 3766 3766 3766 3766 3766 3766 3766 3766 3766 3766 3766 3766 3766 3766 3766 3766 
3766 3766 3766 3766 3766 3766 3766 3766 3766 3766 3766 3766 3766 3766 3766 3766 3766 3766 3766 3766 3766 3766 3766 3766 3766 3766 3766 3766 3766 3766 3766 3766 3766 3766 3766 3766 3766 3766 3766 3766 3766 3766 3766 3766 3766 3766 3766 3766 3766 
3766 3766 3766 3766 3766 3766 3766 3766 3766 3766 3766 3766 3766 3766 3766 3766 3766 3766 3766 3766 3766 3766 3766 3766 3766 3766 3766 3766 3766 3766 3766 3766 3766 3766 3766 3766 3766 3766 3766 3766 3766 3766 3766 3766 3766 3766 3766 3766 3766 
3766 3766 3766 3766 3766 3766 3766 3766 3766 3766 3766 3766 3766 3766 3766 3766 3766 3766 3766 3766 3766 3766 3766 3766 3766 3766 3766 3766 3766 3766 3766 3766 3766 3766 3766 3766 3766 3766 3766 3766 3766 3766 3766 3766 3766 3766 3766 3766 3766 
3766 3766 3766 3766 3766 3766 3766 3766 3766 3766 3766 3766 3766 3766 3766 3766 3766 3766 3766 3766 3766 3766 3766 3766 3766 3766 3766 3766 3766 3766 3766 3766 3766 3766 3766 3766 3766 3766 3766 3766 3766 3766 3766 3766 3766 3766 3766 3766 3766 
3766 3766 3766 3766 3766 3766 3766 3766 3766 3766 3766 3766 3766 3766 3766 3766 3766 3766 3766 3766 3766 3766 3766 3766 3766 3766 3766 3766 3766 3766 3766 3766 3766 3766 3766 3766 3766 3766 3766 3766 3766 3766 3766 3766 3766 3766 3766 3766 3766 
3766 3766 3766 3766 3766 3766 3766 3766 3766 3766 3766 3766 3766 3766 3766 3766 3766 3766 3766 3766 3766 3766 3766 3766 3766 3766 3766 3766 3766 3766 3766 3766 3766 3767 3766 3766 3766 3766 3766 3766 3766 3766 3766 3766 3766 3766 3766 3766 3766 
3766 3766 3766 3766 3766 3766 3766 3766 3766 3766 3766 3766 3766 3766 3766 3766 3766 3766 3766 3766 3766 3766 3766 3766 3766 3766 3766 3766 3766 3766 3766 3766 3766 3766 3766 3766 3766 3766 3766 3766 3766 3766 3766 3766 3766 3766 3766 3766 3766 
3766 3766 3766 3766 3766 3766 3766 3766 3766 3766 3766 3766 3766 3766 3766 3766 3766 3766 3766 3766 3766 3766 3766 3766 3766 3766 3766 3766 3766 3766 3766 3766 3766 3766 3766 3766 3766 3766 3766 3766 3766 3766 3766 3766 3766 3766 3766 3766 3766 
