20
68
2
229
76
27
114
176
80
167
35
19
141
173
0
39
30
5
199
9
208
9
82
53
39
71
181
70
127
82
94
51
23
236
45
32
206
138
94
26
54
58
20
191
197
58
302
20
83
103
50
12
229
22
31
102
63
13
184
98
125
0
229
5
17
81
0
10
48
140
3
39
41
83
201
71
128
81
169
97
140
1
28
7
111
20
17
150
29
32
210
119
38
50
8
300
185
236
34
42
163
300
114
15
75
26
10
97
22
46
0
105
199
41
99
138
68
18
11
184
57
9
122
59
315
109
169
4
110
148
5
3
76
13
62
6
59
20
248
57
164
15
1
47
157
106
1
66
174
73
31
52
24
53
22
61
50
16
304
55
285
10
59
64
25
22
119
105
58
36
59
36
13
6
31
242
150
116
80
86
6
14
44
108
8
144
22
71
53
146
71
31
67
119
10
35
121
54
28
4
39
0
55
23
10
22
1
58
244
0
51
66
85
46
11
58
54
4
320
75
45
57
7
62
98
50
105
62
142
60
81
21
67
68
183
134
36
55
154
278
89
34
18
10
50
3
78
84
24
91
103
67
46
191
83
91
25
15
31
248
92
141
7
79
173
156
233
57
39
48
0
72
253
50
142
49
7
12
14
120
147
152
171
24
9
129
190
59
46
293
175
294
119
189
30
167
0
204
50
228
188
274
4
6
0
71
17
35
177
145
43
262
8
16
267
8
16
149
40
49
15
3
99
186
23
246
63
82
101
16
8
54
153
103
336
69
42
130
261
123
136
46
25
0
241
17
34
45
76
12
23
72
26
16
21
216
11
73
116
309
123
21
244
41
195
10
211
108
233
48
52
92
24
41
95
207
47
293
1
12
5
68
22
29
53
248
164
293
130
150
41
66
231
92
213
39
238
16
138
79
152
113
23
14
163
16
32
21
81
4
15
4
201
17
246
114
50
49
144
200
72
59
120
139
37
208
2
66
43
133
0
81
89
132
158
50
78
110
31
257
69
121
58
28
151
7
174
86
116
82
23
45
25
21
124
274
115
12
60
54
207
5
152
87
120
36
32
107
10
116
27
7
182
124
207
88
251
11
53
190
243
83
257
93
78
43
220
81
40
169
59
66
74
23
31
41
9
148
24
166
63
295
57
262
68
54
98
153
114
66
224
49
71
19
27
34
33
21
18
18
53
161
103
187
159
23
174
147
75
75
180
68
268
32
63
87
16
138
75
59
75
179
71
34
13
153
8
22
52
1
7
124
90
221
23
190
7
23
23
56
20
318
15
149
170
59
162
2
244
200
19
72
1
79
53
36
122
36
22
158
76
22
122
89
55
16
159
23
140
24
141
9
5
255
234
297
99
183
65
126
156
1
14
92
23
5
147
56
1
173
223
11
61
163
196
16
241
51
88
176
42
25
43
19
109
15
122
68
113
90
59
34
17
216
44
22
121
2
217
26
177
137
14
166
170
9
238
62
18
1
0
9
77
19
78
262
47
30
8
0
99
81
86
46
84
54
45
100
209
72
4
0
64
135
19
73
52
45
44
121
50
177
42
202
192
29
44
43
43
65
31
1
147
137
98
82
14
53
220
62
3
42
243
45
171
179
25
50
14
45
154
4
16
22
170
199
18
113
296
263
9
