121
9
88
38
106
38
65
160
0
28
132
205
101
30
238
50
415
18
260
145
304
376
203
67
292
7
196
34
184
71
40
12
185
175
162
58
70
65
24
2
117
53
177
103
361
335
23
5
222
153
79
125
319
181
58
110
15
207
78
14
224
66
52
177
95
166
146
210
20
35
46
366
117
120
31
5
431
51
186
4
165
82
206
25
16
38
107
59
278
310
245
93
18
17
20
82
169
119
80
73
36
1
74
33
135
13
38
303
71
274
0
21
71
198
94
328
140
160
42
48
157
38
9
99
373
65
45
53
15
169
43
117
148
265
13
155
36
250
12
187
195
366
159
94
15
355
387
163
345
96
57
50
17
383
44
35
77
1
380
6
32
14
55
195
179
162
223
42
11
47
422
107
55
27
82
54
14
10
0
68
139
184
39
171
13
48
11
120
155
16
216
6
22
3
397
17
9
149
104
111
55
279
54
0
191
48
156
45
155
74
48
4
217
142
160
61
7
18
18
24
231
112
274
48
3
14
98
232
247
167
125
55
32
5
141
157
2
161
6
1
3
151
92
286
140
114
146
35
9
9
237
144
140
121
240
167
87
83
329
45
67
24
399
152
13
375
131
322
106
393
309
93
317
77
236
242
277
421
375
101
9
112
0
78
100
128
13
9
267
193
272
23
2
19
145
2
83
232
260
11
17
128
345
18
12
130
16
11
103
100
49
110
22
107
21
22
9
81
23
152
18
236
106
32
131
223
18
342
338
123
98
41
128
12
27
64
22
313
93
16
110
18
69
135
233
8
195
191
83
359
159
18
21
279
91
6
140
36
116
166
421
42
211
274
94
313
70
110
2
22
128
62
31
152
47
118
0
122
215
57
388
288
68
102
334
1
267
8
176
306
75
153
63
64
323
3
121
256
41
4
316
36
58
262
126
19
141
30
185
329
16
8
112
71
131
305
301
214
215
61
110
79
309
15
402
102
14
41
14
27
290
358
176
54
186
45
165
261
36
169
104
43
26
26
0
42
3
75
1
269
159
161
18
144
147
33
181
35
134
132
46
6
107
80
31
77
33
10
109
79
170
88
24
110
194
177
234
111
185
20
149
13
39
31
42
244
37
252
159
51
124
361
98
168
32
10
73
358
137
150
12
300
303
9
178
237
33
389
27
167
232
188
17
103
10
173
5
188
146
93
51
263
275
5
28
263
293
108
61
160
44
153
37
102
116
32
334
390
205
153
285
131
73
54
434
247
326
77
135
149
68
54
0
131
247
78
51
210
47
6
38
34
284
30
37
0
355
10
70
31
270
0
4
52
101
25
296
7
341
11
16
153
27
239
169
10
50
205
138
267
27
213
93
27
153
112
39
31
205
154
31
257
5
215
323
42
82
303
217
22
39
217
350
349
54
170
246
117
31
35
135
290
34
8
129
282
305
263
4
37
251
154
141
263
338
30
263
128
336
29
202
343
388
160
208
291
171
100
145
175
72
159
91
123
16
29
188
13
40
37
398
113
115
59
305
15
159
170
25
47
95
31
54
146
213
195
12
16
138
218
192
80
335
19
48
126
389
5
226
36
277
166
456
58
53
342
100
20
114
6
43
113
66
63
26
119
1
83
72
1
46
63
242
50
116
47
242
229
201
314
1
153
22
18
176
308
31
87
170
279
345
3
230
262
40
64
266
40
329
96
346
44
152
111
167
56
216
71
21
321
88
54
173
4
29
23
431
181
65
351
103
319
14
125
13
23
71
80
162
220
12
7
56
48
251
14
75
16
27
237
273
72
347
28
100
151
187
209
303
37
17
12
219
28
12
62
69
94
67
87
99
85
108
108
152
23
9
78
345
151
4
37
138
122
67
211
11
314
91
43
125
47
160
124
232
106
331
433
29
154
78
289
49
61
44
147
42
170
204
9
71
220
249
76
227
3
48
2
34
191
93
130
385
102
68
140
2
247
158
9
240
74
86
6
377
46
165
76
42
177
4
37
203
17
232
92
33
121
376
263
35
182
374
9
194
29
36
106
54
260
133
13
116
14
214
67
449
25
29
6
252
22
12
27
37
200
130
0
415
19
222
46
364
45
22
228
74
321
70
209
429
64
109
34
241
32
23
26
227
54
56
50
43
360
19
10
29
44
9
48
113
348
152
86
22
23
271
2
208
197
223
56
200
176
265
215
48
4
321
427
83
2
241
103
49
235
64
26
174
97
27
279
10
222
364
61
185
174
64
92
29
8
15
88
0
44
22
