19
11
246
425
17
1
176
288
44
58
206
60
251
107
38
101
72
12
246
142
20
362
383
122
151
16
124
210
26
139
165
125
197
91
145
54
2
146
352
23
99
196
103
114
406
72
17
112
158
155
226
281
250
30
115
284
17
196
66
204
82
378
281
24
56
310
90
101
72
25
182
114
231
0
116
1
105
116
182
109
3
132
219
81
106
163
166
202
66
56
195
189
121
219
23
21
149
64
188
143
47
60
199
65
5
111
54
359
41
32
224
79
214
135
45
165
64
6
154
63
103
341
76
278
81
154
334
415
37
49
32
91
224
134
18
271
114
12
101
4
36
342
130
16
384
167
104
440
106
156
72
154
22
411
83
55
196
31
233
109
152
0
242
109
247
273
110
288
20
103
232
255
29
395
330
94
250
52
67
15
3
82
2
143
55
28
61
193
81
162
48
162
173
54
68
182
33
84
115
232
8
78
312
66
107
196
145
229
48
109
189
335
6
420
61
131
258
22
56
360
140
90
169
25
100
118
144
277
47
76
1
58
273
33
100
2
58
57
25
126
51
375
35
14
175
18
229
127
22
7
5
65
82
295
22
59
57
239
33
47
103
266
201
50
64
386
47
234
9
83
98
9
165
308
77
54
334
10
63
4
222
116
81
191
253
28
362
359
193
121
14
88
122
64
34
14
179
166
19
30
80
64
136
77
206
6
367
266
182
187
54
224
0
12
18
195
71
98
149
85
56
205
148
26
105
40
137
315
186
30
191
117
283
4
53
170
27
84
324
369
86
39
342
231
157
104
63
70
11
204
14
8
34
51
76
203
151
394
323
25
1
68
192
1
42
101
230
266
345
281
77
369
69
95
70
128
5
239
349
27
39
145
152
23
9
66
185
6
49
18
83
54
183
11
17
13
247
72
235
108
344
152
0
11
322
270
55
17
10
9
74
57
329
26
30
194
207
23
138
32
11
22
211
285
28
30
26
53
255
67
48
246
336
137
296
152
251
231
256
29
225
57
218
246
211
130
115
133
166
2
40
21
235
50
25
8
171
13
72
326
67
75
66
398
30
277
77
271
309
47
193
30
30
98
29
0
14
119
254
121
6
149
32
72
12
164
210
436
56
66
79
15
138
59
37
152
38
275
115
130
11
58
35
5
131
30
97
87
220
37
0
134
46
105
8
110
44
35
123
96
134
41
3
290
352
8
46
301
44
199
429
3
48
212
4
36
67
403
14
6
20
326
388
87
290
40
35
7
33
123
24
133
21
358
48
4
46
163
13
6
69
160
12
12
221
78
19
118
150
9
144
48
148
18
72
428
23
166
198
13
10
172
10
31
7
106
96
9
22
316
173
126
444
18
87
275
149
187
206
281
60
63
144
88
54
65
67
367
148
300
76
111
199
16
67
405
11
162
105
179
167
37
4
61
139
58
56
37
39
63
53
23
84
6
228
261
74
29
242
217
298
9
161
18
2
333
274
3
332
290
65
152
390
19
115
26
3
241
109
46
39
54
332
74
68
33
19
28
153
81
42
108
221
266
27
143
236
32
167
19
114
371
237
40
154
9
108
73
343
229
163
318
6
58
10
3
80
137
18
1
19
11
332
120
283
320
152
97
54
299
78
145
43
77
103
172
257
2
4
60
44
11
100
148
4
242
24
66
2
259
203
362
6
62
233
132
104
69
4
62
8
155
0
36
208
347
354
128
219
48
297
135
174
2
32
45
13
397
13
20
192
9
198
139
217
242
9
91
11
225
109
151
2
13
75
168
131
168
228
53
162
24
301
34
7
14
242
102
328
151
241
96
270
181
2
3
424
18
121
125
95
10
38
282
76
309
30
20
229
36
209
315
140
60
124
12
308
188
41
122
218
162
169
385
182
25
244
52
5
4
332
182
308
212
440
164
136
94
114
178
0
250
35
70
222
5
82
192
275
30
124
72
14
50
25
210
4
9
71
60
20
65
259
126
178
164
3
12
196
13
404
217
216
26
64
84
311
209
23
156
8
3
112
317
57
231
24
119
18
344
144
33
2
31
287
249
432
242
197
325
0
60
3
143
41
366
78
185
265
51
170
134
419
107
13
14
31
266
181
42
341
27
161
175
188
130
254
27
196
17
83
125
206
128
164
187
9
402
338
406
61
85
5
160
167
3
90
106
55
16
395
175
12
13
15
50
65
112
199
95
40
41
167
122
88
338
161
231
326
2
48
120
195
11
358
120
197
13
57
220
2
229
0
67
116
271
44
302
2
197
99
99
422
0
59
99
368
31
3
200
