168
5
7
24
4
72
256
70
311
185
54
153
54
299
12
26
113
299
295
79
141
75
213
97
226
296
17
225
93
86
17
9
1
146
179
54
143
148
32
19
3
40
328
44
191
17
54
59
21
276
103
107
166
96
295
29
89
76
165
121
93
15
71
174
371
2
473
85
347
70
404
118
5
127
37
278
93
25
362
283
305
109
37
9
111
43
167
88
86
1
1
224
212
81
78
7
142
219
178
27
238
311
193
39
294
111
16
129
2
7
4
32
190
55
386
10
229
226
82
14
202
5
6
279
75
1
85
8
17
122
130
20
170
172
358
79
262
11
25
1
62
24
165
88
4
26
367
122
310
258
205
177
263
106
138
173
158
19
87
187
44
126
54
1
109
9
39
30
314
62
72
318
187
290
40
53
218
56
55
13
246
306
231
155
16
126
235
39
176
254
359
68
71
140
16
29
21
18
350
125
54
380
12
184
373
187
142
28
124
0
15
179
147
132
18
231
73
24
121
152
38
334
36
321
26
90
70
20
182
57
46
352
22
185
44
278
2
236
343
71
49
24
15
94
130
28
92
440
298
5
133
250
77
52
150
0
72
63
257
66
106
92
87
44
117
79
18
196
135
20
244
137
34
29
202
125
437
279
54
68
30
1
215
207
30
14
0
40
250
434
155
208
103
28
28
127
11
427
23
95
163
8
25
62
82
341
130
226
52
64
88
156
50
190
103
210
310
32
19
53
6
54
430
260
203
45
192
57
318
169
75
53
7
76
7
70
265
166
76
48
33
82
203
44
72
25
77
164
220
200
159
6
75
132
377
125
61
106
8
332
178
54
135
11
44
30
115
241
0
112
14
92
94
73
294
404
45
239
56
176
290
151
52
283
83
1
147
37
47
74
10
193
3
244
53
155
0
344
14
10
250
179
23
69
161
139
39
23
244
72
5
37
336
140
177
488
130
13
61
230
88
19
28
263
48
18
161
27
222
39
276
321
77
240
14
237
201
300
14
241
53
129
25
134
348
29
83
24
106
269
381
189
113
339
125
144
35
298
29
16
111
42
11
50
112
83
242
36
174
99
15
159
95
7
3
213
227
2
206
86
100
3
272
275
8
259
35
19
156
23
422
236
215
10
143
242
159
362
31
6
34
55
177
75
121
130
193
349
459
0
187
349
44
113
109
184
142
13
144
6
80
257
195
43
1
416
4
195
157
113
117
206
74
268
204
164
99
192
99
306
299
230
65
132
139
92
136
7
185
359
109
28
14
81
223
364
40
137
20
95
286
11
160
104
7
111
160
81
162
107
28
192
24
35
14
99
272
6
33
22
313
6
14
18
56
117
466
118
18
14
180
81
35
336
31
447
180
11
120
47
13
152
114
60
218
43
4
227
247
196
313
153
24
416
0
128
0
136
197
3
135
200
143
7
4
8
22
187
217
436
22
155
42
145
31
38
211
16
29
5
75
69
0
175
38
190
99
76
12
121
79
20
272
313
23
123
28
88
8
104
170
171
181
241
65
107
9
119
16
99
387
414
10
222
157
212
23
71
1
115
44
284
299
27
18
289
192
350
261
7
94
55
8
0
172
73
51
326
317
167
165
104
245
138
326
12
7
205
16
318
25
0
88
116
30
0
342
29
2
47
115
322
166
240
189
11
149
108
125
171
205
137
44
61
193
58
39
477
28
198
58
2
2
128
58
212
14
55
110
34
42
330
111
71
80
0
114
360
51
4
30
57
273
19
58
72
4
325
15
32
385
215
56
235
239
301
8
387
380
7
61
107
53
38
257
202
169
54
30
31
163
18
269
114
237
116
83
259
6
28
87
308
174
147
21
116
281
314
280
0
0
162
41
101
15
3
160
38
310
115
39
34
126
55
71
5
20
135
409
422
25
19
28
287
86
313
3
261
203
95
31
122
290
130
109
146
78
290
70
9
164
390
46
188
234
453
36
159
233
202
19
37
144
106
227
59
40
386
215
221
55
345
1
45
14
113
139
34
36
378
377
7
271
88
152
54
9
110
91
23
29
193
143
7
371
127
147
254
116
268
136
8
12
65
8
46
61
136
84
334
74
148
0
146
38
239
228
160
218
113
220
117
4
12
417
169
239
76
134
174
145
44
125
49
224
146
60
122
50
211
262
276
365
18
214
123
151
28
43
51
28
29
221
87
199
21
46
42
44
26
218
50
159
36
169
107
52
265
47
217
135
0
20
153
193
250
1
111
135
87
133
49
16
89
45
1
148
18
316
95
104
62
30
173
20
39
81
398
13
46
