0
120
159
48
23
4
12
82
11
67
17
94
6
61
86
187
70
69
67
0
180
131
21
53
117
15
14
131
23
110
21
65
4
106
113
79
25
186
4
206
76
171
34
23
1
118
0
72
188
115
8
154
200
154
135
65
38
88
68
40
11
109
100
146
105
223
4
201
167
61
52
21
110
20
10
250
64
41
2
75
121
18
25
45
6
49
97
31
118
44
8
203
169
34
37
40
138
217
6
167
12
126
200
117
168
75
25
125
141
113
65
148
10
96
49
23
38
218
51
84
9
133
163
163
66
1
40
187
193
0
6
132
161
70
87
31
184
76
214
81
193
276
96
93
60
31
80
140
33
21
0
90
199
98
1
12
28
20
80
10
23
98
21
19
142
61
9
16
1
78
243
53
51
221
116
122
111
102
27
10
76
20
77
49
0
84
33
25
30
135
183
99
19
1
175
72
7
42
14
101
29
41
2
58
162
8
53
177
10
9
28
18
16
130
182
4
47
56
29
31
127
0
4
80
7
67
137
18
235
162
18
15
208
5
185
142
14
70
17
51
18
8
10
16
95
110
192
85
57
107
3
13
45
19
50
6
42
23
0
204
100
49
37
103
91
0
47
166
139
34
3
13
142
135
74
91
61
131
2
197
195
86
118
218
250
31
174
121
0
51
13
126
57
118
109
23
172
58
102
247
153
27
167
0
5
124
97
17
80
53
127
219
118
4
44
0
116
118
53
71
129
111
181
52
162
47
118
58
131
26
2
63
188
42
81
28
51
30
49
12
33
7
234
165
24
63
116
139
1
23
100
26
94
79
25
11
3
127
6
72
13
143
173
2
21
4
1
191
82
168
42
203
80
79
141
199
21
9
2
77
77
136
34
3
95
77
240
11
15
38
78
42
88
15
19
63
53
55
124
77
274
10
8
21
73
1
13
52
0
49
18
222
3
116
15
6
160
43
43
186
62
124
11
97
11
56
69
67
172
45
100
88
200
35
97
93
59
115
13
132
17
44
24
108
74
34
4
13
58
31
13
86
45
40
7
8
31
50
172
96
115
74
43
126
3
66
74
67
18
70
246
95
127
103
116
33
12
24
0
241
33
125
79
113
129
15
233
83
254
26
5
46
129
86
66
124
96
163
47
6
134
54
188
139
5
126
109
55
76
158
52
6
9
27
1
22
66
207
203
8
4
1
35
70
98
83
59
81
134
53
26
223
24
1
37
96
36
24
70
88
149
0
108
24
64
107
6
3
95
79
41
98
13
85
1
193
135
109
88
107
34
30
229
58
119
202
181
76
37
18
159
235
39
32
3
21
54
95
157
114
82
110
0
23
25
130
187
51
199
52
254
21
80
18
20
46
25
34
113
142
84
10
45
180
13
93
256
8
132
174
28
29
92
66
209
26
234
52
0
3
10
26
74
271
164
0
100
105
93
137
207
18
