197
10
90
77
5
2
124
259
2
145
23
211
239
96
24
125
114
18
50
263
22
213
78
233
77
51
416
74
194
67
41
281
29
25
318
47
84
170
59
114
4
260
104
132
82
274
63
149
463
60
388
74
22
9
67
20
250
2
40
77
7
245
357
389
186
115
143
162
308
28
41
157
131
54
196
62
308
23
86
316
331
181
4
59
7
372
410
45
242
68
155
415
13
9
191
3
86
36
20
339
7
220
60
25
61
73
56
9
40
1
70
85
234
26
130
0
91
119
102
310
309
35
179
59
7
248
183
0
6
254
259
36
14
13
10
92
25
16
62
35
5
240
194
36
327
22
67
75
112
100
7
11
50
319
218
42
55
316
10
134
64
28
95
18
69
271
169
36
11
194
75
48
138
31
91
144
11
423
118
371
247
376
149
150
195
266
165
249
41
114
83
77
46
196
317
396
196
293
221
76
161
204
4
17
91
47
1
416
143
10
423
245
37
348
130
194
4
35
320
168
445
252
5
288
67
255
17
38
9
187
47
180
229
170
45
121
108
167
282
273
56
208
0
292
244
3
136
1
18
26
13
123
142
152
433
259
27
40
13
84
80
150
38
33
17
256
47
0
187
324
2
240
46
138
32
33
51
39
6
213
90
71
27
241
163
164
27
172
363
241
60
187
91
18
200
33
86
38
132
283
21
215
141
184
77
133
432
117
97
16
185
183
54
276
273
30
137
120
256
61
0
80
41
305
403
54
147
212
27
46
11
93
144
197
39
48
75
236
125
5
3
379
140
371
108
124
353
75
119
88
139
160
173
2
53
185
11
26
6
107
25
170
400
7
4
109
82
4
199
20
15
163
196
112
3
52
144
155
209
51
237
186
59
71
205
11
173
24
144
167
84
14
318
19
124
143
60
45
5
101
45
149
181
5
189
222
201
133
1
150
302
136
56
336
105
20
7
324
144
7
76
24
276
73
397
46
20
16
312
8
10
161
10
104
44
393
95
148
70
16
274
35
138
314
234
7
259
193
26
202
405
1
142
50
263
20
156
103
3
105
8
359
63
9
62
195
141
38
43
47
27
32
106
14
210
135
72
200
44
19
83
412
184
247
171
50
2
56
214
130
15
12
208
146
80
163
68
343
64
91
119
162
253
8
176
12
61
194
72
404
89
19
305
11
113
139
82
161
276
4
16
386
10
367
160
22
14
140
9
17
197
102
140
89
88
95
44
6
409
120
10
8
2
20
72
414
7
313
42
14
323
44
126
5
39
159
364
45
26
306
152
48
127
64
188
115
172
72
84
35
435
257
36
150
219
207
100
6
72
67
27
59
168
319
99
36
237
3
137
54
128
215
64
4
77
10
76
153
119
210
46
360
54
250
304
50
399
4
13
56
6
40
100
123
266
278
12
25
219
336
249
26
24
13
17
175
157
3
91
83
45
9
374
221
303
25
246
326
117
85
31
82
262
307
381
7
5
269
341
26
65
172
115
97
36
212
127
29
225
176
120
190
52
121
24
122
32
171
116
82
10
110
111
149
292
88
326
89
104
158
23
186
25
9
9
378
14
35
336
214
144
367
8
156
197
11
50
294
118
51
169
196
132
69
18
12
2
107
47
43
305
276
149
37
369
401
292
142
156
177
269
254
298
157
10
12
22
103
480
89
5
194
239
7
8
128
121
291
261
39
227
67
8
74
149
14
64
22
308
300
29
297
3
372
109
54
169
3
142
71
4
99
142
165
231
364
4
373
376
110
58
22
116
109
203
146
362
191
297
61
11
317
195
214
72
29
27
30
17
125
6
20
19
3
35
75
171
137
38
191
377
86
80
130
153
22
0
232
11
159
113
364
140
40
25
113
3
84
33
148
153
66
21
39
88
211
392
46
129
256
236
172
43
75
174
65
133
363
34
220
267
86
31
43
8
178
16
197
61
222
139
47
123
95
72
215
139
24
71
36
17
5
215
39
170
126
46
30
3
147
17
50
3
91
0
104
275
78
139
269
29
3
87
84
121
66
37
116
5
213
33
102
119
247
279
205
42
315
211
142
8
31
60
171
284
121
70
21
92
158
294
188
39
161
56
16
118
20
138
51
141
2
76
35
52
6
213
25
34
0
25
171
155
15
16
292
145
11
115
132
23
75
255
449
3
92
65
36
138
102
27
231
156
16
239
158
108
40
94
44
116
49
29
59
42
226
251
13
41
21
5
45
50
81
48
51
274
18
21
73
179
466
102
277
120
154
23
363
19
187
178
128
356
321
137
13
17
175
0
0
