33
25
72
4
16
5
9
3
143
24
1
37
47
22
67
17
35
9
7
114
46
35
9
0
55
5
107
50
112
22
33
62
44
98
81
12
0
119
58
54
29
13
72
1
16
64
24
2
22
16
10
13
3
118
18
11
0
47
5
72
77
0
6
21
64
71
50
72
15
48
44
63
0
24
21
18
81
38
2
25
59
55
20
14
23
4
90
94
5
76
12
17
20
7
52
71
6
2
19
79
14
13
17
131
18
20
90
19
111
6
72
6
37
0
12
72
15
49
57
44
40
31
42
26
77
12
36
0
20
50
14
6
16
21
13
24
19
66
37
12
3
7
39
41
12
97
66
28
28
81
7
3
56
81
18
112
37
116
68
81
28
16
64
24
33
0
94
34
30
81
42
29
26
11
0
42
28
23
95
36
98
12
1
3
32
33
13
9
0
6
10
58
67
3
56
56
8
19
46
41
63
2
36
9
69
56
64
92
12
115
17
71
11
10
13
70
22
61
0
6
3
5
24
61
63
54
3
0
62
42
11
23
2
43
2
27
55
0
14
44
0
16
13
33
31
25
54
5
18
6
1
76
63
91
12
62
49
125
27
0
1
29
93
23
15
2
33
4
57
64
40
101
6
59
31
18
93
49
121
61
4
69
1
23
35
73
81
6
77
23
13
