297
62
25
419
9
334
232
20
111
279
6
108
3
32
167
2
38
0
417
124
212
132
345
4
9
102
158
271
426
138
165
2
92
105
1
13
7
94
88
26
100
15
174
127
18
169
92
6
145
22
26
12
80
92
101
146
47
40
38
243
26
138
114
38
107
70
66
113
140
355
306
218
3
4
231
80
101
88
65
133
79
130
53
63
154
152
40
36
319
15
406
209
30
18
17
323
7
49
24
318
159
252
137
32
112
49
74
1
162
44
32
119
26
327
92
128
15
279
133
172
142
271
115
26
173
83
122
1
216
11
448
25
143
199
83
191
19
286
41
23
102
344
207
18
147
15
154
90
275
124
327
193
54
60
0
423
7
279
215
16
26
80
91
24
32
330
215
7
51
13
115
60
29
134
81
43
259
30
0
46
66
79
15
65
16
176
228
3
48
46
6
27
65
8
12
163
26
60
177
43
102
142
261
16
68
237
133
21
21
47
182
2
304
51
0
31
114
448
41
406
353
101
102
186
302
16
215
198
355
3
57
110
32
22
128
91
161
62
280
131
106
66
58
55
287
358
441
258
251
150
17
104
14
162
384
382
31
153
4
276
6
224
4
1
50
2
174
52
290
359
95
35
9
188
39
56
102
281
76
62
20
179
394
27
86
46
83
265
5
45
41
20
294
3
15
14
81
397
130
90
55
377
80
18
81
105
316
69
146
184
143
128
145
16
92
143
17
355
182
0
1
29
208
22
255
28
184
100
73
23
18
0
18
1
112
5
26
103
11
84
20
20
201
98
26
59
33
2
372
13
142
26
335
36
34
238
361
24
12
62
1
257
180
158
3
1
252
10
77
52
237
64
69
74
114
230
75
202
177
23
334
163
31
75
56
102
195
206
17
227
188
14
4
235
57
78
87
219
298
5
156
207
235
8
116
120
283
334
99
154
2
36
35
15
11
39
18
92
104
18
5
125
6
177
196
4
137
171
18
64
107
160
23
44
463
29
58
51
62
73
145
169
135
24
316
165
201
121
100
74
133
176
18
45
145
5
19
190
20
208
404
64
118
341
131
359
56
67
43
69
27
6
20
240
225
18
187
143
0
354
289
204
306
170
7
8
206
171
44
211
146
94
172
88
72
332
171
104
59
37
79
24
30
154
162
233
65
41
15
138
4
123
41
43
283
12
45
38
133
232
0
20
169
75
175
242
175
86
38
10
306
192
31
81
19
241
420
3
335
91
21
38
8
224
76
234
25
58
88
57
464
475
218
12
51
233
478
262
215
52
200
133
1
84
18
153
8
216
1
134
0
78
80
427
326
126
41
120
4
5
19
10
65
67
221
47
10
18
184
3
154
4
130
158
277
46
102
111
137
46
22
67
191
3
0
400
28
225
53
32
20
60
451
28
367
257
0
24
75
28
154
133
14
209
91
240
1
209
97
202
33
60
190
79
142
34
15
360
100
4
31
160
146
53
174
181
45
21
44
0
75
7
104
113
89
95
102
14
0
177
39
171
412
51
58
0
45
147
208
52
83
191
23
325
90
77
40
220
38
11
265
23
62
50
12
385
23
188
155
53
33
327
131
180
41
182
94
68
121
97
1
49
37
174
143
74
209
226
0
37
164
132
103
217
153
172
122
93
66
4
20
13
125
6
307
307
45
172
159
105
67
61
258
94
130
111
161
382
88
4
101
47
107
25
141
229
1
6
282
0
51
77
30
29
211
44
83
6
195
4
59
111
234
8
481
357
88
146
138
119
12
178
54
139
269
56
501
13
373
232
19
174
120
124
491
121
48
5
187
151
21
25
69
35
35
105
193
87
26
133
34
2
134
164
28
137
79
183
151
123
212
288
169
56
350
304
274
54
436
130
37
86
167
3
40
152
19
3
315
143
328
4
62
14
186
24
155
113
29
167
233
38
15
238
29
34
186
53
159
81
166
10
242
3
380
110
62
10
43
64
46
213
99
45
180
50
37
33
153
73
58
177
11
56
414
60
1
12
173
8
6
47
68
90
136
6
96
118
27
17
28
111
92
213
126
88
232
378
277
66
2
5
95
278
6
43
218
6
12
352
0
299
362
162
304
57
5
70
249
17
40
252
266
4
9
23
35
19
106
13
8
17
22
20
28
61
136
39
10
160
429
1
84
272
139
196
181
9
7
136
371
56
38
95
243
28
23
115
98
206
13
123
48
306
50
16
27
118
338
476
46
99
46
24
319
356
326
357
11
35
50
26
261
87
10
43
154
34
268
15
403
121
153
145
54
250
27
69
40
189
