119
135
296
14
109
117
36
38
113
92
39
208
105
102
192
21
138
20
29
3
80
31
57
3
119
118
162
38
11
255
117
124
72
295
1
52
1
261
112
53
17
48
6
9
7
81
208
271
211
27
49
64
90
65
74
11
38
156
79
247
65
53
17
19
240
86
35
0
100
63
123
48
111
47
41
45
246
76
279
261
331
10
184
107
37
356
109
67
2
5
30
55
31
84
170
51
101
152
17
104
98
59
14
189
237
155
133
274
29
37
113
148
13
103
194
67
53
200
306
1
41
53
8
152
104
149
13
191
93
73
15
42
178
86
70
7
213
77
145
46
54
6
87
9
79
42
24
49
7
22
192
81
294
1
11
24
2
12
16
102
199
128
132
28
125
59
25
132
131
103
1
36
229
243
6
131
31
56
134
173
3
292
62
172
247
47
306
3
272
85
224
90
248
162
116
77
176
107
104
127
170
147
142
4
34
141
66
74
113
223
298
110
39
97
118
193
123
95
119
299
19
11
12
207
52
11
28
73
7
15
119
5
211
125
82
31
77
198
81
30
332
262
16
54
31
10
134
82
7
98
15
35
6
101
3
56
2
41
91
228
214
144
39
65
314
297
112
251
107
0
137
20
74
271
50
66
5
305
18
48
25
64
86
128
5
226
60
144
154
72
28
54
4
18
6
250
69
32
92
279
215
70
36
73
143
187
287
41
93
58
9
69
2
43
21
18
91
6
79
81
62
19
127
73
306
22
59
134
72
43
279
68
297
45
2
10
50
16
11
132
198
37
163
0
16
152
244
71
46
265
41
17
74
11
54
348
40
7
86
27
68
190
323
56
21
3
130
128
51
6
8
18
97
65
48
65
142
130
23
53
88
106
105
33
122
62
63
111
12
151
64
28
49
210
216
123
114
106
7
39
103
16
86
192
26
100
2
42
93
45
127
284
200
81
2
51
76
26
96
12
17
2
31
214
98
12
39
85
165
87
298
126
282
23
181
136
75
143
0
49
35
164
148
14
13
324
28
11
26
270
109
26
102
18
20
130
88
94
2
11
40
73
4
18
1
72
31
77
283
6
33
33
248
247
26
30
245
39
106
5
56
275
66
196
74
109
227
354
25
15
10
0
213
5
57
42
1
95
133
162
22
7
8
131
220
4
11
268
3
32
9
103
32
69
109
97
74
43
15
107
160
113
5
135
18
175
108
28
8
71
217
55
150
80
2
126
20
117
54
44
83
124
4
8
101
42
48
95
124
92
30
98
48
75
134
160
150
203
32
60
3
40
14
256
221
42
2
286
135
143
3
3
61
1
189
75
38
62
75
34
127
92
64
155
71
119
4
31
152
4
77
230
21
33
63
125
24
94
25
46
10
126
136
36
19
45
46
17
116
39
9
69
44
18
32
144
255
227
22
34
117
64
95
268
98
65
113
29
35
137
79
57
7
4
147
154
251
34
101
64
222
5
81
104
7
17
206
172
33
181
11
50
111
84
36
20
76
158
173
355
80
12
195
10
60
16
103
137
110
42
16
68
216
8
37
189
33
149
1
21
115
7
47
258
17
195
247
124
59
101
68
89
38
164
159
2
114
3
5
27
257
3
324
89
35
157
86
24
114
141
171
20
13
57
45
39
62
26
217
168
191
13
1
125
60
153
24
11
31
19
