0
0
0
0
0
0
0
0
0
0
0
0
0
0
0
0
0
0
0
0
0
0
0
0
0
0
0
0
0
0
0
0
0
1
2
3
4
5
6
7
8
9
10
11
12
13
14
15
16
17
18
19
20
21
22
23
24
25
26
27
28
29
0
1
1
3
5
7
9
11
13
15
17
19
21
23
25
27
29
31
33
35
37
39
41
43
45
47
49
51
53
55
57
0
1
3
3
6
9
12
15
18
21
24
27
30
33
36
39
42
45
48
51
54
57
60
63
66
69
72
75
78
81
84
0
1
3
6
6
10
14
18
22
26
30
34
38
42
46
50
54
58
62
66
70
74
78
82
86
90
94
98
102
106
110
0
1
3
6
10
10
15
20
25
30
35
40
45
50
55
60
65
70
75
80
85
90
95
100
105
110
115
120
125
130
135
0
1
3
6
10
15
15
21
27
33
39
45
51
57
63
69
75
81
87
93
99
105
111
117
123
129
135
141
147
153
159
0
1
3
6
10
15
21
21
28
35
42
49
56
63
70
77
84
91
98
105
112
119
126
133
140
147
154
161
168
175
182
0
1
3
6
10
15
21
28
28
36
44
52
60
68
76
84
92
100
108
116
124
132
140
148
156
164
172
180
188
196
204
0
1
3
6
10
15
21
28
36
36
45
54
63
72
81
90
99
108
117
126
135
144
153
162
171
180
189
198
207
216
225
0
1
3
6
10
15
21
28
36
45
45
55
65
75
85
95
105
115
125
135
145
155
165
175
185
195
205
215
225
235
245
0
1
3
6
10
15
21
28
36
45
55
55
66
77
88
99
110
121
132
143
154
165
176
187
198
209
220
231
242
253
264
0
1
3
6
10
15
21
28
36
45
55
66
66
78
90
102
114
126
138
150
162
174
186
198
210
222
234
246
258
270
282
0
1
3
6
10
15
21
28
36
45
55
66
78
78
91
104
117
130
143
156
169
182
195
208
221
234
247
260
273
286
299
0
1
3
6
10
15
21
28
36
45
55
66
78
91
91
105
119
133
147
161
175
189
203
217
231
245
259
273
287
301
315
0
1
3
6
10
15
21
28
36
45
55
66
78
91
105
105
120
135
150
165
180
195
210
225
240
255
270
285
300
315
330
0
1
3
6
10
15
21
28
36
45
55
66
78
91
105
120
120
136
152
168
184
200
216
232
248
264
280
296
312
328
344
0
1
3
6
10
15
21
28
36
45
55
66
78
91
105
120
136
136
153
170
187
204
221
238
255
272
289
306
323
340
357
0
1
3
6
10
15
21
28
36
45
55
66
78
91
105
120
136
153
153
171
189
207
225
243
261
279
297
315
333
351
369
0
1
3
6
10
15
21
28
36
45
55
66
78
91
105
120
136
153
171
171
190
209
228
247
266
285
304
323
342
361
380
0
1
3
6
10
15
21
28
36
45
55
66
78
91
105
120
136
153
171
190
190
210
230
250
270
290
310
330
350
370
390
0
1
3
6
10
15
21
28
36
45
55
66
78
91
105
120
136
153
171
190
210
210
231
252
273
294
315
336
357
378
399
0
1
3
6
10
15
21
28
36
45
55
66
78
91
105
120
136
153
171
190
210
231
231
253
275
297
319
341
363
385
407
0
1
3
6
10
15
21
28
36
45
55
66
78
91
105
120
136
153
171
190
210
231
253
253
276
299
322
345
368
391
414
0
1
3
6
10
15
21
28
36
45
55
66
78
91
105
120
136
153
171
190
210
231
253
276
276
300
324
348
372
396
420
0
1
3
6
10
15
21
28
36
45
55
66
78
91
105
120
136
153
171
190
210
231
253
276
300
300
325
350
375
400
425
0
1
3
6
10
15
21
28
36
45
55
66
78
91
105
120
136
153
171
190
210
231
253
276
300
325
325
351
377
403
429
0
1
3
6
10
15
21
28
36
45
55
66
78
91
105
120
136
153
171
190
210
231
253
276
300
325
351
351
378
405
432
0
1
3
6
10
15
21
28
36
45
55
66
78
91
105
120
136
153
171
190
210
231
253
276
300
325
351
378
378
406
434
0
1
3
6
10
15
21
28
36
45
55
66
78
91
105
120
136
153
171
190
210
231
253
276
300
325
351
378
406
406
435
0
1
3
6
10
15
21
28
36
45
55
66
78
91
105
120
136
153
171
190
210
231
253
276
300
325
351
378
406
435
435
