87
236
55
18
107
8
153
0
228
93
247
18
34
9
311
99
494
37
386
387
75
7
371
18
62
4
300
13
296
77
83
18
2
281
442
327
201
116
7
169
63
20
344
4
20
78
177
65
65
407
65
3
324
225
47
52
124
16
144
67
471
7
52
3
463
53
33
496
25
269
390
41
458
242
263
309
209
359
39
82
60
417
138
114
203
334
44
79
106
386
57
358
4
43
333
0
74
233
184
392
187
54
227
11
133
328
131
54
3
36
162
210
268
188
48
14
39
90
468
27
355
74
362
210
11
9
28
233
271
261
174
185
59
300
1
404
59
86
91
54
129
80
145
49
457
76
149
23
4
257
16
109
269
108
216
26
77
318
68
182
29
280
1
406
76
93
74
205
28
83
220
118
283
84
58
180
213
139
9
457
112
213
34
133
401
15
16
213
267
272
147
28
16
243
240
187
78
96
17
460
6
90
186
22
16
53
83
40
44
172
152
106
218
154
277
114
40
46
388
2
75
309
384
67
343
411
215
135
29
216
118
223
103
163
112
58
239
96
94
301
59
143
51
43
28
28
88
199
359
324
34
87
48
13
6
34
372
80
65
110
32
5
17
269
139
252
104
136
46
132
180
31
26
202
274
30
7
246
1
246
63
171
125
52
154
271
156
38
484
304
12
114
327
411
119
27
201
186
70
11
158
129
31
74
0
186
268
132
190
39
251
9
94
139
75
40
332
335
3
33
210
178
15
48
25
47
350
362
12
416
85
5
19
454
7
55
160
30
39
2
14
11
154
134
498
221
30
144
0
332
329
120
45
9
0
180
63
2
40
277
149
198
32
44
185
54
0
30
221
336
29
322
82
161
185
99
28
41
8
118
72
29
49
117
139
301
267
1
41
156
222
197
59
104
55
431
279
224
16
125
391
242
338
21
0
167
13
90
11
313
223
38
197
63
0
203
404
291
179
20
9
110
160
36
402
68
9
55
11
37
76
33
5
244
39
131
16
198
74
129
9
78
50
183
501
178
181
97
123
238
269
304
108
217
85
194
111
4
41
2
125
55
122
489
303
130
193
14
84
9
15
64
4
226
40
203
226
160
277
65
27
114
257
64
49
117
114
38
179
147
186
184
67
135
235
189
2
23
158
230
319
186
95
389
229
430
89
0
213
46
110
225
47
145
68
193
359
114
46
203
232
31
9
311
253
247
214
42
243
176
164
113
259
13
111
66
5
91
81
250
14
4
304
13
114
188
76
381
156
229
505
11
27
79
310
349
59
51
42
11
75
19
262
47
99
98
96
26
166
45
2
64
24
200
58
488
35
28
40
40
181
206
28
3
37
70
59
82
451
241
14
179
5
8
26
481
152
4
113
48
15
75
7
54
0
49
0
22
77
8
130
155
273
6
231
57
201
96
100
5
57
50
302
37
267
50
279
5
20
204
69
324
208
51
89
94
123
256
229
28
234
99
71
229
21
26
431
37
38
18
114
45
73
269
33
157
55
463
187
7
6
113
419
264
45
94
3
320
19
327
3
28
184
173
9
482
134
92
47
4
39
11
146
306
236
44
30
209
13
54
282
261
18
136
0
259
176
39
323
26
8
409
224
76
53
301
19
38
279
37
94
118
73
65
134
14
2
280
34
247
105
33
1
194
286
135
223
227
31
365
20
115
178
162
192
126
270
303
241
101
18
54
111
15
3
13
228
14
198
410
75
218
187
72
51
23
115
242
60
151
183
8
233
190
2
1
230
320
153
113
31
109
96
57
36
41
355
26
472
4
188
70
209
381
225
375
260
69
19
259
141
240
124
373
449
7
78
80
133
84
117
168
146
7
1
71
470
22
228
103
339
33
22
259
23
46
25
11
28
26
162
41
80
171
181
286
299
2
97
28
200
17
292
210
401
100
234
6
88
97
239
342
162
399
17
188
4
178
137
188
79
114
146
242
78
102
4
98
17
100
77
58
3
78
119
111
139
98
438
80
53
78
159
6
237
18
36
197
27
1
165
113
104
245
119
230
13
7
33
16
46
273
96
8
53
41
109
7
52
28
46
173
111
178
25
109
356
228
32
390
126
116
33
97
221
299
23
340
152
85
82
169
126
262
128
120
168
330
410
223
267
221
89
307
163
18
162
25
280
4
53
60
9
406
75
7
33
5
2
84
195
80
34
160
455
39
59
77
88
198
241
205
403
114
4
138
257
90
117
10
195
166
35
3
154
90
220
34
168
14
8
10
68
40
6
85
70
333
4
266
22
122
36
196
0
310
246
65
253
4
