9706 9706 9706 9706 
9706 9706 9706 9706 
9706 9706 9706 9706 
9706 9706 9706 9706 
9706 9706 9706 9706 
9706 9706 9706 9706 
9706 9706 9706 9706 
9706 9706 9706 9706 
9706 9707 9706 9706 
9706 9706 9706 9706 
9706 9706 9706 9706 
9706 9706 9706 9706 
9706 9706 9706 9706 
9706 9706 9706 9706 
9706 9706 9706 9706 
9706 9706 9706 9706 
9706 9706 9706 9706 
9706 9706 9706 9706 
9706 9706 9706 9706 
9706 9706 9706 9706 
9706 9706 9706 9706 
9706 9706 9706 9706 
9706 9706 9706 9706 
9706 9706 9706 9706 
9706 9706 9706 9706 
9706 9706 9706 9706 
9706 9706 9706 9706 
9706 9706 9706 9706 
9706 9706 9706 9706 
9706 9706 9706 9706 
9706 9706 9706 9706 
9707 9706 9706 9706 
9706 9706 9706 9706 
9706 9706 9706 9706 
9706 9706 9706 9706 
9706 9706 9706 9706 
9706 9706 9706 9706 
9706 9706 9706 9706 
9706 9706 9706 9706 
9706 9706 9706 9706 
9706 9706 9706 9706 
9706 9706 9706 9706 
9706 9706 9706 9706 
9706 9706 9706 9706 
9706 9706 9706 9706 
9706 9706 9706 9706 
9706 9707 9706 9706 
9706 9706 9706 9706 
9706 9706 9706 9706 
9706 9706 9706 9706 
9706 9706 9706 9706 
9706 9706 9706 9706 
9706 9706 9706 9706 
9706 9706 9706 9706 
9706 9706 9706 9706 
9706 9706 9706 9706 
9706 9706 9706 9706 
9706 9706 9706 9706 
9706 9707 9706 9707 
9706 9706 9706 9706 
9706 9706 9706 9706 
9706 9706 9706 9706 
9706 9706 9706 9706 
9706 9706 9706 9706 
9706 9706 9706 9706 
9706 9706 9706 9706 
9706 9706 9706 9706 
9706 9706 9706 9706 
9706 9706 9706 9706 
9706 9706 9706 9706 
9706 9706 9706 9706 
9706 9706 9706 9706 
9706 9706 9706 9706 
9706 9706 9706 9706 
9706 9706 9706 9706 
9706 9706 9706 9706 
9706 9706 9706 9706 
9706 9706 9706 9706 
9706 9706 9706 9706 
9707 9706 9706 9706 
9706 9706 9706 9706 
9706 9706 9706 9706 
9706 9706 9706 9706 
9706 9706 9706 9706 
9706 9706 9706 9706 
9706 9706 9706 9706 
9706 9706 9706 9706 
9706 9706 9706 9706 
9706 9706 9706 9706 
9706 9706 9706 9706 
9706 9706 9706 9707 
9706 9706 9706 9706 
9706 9706 9706 9706 
9706 9706 9706 9706 
9706 9706 9706 9706 
9706 9706 9706 9706 
9706 9706 9706 9706 
9707 9707 9707 9707 
9706 9706 9706 9706 
9706 9706 9706 9706 
9706 9706 9706 9706 
9706 9706 9706 9706 
9706 9706 9706 9706 
9706 9706 9707 9706 
9706 9706 9706 9706 
9706 9706 9706 9706 
9706 9706 9706 9706 
9706 9706 9706 9706 
9706 9706 9706 9706 
9706 9706 9706 9706 
9706 9706 9706 9706 
9706 9706 9706 9706 
9706 9706 9706 9706 
9706 9706 9706 9706 
9706 9706 9706 9706 
9706 9706 9706 9706 
9706 9706 9706 9706 
9706 9706 9706 9706 
9706 9706 9706 9706 
9706 9706 9706 9706 
9706 9706 9706 9706 
9706 9706 9706 9706 
9706 9706 9706 9706 
9706 9706 9706 9706 
9706 9706 9706 9706 
9706 9706 9706 9706 
9706 9706 9706 9706 
9706 9706 9706 9706 
9706 9706 9706 9706 
9706 9706 9706 9706 
9706 9706 9706 9706 
9706 9706 9706 9706 
9706 9706 9706 9706 
9706 9706 9706 9706 
9706 9706 9706 9706 
9706 9706 9706 9706 
9706 9706 9706 9706 
9706 9706 9706 9706 
9706 9707 9706 9706 
9706 9706 9706 9706 
9706 9706 9706 9706 
9706 9706 9706 9706 
9706 9706 9706 9706 
9706 9706 9706 9706 
9706 9706 9706 9706 
9706 9706 9706 9706 
9706 9706 9706 9706 
9707 9706 9706 9706 
9706 9706 9706 9706 
9706 9706 9706 9706 
9706 9706 9706 9706 
9706 9706 9706 9706 
9706 9706 9706 9706 
9706 9706 9706 9706 
9706 9706 9706 9706 
9706 9706 9706 9706 
9706 9706 9706 9706 
9706 9706 9706 9706 
9706 9706 9706 9706 
9706 9706 9707 9706 
