772573 772573 247150 247150 247150 247150 247150 247150 247150 247150 247150 247150 247150 247150 247150 247150 247150 247150 247150 247150 247150 247150 247150 247150 247150 247150 247150 247150 247150 247150 247150 247150 247150 247150 247150 247150 247150 247150 247150 247150 247150 247150 
772573 772573 247150 247150 247150 247150 247150 247150 247150 247150 247150 247150 247150 247150 247150 247150 247150 247150 247150 247150 247150 247150 247150 247150 247150 247150 247150 247150 247150 247150 247150 247150 247150 247150 247150 247150 247150 247150 247150 247150 247150 247150 
772573 772573 247150 247150 247150 247150 247150 247150 247150 247150 247150 247150 247150 247150 247150 247150 247150 247150 247150 247150 247150 247150 247150 247150 247150 247150 247150 247150 247150 247150 247150 247150 247150 247150 247150 247150 247150 247150 247150 247150 247150 247150 
772573 772573 247150 247150 247150 247150 247150 247150 247150 247150 247150 247150 247150 247150 247150 247150 247150 247150 247150 247150 247150 247150 247150 247150 247150 247150 247150 247150 247150 247150 247150 247150 247150 247150 247150 247150 247150 247150 247150 247150 247150 247150 
772573 772573 247150 247150 247150 247150 247150 247150 247150 247150 247150 247150 247150 247150 247150 247150 247150 247150 247150 247150 247150 247150 247150 247150 247150 247150 247150 247150 247150 247150 247150 247150 247150 247150 247150 247150 247150 247150 247150 247150 247150 247150 
772573 772573 247150 247150 247150 247150 247150 247150 247150 247150 247150 247150 247150 247150 247150 247150 247150 247150 247150 247150 247150 247150 247150 247150 247150 247150 247150 247150 247150 247150 247150 247150 247150 247150 247150 247150 247150 247150 247150 247150 247150 247150 
772573 772573 247150 247150 247150 247150 247150 247150 247150 247150 247150 247150 247150 247150 247150 247150 247150 247150 247150 247150 247150 247150 247150 247150 247150 247150 247150 247150 247150 247150 247150 247150 247150 247150 247150 247150 247150 247150 247150 247150 247150 247150 
772573 772573 247150 247150 247150 247150 247150 247150 247150 247150 247150 247150 247150 247150 247150 247150 247150 247150 247150 247150 247150 247150 247150 247150 247150 247150 247150 247150 247150 247150 247150 247150 247150 247150 247150 247150 247150 247150 247150 247150 247150 247150 
772573 772573 247150 247150 247150 247150 247150 247150 247150 247150 247150 247150 247150 247150 247150 247150 247150 247150 247150 247150 247150 247150 247150 247150 247150 247150 247150 247150 247150 247150 247150 247150 247150 247150 247150 247150 247150 247150 247150 247150 247150 247150 
772573 772573 247150 247150 247150 247150 247150 247150 247150 247150 247150 247150 247150 247150 247150 247150 247150 247150 247150 247150 247150 247150 247150 247150 247150 247150 247150 247150 247150 247150 247150 247150 247150 247150 247150 247150 247150 247150 247150 247150 247150 247150 
772573 772573 247150 247150 247150 247150 247150 247150 247150 247150 247150 247150 247150 247150 247150 247150 247150 247150 247150 247150 247150 247150 247150 247150 247150 247150 247150 247150 247150 247150 247150 247150 247150 247150 247150 247150 247150 247150 247150 247150 247150 247150 
772573 772573 247150 247150 247150 247150 247150 247150 247150 247150 247150 247150 247150 247150 247150 247150 247150 247150 247150 247150 247150 247150 247150 247150 247150 247150 247150 247150 247150 247150 247150 247150 247150 247150 247150 247150 247150 247150 247150 247150 247150 247150 
772573 772573 247150 247150 247150 247150 247150 247150 247150 247150 247150 247150 247150 247150 247150 247150 247150 247150 247150 247150 247150 247150 247150 247150 247150 247150 247150 247150 247150 247150 247150 247150 247150 247150 247150 247150 247150 247150 247150 247150 247150 247150 
772573 772573 247150 247150 247150 247150 247150 247150 247150 247150 247150 247150 247150 247150 247150 247150 247150 247150 247150 247150 247150 247150 247150 247150 247150 247150 247150 247150 247150 247150 247150 247150 247150 247150 247150 247150 247150 247150 247150 247150 247150 247150 
772573 772573 247150 247150 247150 247150 247150 247150 247150 247150 247150 247150 247150 247150 247150 247150 247150 247150 247150 247150 247150 247150 247150 247150 247150 247150 247150 247150 247150 247150 247150 247150 247150 247150 247150 247150 247150 247150 247150 247150 247150 247150 
772573 772573 247150 247150 247150 247150 247150 247150 247150 247150 247150 247150 247150 247150 247150 247150 247150 247150 247150 247150 247150 247150 247150 247150 247150 247150 247150 247150 247150 247150 247150 247150 247150 247150 247150 247150 247150 247150 247150 247150 247150 247150 
772573 772573 247150 247150 247150 247150 247150 247150 247150 247150 247150 247150 247150 247150 247150 247150 247150 247150 247150 247150 247150 247150 247150 247150 247150 247150 247150 247150 247150 247150 247150 247150 247150 247150 247150 247150 247150 247150 247150 247150 247150 247150 
772573 772573 247150 247150 247150 247150 247150 247150 247150 247150 247150 247150 247150 247150 247150 247150 247150 247150 247150 247150 247150 247150 247150 247150 247150 247150 247150 247150 247150 247150 247150 247150 247150 247150 247150 247150 247150 247150 247150 247150 247150 247150 
772573 772573 772573 772573 312860 312860 312860 312860 312860 312860 312860 312860 312860 312860 312860 312860 312860 312860 312860 312860 312860 312860 312860 312860 312860 312860 312860 312860 312860 312860 312860 312860 312860 312860 312860 312860 312860 312860 312860 312860 312860 312860 
772573 772573 772573 772573 312860 312860 312860 312860 312860 312860 312860 312860 312860 312860 312860 312860 312860 312860 312860 312860 312860 312860 312860 312860 312860 312860 312860 312860 312860 312860 312860 312860 312860 312860 312860 312860 312860 312860 312860 312860 312860 312860 
772573 772573 772573 772573 312860 312860 312860 312860 312860 312860 312860 312860 312860 312860 312860 312860 312860 312860 312860 312860 312860 312860 312860 312860 312860 312860 312860 312860 312860 312860 312860 312860 312860 312860 312860 312860 312860 312860 312860 312860 312860 312860 
772573 772573 772573 772573 312860 312860 312860 312860 312860 312860 312860 312860 312860 312860 312860 312860 312860 312860 312860 312860 312860 312860 312860 312860 312860 312860 312860 312860 312860 312860 312860 312860 312860 312860 312860 312860 312860 312860 312860 312860 312860 312860 
772573 772573 772573 772573 312860 312860 312860 312860 312860 312860 312860 312860 312860 312860 312860 312860 312860 312860 312860 312860 312860 312860 312860 312860 312860 312860 312860 312860 312860 312860 312860 312860 312860 312860 312860 312860 312860 312860 312860 312860 312860 312860 
772573 772573 772573 772573 312860 312860 312860 312860 312860 312860 312860 312860 312860 312860 312860 312860 312860 312860 312860 312860 312860 312860 312860 312860 312860 312860 312860 312860 312860 312860 312860 312860 312860 312860 312860 312860 312860 312860 312860 312860 312860 312860 
772573 772573 772573 772573 312860 312860 312860 312860 312860 312860 312860 312860 312860 312860 312860 312860 312860 312860 312860 312860 312860 312860 312860 312860 312860 312860 312860 312860 312860 312860 312860 312860 312860 312860 312860 312860 312860 312860 312860 312860 312860 312860 
772573 772573 772573 772573 312860 312860 312860 312860 312860 312860 312860 312860 312860 312860 312860 312860 312860 312860 312860 312860 312860 312860 312860 312860 312860 312860 312860 312860 312860 312860 312860 312860 312860 312860 312860 312860 312860 312860 312860 312860 312860 312860 
772573 772573 772573 772573 312860 312860 312860 312860 312860 312860 312860 312860 312860 312860 312860 312860 312860 312860 312860 312860 312860 312860 312860 312860 312860 312860 312860 312860 312860 312860 312860 312860 312860 312860 312860 312860 312860 312860 312860 312860 312860 312860 
772573 772573 772573 772573 312860 312860 312860 312860 312860 312860 312860 312860 312860 312860 312860 312860 312860 312860 312860 312860 312860 312860 312860 312860 312860 312860 312860 312860 312860 312860 312860 312860 312860 312860 312860 312860 312860 312860 312860 312860 312860 312860 
772573 772573 772573 772573 312860 312860 312860 312860 312860 312860 312860 312860 312860 312860 312860 312860 312860 312860 312860 312860 312860 312860 312860 312860 312860 312860 312860 312860 312860 312860 312860 312860 312860 312860 312860 312860 312860 312860 312860 312860 312860 312860 
772573 772573 772573 772573 312860 312860 312860 312860 312860 312860 312860 312860 312860 312860 312860 312860 312860 312860 312860 312860 312860 312860 312860 312860 312860 312860 312860 312860 312860 312860 312860 312860 312860 312860 312860 312860 312860 312860 312860 312860 312860 312860 
772573 772573 772573 772573 312860 312860 312860 312860 312860 312860 312860 312860 312860 312860 312860 312860 312860 312860 312860 312860 312860 312860 312860 312860 312860 312860 312860 312860 312860 312860 312860 312860 312860 312860 312860 312860 312860 312860 312860 312860 312860 312860 
772573 772573 772573 772573 312860 312860 312860 312860 312860 312860 312860 312860 312860 312860 312860 312860 312860 312860 312860 312860 312860 312860 312860 312860 312860 312860 312860 312860 312860 312860 312860 312860 312860 312860 312860 312860 312860 312860 312860 312860 312860 312860 
772573 772573 772573 772573 312860 312860 312860 312860 312860 312860 312860 312860 312860 312860 312860 312860 312860 312860 312860 312860 312860 312860 312860 312860 312860 312860 312860 312860 312860 312860 312860 312860 312860 312860 312860 312860 312860 312860 312860 312860 312860 312860 
772573 772573 772573 772573 312860 312860 312860 312860 312860 312860 312860 312860 312860 312860 312860 312860 312860 312860 312860 312860 312860 312860 312860 312860 312860 312860 312860 312860 312860 312860 312860 312860 312860 312860 312860 312860 312860 312860 312860 312860 312860 312860 
772573 772573 772573 772573 312860 312860 312860 312860 312860 312860 312860 312860 312860 312860 312860 312860 312860 312860 312860 312860 312860 312860 312860 312860 312860 312860 312860 312860 312860 312860 312860 312860 312860 312860 312860 312860 312860 312860 312860 312860 312860 312860 
772573 772573 772573 772573 312860 312860 312860 312860 312860 312860 312860 312860 312860 312860 312860 312860 312860 312860 312860 312860 312860 312860 312860 312860 312860 312860 312860 312860 312860 312860 312860 312860 312860 312860 312860 312860 312860 312860 312860 312860 312860 312860 
772573 772573 772573 772573 312860 312860 312860 312860 312860 312860 312860 312860 312860 312860 312860 312860 312860 312860 312860 312860 312860 312860 312860 312860 312860 312860 312860 312860 312860 312860 312860 312860 312860 312860 312860 312860 312860 312860 312860 312860 312860 312860 
772573 772573 772573 772573 312860 312860 312860 312860 312860 312860 312860 312860 312860 312860 312860 312860 312860 312860 312860 312860 312860 312860 312860 312860 312860 312860 312860 312860 312860 312860 312860 312860 312860 312860 312860 312860 312860 312860 312860 312860 312860 312860 
772573 772573 772573 772573 312860 312860 312860 312860 312860 312860 312860 312860 312860 312860 312860 312860 312860 312860 312860 312860 312860 312860 312860 312860 312860 312860 312860 312860 312860 312860 312860 312860 312860 312860 312860 312860 312860 312860 312860 312860 312860 312860 
772573 772573 772573 772573 312860 312860 312860 312860 312860 312860 312860 312860 312860 312860 312860 312860 312860 312860 312860 312860 312860 312860 312860 312860 312860 312860 312860 312860 312860 312860 312860 312860 312860 312860 312860 312860 312860 312860 312860 312860 312860 312860 
772573 772573 772573 772573 312860 312860 312860 312860 312860 312860 312860 312860 312860 312860 312860 312860 312860 312860 312860 312860 312860 312860 312860 312860 312860 312860 312860 312860 312860 312860 312860 312860 312860 312860 312860 312860 312860 312860 312860 312860 312860 312860 
772573 772573 772573 772573 312860 312860 312860 312860 312860 312860 312860 312860 312860 312860 312860 312860 312860 312860 312860 312860 312860 312860 312860 312860 312860 312860 312860 312860 312860 312860 312860 312860 312860 312860 312860 312860 312860 312860 312860 312860 312860 312860 
