30259 30259 30259 30259 30259 30259 30259 30259 30259 30259 30259 30259 30259 30259 30259 30259 30259 30259 30259 30259 30259 30259 30259 30259 30259 30259 30259 30259 30259 19837 19837 19837 19837 19837 19837 19837 19837 19837 19837 
30259 30259 30259 30259 30259 30259 30259 30259 30259 30259 30259 30259 30259 30259 30259 30259 30259 30259 30259 30259 30259 30259 30259 30259 30259 30259 30259 30259 30259 19837 19837 19837 19837 19837 19837 19837 19837 19837 19837 
30259 30259 30259 30259 30259 30259 30259 30259 30259 30259 30259 30259 30259 30259 30259 30259 30259 30259 30259 30259 30259 30259 30259 30259 30259 30259 30259 30259 30259 19837 19837 19837 19837 19837 19837 19837 19837 19837 19837 
30259 30259 30259 30259 30259 30259 30259 30259 30259 30259 30259 30259 30259 30259 30259 30259 30259 30259 30259 30259 30259 30259 30259 30259 30259 30259 30259 30259 30259 19837 19837 19837 19837 19837 19837 19837 19837 19837 19837 
30259 30259 30259 30259 30259 30259 30259 30259 30259 30259 30259 30259 30259 30259 30259 30259 30259 30259 30259 30259 30259 30259 30259 30259 30259 30259 30259 30259 30259 19837 19837 19837 19837 19837 19837 19837 19837 19837 19837 
30259 30259 30259 30259 30259 30259 30259 30259 30259 30259 30259 30259 30259 30259 30259 30259 30259 30259 30259 30259 30259 30259 30259 30259 30259 30259 30259 30259 30259 19837 19837 19837 19837 19837 19837 19837 19837 19837 19837 
30259 30259 30259 30259 30259 30259 30259 30259 30259 30259 30259 30259 30259 30259 30259 30259 30259 30259 30259 30259 30259 30259 30259 30259 30259 30259 30259 30259 30259 19837 19837 19837 19837 19837 19837 19837 19837 19837 19837 
30259 30259 30259 30259 30259 30259 30259 30259 30259 30259 30259 30259 30259 30259 30259 30259 30259 30259 30259 30259 30259 30259 30259 30259 30259 30259 30259 30259 30259 19837 19837 19837 19837 19837 19837 19837 19837 19837 19837 
30259 30259 30259 30259 30259 30259 30259 30259 30259 30259 30259 30259 30259 30259 30259 30259 30259 30259 30259 30259 30259 30259 30259 30259 30259 30259 30259 30259 30259 19837 19837 19837 19837 19837 19837 19837 19837 19837 19837 
30259 30259 30259 30259 30259 30259 30259 30259 30259 30259 30259 30259 30259 30259 30259 30259 30259 30259 30259 30259 30259 30259 30259 30259 30259 30259 30259 30259 30259 19837 19837 19837 19837 19837 19837 19837 19837 19837 19837 
118028 118028 118028 118028 118028 118028 118028 118028 118028 118028 118028 118028 118028 118028 118028 118028 118028 118028 118028 118028 118028 118028 118028 118028 118028 118028 118028 118028 118028 19837 19837 19837 19837 19837 19837 19837 19837 19837 19837 
118028 118028 118028 118028 118028 118028 118028 118028 118028 118028 118028 118028 118028 118028 118028 118028 118028 118028 118028 118028 118028 118028 118028 118028 118028 118028 118028 118028 118028 19837 19837 19837 19837 19837 19837 19837 19837 19837 19837 
118028 118028 118028 118028 118028 118028 118028 118028 118028 118028 118028 118028 118028 118028 118028 118028 118028 118028 118028 118028 118028 118028 118028 118028 118028 118028 118028 118028 118028 19837 19837 19837 19837 19837 19837 19837 19837 19837 19837 
118028 118028 118028 118028 118028 118028 118028 118028 118028 118028 118028 118028 118028 118028 118028 118028 118028 118028 118028 118028 118028 118028 118028 118028 118028 118028 118028 118028 118028 19837 19837 19837 19837 19837 19837 19837 19837 19837 19837 
118028 118028 118028 118028 118028 118028 118028 118028 118028 118028 118028 118028 118028 118028 118028 118028 118028 118028 118028 118028 118028 118028 118028 118028 118028 118028 118028 118028 118028 19837 19837 19837 19837 19837 19837 19837 19837 19837 19837 
118028 118028 118028 118028 118028 118028 118028 118028 118028 118028 118028 118028 118028 118028 118028 118028 118028 118028 118028 118028 118028 118028 118028 118028 118028 118028 118028 118028 118028 19837 19837 19837 19837 19837 19837 19837 19837 19837 19837 
118028 118028 118028 118028 118028 118028 118028 118028 118028 118028 118028 118028 118028 118028 118028 118028 118028 118028 118028 118028 118028 118028 118028 118028 118028 118028 118028 118028 118028 19837 19837 19837 19837 19837 19837 19837 19837 19837 19837 
118028 118028 118028 118028 118028 118028 118028 118028 118028 118028 118028 118028 118028 118028 118028 118028 118028 118028 118028 118028 118028 118028 118028 118028 118028 118028 118028 118028 118028 19837 19837 19837 19837 19837 19837 19837 19837 19837 19837 
118028 118028 118028 118028 118028 118028 118028 118028 118028 118028 118028 118028 118028 118028 118028 118028 118028 118028 118028 118028 118028 118028 118028 118028 118028 118028 118028 118028 118028 19837 19837 19837 19837 19837 19837 19837 19837 19837 19837 
118028 118028 118028 118028 118028 118028 118028 118028 118028 118028 118028 118028 118028 118028 118028 118028 118028 118028 118028 118028 118028 118028 118028 118028 118028 118028 118028 118028 118028 19837 19837 19837 19837 19837 19837 19837 19837 19837 19837 
118028 118028 118028 118028 118028 118028 118028 118028 118028 118028 118028 118028 118028 118028 118028 118028 118028 118028 118028 118028 118028 118028 118028 118028 118028 118028 118028 118028 118028 19837 19837 19837 19837 19837 19837 19837 19837 19837 19837 
118028 118028 118028 118028 118028 118028 118028 118028 118028 118028 118028 118028 118028 118028 118028 118028 118028 118028 118028 118028 118028 118028 118028 118028 118028 118028 118028 118028 118028 19837 19837 19837 19837 19837 19837 19837 19837 19837 19837 
118028 118028 118028 118028 118028 118028 118028 118028 118028 118028 118028 118028 118028 118028 118028 118028 118028 118028 118028 118028 118028 118028 118028 118028 118028 118028 118028 118028 118028 19837 19837 19837 19837 19837 19837 19837 19837 19837 19837 
118028 118028 118028 118028 118028 118028 118028 118028 118028 118028 118028 118028 118028 118028 118028 118028 118028 118028 118028 118028 118028 118028 118028 118028 118028 118028 118028 118028 118028 19837 19837 19837 19837 19837 19837 19837 19837 19837 19837 
118028 118028 118028 118028 118028 118028 118028 118028 118028 118028 118028 118028 118028 118028 118028 118028 118028 118028 118028 118028 118028 118028 118028 118028 118028 118028 118028 118028 118028 19837 19837 19837 19837 19837 19837 19837 19837 19837 19837 
118028 118028 118028 118028 118028 118028 118028 118028 118028 118028 118028 118028 118028 118028 118028 118028 118028 118028 118028 118028 118028 118028 118028 118028 118028 118028 118028 118028 118028 19837 19837 19837 19837 19837 19837 19837 19837 19837 19837 
118028 118028 118028 118028 118028 118028 118028 118028 118028 118028 118028 118028 118028 118028 118028 118028 118028 118028 118028 118028 118028 118028 118028 118028 118028 118028 118028 118028 118028 19837 19837 19837 19837 19837 19837 19837 19837 19837 19837 
118028 118028 118028 118028 118028 118028 118028 118028 118028 118028 118028 118028 118028 118028 118028 118028 118028 118028 118028 118028 118028 118028 118028 118028 118028 118028 118028 118028 118028 19837 19837 19837 19837 19837 19837 19837 19837 19837 19837 
118028 118028 118028 118028 118028 118028 118028 118028 118028 118028 118028 118028 118028 118028 118028 118028 118028 118028 118028 118028 118028 118028 118028 118028 118028 118028 118028 118028 118028 19837 19837 19837 19837 19837 19837 19837 19837 19837 19837 
118028 118028 118028 118028 118028 118028 118028 118028 118028 118028 118028 118028 118028 118028 118028 118028 118028 118028 118028 118028 118028 118028 118028 118028 118028 118028 118028 118028 118028 19837 19837 19837 19837 19837 19837 19837 19837 19837 19837 
118028 118028 118028 118028 118028 118028 118028 118028 118028 118028 118028 118028 118028 118028 118028 118028 118028 118028 118028 118028 118028 118028 118028 118028 118028 118028 118028 118028 118028 19837 19837 19837 19837 19837 19837 19837 19837 19837 19837 
118028 118028 118028 118028 118028 118028 118028 118028 118028 118028 118028 118028 118028 118028 118028 118028 118028 118028 118028 118028 118028 118028 118028 118028 118028 118028 118028 118028 118028 19837 19837 19837 19837 19837 19837 19837 19837 19837 19837 
118028 118028 118028 118028 118028 118028 118028 118028 118028 118028 118028 118028 118028 118028 118028 118028 118028 118028 118028 118028 118028 118028 118028 118028 118028 118028 118028 118028 118028 19837 19837 19837 19837 19837 19837 19837 19837 19837 19837 
118028 118028 118028 118028 118028 118028 118028 118028 118028 118028 118028 118028 118028 118028 118028 118028 118028 118028 118028 118028 118028 118028 118028 118028 118028 118028 118028 118028 118028 19837 19837 19837 19837 19837 19837 19837 19837 19837 19837 
118028 118028 118028 118028 118028 118028 118028 118028 118028 118028 118028 118028 118028 118028 118028 118028 118028 118028 118028 118028 118028 118028 118028 118028 118028 118028 118028 118028 118028 19837 19837 19837 19837 19837 19837 19837 19837 19837 19837 
118028 118028 118028 118028 118028 118028 118028 118028 118028 118028 118028 118028 118028 118028 118028 118028 118028 118028 118028 118028 118028 118028 118028 118028 118028 118028 118028 118028 118028 19837 19837 19837 19837 19837 19837 19837 19837 19837 19837 
118028 118028 118028 118028 118028 118028 118028 118028 118028 118028 118028 118028 118028 118028 118028 118028 118028 118028 118028 118028 118028 118028 118028 118028 118028 118028 118028 118028 118028 19837 19837 19837 19837 19837 19837 19837 19837 19837 19837 
118028 118028 118028 118028 118028 118028 118028 118028 118028 118028 118028 118028 118028 118028 118028 118028 118028 118028 118028 118028 118028 118028 118028 118028 118028 118028 118028 118028 118028 19837 19837 19837 19837 19837 19837 19837 19837 19837 19837 
118028 118028 118028 118028 118028 118028 118028 118028 118028 118028 118028 118028 118028 118028 118028 118028 118028 118028 118028 118028 118028 118028 118028 118028 118028 118028 118028 118028 118028 19837 19837 19837 19837 19837 19837 19837 19837 19837 19837 
