2
49
7
14
32
4
87
47
0
33
6
53
7
21
209
35
50
20
0
1
46
172
95
10
4
48
10
117
0
31
69
54
7
78
15
5
11
17
10
9
68
117
67
4
0
86
98
3
51
1
24
15
5
17
1
39
23
5
34
36
41
31
25
35
1
78
42
1
26
21
349
28
61
10
19
34
42
63
5
3
11
14
20
14
164
1
1
0
702
8
15
0
41
101
49
18
54
4
14
52
71
322
143
13
34
58
26
40
9
42
37
7
125
343
39
11
64
13
168
28
25
11
17
56
11
23
201
12
16
15
29
18
44
9
23
13
7
30
1
43
132
44
22
15
27
4
18
18
2
26
728
0
0
103
0
17
93
28
129
346
22
27
13
2
101
21
66
20
35
32
17
40
7
49
105
29
20
146
2
7
18
171
57
26
118
13
16
112
90
37
28
74
105
250
67
18
24
109
14
20
32
35
710
76
17
6
138
20
30
53
73
98
14
11
126
110
0
31
29
117
74
30
5
88
41
16
28
353
92
39
1
40
34
7
9
112
39
39
1
9
69
41
12
76
23
147
7
17
9
196
89
5
22
13
359
14
98
88
38
28
26
104
5
11
47
44
7
0
9
48
6
35
85
23
42
107
150
42
31
33
80
18
36
35
7
21
63
17
9
35
0
14
54
14
12
108
1
44
2
140
20
112
87
98
7
15
11
40
15
2
1
34
180
50
93
5
11
99
5
25
8
8
3
21
1
34
15
144
31
73
24
8
0
10
44
46
29
0
39
1
78
115
8
44
9
52
39
33
14
37
9
21
101
39
46
103
13
3
70
36
14
31
34
95
0
55
38
161
24
8
195
22
2
18
10
0
0
8
5
174
10
10
21
20
17
43
5
12
25
44
75
21
44
2
3
5
13
5
33
18
0
20
78
24
18
3
0
49
5
108
75
6
11
44
24
46
86
21
27
4
31
9
60
9
110
3
7
189
50
10
24
61
2
50
3
38
91
12
20
25
63
35
164
40
18
180
58
152
70
10
32
36
6
15
16
72
57
101
1
11
21
111
109
50
8
12
0
32
31
379
0
20
45
15
9
38
99
16
45
42
40
20
17
208
30
45
86
14
42
50
63
56
9
97
114
39
86
11
706
212
31
14
37
4
72
35
56
0
40
14
113
13
2
6
13
103
3
46
3
0
64
2
93
56
13
41
25
34
60
52
139
45
27
119
15
9
20
0
344
60
11
54
4
300
40
88
150
22
177
57
3
1
40
94
72
14
94
38
99
51
30
80
74
66
30
188
0
3
84
112
4
0
11
36
9
3
67
350
35
29
68
3
64
16
19
31
17
6
0
21
