50
45
27
32
30
50
128
89
50
96
134
36
717
38
186
88
701
95
152
199
50
48
64
122
32
58
63
31
21
63
240
61
65
136
13
30
170
147
72
32
99
25
47
50
225
192
99
142
139
32
73
116
67
94
96
709
73
20
24
125
145
132
86
106
149
319
89
44
38
36
698
97
57
55
213
127
142
20
44
173
99
45
63
98
92
56
44
66
93
51
39
33
190
41
79
47
159
59
27
30
19
27
11
38
135
193
24
85
94
294
61
136
33
238
20
20
174
45
56
58
26
24
24
95
32
158
221
33
149
35
20
55
26
230
34
85
64
217
41
199
320
53
63
58
123
48
58
19
45
6
104
71
126
63
168
18
223
68
20
19
60
21
41
48
33
27
116
34
21
15
218
84
60
224
30
10
37
26
33
19
110
718
148
103
79
51
19
85
49
43
28
32
113
34
131
243
51
89
15
46
30
272
258
147
136
198
170
28
30
138
164
30
36
59
59
69
78
51
110
17
86
40
90
93
15
34
78
26
152
37
91
38
35
374
28
143
62
89
157
63
68
51
165
76
14
140
32
56
91
23
45
97
39
184
145
23
112
13
283
67
45
66
270
79
35
99
187
37
85
53
26
24
157
41
45
54
36
105
78
135
40
35
190
62
40
362
281
12
192
16
19
60
36
99
74
69
35
214
89
84
123
73
170
238
61
135
71
53
46
210
134
38
100
52
34
22
57
22
46
60
169
105
110
57
228
115
20
21
60
71
290
25
121
99
114
54
89
257
7
56
35
51
71
182
43
72
86
55
37
39
74
203
111
24
65
89
714
111
30
78
38
30
108
45
699
18
204
15
176
90
113
20
175
100
15
88
143
297
61
57
9
48
163
50
33
230
50
50
68
98
85
180
50
49
703
16
33
145
66
189
67
32
19
113
171
175
52
42
15
133
200
56
119
74
130
35
31
19
95
58
170
38
80
116
104
757
34
48
30
54
15
57
13
79
199
40
38
60
81
97
20
47
49
83
61
289
15
20
20
26
67
36
95
19
185
755
41
29
31
167
93
106
43
230
28
30
20
30
28
126
203
33
63
286
33
258
58
19
16
32
56
74
13
44
146
103
53
53
87
711
35
183
37
51
22
62
42
41
129
100
19
17
279
56
90
22
61
92
109
28
43
16
60
6
165
139
54
40
141
46
19
34
99
146
54
248
36
56
714
179
133
31
33
16
40
32
101
55
54
138
82
92
197
37
74
133
13
84
47
54
198
79
33
52
49
63
68
339
54
24
99
75
46
39
135
153
13
60
44
14
129
27
47
22
39
58
65
185
24
28
30
19
48
46
55
50
100
83
73
52
178
29
69
49
49
197
33
283
94
38
126
104
316
134
121
216
58
106
52
18
64
25
215
45
23
80
56
316
113
89
267
41
66
32
116
26
133
61
32
13
200
9
86
67
30
114
25
240
74
186
394
43
54
82
56
37
177
157
100
157
40
214
202
304
210
78
72
105
88
25
14
36
44
78
96
79
160
90
40
27
145
179
49
38
80
35
283
138
69
708
55
723
241
31
29
99
40
95
31
97
29
286
53
36
23
139
699
37
703
272
76
28
38
114
52
26
132
108
180
22
63
125
66
290
49
196
71
54
100
39
177
84
222
35
59
59
49
56
201
95
30
87
47
62
29
35
241
29
129
26
72
84
715
241
17
37
60
104
154
25
14
130
27
42
22
72
39
123
74
32
51
71
706
94
32
63
61
183
48
329
99
41
53
38
31
21
13
37
20
70
62
38
28
77
85
39
13
131
29
69
55
43
90
183
240
91
88
169
226
200
60
52
156
57
188
171
195
30
16
34
10
13
112
15
61
109
82
51
174
42
15
46
133
54
9
74
12
95
50
280
165
39
114
73
24
191
76
25
111
161
19
63
51
59
118
12
31
71
87
17
174
42
106
24
27
32
79
74
190
70
211
72
269
33
77
17
114
76
77
235
26
63
38
127
173
15
33
93
217
37
39
48
82
61
89
41
37
752
33
35
116
199
16
31
48
54
42
142
85
211
34
63
38
28
30
100
32
25
311
89
40
53
154
186
45
47
365
45
300
145
34
147
63
17
15
196
18
35
57
76
57
17
46
210
25
25
51
48
48
41
17
34
18
274
356
56
113
19
43
132
54
17
70
97
257
32
19
28
56
166
15
44
140
21
167
35
100
202
63
30
45
46
338
135
25
87
67
218
23
16
36
42
97
705
66
82
49
87
15
195
