19
14
16
24
43
20
19
36
15
23
123
2
40
9
115
17
29
26
135
303
83
43
32
2
36
38
56
25
95
115
36
9
29
14
54
85
27
12
20
0
20
18
9
48
0
30
226
15
39
66
11
9
0
40
2
2
43
1
31
29
14
98
26
0
82
36
4
27
20
24
31
23
32
22
321
53
52
34
25
77
76
140
19
5
70
33
68
80
6
31
13
3
127
105
48
10
9
102
47
52
24
18
18
37
39
41
49
11
13
28
55
33
94
7
32
227
0
34
76
9
1
57
97
12
20
37
62
0
9
6
71
55
53
46
6
18
2
21
26
374
14
87
40
49
5
15
15
30
55
82
18
67
13
23
0
28
1
4
69
43
15
35
13
72
38
14
47
44
20
23
90
25
48
1
51
140
7
7
27
7
60
10
39
20
307
1
14
54
37
25
22
0
238
230
2
60
27
1
39
20
12
28
11
11
0
4
22
21
0
365
58
116
8
7
3
10
115
73
60
60
23
0
375
2
34
46
11
301
371
230
81
38
79
11
24
25
12
35
20
12
70
16
24
80
27
6
36
10
32
49
139
5
15
3
50
27
1
27
8
54
31
9
18
36
65
8
402
27
41
69
14
148
24
14
9
9
40
49
381
27
37
249
17
29
87
11
45
19
1
75
42
6
28
23
11
31
25
15
3
30
25
5
5
2
60
33
0
325
33
0
8
2
46
57
13
39
8
9
3
33
53
5
2
28
10
22
19
9
363
15
2
115
45
46
132
19
46
42
48
379
13
0
28
11
1
65
13
83
15
18
4
33
6
7
11
47
229
102
46
14
57
5
28
75
338
4
5
13
18
17
27
56
307
23
31
15
83
2
2
15
5
9
121
302
78
4
57
19
20
11
0
69
20
33
0
49
28
13
15
7
0
18
4
51
78
15
42
76
8
13
437
333
45
0
38
60
3
21
23
116
0
113
150
1
57
35
105
4
41
39
33
30
12
16
16
42
33
46
32
26
31
9
5
23
39
42
121
0
37
125
142
18
3
64
5
17
32
17
20
23
15
26
154
15
24
52
2
10
1
7
27
14
2
23
17
2
301
27
92
79
371
52
31
2
32
75
14
11
16
19
5
15
1
22
28
10
26
65
5
71
0
0
1
44
63
67
74
10
114
17
29
17
43
23
40
6
113
30
66
235
150
6
31
7
102
10
28
54
55
106
57
69
12
63
62
26
58
29
48
61
1
0
32
22
12
15
54
25
11
44
8
38
17
0
19
19
88
80
53
9
117
36
12
71
249
29
45
20
129
26
83
32
22
300
2
5
7
20
42
10
4
2
125
72
13
13
37
21
139
16
84
40
13
27
61
3
1
1
12
12
17
14
40
45
107
0
18
22
2
6
1
151
96
15
43
2
55
20
1
89
8
14
0
3
30
1
41
8
0
2
54
21
15
7
60
88
1
18
18
25
18
6
9
74
39
134
28
21
0
69
38
64
25
92
48
31
8
6
4
61
65
33
2
5
10
72
2
0
8
42
3
2
30
15
66
88
103
16
65
300
36
89
27
24
42
310
50
16
20
72
6
16
6
45
3
75
14
22
17
9
76
17
64
6
16
15
3
24
7
1
11
10
63
104
115
77
15
22
26
80
42
3
409
33
24
37
0
371
121
152
4
76
21
11
41
3
1
6
17
15
8
2
0
14
102
32
1
1
32
58
26
297
12
3
41
21
39
12
85
11
45
0
46
31
21
27
17
9
0
138
63
13
24
237
54
21
24
26
33
1
31
12
90
0
19
9
38
11
86
145
5
14
57
13
0
10
123
44
10
1
30
34
13
60
33
1
3
10
59
3
4
0
39
28
27
52
51
3
17
32
50
40
76
18
0
12
165
24
12
64
9
53
92
7
5
39
0
17
4
5
11
25
3
21
28
13
4
16
5
0
3
28
38
4
14
0
19
0
22
120
13
1
0
11
138
249
13
32
19
22
11
7
10
25
108
101
299
4
4
70
1
63
20
1
51
62
19
4
11
0
43
14
399
10
15
26
56
76
18
7
1
5
156
65
7
5
29
16
32
9
7
225
76
86
4
11
13
83
24
76
7
55
238
6
27
2
47
0
1
25
3
23
239
1
22
