27
51
84
47
38
538
54
41
63
61
45
95
26
57
97
38
71
91
35
259
46
68
135
551
268
31
33
27
85
254
16
119
30
59
50
106
19
21
99
21
65
8
51
39
76
97
31
65
97
542
72
48
77
464
74
12
277
210
140
47
311
67
45
136
51
96
37
8
29
32
29
36
66
33
54
18
195
265
90
20
84
30
74
82
25
113
137
269
55
47
46
67
60
13
17
84
238
111
98
30
28
211
43
27
572
12
86
35
80
63
30
21
117
166
73
20
60
38
33
54
26
10
64
74
16
51
61
139
30
159
39
108
46
66
32
41
30
28
21
60
65
54
45
21
42
59
32
33
13
52
176
81
92
34
19
146
35
65
76
56
38
66
53
45
20
20
36
32
22
52
17
72
20
32
7
36
45
19
33
32
27
75
32
28
32
47
69
46
104
105
61
82
51
249
41
276
35
110
69
38
34
36
69
66
50
35
87
31
206
47
201
73
71
32
12
55
80
21
38
57
129
80
55
113
69
269
294
97
35
93
25
207
73
23
44
91
30
49
69
19
23
85
589
52
43
76
65
35
56
77
100
65
98
232
62
84
270
177
339
33
190
23
222
24
60
216
37
28
41
46
43
18
15
55
42
11
39
207
86
78
68
69
38
65
25
55
33
55
35
130
32
57
258
127
265
65
94
25
70
54
85
24
41
75
63
91
44
64
25
52
93
52
39
20
38
163
309
20
102
70
19
249
61
40
20
29
35
113
11
78
140
29
40
53
28
34
52
18
132
11
36
38
26
21
18
129
46
13
31
25
248
18
38
275
171
32
28
74
34
33
100
74
31
20
194
24
36
41
41
59
22
23
30
151
34
74
52
303
26
47
139
30
39
132
33
30
263
50
59
51
65
213
30
33
29
39
18
52
69
250
244
64
22
73
20
55
42
94
11
253
73
277
52
79
29
95
277
57
36
83
35
48
115
21
26
24
65
205
91
119
69
102
41
276
61
95
91
31
42
41
53
25
49
579
32
42
55
73
23
255
31
15
22
13
540
52
76
59
61
85
64
22
14
26
8
60
48
52
81
84
193
51
33
45
85
245
127
49
79
538
92
534
27
78
35
43
26
90
112
44
545
66
56
52
66
78
40
21
132
52
55
47
16
64
36
41
39
19
29
27
42
43
77
64
59
30
245
32
72
31
23
79
21
86
48
105
122
65
83
75
37
63
318
56
34
64
23
226
40
9
69
44
68
132
19
18
556
256
18
104
48
158
63
166
77
78
33
28
118
14
245
29
17
126
42
35
85
16
36
21
96
25
65
42
39
123
115
103
49
26
35
91
68
31
37
79
258
39
57
53
40
54
49
33
50
335
23
35
27
106
268
184
25
37
19
137
59
78
25
42
41
38
76
247
30
26
31
24
40
41
34
64
61
54
63
50
42
68
15
46
25
37
267
142
87
51
242
33
62
38
76
39
55
98
26
95
94
148
157
48
105
55
41
62
46
261
31
15
95
90
69
73
43
144
130
38
28
74
63
33
79
122
87
70
195
76
39
193
43
254
24
58
80
20
27
71
25
119
64
182
11
326
42
83
54
75
54
19
57
80
26
29
46
26
37
40
22
36
137
114
38
21
26
37
21
57
55
61
78
14
52
39
158
15
7
115
57
29
136
52
75
26
32
287
40
88
22
45
65
38
31
48
40
61
12
37
34
9
51
20
36
96
16
9
73
96
38
56
85
65
61
48
36
71
87
69
45
258
37
52
39
36
141
28
84
51
586
43
22
33
66
63
30
42
68
45
593
33
167
20
19
22
13
62
52
21
19
23
36
86
304
13
555
77
36
43
52
133
53
18
66
302
37
219
35
23
55
38
34
15
108
49
28
95
33
30
122
128
61
8
41
17
109
134
79
61
546
48
96
27
208
84
91
255
94
507
144
305
123
31
46
74
37
39
118
31
41
70
29
48
100
36
79
32
95
100
65
44
14
90
341
46
19
30
65
28
21
108
61
70
54
25
68
69
32
21
76
14
42
100
56
40
59
315
60
36
15
51
38
120
28
14
47
145
32
89
94
52
47
38
26
23
74
38
99
71
86
63
100
43
34
52
132
27
31
146
309
20
70
35
30
50
27
78
56
90
43
45
30
27
75
21
76
65
8
48
55
215
35
16
36
32
102
99
49
98
157
28
26
25
19
42
191
16
25
180
20
110
143
93
14
38
213
45
42
33
65
10
28
30
89
120
24
20
24
270
25
30
44
173
50
205
71
18
36
193
42
