115
62
176
62
65
21
22
298
55
37
78
23
28
114
32
52
66
100
149
46
75
80
388
50
26
119
53
103
42
224
25
68
58
52
27
62
29
53
56
21
382
76
80
47
33
66
32
37
62
420
365
42
35
64
92
48
454
117
44
50
88
15
18
11
74
58
25
59
44
7
43
19
120
42
102
426
71
43
42
44
98
81
54
106
84
28
12
162
38
233
372
27
124
40
52
174
43
20
38
27
126
22
68
221
100
29
103
61
207
148
54
16
15
75
103
431
36
8
12
27
38
114
280
50
26
38
18
13
144
60
22
427
57
68
20
83
32
156
84
47
101
29
148
22
67
59
225
105
37
48
74
19
79
19
5
42
21
85
113
322
379
86
38
63
24
41
27
330
73
19
104
73
14
22
89
83
256
320
91
22
275
63
98
55
114
15
384
75
23
90
160
33
271
48
16
222
140
60
43
21
19
23
39
261
17
223
37
267
33
61
139
20
74
98
31
51
94
36
186
69
72
43
102
451
35
24
84
61
113
65
356
86
353
93
17
727
64
38
105
32
15
139
18
76
32
29
37
29
45
287
31
26
15
29
62
58
134
26
133
438
166
37
27
21
188
89
26
92
27
7
56
17
112
38
150
35
11
55
74
120
107
67
325
68
100
28
61
16
38
50
39
119
114
19
96
29
71
109
86
30
108
52
438
122
32
70
69
133
42
65
61
59
68
46
96
100
161
24
49
146
18
210
178
82
70
125
54
27
66
11
32
36
36
27
26
42
74
113
33
40
45
391
49
29
408
29
28
41
35
135
16
357
76
57
43
65
101
32
37
110
92
44
352
68
172
45
32
52
72
55
49
63
54
34
93
19
20
364
47
33
51
177
53
96
16
51
32
48
36
30
134
21
133
172
176
19
417
165
162
106
45
81
407
48
416
11
36
131
20
160
54
56
36
40
71
58
39
13
27
164
263
42
68
21
131
54
35
47
92
14
28
33
93
90
36
40
72
46
12
72
297
34
80
56
16
83
56
181
51
42
362
73
59
68
34
15
110
61
41
18
13
36
24
138
39
55
457
42
148
29
46
150
23
108
29
51
69
60
110
33
87
25
65
20
126
132
236
53
339
35
110
74
45
119
47
18
228
154
17
156
121
141
62
80
42
72
58
39
30
18
146
9
96
70
18
5
83
61
40
68
140
38
36
394
73
108
59
39
294
99
56
49
26
19
102
34
372
39
33
28
259
16
142
55
31
75
12
35
455
154
20
30
91
49
125
74
70
114
240
15
99
47
54
32
36
107
69
79
18
21
85
97
70
42
44
33
15
19
34
92
90
32
133
102
80
38
86
38
389
99
96
604
8
58
30
289
118
8
26
47
107
8
74
10
21
33
45
66
182
58
41
51
94
13
57
206
42
229
48
40
15
113
173
82
24
155
154
59
32
453
319
27
249
26
243
30
37
81
65
93
363
52
307
64
38
301
55
34
148
62
386
35
423
47
304
31
14
275
133
58
69
26
49
69
34
13
74
85
60
337
24
117
30
129
61
69
118
57
44
61
92
94
68
268
47
31
135
15
480
18
352
67
52
86
32
164
78
113
51
46
68
26
52
32
143
239
330
107
24
70
197
100
54
64
30
97
23
88
68
69
101
90
60
24
45
95
266
35
22
122
109
38
94
97
186
29
70
62
150
360
271
116
38
537
73
94
251
63
62
351
32
156
17
74
20
430
23
69
50
48
32
178
25
15
55
16
27
64
100
249
140
213
24
33
32
69
80
24
47
101
18
273
86
76
28
84
136
39
37
114
29
379
24
23
391
29
153
45
25
104
46
71
93
73
71
12
82
56
39
27
332
15
167
35
67
67
64
39
75
29
92
76
24
96
116
24
121
103
28
166
53
67
150
81
156
51
23
181
75
97
82
42
15
68
215
124
51
63
57
128
38
34
81
111
61
22
31
61
45
412
24
393
104
428
72
470
26
46
136
26
30
185
168
38
108
21
69
43
89
50
49
4
83
223
56
58
50
20
30
59
137
17
67
390
200
129
59
41
140
64
125
36
20
21
30
178
25
27
31
38
270
376
120
26
33
35
128
156
103
27
100
123
115
37
29
254
24
89
120
40
77
68
53
181
104
46
137
391
14
34
57
44
101
65
77
47
273
106
322
46
154
140
47
366
80
88
9
103
24
72
74
53
56
73
34
46
22
34
27
14
41
82
367
21
16
311
560
51
141
173
47
40
98
66
48
22
97
18
138
27
51
81
118
9
177
443
